Log file open, 02/03/17 03:04:11
LogInit:Display: Running engine for game: ShantaeRipoff
LogPlatformFile: Not using cached read wrapper
LogInit:Display: RandInit(-2081403804) SRandInit(-2081403804).
LogTaskGraph: Started task graph with 5 named threads and 8 total threads with 1 sets of task threads.
LogStats: Stats thread started at 0.098861
LogPluginManager: Loaded Plugin Paper2D, From C:/Program Files (x86)/Unreal Engine/4.14/Engine/Plugins/2D/Paper2D/Paper2D.uplugin
LogPluginManager: Loaded Plugin LightPropagationVolume, From C:/Program Files (x86)/Unreal Engine/4.14/Engine/Plugins/Blendables/LightPropagationVolume/LightPropagationVolume.uplugin
LogPluginManager: Loaded Plugin BlankPlugin, From C:/Program Files (x86)/Unreal Engine/4.14/Engine/Plugins/Developer/BlankPlugin/BlankPlugin.uplugin
LogPluginManager: Loaded Plugin CodeLiteSourceCodeAccess, From C:/Program Files (x86)/Unreal Engine/4.14/Engine/Plugins/Developer/CodeLiteSourceCodeAccess/CodeLiteSourceCodeAccess.uplugin
LogPluginManager: Loaded Plugin GitSourceControl, From C:/Program Files (x86)/Unreal Engine/4.14/Engine/Plugins/Developer/GitSourceControl/GitSourceControl.uplugin
LogPluginManager: Loaded Plugin KDevelopSourceCodeAccess, From C:/Program Files (x86)/Unreal Engine/4.14/Engine/Plugins/Developer/KDevelopSourceCodeAccess/KDevelopSourceCodeAccess.uplugin
LogPluginManager: Loaded Plugin NullSourceCodeAccess, From C:/Program Files (x86)/Unreal Engine/4.14/Engine/Plugins/Developer/NullSourceCodeAccess/NullSourceCodeAccess.uplugin
LogPluginManager: Loaded Plugin OneSkyLocalizationService, From C:/Program Files (x86)/Unreal Engine/4.14/Engine/Plugins/Developer/OneSkyLocalizationService/OneSkyLocalizationService.uplugin
LogPluginManager: Loaded Plugin PerforceSourceControl, From C:/Program Files (x86)/Unreal Engine/4.14/Engine/Plugins/Developer/PerforceSourceControl/PerforceSourceControl.uplugin
LogPluginManager: Loaded Plugin SubversionSourceControl, From C:/Program Files (x86)/Unreal Engine/4.14/Engine/Plugins/Developer/SubversionSourceControl/SubversionSourceControl.uplugin
LogPluginManager: Loaded Plugin UObjectPlugin, From C:/Program Files (x86)/Unreal Engine/4.14/Engine/Plugins/Developer/UObjectPlugin/UObjectPlugin.uplugin
LogPluginManager: Loaded Plugin VisualStudioSourceCodeAccess, From C:/Program Files (x86)/Unreal Engine/4.14/Engine/Plugins/Developer/VisualStudioSourceCodeAccess/VisualStudioSourceCodeAccess.uplugin
LogPluginManager: Loaded Plugin XCodeSourceCodeAccess, From C:/Program Files (x86)/Unreal Engine/4.14/Engine/Plugins/Developer/XCodeSourceCodeAccess/XCodeSourceCodeAccess.uplugin
LogPluginManager: Loaded Plugin AudioCapture, From C:/Program Files (x86)/Unreal Engine/4.14/Engine/Plugins/Editor/AudioCapture/AudioCapture.uplugin
LogPluginManager: Loaded Plugin EpicSurvey, From C:/Program Files (x86)/Unreal Engine/4.14/Engine/Plugins/Editor/EpicSurvey/EpicSurvey.uplugin
LogPluginManager: Loaded Plugin MacGraphicsSwitching, From C:/Program Files (x86)/Unreal Engine/4.14/Engine/Plugins/Editor/MacGraphicsSwitching/MacGraphicsSwitching.uplugin
LogPluginManager: Loaded Plugin MobileLauncherProfileWizard, From C:/Program Files (x86)/Unreal Engine/4.14/Engine/Plugins/Editor/MobileLauncherProfileWizard/MobileLauncherProfileWizard.uplugin
LogPluginManager: Loaded Plugin PluginBrowser, From C:/Program Files (x86)/Unreal Engine/4.14/Engine/Plugins/Editor/PluginBrowser/PluginBrowser.uplugin
LogPluginManager: Loaded Plugin SpeedTreeImporter, From C:/Program Files (x86)/Unreal Engine/4.14/Engine/Plugins/Editor/SpeedTreeImporter/SpeedTreeImporter.uplugin
LogPluginManager: Loaded Plugin SuperSearchEditor, From C:/Program Files (x86)/Unreal Engine/4.14/Engine/Plugins/Editor/SuperSearchEditor/SuperSearchEditor.uplugin
LogPluginManager: Loaded Plugin AlembicImporter, From C:/Program Files (x86)/Unreal Engine/4.14/Engine/Plugins/Experimental/AlembicImporter/AlembicImporter.uplugin
LogPluginManager: Loaded Plugin BlueprintStats, From C:/Program Files (x86)/Unreal Engine/4.14/Engine/Plugins/Experimental/BlueprintStats/BlueprintStats.uplugin
LogPluginManager: Loaded Plugin CharacterAI, From C:/Program Files (x86)/Unreal Engine/4.14/Engine/Plugins/Experimental/CharacterAI/CharacterAI.uplugin
LogPluginManager: Loaded Plugin CodeEditor, From C:/Program Files (x86)/Unreal Engine/4.14/Engine/Plugins/Experimental/CodeEditor/CodeEditor.uplugin
LogPluginManager: Loaded Plugin CodeView, From C:/Program Files (x86)/Unreal Engine/4.14/Engine/Plugins/Experimental/CodeView/CodeView.uplugin
LogPluginManager: Loaded Plugin HTML5Networking, From C:/Program Files (x86)/Unreal Engine/4.14/Engine/Plugins/Experimental/HTML5Networking/HTML5Networking.uplugin
LogPluginManager: Loaded Plugin OSVR, From C:/Program Files (x86)/Unreal Engine/4.14/Engine/Plugins/Experimental/OSVR/OSVR.uplugin
LogPluginManager: Loaded Plugin Phya, From C:/Program Files (x86)/Unreal Engine/4.14/Engine/Plugins/Experimental/Phya/Phya.uplugin
LogPluginManager: Loaded Plugin SignificanceManager, From C:/Program Files (x86)/Unreal Engine/4.14/Engine/Plugins/Experimental/SignificanceManager/SignificanceManager.uplugin
LogPluginManager: Loaded Plugin SimpleHMD, From C:/Program Files (x86)/Unreal Engine/4.14/Engine/Plugins/Experimental/SimpleHMD/SimpleHMD.uplugin
LogPluginManager: Loaded Plugin StereoPanorama, From C:/Program Files (x86)/Unreal Engine/4.14/Engine/Plugins/Experimental/StereoPanorama/StereoPanorama.uplugin
LogPluginManager: Loaded Plugin StructBox, From C:/Program Files (x86)/Unreal Engine/4.14/Engine/Plugins/Experimental/StructBox/StructBox.uplugin
LogPluginManager: Loaded Plugin Substance, From C:/Program Files (x86)/Unreal Engine/4.14/Engine/Plugins/Marketplace/Substance/Substance.uplugin
LogPluginManager: Loaded Plugin AndroidMedia, From C:/Program Files (x86)/Unreal Engine/4.14/Engine/Plugins/Media/AndroidMedia/AndroidMedia.uplugin
LogPluginManager: Loaded Plugin AvfMedia, From C:/Program Files (x86)/Unreal Engine/4.14/Engine/Plugins/Media/AvfMedia/AvfMedia.uplugin
LogPluginManager: Loaded Plugin MediaPlayerEditor, From C:/Program Files (x86)/Unreal Engine/4.14/Engine/Plugins/Media/MediaPlayerEditor/MediaPlayerEditor.uplugin
LogPluginManager: Loaded Plugin WmfMedia, From C:/Program Files (x86)/Unreal Engine/4.14/Engine/Plugins/Media/WmfMedia/WmfMedia.uplugin
LogPluginManager: Loaded Plugin MessagingDebugger, From C:/Program Files (x86)/Unreal Engine/4.14/Engine/Plugins/Messaging/MessagingDebugger/MessagingDebugger.uplugin
LogPluginManager: Loaded Plugin TcpMessaging, From C:/Program Files (x86)/Unreal Engine/4.14/Engine/Plugins/Messaging/TcpMessaging/TcpMessaging.uplugin
LogPluginManager: Loaded Plugin UdpMessaging, From C:/Program Files (x86)/Unreal Engine/4.14/Engine/Plugins/Messaging/UdpMessaging/UdpMessaging.uplugin
LogPluginManager: Loaded Plugin LevelSequenceEditor, From C:/Program Files (x86)/Unreal Engine/4.14/Engine/Plugins/MovieScene/LevelSequenceEditor/LevelSequenceEditor.uplugin
LogPluginManager: Loaded Plugin MatineeToLevelSequence, From C:/Program Files (x86)/Unreal Engine/4.14/Engine/Plugins/MovieScene/MatineeToLevelSequence/MatineeToLevelSequence.uplugin
LogPluginManager: Loaded Plugin NetcodeUnitTest, From C:/Program Files (x86)/Unreal Engine/4.14/Engine/Plugins/NetcodeUnitTest/NetcodeUnitTest/NetcodeUnitTest.uplugin
LogPluginManager: Loaded Plugin NUTUnrealEngine4, From C:/Program Files (x86)/Unreal Engine/4.14/Engine/Plugins/NetcodeUnitTest/NUTUnrealEngine4/NUTUnrealEngine4.uplugin
LogPluginManager: Loaded Plugin OnlineSubsystemGameCircle, From C:/Program Files (x86)/Unreal Engine/4.14/Engine/Plugins/Online/Android/OnlineSubsystemGameCircle/OnlineSubsystemGameCircle.uplugin
LogPluginManager: Loaded Plugin OnlineSubsystemGooglePlay, From C:/Program Files (x86)/Unreal Engine/4.14/Engine/Plugins/Online/Android/OnlineSubsystemGooglePlay/OnlineSubsystemGooglePlay.uplugin
LogPluginManager: Loaded Plugin OnlineSubsystemIOS, From C:/Program Files (x86)/Unreal Engine/4.14/Engine/Plugins/Online/IOS/OnlineSubsystemIOS/OnlineSubsystemIOS.uplugin
LogPluginManager: Loaded Plugin OnlineFramework, From C:/Program Files (x86)/Unreal Engine/4.14/Engine/Plugins/Online/OnlineFramework/OnlineFramework.uplugin
LogPluginManager: Loaded Plugin OnlineSubsystem, From C:/Program Files (x86)/Unreal Engine/4.14/Engine/Plugins/Online/OnlineSubsystem/OnlineSubsystem.uplugin
LogPluginManager: Loaded Plugin OnlineSubsystemAmazon, From C:/Program Files (x86)/Unreal Engine/4.14/Engine/Plugins/Online/OnlineSubsystemAmazon/OnlineSubsystemAmazon.uplugin
LogPluginManager: Loaded Plugin OnlineSubsystemFacebook, From C:/Program Files (x86)/Unreal Engine/4.14/Engine/Plugins/Online/OnlineSubsystemFacebook/OnlineSubsystemFacebook.uplugin
LogPluginManager: Loaded Plugin OnlineSubsystemNull, From C:/Program Files (x86)/Unreal Engine/4.14/Engine/Plugins/Online/OnlineSubsystemNull/OnlineSubsystemNull.uplugin
LogPluginManager: Loaded Plugin OnlineSubsystemOculus, From C:/Program Files (x86)/Unreal Engine/4.14/Engine/Plugins/Online/OnlineSubsystemOculus/OnlineSubsystemOculus.uplugin
LogPluginManager: Loaded Plugin OnlineSubsystemSteam, From C:/Program Files (x86)/Unreal Engine/4.14/Engine/Plugins/Online/OnlineSubsystemSteam/OnlineSubsystemSteam.uplugin
LogPluginManager: Loaded Plugin OnlineSubsystemUtils, From C:/Program Files (x86)/Unreal Engine/4.14/Engine/Plugins/Online/OnlineSubsystemUtils/OnlineSubsystemUtils.uplugin
LogPluginManager: Loaded Plugin IOSTapJoy, From C:/Program Files (x86)/Unreal Engine/4.14/Engine/Plugins/Runtime/Advertising/IOSTapJoy/IOSTapJoy.uplugin
LogPluginManager: Loaded Plugin AnalyticsBlueprintLibrary, From C:/Program Files (x86)/Unreal Engine/4.14/Engine/Plugins/Runtime/Analytics/AnalyticsBlueprintLibrary/AnalyticsBlueprintLibrary.uplugin
LogPluginManager: Loaded Plugin AnalyticsMulticast, From C:/Program Files (x86)/Unreal Engine/4.14/Engine/Plugins/Runtime/Analytics/AnalyticsMulticast/AnalyticsMulticast.uplugin
LogPluginManager: Loaded Plugin Apsalar, From C:/Program Files (x86)/Unreal Engine/4.14/Engine/Plugins/Runtime/Analytics/Apsalar/Apsalar.uplugin
LogPluginManager: Loaded Plugin FileLogging, From C:/Program Files (x86)/Unreal Engine/4.14/Engine/Plugins/Runtime/Analytics/FileLogging/FileLogging.uplugin
LogPluginManager: Loaded Plugin Flurry, From C:/Program Files (x86)/Unreal Engine/4.14/Engine/Plugins/Runtime/Analytics/Flurry/Flurry.uplugin
LogPluginManager: Loaded Plugin AndroidDeviceProfileSelector, From C:/Program Files (x86)/Unreal Engine/4.14/Engine/Plugins/Runtime/AndroidDeviceProfileSelector/AndroidDeviceProfileSelector.uplugin
LogPluginManager: Loaded Plugin AndroidMoviePlayer, From C:/Program Files (x86)/Unreal Engine/4.14/Engine/Plugins/Runtime/AndroidMoviePlayer/AndroidMoviePlayer.uplugin
LogPluginManager: Loaded Plugin AppleMoviePlayer, From C:/Program Files (x86)/Unreal Engine/4.14/Engine/Plugins/Runtime/AppleMoviePlayer/AppleMoviePlayer.uplugin
LogPluginManager: Loaded Plugin ArchVisCharacter, From C:/Program Files (x86)/Unreal Engine/4.14/Engine/Plugins/Runtime/ArchVisCharacter/ArchVisCharacter.uplugin
LogPluginManager: Loaded Plugin CableComponent, From C:/Program Files (x86)/Unreal Engine/4.14/Engine/Plugins/Runtime/CableComponent/CableComponent.uplugin
LogPluginManager: Loaded Plugin CustomMeshComponent, From C:/Program Files (x86)/Unreal Engine/4.14/Engine/Plugins/Runtime/CustomMeshComponent/CustomMeshComponent.uplugin
LogPluginManager: Loaded Plugin ExampleDeviceProfileSelector, From C:/Program Files (x86)/Unreal Engine/4.14/Engine/Plugins/Runtime/ExampleDeviceProfileSelector/ExampleDeviceProfileSelector.uplugin
LogPluginManager: Loaded Plugin GearVR, From C:/Program Files (x86)/Unreal Engine/4.14/Engine/Plugins/Runtime/GearVR/GearVR.uplugin
LogPluginManager: Loaded Plugin GoogleVRController, From C:/Program Files (x86)/Unreal Engine/4.14/Engine/Plugins/Runtime/GoogleVR/GoogleVRController/GoogleVRController.uplugin
LogPluginManager: Loaded Plugin GoogleVRHMD, From C:/Program Files (x86)/Unreal Engine/4.14/Engine/Plugins/Runtime/GoogleVR/GoogleVRHMD/GoogleVRHMD.uplugin
LogPluginManager: Loaded Plugin IOSDeviceProfileSelector, From C:/Program Files (x86)/Unreal Engine/4.14/Engine/Plugins/Runtime/IOSDeviceProfileSelector/IOSDeviceProfileSelector.uplugin
LogPluginManager: Loaded Plugin LeapMotion, From C:/Program Files (x86)/Unreal Engine/4.14/Engine/Plugins/Runtime/LeapMotion/LeapMotion.uplugin
LogPluginManager: Loaded Plugin LinuxDeviceProfileSelector, From C:/Program Files (x86)/Unreal Engine/4.14/Engine/Plugins/Runtime/LinuxDeviceProfileSelector/LinuxDeviceProfileSelector.uplugin
LogPluginManager: Loaded Plugin MIDIDevice, From C:/Program Files (x86)/Unreal Engine/4.14/Engine/Plugins/Runtime/MIDIDevice/MIDIDevice.uplugin
LogPluginManager: Loaded Plugin MobilePatchingUtils, From C:/Program Files (x86)/Unreal Engine/4.14/Engine/Plugins/Runtime/MobilePatchingUtils/MobilePatchingUtils.uplugin
LogPluginManager: Loaded Plugin Ansel, From C:/Program Files (x86)/Unreal Engine/4.14/Engine/Plugins/Runtime/Nvidia/Ansel/Ansel.uplugin
LogPluginManager: Loaded Plugin OculusAudio, From C:/Program Files (x86)/Unreal Engine/4.14/Engine/Plugins/Runtime/OculusAudio/OculusAudio.uplugin
LogPluginManager: Loaded Plugin OculusInput, From C:/Program Files (x86)/Unreal Engine/4.14/Engine/Plugins/Runtime/OculusInput/OculusInput.uplugin
LogPluginManager: Loaded Plugin OculusLibrary, From C:/Program Files (x86)/Unreal Engine/4.14/Engine/Plugins/Runtime/OculusLibrary/OculusLibrary.uplugin
LogPluginManager: Loaded Plugin OculusRift, From C:/Program Files (x86)/Unreal Engine/4.14/Engine/Plugins/Runtime/OculusRift/OculusRift.uplugin
LogPluginManager: Loaded Plugin Oodle, From C:/Program Files (x86)/Unreal Engine/4.14/Engine/Plugins/Runtime/PacketHandlers/CompressionComponents/Oodle/Oodle.uplugin
LogPluginManager: Loaded Plugin ProceduralMeshComponent, From C:/Program Files (x86)/Unreal Engine/4.14/Engine/Plugins/Runtime/ProceduralMeshComponent/ProceduralMeshComponent.uplugin
LogPluginManager: Loaded Plugin SoundMod, From C:/Program Files (x86)/Unreal Engine/4.14/Engine/Plugins/Runtime/SoundMod/SoundMod.uplugin
LogPluginManager: Loaded Plugin SoundVisualizations, From C:/Program Files (x86)/Unreal Engine/4.14/Engine/Plugins/Runtime/SoundVisualizations/SoundVisualizations.uplugin
LogPluginManager: Loaded Plugin SteamController, From C:/Program Files (x86)/Unreal Engine/4.14/Engine/Plugins/Runtime/Steam/SteamController/SteamController.uplugin
LogPluginManager: Loaded Plugin SteamVR, From C:/Program Files (x86)/Unreal Engine/4.14/Engine/Plugins/Runtime/Steam/SteamVR/SteamVR.uplugin
LogPluginManager: Loaded Plugin WebBrowserWidget, From C:/Program Files (x86)/Unreal Engine/4.14/Engine/Plugins/Runtime/WebBrowserWidget/WebBrowserWidget.uplugin
LogPluginManager: Loaded Plugin WindowsDeviceProfileSelector, From C:/Program Files (x86)/Unreal Engine/4.14/Engine/Plugins/Runtime/WindowsDeviceProfileSelector/WindowsDeviceProfileSelector.uplugin
LogPluginManager: Loaded Plugin WindowsMoviePlayer, From C:/Program Files (x86)/Unreal Engine/4.14/Engine/Plugins/Runtime/WindowsMoviePlayer/WindowsMoviePlayer.uplugin
LogPluginManager: Loaded Plugin ScriptPlugin, From C:/Program Files (x86)/Unreal Engine/4.14/Engine/Plugins/ScriptPlugin/ScriptPlugin.uplugin
LogPluginManager: Loaded Plugin SlateRemote, From C:/Program Files (x86)/Unreal Engine/4.14/Engine/Plugins/Slate/SlateRemote/SlateRemote.uplugin
LogPluginManager: Loaded Plugin EditorTests, From C:/Program Files (x86)/Unreal Engine/4.14/Engine/Plugins/Tests/EditorTests/EditorTests.uplugin
LogPluginManager: Loaded Plugin FbxAutomationTestBuilder, From C:/Program Files (x86)/Unreal Engine/4.14/Engine/Plugins/Tests/FbxAutomationTestBuilder/FbxAutomationTestBuilder.uplugin
LogPluginManager: Loaded Plugin FunctionalTestingEditor, From C:/Program Files (x86)/Unreal Engine/4.14/Engine/Plugins/Tests/FunctionalTestingEditor/FunctionalTestingEditor.uplugin
LogPluginManager: Loaded Plugin RuntimeTests, From C:/Program Files (x86)/Unreal Engine/4.14/Engine/Plugins/Tests/RuntimeTests/RuntimeTests.uplugin
LogPluginManager: Loaded Plugin ScreenshotTools, From C:/Program Files (x86)/Unreal Engine/4.14/Engine/Plugins/Tests/ScreenshotTools/ScreenshotTools.uplugin
LogInit: Using libcurl 7.47.1
LogInit:  - built for x86_64-pc-win32
LogInit:  - supports SSL with OpenSSL/1.0.2g
LogInit:  - supports HTTP deflate (compression) using libz 1.2.8
LogInit:  - other features:
LogInit:      CURL_VERSION_SSL
LogInit:      CURL_VERSION_LIBZ
LogInit:      CURL_VERSION_IPV6
LogInit:      CURL_VERSION_ASYNCHDNS
LogInit:      CURL_VERSION_LARGEFILE
LogInit:      CURL_VERSION_IDN
LogInit:  CurlRequestOptions (configurable via config and command line):
LogInit:  - bVerifyPeer = false  - Libcurl will NOT verify peer certificate
LogInit:  - bUseHttpProxy = false  - Libcurl will NOT use HTTP proxy
LogInit:  - bDontReuseConnections = false  - Libcurl will reuse connections
LogInit:  - CertBundlePath = nullptr  - Libcurl will use whatever was configured at build time.
LogInit: Build: ++UE4+Release-4.14-CL-3249277
LogInit: Engine Version: 4.14.3-3249277+++UE4+Release-4.14
LogInit: Compatible Engine Version: 4.14.0-3195953+++UE4+Release-4.14
LogInit: Net CL: 3195953
LogDevObjectVersion: Number of dev versions registered: 13
LogDevObjectVersion:   Dev-Blueprints (B0D832E4-1F89-4F0D-ACCF-7EB736FD4AA2): 7
LogDevObjectVersion:   Dev-Build (E1C64328-A22C-4D53-A36C-8E866417BD8C): 0
LogDevObjectVersion:   Dev-Core (375EC13C-06E4-48FB-B500-84F0262A717E): 1
LogDevObjectVersion:   Dev-Editor (E4B068ED-F494-42E9-A231-DA0B2E46BB41): 8
LogDevObjectVersion:   Dev-Framework (CFFC743F-43B0-4480-9391-14DF171D2073): 17
LogDevObjectVersion:   Dev-Mobile (B02B49B5-BB20-44E9-A304-32B752E40360): 0
LogDevObjectVersion:   Dev-Networking (A4E4105C-59A1-49B5-A7C5-40C4547EDFEE): 0
LogDevObjectVersion:   Dev-Online (39C831C9-5AE6-47DC-9A44-9C173E1C8E7C): 0
LogDevObjectVersion:   Dev-Physics (78F01B33-EBEA-4F98-B9B4-84EACCB95AA2): 0
LogDevObjectVersion:   Dev-Platform (6631380F-2D4D-43E0-8009-CF276956A95A): 0
LogDevObjectVersion:   Dev-Rendering (12F88B9F-8875-4AFC-A67C-D90C383ABD29): 12
LogDevObjectVersion:   Dev-Sequencer (7B5AE74C-D270-4C10-A958-57980B212A5A): 1
LogDevObjectVersion:   Dev-VR (D7296918-1DD6-4BDD-9DE2-64A83CC13884): 0
LogInit: Compiled (64-bit): Jan  6 2017 10:49:43
LogInit: Compiled with Visual C++: 19.00.23026.00
LogInit: Build Configuration: Development
LogInit: Branch Name: ++UE4+Release-4.14
LogInit: Command line:  /Temp/Autosaves/Game/ShantaesRipoff/Maps/UEDPClevel_00 -game -PIEVIACONSOLE -ResX=1280 -ResY=720  -Multiprocess -messaging -SessionName="Play in Standalone Game" -windowed 
LogInit: Base directory: C:/Program Files (x86)/Unreal Engine/4.14/Engine/Binaries/Win64/
LogInit: Installed Engine Build: 1
LogInit: Presizing for max 8388607 objects, including 0 objects not considered by GC, pre-allocating 0 bytes for permanent pool.
LogInit: Object subsystem initialized
[2017.02.03-08.04.11:863][  0]LogInit: Selected Device Profile: [Windows]
[2017.02.03-08.04.11:863][  0]LogInit: Applying CVar settings loaded from the selected device profile: [Windows]
[2017.02.03-08.04.11:907][  0]LogInit: Computer: METRANA
[2017.02.03-08.04.11:907][  0]LogInit: User: MichaelMedina
[2017.02.03-08.04.11:907][  0]LogInit: CPU Page size=65536, Cores=4
[2017.02.03-08.04.11:907][  0]LogInit: High frequency timer resolution =3.420548 MHz
[2017.02.03-08.04.11:907][  0]LogMemory: Memory total: Physical=12.0GB (12GB approx)
[2017.02.03-08.04.11:907][  0]LogMemory: Platform Memory Stats for Windows
[2017.02.03-08.04.11:907][  0]LogMemory: Process Physical Memory: 265.61 MB used, 265.61 MB peak
[2017.02.03-08.04.11:907][  0]LogMemory: Process Virtual Memory: 262.85 MB used, 262.85 MB peak
[2017.02.03-08.04.11:907][  0]LogMemory: Physical Memory: 6257.41 MB used,  5997.73 MB free, 12255.14 MB total
[2017.02.03-08.04.11:907][  0]LogMemory: Virtual Memory: 676.42 MB used,  5997.73 MB free, 134217728.00 MB total
[2017.02.03-08.04.12:079][  0]LogTextLocalizationManager: No specific translations for ('en-US') exist, so ('en') translations will be used.
[2017.02.03-08.04.12:750][  0]LogD3D11RHI: D3D11 adapters:
[2017.02.03-08.04.12:774][  0]LogD3D11RHI:    0. 'NVIDIA GeForce GTX 770' (Feature Level 11_0)
[2017.02.03-08.04.12:774][  0]LogD3D11RHI:       4062/0/6127 MB DedicatedVideo/DedicatedSystem/SharedSystem, Outputs:2, VendorId:0x10de
[2017.02.03-08.04.12:775][  0]LogD3D11RHI:    1. 'Microsoft Basic Render Driver' (Feature Level 11_0)
[2017.02.03-08.04.12:775][  0]LogD3D11RHI:       0/0/6127 MB DedicatedVideo/DedicatedSystem/SharedSystem, Outputs:0, VendorId:0x1414
[2017.02.03-08.04.12:775][  0]LogD3D11RHI: Chosen D3D11 Adapter: 0
[2017.02.03-08.04.12:779][  0]LogD3D11RHI: Creating new Direct3DDevice
[2017.02.03-08.04.12:779][  0]LogD3D11RHI:     GPU DeviceId: 0x1184 (for the marketing name, search the web for "GPU Device Id")
[2017.02.03-08.04.12:779][  0]LogWindows: EnumDisplayDevices:
[2017.02.03-08.04.12:780][  0]LogWindows:    0. 'NVIDIA GeForce GTX 770' (P:1 D:1)
[2017.02.03-08.04.12:780][  0]LogWindows:    1. 'NVIDIA GeForce GTX 770' (P:0 D:1)
[2017.02.03-08.04.12:780][  0]LogWindows:    2. 'NVIDIA GeForce GTX 770' (P:0 D:0)
[2017.02.03-08.04.12:780][  0]LogWindows:    3. 'NVIDIA GeForce GTX 770' (P:0 D:0)
[2017.02.03-08.04.12:780][  0]LogWindows: DebugString: FoundDriverCount:4 
[2017.02.03-08.04.12:780][  0]LogD3D11RHI:     Adapter Name: NVIDIA GeForce GTX 770
[2017.02.03-08.04.12:780][  0]LogD3D11RHI:   Driver Version: 375.63 (internal:21.21.13.7563, unified:375.63)
[2017.02.03-08.04.12:780][  0]LogD3D11RHI:      Driver Date: 10-21-2016
[2017.02.03-08.04.12:780][  0]LogRHI: Texture pool is 1361 MB (70% of 1945 MB)
[2017.02.03-08.04.12:793][  0]LogD3D11RHI:Warning: Timestamp queries are currently disabled on this hardware due to instability. Realtime GPU stats will not be available. You can override this behaviour by setting r.NVIDIATimestampWorkaround to 0
[2017.02.03-08.04.12:793][  0]LogD3D11RHI: Async texture creation enabled
[2017.02.03-08.04.12:802][  0]LogD3D11RHI: GPU Timing Frequency: 1000.000000 (Debug: 2 1)
[2017.02.03-08.04.12:803][  0]LogShaderCompilers: Guid format shader working directory is -22 characters bigger than the processId version (../../../../../../Users/Michael Medina/Desktop/Shaker and I Sidescroll/trunk/Intermediate/Shaders/WorkingDirectory/13488/).
[2017.02.03-08.04.12:803][  0]LogShaderCompilers: Cleaned the shader compiler working directory 'C:/Users/Michael Medina/AppData/Local/Temp/UnrealShaderWorkingDir/6EC79F6E4DBCB4AE3ADCD38EB7FF5835/'.
[2017.02.03-08.04.12:803][  0]LogShaderCompilers:Display: Using Local Shader Compiler.
[2017.02.03-08.04.15:811][  0]LogTemp:Display: Loaded TP WindowsClientTargetPlatform
[2017.02.03-08.04.15:870][  0]LogTemp:Display: Loaded TP WindowsNoEditorTargetPlatform
[2017.02.03-08.04.15:932][  0]LogTemp:Display: Loaded TP WindowsServerTargetPlatform
[2017.02.03-08.04.15:980][  0]LogTemp:Display: Loaded TP WindowsTargetPlatform
[2017.02.03-08.04.15:980][  0]LogTargetPlatformManager:Display: Building Assets For Windows
[2017.02.03-08.04.16:407][  0]LogDerivedDataCache:Display: Max Cache Size: 512 MB
[2017.02.03-08.04.16:473][  0]LogDerivedDataCache: Loaded boot cache 0.07s 50MB C:/Users/Michael Medina/AppData/Local/UnrealEngine/4.14/DerivedDataCache/Boot.ddc.
[2017.02.03-08.04.16:473][  0]LogDerivedDataCache:Display: Loaded Boot cache: C:/Users/Michael Medina/AppData/Local/UnrealEngine/4.14/DerivedDataCache/Boot.ddc
[2017.02.03-08.04.16:473][  0]LogDerivedDataCache: FDerivedDataBackendGraph:  Pak pak cache file ../../../../../../Users/Michael Medina/Desktop/Shaker and I Sidescroll/trunk/DerivedDataCache/DDC.ddp not found, will not use a pak cache.
[2017.02.03-08.04.16:473][  0]LogDerivedDataCache: Unable to find inner node Pak for hierarchical cache Hierarchy.
[2017.02.03-08.04.16:473][  0]LogDerivedDataCache: FDerivedDataBackendGraph:  CompressedPak pak cache file ../../../../../../Users/Michael Medina/Desktop/Shaker and I Sidescroll/trunk/DerivedDataCache/Compressed.ddp not found, will not use a pak cache.
[2017.02.03-08.04.16:473][  0]LogDerivedDataCache: Unable to find inner node CompressedPak for hierarchical cache Hierarchy.
[2017.02.03-08.04.16:489][  0]LogDerivedDataCache:Display: Pak cache opened for reading ../../../Engine/DerivedDataCache/Compressed.ddp.
[2017.02.03-08.04.16:501][  0]LogDerivedDataCache: Using Local data cache path C:/Users/Michael Medina/AppData/Local/UnrealEngine/Common/DerivedDataCache: Writable
[2017.02.03-08.04.16:766][  0]LogAssetRegistry: FAssetRegistry took 0.0001 seconds to start up
[2017.02.03-08.04.16:773][  0]LogPackageLocalizationCache: Processed 3 localized package path(s) for 2 prioritized culture(s) in 0.006829 seconds
[2017.02.03-08.04.16:791][  0]LogInit: Selected Device Profile: [Windows]
[2017.02.03-08.04.16:793][  0]LogContentStreaming: Texture pool size is 1000.00 MB
[2017.02.03-08.04.17:000][  0]LogMeshUtilities: Using QuadricMeshReduction for automatic static mesh reduction
[2017.02.03-08.04.17:046][  0]LogSimplygon: Simplygon DLL not present - disabling.
[2017.02.03-08.04.17:095][  0]LogMeshUtilities: Using SimplygonSwarm for distributed automatic mesh merging
[2017.02.03-08.04.17:095][  0]LogMeshUtilities: No automatic skeletal mesh reduction module available
[2017.02.03-08.04.17:095][  0]LogMeshUtilities: No automatic mesh merging module available
[2017.02.03-08.04.17:663][  0]LogNetVersion: GetLocalNetworkVersion: CL: 3195953, ProjectName: shantaeripoff, ProjectVersion: , EngineNetworkVersion: 2, GameNetworkVersion: 0, NetworkChecksum: 157577820
[2017.02.03-08.04.17:743][  0]LogInit: WinSock: version 1.1 (2.2), MaxSocks=32767, MaxUdp=65467
[2017.02.03-08.04.18:572][  0]LogSlate: Using Freetype 2.6.0
[2017.02.03-08.04.18:591][  0]LogSlate: SlateFontCache - WITH_FREETYPE: 1, WITH_HARFBUZZ: 1
[2017.02.03-08.04.18:591][  0]LogSlate: SlateFontCache - WITH_FREETYPE: 1, WITH_HARFBUZZ: 1
[2017.02.03-08.04.19:987][  0]LogMoviePlayer: Initializing movie player
[2017.02.03-08.04.20:070][  0]LogWindowsMoviePlayer: Unable to load movie: ../../../../../../Users/Michael Medina/Desktop/Shaker and I Sidescroll/trunk/Content/Movies/Default_Startup.mp4
[2017.02.03-08.04.20:295][  0]LogSubstanceCoreModule: Substance [CPU] Engine Loaded, Max Texture Size = 2048
[2017.02.03-08.04.20:342][  0]LogTcpMessaging: Initializing TcpMessaging bridge
[2017.02.03-08.04.20:386][  0]LogUdpMessaging: Initializing bridge on interface 0.0.0.0:0 to multicast group 230.0.0.1:6666.
[2017.02.03-08.04.20:543][  0]SourceControl: Info Source control is disabled
[2017.02.03-08.04.20:544][  0]SourceControl: Info Source control is disabled
[2017.02.03-08.04.20:592][  0]SourceControl: Info Source control is disabled
[2017.02.03-08.04.21:329][  0]LogUObjectArray: 33658 objects as part of root set at end of initial load.
[2017.02.03-08.04.21:329][  0]LogUObjectAllocator: 7446720 out of 0 bytes used by permanent object pool.
[2017.02.03-08.04.21:329][  0]LogUObjectArray: CloseDisregardForGC: 0/0 objects in disregard for GC pool
[2017.02.03-08.04.21:537][  0]LogEngine: Initializing Engine...
[2017.02.03-08.04.21:544][  0]LogHMD: Failed to initialize OpenVR with code 108
[2017.02.03-08.04.21:668][  0]LogInit: XAudio2 using 'Speakers (SB Audigy)' : 2 channels at 48 kHz using 16 bits per sample (channel mask 0x3)
[2017.02.03-08.04.21:686][  0]LogInit: FAudioDevice initialized.
[2017.02.03-08.04.21:710][  0]LogInit: Texture streaming: Enabled
[2017.02.03-08.04.21:724][  0]LogMaterial: Uniform references updated for custom material expression Custom.
[2017.02.03-08.04.22:065][  0]LogInit:Display: Game Engine Initialized.
[2017.02.03-08.04.22:230][  0]LogInit:Display: Starting Game.
[2017.02.03-08.04.22:230][  0]LogNet: Browse: /Temp/Autosaves/Game/ShantaesRipoff/Maps/UEDPClevel_00?Name=Player
[2017.02.03-08.04.22:230][  0]LogLoad: LoadMap: /Temp/Autosaves/Game/ShantaesRipoff/Maps/UEDPClevel_00?Name=Player
[2017.02.03-08.04.22:249][  0]LogMemory: Platform Memory Stats for Windows
[2017.02.03-08.04.22:249][  0]LogMemory: Process Physical Memory: 660.89 MB used, 686.79 MB peak
[2017.02.03-08.04.22:249][  0]LogMemory: Process Virtual Memory: 720.43 MB used, 723.02 MB peak
[2017.02.03-08.04.22:249][  0]LogMemory: Physical Memory: 6538.47 MB used,  5716.66 MB free, 12255.14 MB total
[2017.02.03-08.04.22:249][  0]LogMemory: Virtual Memory: 1359.84 MB used,  5716.66 MB free, 134217728.00 MB total
[2017.02.03-08.04.22:249][  0]LogMemory: 
[2017.02.03-08.04.22:249][  0]Allocator Stats for TBB: (not implemented)
[2017.02.03-08.04.23:923][  0]LogAIModule: Creating AISystem for world level_00
[2017.02.03-08.04.23:923][  0]LogLoad: Game class is '2DSideScrollerGameMode_C'
[2017.02.03-08.04.23:936][  0]LogWorld: Bringing World /Temp/Autosaves/Game/ShantaesRipoff/Maps/UEDPClevel_00.level_00 up for play (max tick rate 0) at 2017.02.03-03.04.23
[2017.02.03-08.04.23:937][  0]LogWorld: Bringing up level for play took: 0.013675
[2017.02.03-08.04.23:939][  0]PIE:Warning: Warning The widget 'Widget_HUD_C' was already added to the screen.
[2017.02.03-08.04.23:940][  0]LogLoad: Took 1.709901 seconds to LoadMap(/Temp/Autosaves/Game/ShantaesRipoff/Maps/UEDPClevel_00)
[2017.02.03-08.04.24:333][  0]LogLoad: (Engine Initialization) Total time: 14.83 seconds
[2017.02.03-08.04.24:333][  0]LogLoad: (Engine Initialization) Total Blueprint compile time: 0.19 seconds
[2017.02.03-08.04.24:333][  0]LogExternalProfiler: Found external profiler: VSPerf
[2017.02.03-08.04.24:333][  0]LogExternalProfiler: Using external profiler: VSPerf
[2017.02.03-08.04.24:351][  0]LogOcInput: OculusInput pre-init called
[2017.02.03-08.04.24:462][  2]LogRenderer: Reallocating scene render targets to support 1280x720 NumSamples 1 (Frame:2).
[2017.02.03-08.04.29:598][314]LogRenderer: Reallocating scene render targets to support 1920x1080 NumSamples 1 (Frame:316).
[2017.02.03-08.06.32:124][906]LogBlueprintUserMessages: [BP_Ugmo_366] 9
[2017.02.03-08.06.32:140][907]LogBlueprintUserMessages: [BP_Ugmo_366] 8
[2017.02.03-08.06.39:591][368]LogBlueprintUserMessages: [BP_Ugmo_366] 7
[2017.02.03-08.06.40:400][419]LogBlueprintUserMessages: [BP_Ugmo_366] 6
[2017.02.03-08.06.40:416][420]LogBlueprintUserMessages: [BP_Ugmo_366] 5
[2017.02.03-08.06.42:368][541]LogBlueprintUserMessages: [BP_Ugmo_366] 4
[2017.02.03-08.06.45:400][729]LogBlueprintUserMessages: [BP_Ugmo_366] 3
[2017.02.03-08.06.46:078][771]LogBlueprintUserMessages: [BP_Ugmo_366] 2
[2017.02.03-08.06.47:707][872]LogBlueprintUserMessages: [BP_Ugmo_366] 1
[2017.02.03-08.07.12:114][381]LogRenderer: Reallocating scene render targets to support 1280x720 NumSamples 1 (Frame:10384).
[2017.02.03-08.07.23:048][ 56]LogWindowsTextInputMethodSystem:Display: IME system now deactivated.
[2017.02.03-08.07.23:048][ 56]LogWindowsTextInputMethodSystem:Display: IME system now deactivated.
[2017.02.03-08.07.23:058][ 56]LogWindowsTextInputMethodSystem:Display: IME system now deactivated.
[2017.02.03-08.07.23:059][ 56]LogWindowsTextInputMethodSystem:Display: IME system now deactivated.
[2017.02.03-08.07.23:061][ 56]LogEngine: All Windows Closed
[2017.02.03-08.07.23:061][ 56]LogWindows: FPlatformMisc::RequestExit(0)
[2017.02.03-08.07.23:061][ 57]LogMoviePlayer: Shutting down movie player
[2017.02.03-08.07.23:605][ 57]LogExit: Preparing to exit.
[2017.02.03-08.07.24:586][ 57]LogExit: Game engine shut down
[2017.02.03-08.07.24:636][ 57]LogObj: Freed 0b from 0 cluster array pools.
[2017.02.03-08.07.24:636][ 57]LogExit: Object subsystem successfully closed.
[2017.02.03-08.07.24:654][ 57]LogD3D11RHI: Shutdown
[2017.02.03-08.07.24:654][ 57]LogD3D11RHI: CleanupD3DDevice
[2017.02.03-08.07.24:720][ 57]LogD3D11RHI: ~FD3D11DynamicRHI
[2017.02.03-08.07.24:746][ 57]LogModuleManager: Shutting down and abandoning module SequenceRecorderSections (126)
[2017.02.03-08.07.24:746][ 57]LogModuleManager: Shutting down and abandoning module SequenceRecorder (125)
[2017.02.03-08.07.24:746][ 57]LogModuleManager: Shutting down and abandoning module AutomationController (124)
[2017.02.03-08.07.24:746][ 57]LogModuleManager: Shutting down and abandoning module AutomationWorker (123)
[2017.02.03-08.07.24:746][ 57]LogModuleManager: Shutting down and abandoning module GameplayDebugger (122)
[2017.02.03-08.07.24:746][ 57]LogModuleManager: Shutting down and abandoning module AITestSuite (121)
[2017.02.03-08.07.24:746][ 57]LogModuleManager: Shutting down and abandoning module AIModule (120)
[2017.02.03-08.07.24:746][ 57]LogModuleManager: Shutting down and abandoning module WmfMediaFactory (119)
[2017.02.03-08.07.24:746][ 57]LogModuleManager: Shutting down and abandoning module AvfMediaFactory (118)
[2017.02.03-08.07.24:746][ 57]LogModuleManager: Shutting down and abandoning module Media (117)
[2017.02.03-08.07.24:746][ 57]LogModuleManager: Shutting down and abandoning module AndroidMediaFactory (116)
[2017.02.03-08.07.24:746][ 57]LogModuleManager: Shutting down and abandoning module CharacterAI (115)
[2017.02.03-08.07.24:746][ 57]LogModuleManager: Shutting down and abandoning module SessionServices (114)
[2017.02.03-08.07.24:746][ 57]LogModuleManager: Shutting down and abandoning module MovieSceneCapture (113)
[2017.02.03-08.07.24:746][ 57]LogModuleManager: Shutting down and abandoning module GeometryCacheEd (112)
[2017.02.03-08.07.24:746][ 57]LogModuleManager: Shutting down and abandoning module GeometryCache (111)
[2017.02.03-08.07.24:746][ 57]LogModuleManager: Shutting down and abandoning module Niagara (110)
[2017.02.03-08.07.24:746][ 57]LogModuleManager: Shutting down and abandoning module StreamingPauseRendering (109)
[2017.02.03-08.07.24:746][ 57]LogModuleManager: Shutting down and abandoning module PortalServices (108)
[2017.02.03-08.07.24:746][ 57]LogModuleManager: Shutting down and abandoning module PortalRpc (107)
[2017.02.03-08.07.24:746][ 57]LogModuleManager: Shutting down and abandoning module MessagingRpc (106)
[2017.02.03-08.07.24:746][ 57]LogModuleManager: Shutting down and abandoning module ProfilerService (105)
[2017.02.03-08.07.24:747][ 57]LogModuleManager: Shutting down and abandoning module TaskGraph (104)
[2017.02.03-08.07.24:747][ 57]LogModuleManager: Shutting down and abandoning module SlateRemote (103)
[2017.02.03-08.07.24:747][ 57]LogModuleManager: Shutting down and abandoning module SteamVRController (102)
[2017.02.03-08.07.24:747][ 57]LogModuleManager: Shutting down and abandoning module SteamVR (101)
[2017.02.03-08.07.24:747][ 57]LogModuleManager: Shutting down and abandoning module ProceduralMeshComponent (100)
[2017.02.03-08.07.24:747][ 57]LogModuleManager: Shutting down and abandoning module OculusLibrary (99)
[2017.02.03-08.07.24:747][ 57]LogModuleManager: Shutting down and abandoning module OculusInput (98)
[2017.02.03-08.07.24:747][ 57]LogModuleManager: Shutting down and abandoning module MobilePatchingUtils (97)
[2017.02.03-08.07.24:747][ 57]LogModuleManager: Shutting down and abandoning module CustomMeshComponent (96)
[2017.02.03-08.07.24:747][ 57]LogModuleManager: Shutting down and abandoning module CableComponent (95)
[2017.02.03-08.07.24:747][ 57]LogModuleManager: Shutting down and abandoning module ArchVisCharacter (94)
[2017.02.03-08.07.24:747][ 57]LogModuleManager: Shutting down and abandoning module HTML5Networking (92)
[2017.02.03-08.07.24:747][ 57]LogModuleManager: Shutting down and abandoning module DesktopPlatform (91)
[2017.02.03-08.07.24:747][ 57]LogModuleManager: Shutting down and abandoning module DirectoryWatcher (90)
[2017.02.03-08.07.24:747][ 57]LogDirectoryWatcher: A directory notification for 'C:/Users/Michael Medina/Desktop/Shaker and I Sidescroll/trunk/Binaries/Win64' was aborted.
[2017.02.03-08.07.24:747][ 57]LogModuleManager: Shutting down and abandoning module HotReload (89)
[2017.02.03-08.07.24:747][ 57]LogModuleManager: Shutting down and abandoning module VisualStudioSourceCodeAccess (88)
[2017.02.03-08.07.24:747][ 57]LogModuleManager: Shutting down and abandoning module UObjectPlugin (87)
[2017.02.03-08.07.24:747][ 57]LogModuleManager: Shutting down and abandoning module SubversionSourceControl (86)
[2017.02.03-08.07.24:747][ 57]LogModuleManager: Shutting down and abandoning module SourceControl (85)
[2017.02.03-08.07.24:747][ 57]LogModuleManager: Shutting down and abandoning module PerforceSourceControl (84)
[2017.02.03-08.07.24:747][ 57]LogModuleManager: Shutting down and abandoning module UdpMessaging (83)
[2017.02.03-08.07.24:848][ 57]LogModuleManager: Shutting down and abandoning module TcpMessaging (82)
[2017.02.03-08.07.25:408][ 57]LogModuleManager: Shutting down and abandoning module SubstanceCore (81)
[2017.02.03-08.07.25:434][ 57]LogModuleManager: Shutting down and abandoning module LightPropagationVolumeRuntime (80)
[2017.02.03-08.07.25:434][ 57]LogModuleManager: Shutting down and abandoning module Paper2D (79)
[2017.02.03-08.07.25:434][ 57]LogModuleManager: Shutting down and abandoning module WindowsMoviePlayer (78)
[2017.02.03-08.07.25:434][ 57]LogModuleManager: Shutting down and abandoning module WmfMedia (77)
[2017.02.03-08.07.25:443][ 57]LogModuleManager: Shutting down and abandoning module MediaAssets (76)
[2017.02.03-08.07.25:459][ 57]LogModuleManager: Shutting down and abandoning module GameLiveStreaming (75)
[2017.02.03-08.07.25:467][ 57]LogModuleManager: Shutting down and abandoning module GameplayTagsEditor (74)
[2017.02.03-08.07.25:473][ 57]LogModuleManager: Shutting down and abandoning module VREditor (73)
[2017.02.03-08.07.25:473][ 57]LogModuleManager: Shutting down and abandoning module GameplayTasksEditor (72)
[2017.02.03-08.07.25:473][ 57]LogModuleManager: Shutting down and abandoning module BehaviorTreeEditor (71)
[2017.02.03-08.07.25:507][ 57]LogModuleManager: Shutting down and abandoning module FunctionalTesting (70)
[2017.02.03-08.07.25:520][ 57]LogModuleManager: Shutting down and abandoning module CollisionAnalyzer (69)
[2017.02.03-08.07.25:528][ 57]LogModuleManager: Shutting down and abandoning module Sequencer (68)
[2017.02.03-08.07.25:575][ 57]LogModuleManager: Shutting down and abandoning module WorkspaceMenuStructure (67)
[2017.02.03-08.07.25:575][ 57]LogModuleManager: Shutting down and abandoning module MessageLog (66)
[2017.02.03-08.07.25:575][ 57]LogModuleManager: Shutting down and abandoning module AssetTools (65)
[2017.02.03-08.07.25:586][ 57]LogModuleManager: Shutting down and abandoning module UMGEditor (64)
[2017.02.03-08.07.25:603][ 57]LogModuleManager: Shutting down and abandoning module UMG (63)
[2017.02.03-08.07.25:603][ 57]LogModuleManager: Shutting down and abandoning module SlateReflector (62)
[2017.02.03-08.07.25:630][ 57]LogModuleManager: Shutting down and abandoning module Slate (61)
[2017.02.03-08.07.25:630][ 57]LogModuleManager: Shutting down and abandoning module EditorStyle (60)
[2017.02.03-08.07.25:633][ 57]LogModuleManager: Shutting down and abandoning module Messaging (59)
[2017.02.03-08.07.25:633][ 57]LogModuleManager: Shutting down and abandoning module SourceCodeAccess (58)
[2017.02.03-08.07.25:633][ 57]LogModuleManager: Shutting down and abandoning module HeadMountedDisplay (57)
[2017.02.03-08.07.25:633][ 57]LogModuleManager: Shutting down and abandoning module XAudio2 (56)
[2017.02.03-08.07.25:633][ 57]LogModuleManager: Shutting down and abandoning module Networking (54)
[2017.02.03-08.07.25:633][ 57]LogModuleManager: Shutting down and abandoning module Core (53)
[2017.02.03-08.07.25:633][ 57]LogModuleManager: Shutting down and abandoning module KismetCompiler (52)
[2017.02.03-08.07.25:633][ 57]LogModuleManager: Shutting down and abandoning module PhysXFormats (51)
[2017.02.03-08.07.25:633][ 57]LogModuleManager: Shutting down and abandoning module SimplygonSwarm (50)
[2017.02.03-08.07.25:657][ 57]LogModuleManager: Shutting down and abandoning module SimplygonMeshReduction (49)
[2017.02.03-08.07.25:669][ 57]LogModuleManager: Shutting down and abandoning module QuadricMeshReduction (48)
[2017.02.03-08.07.25:669][ 57]LogModuleManager: Shutting down and abandoning module PropertyEditor (47)
[2017.02.03-08.07.25:669][ 57]LogModuleManager: Shutting down and abandoning module MeshUtilities (46)
[2017.02.03-08.07.25:688][ 57]LogModuleManager: Shutting down and abandoning module AssetRegistry (45)
[2017.02.03-08.07.25:717][ 57]LogModuleManager: Shutting down and abandoning module DerivedDataCache (44)
[2017.02.03-08.07.25:741][ 57]LogDerivedDataCache: Shutdown
[2017.02.03-08.07.25:741][ 57]LogModuleManager: Shutting down and abandoning module VulkanShaderFormat (43)
[2017.02.03-08.07.25:749][ 57]LogModuleManager: Shutting down and abandoning module ShaderFormatOpenGL (42)
[2017.02.03-08.07.25:763][ 57]LogModuleManager: Shutting down and abandoning module ShaderFormatD3D (41)
[2017.02.03-08.07.25:763][ 57]LogModuleManager: Shutting down and abandoning module MetalShaderFormat (40)
[2017.02.03-08.07.25:774][ 57]LogModuleManager: Shutting down and abandoning module TextureFormatUncompressed (39)
[2017.02.03-08.07.25:775][ 57]LogModuleManager: Shutting down and abandoning module TextureFormatPVR (38)
[2017.02.03-08.07.25:775][ 57]LogModuleManager: Shutting down and abandoning module TextureFormatDXT (37)
[2017.02.03-08.07.25:775][ 57]LogModuleManager: Shutting down and abandoning module TextureFormatIntelISPCTexComp (36)
[2017.02.03-08.07.25:793][ 57]LogModuleManager: Shutting down and abandoning module ImageWrapper (35)
[2017.02.03-08.07.25:793][ 57]LogModuleManager: Shutting down and abandoning module TextureFormatASTC (34)
[2017.02.03-08.07.25:793][ 57]LogModuleManager: Shutting down and abandoning module TextureFormatAndroid (33)
[2017.02.03-08.07.25:793][ 57]LogModuleManager: Shutting down and abandoning module AudioFormatOpus (32)
[2017.02.03-08.07.25:801][ 57]LogModuleManager: Shutting down and abandoning module AudioFormatOgg (31)
[2017.02.03-08.07.25:801][ 57]LogModuleManager: Shutting down and abandoning module AudioFormatADPCM (30)
[2017.02.03-08.07.25:801][ 57]LogModuleManager: Shutting down and abandoning module WindowsTargetPlatform (29)
[2017.02.03-08.07.25:801][ 57]LogModuleManager: Shutting down and abandoning module WindowsServerTargetPlatform (28)
[2017.02.03-08.07.25:801][ 57]LogModuleManager: Shutting down and abandoning module WindowsNoEditorTargetPlatform (27)
[2017.02.03-08.07.25:801][ 57]LogModuleManager: Shutting down and abandoning module WindowsClientTargetPlatform (26)
[2017.02.03-08.07.25:801][ 57]LogModuleManager: Shutting down and abandoning module TargetPlatform (25)
[2017.02.03-08.07.25:808][ 57]LogModuleManager: Shutting down and abandoning module InputCore (24)
[2017.02.03-08.07.25:808][ 57]LogModuleManager: Shutting down and abandoning module Settings (23)
[2017.02.03-08.07.25:808][ 57]LogModuleManager: Shutting down and abandoning module OculusRift (22)
[2017.02.03-08.07.25:819][ 57]LogModuleManager: Shutting down and abandoning module ExampleDeviceProfileSelector (21)
[2017.02.03-08.07.25:819][ 57]LogModuleManager: Shutting down and abandoning module OnlineBlueprintSupport (20)
[2017.02.03-08.07.25:819][ 57]LogModuleManager: Shutting down and abandoning module OnlineSubsystem (18)
[2017.02.03-08.07.25:819][ 57]LogOnline:Display: Unloading online subsystem: NULL
[2017.02.03-08.07.25:838][ 57]LogModuleManager: Shutting down and abandoning module SSL (17)
[2017.02.03-08.07.25:852][ 57]LogModuleManager: Shutting down and abandoning module HTTP (16)
[2017.02.03-08.07.25:852][ 57]LogModuleManager: Shutting down and abandoning module XMPP (15)
[2017.02.03-08.07.25:867][ 57]LogModuleManager: Shutting down and abandoning module TextureCompressor (14)
[2017.02.03-08.07.25:886][ 57]LogModuleManager: Shutting down and abandoning module ShaderCore (13)
[2017.02.03-08.07.25:886][ 57]LogModuleManager: Shutting down and abandoning module Landscape (12)
[2017.02.03-08.07.25:886][ 57]LogModuleManager: Shutting down and abandoning module SlateRHIRenderer (11)
[2017.02.03-08.07.25:904][ 57]LogModuleManager: Shutting down and abandoning module OpenGLDrv (10)
[2017.02.03-08.07.25:914][ 57]LogModuleManager: Shutting down and abandoning module D3D11RHI (9)
[2017.02.03-08.07.25:914][ 57]LogModuleManager: Shutting down and abandoning module AnimGraphRuntime (8)
[2017.02.03-08.07.25:929][ 57]LogModuleManager: Shutting down and abandoning module Renderer (7)
[2017.02.03-08.07.25:941][ 57]LogModuleManager: Shutting down and abandoning module Engine (6)
[2017.02.03-08.07.25:941][ 57]LogModuleManager: Shutting down and abandoning module CoreUObject (5)
[2017.02.03-08.07.25:941][ 57]LogModuleManager: Shutting down and abandoning module NetworkFile (4)
[2017.02.03-08.07.25:951][ 57]LogModuleManager: Shutting down and abandoning module StreamingFile (3)
[2017.02.03-08.07.25:951][ 57]LogModuleManager: Shutting down and abandoning module SandboxFile (2)
[2017.02.03-08.07.25:951][ 57]LogModuleManager: Shutting down and abandoning module PakFile (1)
[2017.02.03-08.07.25:964][ 57]LogExit: Exiting.
[2017.02.03-08.07.25:975][ 57]Log file closed, 02/03/17 03:07:25
