Log file open, 01/29/17 16:10:16
LogInit:Display: Running engine for game: ShantaeRipoff
LogPlatformFile: Not using cached read wrapper
LogInit:Display: RandInit(795244487) SRandInit(795244487).
LogTaskGraph: Started task graph with 5 named threads and 8 total threads with 1 sets of task threads.
LogStats: Stats thread started at 0.094527
LogPluginManager: Loaded Plugin Paper2D, From C:/Program Files (x86)/Epic Games/4.14/Engine/Plugins/2D/Paper2D/Paper2D.uplugin
LogPluginManager: Loaded Plugin LightPropagationVolume, From C:/Program Files (x86)/Epic Games/4.14/Engine/Plugins/Blendables/LightPropagationVolume/LightPropagationVolume.uplugin
LogPluginManager: Loaded Plugin BlankPlugin, From C:/Program Files (x86)/Epic Games/4.14/Engine/Plugins/Developer/BlankPlugin/BlankPlugin.uplugin
LogPluginManager: Loaded Plugin CodeLiteSourceCodeAccess, From C:/Program Files (x86)/Epic Games/4.14/Engine/Plugins/Developer/CodeLiteSourceCodeAccess/CodeLiteSourceCodeAccess.uplugin
LogPluginManager: Loaded Plugin GitSourceControl, From C:/Program Files (x86)/Epic Games/4.14/Engine/Plugins/Developer/GitSourceControl/GitSourceControl.uplugin
LogPluginManager: Loaded Plugin KDevelopSourceCodeAccess, From C:/Program Files (x86)/Epic Games/4.14/Engine/Plugins/Developer/KDevelopSourceCodeAccess/KDevelopSourceCodeAccess.uplugin
LogPluginManager: Loaded Plugin NullSourceCodeAccess, From C:/Program Files (x86)/Epic Games/4.14/Engine/Plugins/Developer/NullSourceCodeAccess/NullSourceCodeAccess.uplugin
LogPluginManager: Loaded Plugin OneSkyLocalizationService, From C:/Program Files (x86)/Epic Games/4.14/Engine/Plugins/Developer/OneSkyLocalizationService/OneSkyLocalizationService.uplugin
LogPluginManager: Loaded Plugin PerforceSourceControl, From C:/Program Files (x86)/Epic Games/4.14/Engine/Plugins/Developer/PerforceSourceControl/PerforceSourceControl.uplugin
LogPluginManager: Loaded Plugin SubversionSourceControl, From C:/Program Files (x86)/Epic Games/4.14/Engine/Plugins/Developer/SubversionSourceControl/SubversionSourceControl.uplugin
LogPluginManager: Loaded Plugin UObjectPlugin, From C:/Program Files (x86)/Epic Games/4.14/Engine/Plugins/Developer/UObjectPlugin/UObjectPlugin.uplugin
LogPluginManager: Loaded Plugin VisualStudioSourceCodeAccess, From C:/Program Files (x86)/Epic Games/4.14/Engine/Plugins/Developer/VisualStudioSourceCodeAccess/VisualStudioSourceCodeAccess.uplugin
LogPluginManager: Loaded Plugin XCodeSourceCodeAccess, From C:/Program Files (x86)/Epic Games/4.14/Engine/Plugins/Developer/XCodeSourceCodeAccess/XCodeSourceCodeAccess.uplugin
LogPluginManager: Loaded Plugin AudioCapture, From C:/Program Files (x86)/Epic Games/4.14/Engine/Plugins/Editor/AudioCapture/AudioCapture.uplugin
LogPluginManager: Loaded Plugin EpicSurvey, From C:/Program Files (x86)/Epic Games/4.14/Engine/Plugins/Editor/EpicSurvey/EpicSurvey.uplugin
LogPluginManager: Loaded Plugin MacGraphicsSwitching, From C:/Program Files (x86)/Epic Games/4.14/Engine/Plugins/Editor/MacGraphicsSwitching/MacGraphicsSwitching.uplugin
LogPluginManager: Loaded Plugin MobileLauncherProfileWizard, From C:/Program Files (x86)/Epic Games/4.14/Engine/Plugins/Editor/MobileLauncherProfileWizard/MobileLauncherProfileWizard.uplugin
LogPluginManager: Loaded Plugin PluginBrowser, From C:/Program Files (x86)/Epic Games/4.14/Engine/Plugins/Editor/PluginBrowser/PluginBrowser.uplugin
LogPluginManager: Loaded Plugin SpeedTreeImporter, From C:/Program Files (x86)/Epic Games/4.14/Engine/Plugins/Editor/SpeedTreeImporter/SpeedTreeImporter.uplugin
LogPluginManager: Loaded Plugin SuperSearchEditor, From C:/Program Files (x86)/Epic Games/4.14/Engine/Plugins/Editor/SuperSearchEditor/SuperSearchEditor.uplugin
LogPluginManager: Loaded Plugin AlembicImporter, From C:/Program Files (x86)/Epic Games/4.14/Engine/Plugins/Experimental/AlembicImporter/AlembicImporter.uplugin
LogPluginManager: Loaded Plugin BlueprintStats, From C:/Program Files (x86)/Epic Games/4.14/Engine/Plugins/Experimental/BlueprintStats/BlueprintStats.uplugin
LogPluginManager: Loaded Plugin CharacterAI, From C:/Program Files (x86)/Epic Games/4.14/Engine/Plugins/Experimental/CharacterAI/CharacterAI.uplugin
LogPluginManager: Loaded Plugin CodeEditor, From C:/Program Files (x86)/Epic Games/4.14/Engine/Plugins/Experimental/CodeEditor/CodeEditor.uplugin
LogPluginManager: Loaded Plugin CodeView, From C:/Program Files (x86)/Epic Games/4.14/Engine/Plugins/Experimental/CodeView/CodeView.uplugin
LogPluginManager: Loaded Plugin HTML5Networking, From C:/Program Files (x86)/Epic Games/4.14/Engine/Plugins/Experimental/HTML5Networking/HTML5Networking.uplugin
LogPluginManager: Loaded Plugin OSVR, From C:/Program Files (x86)/Epic Games/4.14/Engine/Plugins/Experimental/OSVR/OSVR.uplugin
LogPluginManager: Loaded Plugin Phya, From C:/Program Files (x86)/Epic Games/4.14/Engine/Plugins/Experimental/Phya/Phya.uplugin
LogPluginManager: Loaded Plugin SignificanceManager, From C:/Program Files (x86)/Epic Games/4.14/Engine/Plugins/Experimental/SignificanceManager/SignificanceManager.uplugin
LogPluginManager: Loaded Plugin SimpleHMD, From C:/Program Files (x86)/Epic Games/4.14/Engine/Plugins/Experimental/SimpleHMD/SimpleHMD.uplugin
LogPluginManager: Loaded Plugin StereoPanorama, From C:/Program Files (x86)/Epic Games/4.14/Engine/Plugins/Experimental/StereoPanorama/StereoPanorama.uplugin
LogPluginManager: Loaded Plugin StructBox, From C:/Program Files (x86)/Epic Games/4.14/Engine/Plugins/Experimental/StructBox/StructBox.uplugin
LogPluginManager: Loaded Plugin Substance, From C:/Program Files (x86)/Epic Games/4.14/Engine/Plugins/Marketplace/Substance/Substance.uplugin
LogPluginManager: Loaded Plugin AndroidMedia, From C:/Program Files (x86)/Epic Games/4.14/Engine/Plugins/Media/AndroidMedia/AndroidMedia.uplugin
LogPluginManager: Loaded Plugin AvfMedia, From C:/Program Files (x86)/Epic Games/4.14/Engine/Plugins/Media/AvfMedia/AvfMedia.uplugin
LogPluginManager: Loaded Plugin MediaPlayerEditor, From C:/Program Files (x86)/Epic Games/4.14/Engine/Plugins/Media/MediaPlayerEditor/MediaPlayerEditor.uplugin
LogPluginManager: Loaded Plugin WmfMedia, From C:/Program Files (x86)/Epic Games/4.14/Engine/Plugins/Media/WmfMedia/WmfMedia.uplugin
LogPluginManager: Loaded Plugin MessagingDebugger, From C:/Program Files (x86)/Epic Games/4.14/Engine/Plugins/Messaging/MessagingDebugger/MessagingDebugger.uplugin
LogPluginManager: Loaded Plugin TcpMessaging, From C:/Program Files (x86)/Epic Games/4.14/Engine/Plugins/Messaging/TcpMessaging/TcpMessaging.uplugin
LogPluginManager: Loaded Plugin UdpMessaging, From C:/Program Files (x86)/Epic Games/4.14/Engine/Plugins/Messaging/UdpMessaging/UdpMessaging.uplugin
LogPluginManager: Loaded Plugin LevelSequenceEditor, From C:/Program Files (x86)/Epic Games/4.14/Engine/Plugins/MovieScene/LevelSequenceEditor/LevelSequenceEditor.uplugin
LogPluginManager: Loaded Plugin MatineeToLevelSequence, From C:/Program Files (x86)/Epic Games/4.14/Engine/Plugins/MovieScene/MatineeToLevelSequence/MatineeToLevelSequence.uplugin
LogPluginManager: Loaded Plugin NetcodeUnitTest, From C:/Program Files (x86)/Epic Games/4.14/Engine/Plugins/NetcodeUnitTest/NetcodeUnitTest/NetcodeUnitTest.uplugin
LogPluginManager: Loaded Plugin NUTUnrealEngine4, From C:/Program Files (x86)/Epic Games/4.14/Engine/Plugins/NetcodeUnitTest/NUTUnrealEngine4/NUTUnrealEngine4.uplugin
LogPluginManager: Loaded Plugin OnlineSubsystemGameCircle, From C:/Program Files (x86)/Epic Games/4.14/Engine/Plugins/Online/Android/OnlineSubsystemGameCircle/OnlineSubsystemGameCircle.uplugin
LogPluginManager: Loaded Plugin OnlineSubsystemGooglePlay, From C:/Program Files (x86)/Epic Games/4.14/Engine/Plugins/Online/Android/OnlineSubsystemGooglePlay/OnlineSubsystemGooglePlay.uplugin
LogPluginManager: Loaded Plugin OnlineSubsystemIOS, From C:/Program Files (x86)/Epic Games/4.14/Engine/Plugins/Online/IOS/OnlineSubsystemIOS/OnlineSubsystemIOS.uplugin
LogPluginManager: Loaded Plugin OnlineFramework, From C:/Program Files (x86)/Epic Games/4.14/Engine/Plugins/Online/OnlineFramework/OnlineFramework.uplugin
LogPluginManager: Loaded Plugin OnlineSubsystem, From C:/Program Files (x86)/Epic Games/4.14/Engine/Plugins/Online/OnlineSubsystem/OnlineSubsystem.uplugin
LogPluginManager: Loaded Plugin OnlineSubsystemAmazon, From C:/Program Files (x86)/Epic Games/4.14/Engine/Plugins/Online/OnlineSubsystemAmazon/OnlineSubsystemAmazon.uplugin
LogPluginManager: Loaded Plugin OnlineSubsystemFacebook, From C:/Program Files (x86)/Epic Games/4.14/Engine/Plugins/Online/OnlineSubsystemFacebook/OnlineSubsystemFacebook.uplugin
LogPluginManager: Loaded Plugin OnlineSubsystemNull, From C:/Program Files (x86)/Epic Games/4.14/Engine/Plugins/Online/OnlineSubsystemNull/OnlineSubsystemNull.uplugin
LogPluginManager: Loaded Plugin OnlineSubsystemOculus, From C:/Program Files (x86)/Epic Games/4.14/Engine/Plugins/Online/OnlineSubsystemOculus/OnlineSubsystemOculus.uplugin
LogPluginManager: Loaded Plugin OnlineSubsystemSteam, From C:/Program Files (x86)/Epic Games/4.14/Engine/Plugins/Online/OnlineSubsystemSteam/OnlineSubsystemSteam.uplugin
LogPluginManager: Loaded Plugin OnlineSubsystemUtils, From C:/Program Files (x86)/Epic Games/4.14/Engine/Plugins/Online/OnlineSubsystemUtils/OnlineSubsystemUtils.uplugin
LogPluginManager: Loaded Plugin IOSTapJoy, From C:/Program Files (x86)/Epic Games/4.14/Engine/Plugins/Runtime/Advertising/IOSTapJoy/IOSTapJoy.uplugin
LogPluginManager: Loaded Plugin AnalyticsBlueprintLibrary, From C:/Program Files (x86)/Epic Games/4.14/Engine/Plugins/Runtime/Analytics/AnalyticsBlueprintLibrary/AnalyticsBlueprintLibrary.uplugin
LogPluginManager: Loaded Plugin AnalyticsMulticast, From C:/Program Files (x86)/Epic Games/4.14/Engine/Plugins/Runtime/Analytics/AnalyticsMulticast/AnalyticsMulticast.uplugin
LogPluginManager: Loaded Plugin Apsalar, From C:/Program Files (x86)/Epic Games/4.14/Engine/Plugins/Runtime/Analytics/Apsalar/Apsalar.uplugin
LogPluginManager: Loaded Plugin FileLogging, From C:/Program Files (x86)/Epic Games/4.14/Engine/Plugins/Runtime/Analytics/FileLogging/FileLogging.uplugin
LogPluginManager: Loaded Plugin Flurry, From C:/Program Files (x86)/Epic Games/4.14/Engine/Plugins/Runtime/Analytics/Flurry/Flurry.uplugin
LogPluginManager: Loaded Plugin AndroidDeviceProfileSelector, From C:/Program Files (x86)/Epic Games/4.14/Engine/Plugins/Runtime/AndroidDeviceProfileSelector/AndroidDeviceProfileSelector.uplugin
LogPluginManager: Loaded Plugin AndroidMoviePlayer, From C:/Program Files (x86)/Epic Games/4.14/Engine/Plugins/Runtime/AndroidMoviePlayer/AndroidMoviePlayer.uplugin
LogPluginManager: Loaded Plugin AppleMoviePlayer, From C:/Program Files (x86)/Epic Games/4.14/Engine/Plugins/Runtime/AppleMoviePlayer/AppleMoviePlayer.uplugin
LogPluginManager: Loaded Plugin ArchVisCharacter, From C:/Program Files (x86)/Epic Games/4.14/Engine/Plugins/Runtime/ArchVisCharacter/ArchVisCharacter.uplugin
LogPluginManager: Loaded Plugin CableComponent, From C:/Program Files (x86)/Epic Games/4.14/Engine/Plugins/Runtime/CableComponent/CableComponent.uplugin
LogPluginManager: Loaded Plugin CustomMeshComponent, From C:/Program Files (x86)/Epic Games/4.14/Engine/Plugins/Runtime/CustomMeshComponent/CustomMeshComponent.uplugin
LogPluginManager: Loaded Plugin ExampleDeviceProfileSelector, From C:/Program Files (x86)/Epic Games/4.14/Engine/Plugins/Runtime/ExampleDeviceProfileSelector/ExampleDeviceProfileSelector.uplugin
LogPluginManager: Loaded Plugin GearVR, From C:/Program Files (x86)/Epic Games/4.14/Engine/Plugins/Runtime/GearVR/GearVR.uplugin
LogPluginManager: Loaded Plugin GoogleVRController, From C:/Program Files (x86)/Epic Games/4.14/Engine/Plugins/Runtime/GoogleVR/GoogleVRController/GoogleVRController.uplugin
LogPluginManager: Loaded Plugin GoogleVRHMD, From C:/Program Files (x86)/Epic Games/4.14/Engine/Plugins/Runtime/GoogleVR/GoogleVRHMD/GoogleVRHMD.uplugin
LogPluginManager: Loaded Plugin IOSDeviceProfileSelector, From C:/Program Files (x86)/Epic Games/4.14/Engine/Plugins/Runtime/IOSDeviceProfileSelector/IOSDeviceProfileSelector.uplugin
LogPluginManager: Loaded Plugin LeapMotion, From C:/Program Files (x86)/Epic Games/4.14/Engine/Plugins/Runtime/LeapMotion/LeapMotion.uplugin
LogPluginManager: Loaded Plugin LinuxDeviceProfileSelector, From C:/Program Files (x86)/Epic Games/4.14/Engine/Plugins/Runtime/LinuxDeviceProfileSelector/LinuxDeviceProfileSelector.uplugin
LogPluginManager: Loaded Plugin MIDIDevice, From C:/Program Files (x86)/Epic Games/4.14/Engine/Plugins/Runtime/MIDIDevice/MIDIDevice.uplugin
LogPluginManager: Loaded Plugin MobilePatchingUtils, From C:/Program Files (x86)/Epic Games/4.14/Engine/Plugins/Runtime/MobilePatchingUtils/MobilePatchingUtils.uplugin
LogPluginManager: Loaded Plugin Ansel, From C:/Program Files (x86)/Epic Games/4.14/Engine/Plugins/Runtime/Nvidia/Ansel/Ansel.uplugin
LogPluginManager: Loaded Plugin OculusAudio, From C:/Program Files (x86)/Epic Games/4.14/Engine/Plugins/Runtime/OculusAudio/OculusAudio.uplugin
LogPluginManager: Loaded Plugin OculusInput, From C:/Program Files (x86)/Epic Games/4.14/Engine/Plugins/Runtime/OculusInput/OculusInput.uplugin
LogPluginManager: Loaded Plugin OculusLibrary, From C:/Program Files (x86)/Epic Games/4.14/Engine/Plugins/Runtime/OculusLibrary/OculusLibrary.uplugin
LogPluginManager: Loaded Plugin OculusRift, From C:/Program Files (x86)/Epic Games/4.14/Engine/Plugins/Runtime/OculusRift/OculusRift.uplugin
LogPluginManager: Loaded Plugin Oodle, From C:/Program Files (x86)/Epic Games/4.14/Engine/Plugins/Runtime/PacketHandlers/CompressionComponents/Oodle/Oodle.uplugin
LogPluginManager: Loaded Plugin ProceduralMeshComponent, From C:/Program Files (x86)/Epic Games/4.14/Engine/Plugins/Runtime/ProceduralMeshComponent/ProceduralMeshComponent.uplugin
LogPluginManager: Loaded Plugin SoundMod, From C:/Program Files (x86)/Epic Games/4.14/Engine/Plugins/Runtime/SoundMod/SoundMod.uplugin
LogPluginManager: Loaded Plugin SoundVisualizations, From C:/Program Files (x86)/Epic Games/4.14/Engine/Plugins/Runtime/SoundVisualizations/SoundVisualizations.uplugin
LogPluginManager: Loaded Plugin SteamController, From C:/Program Files (x86)/Epic Games/4.14/Engine/Plugins/Runtime/Steam/SteamController/SteamController.uplugin
LogPluginManager: Loaded Plugin SteamVR, From C:/Program Files (x86)/Epic Games/4.14/Engine/Plugins/Runtime/Steam/SteamVR/SteamVR.uplugin
LogPluginManager: Loaded Plugin WebBrowserWidget, From C:/Program Files (x86)/Epic Games/4.14/Engine/Plugins/Runtime/WebBrowserWidget/WebBrowserWidget.uplugin
LogPluginManager: Loaded Plugin WindowsDeviceProfileSelector, From C:/Program Files (x86)/Epic Games/4.14/Engine/Plugins/Runtime/WindowsDeviceProfileSelector/WindowsDeviceProfileSelector.uplugin
LogPluginManager: Loaded Plugin WindowsMoviePlayer, From C:/Program Files (x86)/Epic Games/4.14/Engine/Plugins/Runtime/WindowsMoviePlayer/WindowsMoviePlayer.uplugin
LogPluginManager: Loaded Plugin ScriptPlugin, From C:/Program Files (x86)/Epic Games/4.14/Engine/Plugins/ScriptPlugin/ScriptPlugin.uplugin
LogPluginManager: Loaded Plugin SlateRemote, From C:/Program Files (x86)/Epic Games/4.14/Engine/Plugins/Slate/SlateRemote/SlateRemote.uplugin
LogPluginManager: Loaded Plugin EditorTests, From C:/Program Files (x86)/Epic Games/4.14/Engine/Plugins/Tests/EditorTests/EditorTests.uplugin
LogPluginManager: Loaded Plugin FbxAutomationTestBuilder, From C:/Program Files (x86)/Epic Games/4.14/Engine/Plugins/Tests/FbxAutomationTestBuilder/FbxAutomationTestBuilder.uplugin
LogPluginManager: Loaded Plugin FunctionalTestingEditor, From C:/Program Files (x86)/Epic Games/4.14/Engine/Plugins/Tests/FunctionalTestingEditor/FunctionalTestingEditor.uplugin
LogPluginManager: Loaded Plugin RuntimeTests, From C:/Program Files (x86)/Epic Games/4.14/Engine/Plugins/Tests/RuntimeTests/RuntimeTests.uplugin
LogPluginManager: Loaded Plugin ScreenshotTools, From C:/Program Files (x86)/Epic Games/4.14/Engine/Plugins/Tests/ScreenshotTools/ScreenshotTools.uplugin
LogInit: Using libcurl 7.47.1
LogInit:  - built for x86_64-pc-win32
LogInit:  - supports SSL with OpenSSL/1.0.2g
LogInit:  - supports HTTP deflate (compression) using libz 1.2.8
LogInit:  - other features:
LogInit:      CURL_VERSION_SSL
LogInit:      CURL_VERSION_LIBZ
LogInit:      CURL_VERSION_IPV6
LogInit:      CURL_VERSION_ASYNCHDNS
LogInit:      CURL_VERSION_LARGEFILE
LogInit:      CURL_VERSION_IDN
LogInit:  CurlRequestOptions (configurable via config and command line):
LogInit:  - bVerifyPeer = false  - Libcurl will NOT verify peer certificate
LogInit:  - bUseHttpProxy = false  - Libcurl will NOT use HTTP proxy
LogInit:  - bDontReuseConnections = false  - Libcurl will reuse connections
LogInit:  - CertBundlePath = nullptr  - Libcurl will use whatever was configured at build time.
LogInit: Build: ++UE4+Release-4.14-CL-3249277
LogInit: Engine Version: 4.14.3-3249277+++UE4+Release-4.14
LogInit: Compatible Engine Version: 4.14.0-3195953+++UE4+Release-4.14
LogInit: Net CL: 3195953
LogDevObjectVersion: Number of dev versions registered: 13
LogDevObjectVersion:   Dev-Blueprints (B0D832E4-1F89-4F0D-ACCF-7EB736FD4AA2): 7
LogDevObjectVersion:   Dev-Build (E1C64328-A22C-4D53-A36C-8E866417BD8C): 0
LogDevObjectVersion:   Dev-Core (375EC13C-06E4-48FB-B500-84F0262A717E): 1
LogDevObjectVersion:   Dev-Editor (E4B068ED-F494-42E9-A231-DA0B2E46BB41): 8
LogDevObjectVersion:   Dev-Framework (CFFC743F-43B0-4480-9391-14DF171D2073): 17
LogDevObjectVersion:   Dev-Mobile (B02B49B5-BB20-44E9-A304-32B752E40360): 0
LogDevObjectVersion:   Dev-Networking (A4E4105C-59A1-49B5-A7C5-40C4547EDFEE): 0
LogDevObjectVersion:   Dev-Online (39C831C9-5AE6-47DC-9A44-9C173E1C8E7C): 0
LogDevObjectVersion:   Dev-Physics (78F01B33-EBEA-4F98-B9B4-84EACCB95AA2): 0
LogDevObjectVersion:   Dev-Platform (6631380F-2D4D-43E0-8009-CF276956A95A): 0
LogDevObjectVersion:   Dev-Rendering (12F88B9F-8875-4AFC-A67C-D90C383ABD29): 12
LogDevObjectVersion:   Dev-Sequencer (7B5AE74C-D270-4C10-A958-57980B212A5A): 1
LogDevObjectVersion:   Dev-VR (D7296918-1DD6-4BDD-9DE2-64A83CC13884): 0
LogInit: Compiled (64-bit): Jan  6 2017 10:49:43
LogInit: Compiled with Visual C++: 19.00.23026.00
LogInit: Build Configuration: Development
LogInit: Branch Name: ++UE4+Release-4.14
LogInit: Command line: -EpicPortal 
LogInit: Base directory: C:/Program Files (x86)/Epic Games/4.14/Engine/Binaries/Win64/
LogInit: Installed Engine Build: 1
LogInit: Presizing for max 8388607 objects, including 0 objects not considered by GC, pre-allocating 0 bytes for permanent pool.
LogInit: Object subsystem initialized
[2017.01.29-21.10.17:100][  0]LogInit: Selected Device Profile: [Windows]
[2017.01.29-21.10.17:100][  0]LogInit: Applying CVar settings loaded from the selected device profile: [Windows]
[2017.01.29-21.10.17:129][  0]LogInit: Computer: TAK-FALCONARROW
[2017.01.29-21.10.17:129][  0]LogInit: User: Tak
[2017.01.29-21.10.17:129][  0]LogInit: CPU Page size=65536, Cores=4
[2017.01.29-21.10.17:129][  0]LogInit: High frequency timer resolution =3.318396 MHz
[2017.01.29-21.10.17:130][  0]LogMemory: Memory total: Physical=7.9GB (8GB approx)
[2017.01.29-21.10.17:130][  0]LogMemory: Platform Memory Stats for Windows
[2017.01.29-21.10.17:130][  0]LogMemory: Process Physical Memory: 264.94 MB used, 264.94 MB peak
[2017.01.29-21.10.17:130][  0]LogMemory: Process Virtual Memory: 262.53 MB used, 262.53 MB peak
[2017.01.29-21.10.17:130][  0]LogMemory: Physical Memory: 4491.13 MB used,  3638.79 MB free, 8129.92 MB total
[2017.01.29-21.10.17:130][  0]LogMemory: Virtual Memory: 675.55 MB used,  3638.79 MB free, 134217728.00 MB total
[2017.01.29-21.10.17:153][  0]LogTextLocalizationManager: No specific translations for ('en-US') exist, so ('en') translations will be used.
[2017.01.29-21.10.17:770][  0]LogD3D11RHI: D3D11 adapters:
[2017.01.29-21.10.18:303][  0]LogD3D11RHI:    0. 'NVIDIA GeForce GTX 760' (Feature Level 11_0)
[2017.01.29-21.10.18:303][  0]LogD3D11RHI:       2017/0/4064 MB DedicatedVideo/DedicatedSystem/SharedSystem, Outputs:2, VendorId:0x10de
[2017.01.29-21.10.18:305][  0]LogD3D11RHI:    1. 'Microsoft Basic Render Driver' (Feature Level 11_0)
[2017.01.29-21.10.18:305][  0]LogD3D11RHI:       0/0/4064 MB DedicatedVideo/DedicatedSystem/SharedSystem, Outputs:0, VendorId:0x1414
[2017.01.29-21.10.18:305][  0]LogD3D11RHI: Chosen D3D11 Adapter: 0
[2017.01.29-21.10.18:308][  0]LogD3D11RHI: Creating new Direct3DDevice
[2017.01.29-21.10.18:308][  0]LogD3D11RHI:     GPU DeviceId: 0x1187 (for the marketing name, search the web for "GPU Device Id")
[2017.01.29-21.10.18:308][  0]LogWindows: EnumDisplayDevices:
[2017.01.29-21.10.18:308][  0]LogWindows:    0. 'NVIDIA GeForce GTX 760' (P:1 D:1)
[2017.01.29-21.10.18:309][  0]LogWindows:    1. 'NVIDIA GeForce GTX 760' (P:0 D:1)
[2017.01.29-21.10.18:309][  0]LogWindows:    2. 'NVIDIA GeForce GTX 760' (P:0 D:0)
[2017.01.29-21.10.18:309][  0]LogWindows:    3. 'NVIDIA GeForce GTX 760' (P:0 D:0)
[2017.01.29-21.10.18:309][  0]LogWindows: DebugString: FoundDriverCount:4 
[2017.01.29-21.10.18:309][  0]LogD3D11RHI:     Adapter Name: NVIDIA GeForce GTX 760
[2017.01.29-21.10.18:309][  0]LogD3D11RHI:   Driver Version: 376.09 (internal:21.21.13.7609, unified:376.09)
[2017.01.29-21.10.18:309][  0]LogD3D11RHI:      Driver Date: 11-24-2016
[2017.01.29-21.10.18:309][  0]LogRHI: Texture pool is 1361 MB (70% of 1945 MB)
[2017.01.29-21.10.18:810][  0]LogD3D11RHI:Warning: Timestamp queries are currently disabled on this hardware due to instability. Realtime GPU stats will not be available. You can override this behaviour by setting r.NVIDIATimestampWorkaround to 0
[2017.01.29-21.10.18:810][  0]LogD3D11RHI: Async texture creation enabled
[2017.01.29-21.10.18:839][  0]LogD3D11RHI: GPU Timing Frequency: 1000.000000 (Debug: 2 1)
[2017.01.29-21.10.18:839][  0]LogShaderCompilers: Guid format shader working directory is -25 characters bigger than the processId version (../../../../../../Users/Tak/Documents/GitHub/UnrealEngine_MM_TechDemo/Intermediate/Shaders/WorkingDirectory/7544/).
[2017.01.29-21.10.18:840][  0]LogShaderCompilers: Cleaned the shader compiler working directory 'C:/Users/Tak/AppData/Local/Temp/UnrealShaderWorkingDir/776C7DD8482EDC5CC248A889C5384FF8/'.
[2017.01.29-21.10.18:840][  0]LogShaderCompilers:Display: Using Local Shader Compiler.
[2017.01.29-21.10.19:807][  0]LogTemp:Display: Loaded TP AllDesktopTargetPlatform
[2017.01.29-21.10.19:864][  0]LogTemp:Display: Loaded TP MacClientTargetPlatform
[2017.01.29-21.10.19:914][  0]LogTemp:Display: Loaded TP MacNoEditorTargetPlatform
[2017.01.29-21.10.19:967][  0]LogTemp:Display: Loaded TP MacServerTargetPlatform
[2017.01.29-21.10.20:017][  0]LogTemp:Display: Loaded TP MacTargetPlatform
[2017.01.29-21.10.20:069][  0]LogTemp:Display: Loaded TP WindowsClientTargetPlatform
[2017.01.29-21.10.20:120][  0]LogTemp:Display: Loaded TP WindowsNoEditorTargetPlatform
[2017.01.29-21.10.20:171][  0]LogTemp:Display: Loaded TP WindowsServerTargetPlatform
[2017.01.29-21.10.20:212][  0]LogTemp:Display: Loaded TP WindowsTargetPlatform
[2017.01.29-21.10.20:262][  0]LogTemp:Display: Loaded TP AndroidTargetPlatform
[2017.01.29-21.10.20:311][  0]LogTemp:Display: Loaded TP Android_ASTCTargetPlatform
[2017.01.29-21.10.20:360][  0]LogTemp:Display: Loaded TP Android_ATCTargetPlatform
[2017.01.29-21.10.20:409][  0]LogTemp:Display: Loaded TP Android_DXTTargetPlatform
[2017.01.29-21.10.20:459][  0]LogTemp:Display: Loaded TP Android_ETC1TargetPlatform
[2017.01.29-21.10.20:508][  0]LogTemp:Display: Loaded TP Android_ETC2TargetPlatform
[2017.01.29-21.10.20:607][  0]LogTemp:Display: Loaded TP Android_MultiTargetPlatform
[2017.01.29-21.10.20:607][  0]LogTemp:Display: Loaded TP Android_PVRTCTargetPlatform
[2017.01.29-21.10.20:640][  0]LogTemp:Display: Loaded TP HTML5TargetPlatform
[2017.01.29-21.10.20:718][  0]LogTemp:Display: Loaded TP IOSTargetPlatform
[2017.01.29-21.10.20:749][  0]LogTemp:Display: Loaded TP TVOSTargetPlatform
[2017.01.29-21.10.20:798][  0]LogTemp:Display: Loaded TP LinuxClientTargetPlatform
[2017.01.29-21.10.20:848][  0]LogTemp:Display: Loaded TP LinuxNoEditorTargetPlatform
[2017.01.29-21.10.20:898][  0]LogTemp:Display: Loaded TP LinuxServerTargetPlatform
[2017.01.29-21.10.20:947][  0]LogTemp:Display: Loaded TP LinuxTargetPlatform
[2017.01.29-21.10.20:947][  0]LogTargetPlatformManager:Display: Building Assets For Windows
[2017.01.29-21.10.21:328][  0]LogDerivedDataCache:Display: Max Cache Size: 512 MB
[2017.01.29-21.10.21:377][  0]LogDerivedDataCache: Loaded boot cache 0.05s 50MB C:/Users/Tak/AppData/Local/UnrealEngine/4.14/DerivedDataCache/Boot.ddc.
[2017.01.29-21.10.21:377][  0]LogDerivedDataCache:Display: Loaded Boot cache: C:/Users/Tak/AppData/Local/UnrealEngine/4.14/DerivedDataCache/Boot.ddc
[2017.01.29-21.10.21:377][  0]LogDerivedDataCache: FDerivedDataBackendGraph:  Pak pak cache file ../../../../../../Users/Tak/Documents/GitHub/UnrealEngine_MM_TechDemo/DerivedDataCache/DDC.ddp not found, will not use a pak cache.
[2017.01.29-21.10.21:377][  0]LogDerivedDataCache: Unable to find inner node Pak for hierarchical cache Hierarchy.
[2017.01.29-21.10.21:377][  0]LogDerivedDataCache: FDerivedDataBackendGraph:  CompressedPak pak cache file ../../../../../../Users/Tak/Documents/GitHub/UnrealEngine_MM_TechDemo/DerivedDataCache/Compressed.ddp not found, will not use a pak cache.
[2017.01.29-21.10.21:377][  0]LogDerivedDataCache: Unable to find inner node CompressedPak for hierarchical cache Hierarchy.
[2017.01.29-21.10.21:394][  0]LogDerivedDataCache:Display: Pak cache opened for reading ../../../Engine/DerivedDataCache/Compressed.ddp.
[2017.01.29-21.10.21:405][  0]LogDerivedDataCache: Using Local data cache path C:/Users/Tak/AppData/Local/UnrealEngine/Common/DerivedDataCache: Writable
[2017.01.29-21.10.21:646][  0]LogInit: Selected Device Profile: [Windows]
[2017.01.29-21.10.21:648][  0]LogContentStreaming: Texture pool size is 0.00 MB
[2017.01.29-21.10.21:859][  0]LogMeshUtilities: Using QuadricMeshReduction for automatic static mesh reduction
[2017.01.29-21.10.21:897][  0]LogSimplygon: Simplygon DLL not present - disabling.
[2017.01.29-21.10.21:943][  0]LogMeshUtilities: Using SimplygonSwarm for distributed automatic mesh merging
[2017.01.29-21.10.21:943][  0]LogMeshUtilities: No automatic skeletal mesh reduction module available
[2017.01.29-21.10.21:943][  0]LogMeshUtilities: No automatic mesh merging module available
[2017.01.29-21.10.22:428][  0]LogNetVersion: GetLocalNetworkVersion: CL: 3195953, ProjectName: shantaeripoff, ProjectVersion: , EngineNetworkVersion: 2, GameNetworkVersion: 0, NetworkChecksum: 157577820
[2017.01.29-21.10.22:483][  0]LogAssetRegistry: FAssetRegistry took 0.0212 seconds to start up
[2017.01.29-21.10.22:528][  0]LogPackageLocalizationCache: Processed 3 localized package path(s) for 2 prioritized culture(s) in 0.024521 seconds
[2017.01.29-21.10.22:534][  0]LogUObjectArray: 31946 objects as part of root set at end of initial load.
[2017.01.29-21.10.22:534][  0]LogUObjectAllocator: 6935840 out of 0 bytes used by permanent object pool.
[2017.01.29-21.10.22:534][  0]LogUObjectArray: CloseDisregardForGC: 0/0 objects in disregard for GC pool
[2017.01.29-21.10.22:597][  0]LogInit: WinSock: version 1.1 (2.2), MaxSocks=32767, MaxUdp=65467
[2017.01.29-21.10.23:291][  0]LogSlate: Using Freetype 2.6.0
[2017.01.29-21.10.23:291][  0]LogSlate: SlateFontCache - WITH_FREETYPE: 1, WITH_HARFBUZZ: 1
[2017.01.29-21.10.23:291][  0]LogSlate: SlateFontCache - WITH_FREETYPE: 1, WITH_HARFBUZZ: 1
[2017.01.29-21.10.24:067][  0]LogSubstanceCoreModule: Substance [CPU] Engine Loaded, Max Texture Size = 2048
[2017.01.29-21.10.24:095][  0]LogTcpMessaging: Initializing TcpMessaging bridge
[2017.01.29-21.10.24:134][  0]LogUdpMessaging: Initializing bridge on interface 0.0.0.0:0 to multicast group 230.0.0.1:6666.
[2017.01.29-21.10.24:465][  0]LogMaterial: Uniform references updated for custom material expression Custom.
[2017.01.29-21.10.24:862][  0]SourceControl: Info Source control is disabled
[2017.01.29-21.10.24:862][  0]SourceControl: Info Source control is disabled
[2017.01.29-21.10.24:909][  0]SourceControl: Info Source control is disabled
[2017.01.29-21.10.24:954][  0]SourceControl: Info Source control is disabled
[2017.01.29-21.10.26:221][  0]LogEngine: Initializing Engine...
[2017.01.29-21.10.26:221][  0]LogHMD: Failed to initialize OpenVR with code 110
[2017.01.29-21.10.26:462][  0]LogAIModule: Creating AISystem for world Untitled
[2017.01.29-21.10.26:476][  0]LogInit: XAudio2 using 'Speakers (Realtek High Definition Audio)' : 2 channels at 48 kHz using 32 bits per sample (channel mask 0x3)
[2017.01.29-21.10.26:487][  0]LogInit: FAudioDevice initialized.
[2017.01.29-21.10.26:529][  0]LogDerivedDataCache: Saved boot cache 0.04s 50MB C:/Users/Tak/AppData/Local/UnrealEngine/4.14/DerivedDataCache/Boot.ddc.
[2017.01.29-21.10.26:538][  0]LogInit: Texture streaming: Enabled
[2017.01.29-21.10.26:706][  0]LogInit: Transaction tracking system initialized
[2017.01.29-21.10.27:019][  0]BlueprintLog: New page: Editor Load
[2017.01.29-21.10.27:820][  0]LocalizationService: Info Localization service is disabled
[2017.01.29-21.10.28:412][  0]LogConsoleResponse:Display: 
[2017.01.29-21.10.28:553][  0]LogCook:Display: Max memory allowance for cook 16384mb min free memory 0mb
[2017.01.29-21.10.28:553][  0]LogCook:Display: Mobile HDR setting 1
[2017.01.29-21.10.29:398][  0]LogFileCache: Scanning file cache for directory 'C:/Users/Tak/Documents/GitHub/UnrealEngine_MM_TechDemo/Content/' took 0.02s
[2017.01.29-21.10.29:438][  0]SourceControl: Info Source control is disabled
[2017.01.29-21.10.29:438][  0]Cmd: MAP LOAD FILE="../../../../../../Users/Tak/Documents/GitHub/UnrealEngine_MM_TechDemo/Content/ShantaesRipoff/Maps/level_00.umap" TEMPLATE=0 SHOWPROGRESS=1 FEATURELEVEL=3
[2017.01.29-21.10.29:439][  0]LightingResults: New page: Lighting Build
[2017.01.29-21.10.29:476][  0]MapCheck: New page: Map Check
[2017.01.29-21.10.29:476][  0]LightingResults: New page: Lighting Build
[2017.01.29-21.10.32:023][  0]LogAIModule: Creating AISystem for world level_00
[2017.01.29-21.10.32:091][  0]LogEditorServer: Finished looking for orphan Actors (0.000 secs)
[2017.01.29-21.10.32:171][  0]Cmd: MAP CHECKDEP NOCLEARLOG
[2017.01.29-21.10.32:243][  0]MapCheck: Info Map check complete: 0 Error(s), 0 Warning(s), took 71.35ms to complete.
[2017.01.29-21.10.32:243][  0]LogFileHelpers: Loading map 'level_00' took 2.804
[2017.01.29-21.10.32:470][  0]LogCollectionManager: Loaded 0 collections in 0.002357 seconds
[2017.01.29-21.10.32:543][  0]LogFileCache: Scanning file cache for directory 'C:/Users/Tak/Documents/GitHub/UnrealEngine_MM_TechDemo/Saved/Collections/' took 0.01s
[2017.01.29-21.10.32:543][  0]LogFileCache: Scanning file cache for directory 'C:/Users/Tak/Documents/GitHub/UnrealEngine_MM_TechDemo/Content/Developers/Tak/Collections/' took 0.01s
[2017.01.29-21.10.32:543][  0]LogFileCache: Scanning file cache for directory 'C:/Users/Tak/Documents/GitHub/UnrealEngine_MM_TechDemo/Content/Collections/' took 0.01s
[2017.01.29-21.10.32:543][  0]LogCollectionManager: Rebuilt the GUID cache for 0 collections in 0.000002 seconds
[2017.01.29-21.10.32:552][  0]LogContentBrowser: Native class hierarchy populated in 0.0092 seconds. Added 2204 classes and 434 folders.
[2017.01.29-21.10.32:590][  0]LogStats: UGameplayTagsManager::ConstructGameplayTagTree: Construct from data asset -  0.000 s
[2017.01.29-21.10.32:590][  0]LogStats: UGameplayTagsManager::ConstructGameplayTagTree: GameplayTagTreeChangedEvent.Broadcast -  0.000 s
[2017.01.29-21.10.32:591][  0]LogContentBrowser: Native class hierarchy updated for 'GameplayTags' in 0.0013 seconds. Added 13 classes and 0 folders.
[2017.01.29-21.10.32:648][  0]LogContentBrowser: Native class hierarchy updated for 'WidgetCarousel' in 0.0012 seconds. Added 0 classes and 0 folders.
[2017.01.29-21.10.34:030][  0]LogContentBrowser: Native class hierarchy updated for 'AddContentDialog' in 0.0030 seconds. Added 0 classes and 0 folders.
[2017.01.29-21.10.34:093][  0]LogContentBrowser: Native class hierarchy updated for 'SceneOutliner' in 0.0015 seconds. Added 1 classes and 2 folders.
[2017.01.29-21.10.34:173][  0]LogCrashTracker: Crashtracker disabled due to settings.
[2017.01.29-21.10.34:179][  0]LogUObjectGlobals:Warning: Failed to find object 'Class None.'
[2017.01.29-21.10.34:242][  0]LogContentBrowser: Native class hierarchy updated for 'HierarchicalLODOutliner' in 0.0014 seconds. Added 1 classes and 2 folders.
[2017.01.29-21.10.34:243][  0]LogLoad: (Engine Initialization) Total time: 19.30 seconds
[2017.01.29-21.10.34:243][  0]LogLoad: (Engine Initialization) Total Blueprint compile time: 0.10 seconds
[2017.01.29-21.10.34:243][  0]LogExternalProfiler: Found external profiler: VSPerf
[2017.01.29-21.10.34:243][  0]LogExternalProfiler: Using external profiler: VSPerf
[2017.01.29-21.10.34:586][  0]LogOcInput: OculusInput pre-init called
[2017.01.29-21.10.34:642][  0]LogContentStreaming: Texture pool size now 1000 MB
[2017.01.29-21.10.35:106][  0]LogRenderer: Reallocating scene render targets to support 984x572 NumSamples 1 (Frame:2).
[2017.01.29-21.10.36:014][  3]LogAssetRegistry: Asset discovery search completed in 13.5526 seconds
[2017.01.29-21.10.36:015][  3]LogCollectionManager: Rebuilt the object cache for 0 collections in 0.000001 seconds (found 0 objects)
[2017.01.29-21.10.36:015][  3]LogCollectionManager: Fixed up redirectors for 0 collections in 0.000052 seconds (updated 0 objects)
[2017.01.29-21.10.45:926][838]LogTemp: Repeting last play command: New Editor Window (PIE)
[2017.01.29-21.10.45:941][838]LogPlayLevel: PlayLevel: No blueprints needed recompiling
[2017.01.29-21.10.45:941][838]PIE: New page: PIE session: level_00 (Jan 29, 2017, 11:10:45 AM)
[2017.01.29-21.10.45:942][838]LogPlayLevel: Creating play world package: /Game/ShantaesRipoff/Maps/UEDPIE_0_level_00
[2017.01.29-21.10.45:958][838]LogPlayLevel: PIE: StaticDuplicateObject took: (0.016308s)
[2017.01.29-21.10.45:958][838]LogAIModule: Creating AISystem for world level_00
[2017.01.29-21.10.45:959][838]LogPlayLevel: PIE: World Init took: (0.000642s)
[2017.01.29-21.10.45:959][838]LogPlayLevel: PIE: Created PIE world by copying editor world from /Game/ShantaesRipoff/Maps/level_00.level_00 to /Game/ShantaesRipoff/Maps/UEDPIE_0_level_00.level_00 (0.017153s)
[2017.01.29-21.10.45:980][838]LogInit: XAudio2 using 'Speakers (Realtek High Definition Audio)' : 2 channels at 48 kHz using 32 bits per sample (channel mask 0x3)
[2017.01.29-21.10.45:988][838]LogInit: FAudioDevice initialized.
[2017.01.29-21.10.46:048][838]LogLoad: Game class is '2DSideScrollerGameMode_C'
[2017.01.29-21.10.46:051][838]LogWorld: Bringing World /Game/ShantaesRipoff/Maps/UEDPIE_0_level_00.level_00 up for play (max tick rate 0) at 2017.01.29-16.10.46
[2017.01.29-21.10.46:051][838]LogWorld: Bringing up level for play took: 0.001968
[2017.01.29-21.10.46:092][838]LogContentBrowser: Native class hierarchy updated for 'MovieSceneCapture' in 0.0014 seconds. Added 11 classes and 0 folders.
[2017.01.29-21.10.46:093][838]PIE:Warning: Warning The widget 'Widget_HUD_C' was already added to the screen.
[2017.01.29-21.10.46:098][838]PIE: Info Play in editor start time for /Game/ShantaesRipoff/Maps/UEDPIE_0_level_00 0.169
[2017.01.29-21.10.46:142][838]LogRenderer: Reallocating scene render targets to support 1292x756 NumSamples 1 (Frame:418).
[2017.01.29-21.17.03:709][134]LogMetaData: Removing '/Game/ShantaesRipoff/Blueprint/BP_Ugmo.SKEL_BP_Ugmo_C' ref from Metadata '/Game/ShantaesRipoff/Blueprint/BP_Dude_2.PackageMetaData'
[2017.01.29-21.17.03:709][134]LogMetaData: Removing '/Game/ShantaesRipoff/Blueprint/BP_Ugmo.BP_Ugmo_C' ref from Metadata '/Game/ShantaesRipoff/Blueprint/BP_Dude_2.PackageMetaData'
[2017.01.29-21.17.03:784][134]LogSavePackage: Save=58.87ms
[2017.01.29-21.17.03:784][134]LogSavePackage: Moving '../../../../../../Users/Tak/Documents/GitHub/UnrealEngine_MM_TechDemo/Saved/BP_Ugmo408E455C4EBE2E868A2184BCA639DCDD.tmp' to '../../../../../../Users/Tak/Documents/GitHub/UnrealEngine_MM_TechDemo/Content/ShantaesRipoff/Blueprint/BP_Ugmo.uasset'
[2017.01.29-21.17.03:798][134]LogSavePackage:Display: Finished SavePackage ../../../../../../Users/Tak/Documents/GitHub/UnrealEngine_MM_TechDemo/Content/ShantaesRipoff/Blueprint/BP_Ugmo.uasset
[2017.01.29-21.17.05:426][293]LogSavePackage: Save=56.64ms
[2017.01.29-21.17.05:426][293]LogSavePackage: Moving '../../../../../../Users/Tak/Documents/GitHub/UnrealEngine_MM_TechDemo/Saved/BP_Ugmo8E07185D47B35066C4F1EDA9DA9AD15A.tmp' to '../../../../../../Users/Tak/Documents/GitHub/UnrealEngine_MM_TechDemo/Content/ShantaesRipoff/Blueprint/BP_Ugmo.uasset'
[2017.01.29-21.17.05:427][293]LogSavePackage:Display: Finished SavePackage ../../../../../../Users/Tak/Documents/GitHub/UnrealEngine_MM_TechDemo/Content/ShantaesRipoff/Blueprint/BP_Ugmo.uasset
[2017.01.29-21.17.06:363][345]LogContentBrowser: Native class hierarchy updated for 'BlueprintGraph' in 0.0017 seconds. Added 111 classes and 0 folders.
[2017.01.29-21.17.28:335][ 44]LogEditorTransaction: Undo Delete current selection
[2017.01.29-21.18.02:959][240]BlueprintLog: New page: Compile BP_Ugmo
[2017.01.29-21.18.02:984][240]LogBlueprint:Error: [Compiler BP_Ugmo] Error Could not find a function named "UpdateAnimation" in 'BP_Ugmo_C'.
Make sure 'BP_Ugmo_C' has been compiled for  K2Node_CallFunction_37893
[2017.01.29-21.18.03:140][240]BlueprintEditorCompileResults:Error: Error Could not find a function named "UpdateAnimation" in 'BP_Ugmo_C'.
Make sure 'BP_Ugmo_C' has been compiled for  K2Node_CallFunction_37893
[2017.01.29-21.18.03:140][240]LogBlueprint:Warning: [Compiler BP_Ugmo] Warning [0468.20] Compile of BP_Ugmo failed. 1 Fatal Issue(s) 0 Warning(s) [in 180 ms] (/Game/ShantaesRipoff/Blueprint/BP_Ugmo.BP_Ugmo)
[2017.01.29-21.18.15:078][342]LogEditorTransaction: Undo Rename Node
[2017.01.29-21.18.15:304][350]LogEditorTransaction: Undo Rename Node
[2017.01.29-21.18.15:506][356]LogEditorTransaction: Undo Move Nodes
[2017.01.29-21.18.15:699][362]LogEditorTransaction: Undo Delete current selection
[2017.01.29-21.18.15:921][369]LogEditorTransaction: Undo Move Node
[2017.01.29-21.18.17:184][466]LogEditorTransaction: Undo Delete current selection
[2017.01.29-21.18.17:376][470]LogEditorTransaction: Undo Move Node
[2017.01.29-21.18.17:568][474]LogEditorTransaction: Undo Create Reroute Node
[2017.01.29-21.18.17:759][478]LogEditorTransaction: Undo Break Pin Links
[2017.01.29-21.18.17:973][484]LogEditorTransaction: Undo Move Node
[2017.01.29-21.18.18:151][487]LogEditorTransaction: Undo Move Node
[2017.01.29-21.18.19:528][590]LogEditorTransaction: Undo Move Node
[2017.01.29-21.18.19:774][598]LogEditorTransaction: Undo Move Node
[2017.01.29-21.18.20:737][663]LogEditorTransaction: Undo Delete current selection
[2017.01.29-21.18.21:344][694]LogEditorTransaction: Undo Delete current selection
[2017.01.29-21.18.27:113][ 66]BlueprintLog: New page: Compile BP_Ugmo
[2017.01.29-21.19.06:643][768]BlueprintLog: New page: Compile BP_Ugmo
[2017.01.29-21.19.20:444][863]BlueprintLog: New page: Compile BP_Ugmo
[2017.01.29-21.19.21:187][914]LogSavePackage: Save=42.33ms
[2017.01.29-21.19.21:187][914]LogSavePackage: Moving '../../../../../../Users/Tak/Documents/GitHub/UnrealEngine_MM_TechDemo/Saved/BP_UgmoD8E5547C40F99DCFED33468400D02B6A.tmp' to '../../../../../../Users/Tak/Documents/GitHub/UnrealEngine_MM_TechDemo/Content/ShantaesRipoff/Blueprint/BP_Ugmo.uasset'
[2017.01.29-21.19.21:189][914]LogSavePackage:Display: Finished SavePackage ../../../../../../Users/Tak/Documents/GitHub/UnrealEngine_MM_TechDemo/Content/ShantaesRipoff/Blueprint/BP_Ugmo.uasset
[2017.01.29-21.19.38:736][860]LogEditorViewport: Clicking on Actor (LMB): BP_Ugmo_C (BP_Ugmo)
[2017.01.29-21.19.52:737][775]BlueprintLog: New page: Compile BP_Ugmo
[2017.01.29-21.19.52:766][775]LogUObjectGlobals:Warning: Guid referenced by CapsuleComponent /Game/ShantaesRipoff/Maps/level_00.level_00:PersistentLevel.BP_Ugmo_366.CollisionCylinder is already used by CapsuleComponent /Game/ShantaesRipoff/Maps/level_00.level_00:PersistentLevel.REINST_BP_Ugmo_C_0.CollisionCylinder, which should never happen in the editor but could happen at runtime with duplicate level loading or PIE
[2017.01.29-21.19.52:766][775]LogUObjectGlobals:Warning: Guid referenced by ArrowComponent /Game/ShantaesRipoff/Maps/level_00.level_00:PersistentLevel.BP_Ugmo_366.Arrow is already used by ArrowComponent /Game/ShantaesRipoff/Maps/level_00.level_00:PersistentLevel.REINST_BP_Ugmo_C_0.Arrow, which should never happen in the editor but could happen at runtime with duplicate level loading or PIE
[2017.01.29-21.19.52:766][775]LogUObjectGlobals:Warning: Guid referenced by CharacterMovementComponent /Game/ShantaesRipoff/Maps/level_00.level_00:PersistentLevel.BP_Ugmo_366.CharMoveComp is already used by CharacterMovementComponent /Game/ShantaesRipoff/Maps/level_00.level_00:PersistentLevel.REINST_BP_Ugmo_C_0.CharMoveComp, which should never happen in the editor but could happen at runtime with duplicate level loading or PIE
[2017.01.29-21.19.52:766][775]LogUObjectGlobals:Warning: Guid referenced by PaperFlipbookComponent /Game/ShantaesRipoff/Maps/level_00.level_00:PersistentLevel.BP_Ugmo_366.Sprite0 is already used by PaperFlipbookComponent /Game/ShantaesRipoff/Maps/level_00.level_00:PersistentLevel.REINST_BP_Ugmo_C_0.Sprite0, which should never happen in the editor but could happen at runtime with duplicate level loading or PIE
[2017.01.29-21.19.56:116][979]LogSavePackage: Save=54.05ms
[2017.01.29-21.19.56:116][979]LogSavePackage: Moving '../../../../../../Users/Tak/Documents/GitHub/UnrealEngine_MM_TechDemo/Saved/BP_Ugmo9108706B4A6258ADEDDAEA9D03DEFB52.tmp' to '../../../../../../Users/Tak/Documents/GitHub/UnrealEngine_MM_TechDemo/Content/ShantaesRipoff/Blueprint/BP_Ugmo.uasset'
[2017.01.29-21.19.56:136][979]LogSavePackage:Display: Finished SavePackage ../../../../../../Users/Tak/Documents/GitHub/UnrealEngine_MM_TechDemo/Content/ShantaesRipoff/Blueprint/BP_Ugmo.uasset
[2017.01.29-21.20.04:479][804]LogTemp: Repeting last play command: New Editor Window (PIE)
[2017.01.29-21.20.04:502][804]LogPlayLevel: PlayLevel: No blueprints needed recompiling
[2017.01.29-21.20.04:502][804]PIE: New page: PIE session: level_00 (Jan 29, 2017, 11:20:04 AM)
[2017.01.29-21.20.04:502][804]LogPlayLevel: Creating play world package: /Game/ShantaesRipoff/Maps/UEDPIE_0_level_00
[2017.01.29-21.20.04:506][804]LogPlayLevel: PIE: StaticDuplicateObject took: (0.003865s)
[2017.01.29-21.20.04:507][804]LogAIModule: Creating AISystem for world level_00
[2017.01.29-21.20.04:507][804]LogPlayLevel: PIE: World Init took: (0.000595s)
[2017.01.29-21.20.04:507][804]LogPlayLevel: PIE: Created PIE world by copying editor world from /Game/ShantaesRipoff/Maps/level_00.level_00 to /Game/ShantaesRipoff/Maps/UEDPIE_0_level_00.level_00 (0.004666s)
[2017.01.29-21.20.04:529][804]LogInit: XAudio2 using 'Speakers (Realtek High Definition Audio)' : 2 channels at 48 kHz using 32 bits per sample (channel mask 0x3)
[2017.01.29-21.20.04:538][804]LogInit: FAudioDevice initialized.
[2017.01.29-21.20.04:594][804]LogLoad: Game class is '2DSideScrollerGameMode_C'
[2017.01.29-21.20.04:602][804]LogWorld: Bringing World /Game/ShantaesRipoff/Maps/UEDPIE_0_level_00.level_00 up for play (max tick rate 0) at 2017.01.29-16.20.04
[2017.01.29-21.20.04:733][804]LogWorld: Bringing up level for play took: 0.136178
[2017.01.29-21.20.04:739][804]PIE:Warning: Warning The widget 'Widget_HUD_C' was already added to the screen.
[2017.01.29-21.20.04:751][804]PIE: Info Play in editor start time for /Game/ShantaesRipoff/Maps/UEDPIE_0_level_00 0.822
[2017.01.29-21.20.23:341][875]LogEditorViewport: Clicking on Actor (LMB): StaticMeshActor (M_Sidewalk_L7)
[2017.01.29-21.20.23:878][931]LogEditorViewport: Clicking on Actor (LMB): BP_Ugmo_C (BP_Ugmo)
[2017.01.29-21.20.32:135][839]LogSavePackage: Save=63.64ms
[2017.01.29-21.20.32:135][839]LogSavePackage: Moving '../../../../../../Users/Tak/Documents/GitHub/UnrealEngine_MM_TechDemo/Saved/level_0039DD750D4AE3F9A1307709AFFF25A457.tmp' to '../../../../../../Users/Tak/Documents/GitHub/UnrealEngine_MM_TechDemo/Content/ShantaesRipoff/Maps/level_00.umap'
[2017.01.29-21.20.32:138][839]LogSavePackage:Display: Finished SavePackage ../../../../../../Users/Tak/Documents/GitHub/UnrealEngine_MM_TechDemo/Content/ShantaesRipoff/Maps/level_00.umap
[2017.01.29-21.20.32:550][874]LogSavePackage: Save=55.59ms
[2017.01.29-21.20.32:550][874]LogSavePackage: Moving '../../../../../../Users/Tak/Documents/GitHub/UnrealEngine_MM_TechDemo/Saved/level_00A2856A8F4F4145D009B8D6B18BA0F0F4.tmp' to '../../../../../../Users/Tak/Documents/GitHub/UnrealEngine_MM_TechDemo/Content/ShantaesRipoff/Maps/level_00.umap'
[2017.01.29-21.20.32:551][874]LogSavePackage:Display: Finished SavePackage ../../../../../../Users/Tak/Documents/GitHub/UnrealEngine_MM_TechDemo/Content/ShantaesRipoff/Maps/level_00.umap
[2017.01.29-21.20.33:050][928]LogTemp: Repeting last play command: New Editor Window (PIE)
[2017.01.29-21.20.33:063][928]LogPlayLevel: PlayLevel: No blueprints needed recompiling
[2017.01.29-21.20.33:063][928]PIE: New page: PIE session: level_00 (Jan 29, 2017, 11:20:33 AM)
[2017.01.29-21.20.33:063][928]LogPlayLevel: Creating play world package: /Game/ShantaesRipoff/Maps/UEDPIE_0_level_00
[2017.01.29-21.20.33:067][928]LogPlayLevel: PIE: StaticDuplicateObject took: (0.004200s)
[2017.01.29-21.20.33:068][928]LogAIModule: Creating AISystem for world level_00
[2017.01.29-21.20.33:068][928]LogPlayLevel: PIE: World Init took: (0.000592s)
[2017.01.29-21.20.33:068][928]LogPlayLevel: PIE: Created PIE world by copying editor world from /Game/ShantaesRipoff/Maps/level_00.level_00 to /Game/ShantaesRipoff/Maps/UEDPIE_0_level_00.level_00 (0.005034s)
[2017.01.29-21.20.33:092][928]LogInit: XAudio2 using 'Speakers (Realtek High Definition Audio)' : 2 channels at 48 kHz using 32 bits per sample (channel mask 0x3)
[2017.01.29-21.20.33:100][928]LogInit: FAudioDevice initialized.
[2017.01.29-21.20.33:143][928]LogLoad: Game class is '2DSideScrollerGameMode_C'
[2017.01.29-21.20.33:146][928]LogWorld: Bringing World /Game/ShantaesRipoff/Maps/UEDPIE_0_level_00.level_00 up for play (max tick rate 0) at 2017.01.29-16.20.33
[2017.01.29-21.20.33:158][928]LogWorld: Bringing up level for play took: 0.013926
[2017.01.29-21.20.33:160][928]PIE:Warning: Warning The widget 'Widget_HUD_C' was already added to the screen.
[2017.01.29-21.20.33:164][928]PIE: Info Play in editor start time for /Game/ShantaesRipoff/Maps/UEDPIE_0_level_00 -0.765
[2017.01.29-21.20.47:588][133]LogSavePackage: Save=44.00ms
[2017.01.29-21.20.47:588][133]LogSavePackage: Moving '../../../../../../Users/Tak/Documents/GitHub/UnrealEngine_MM_TechDemo/Saved/level_00847646F94800DF1D6F15DAABD8D21230.tmp' to '../../../../../../Users/Tak/Documents/GitHub/UnrealEngine_MM_TechDemo/Content/ShantaesRipoff/Maps/level_00.umap'
[2017.01.29-21.20.47:590][133]LogSavePackage:Display: Finished SavePackage ../../../../../../Users/Tak/Documents/GitHub/UnrealEngine_MM_TechDemo/Content/ShantaesRipoff/Maps/level_00.umap
[2017.01.29-21.20.50:522][275]Cmd: QUIT_EDITOR
[2017.01.29-21.20.51:368][275]LogWindowsTextInputMethodSystem:Display: IME system now deactivated.
[2017.01.29-21.20.51:442][275]LogExit: Preparing to exit.
[2017.01.29-21.20.52:468][275]LogDirectoryWatcher: A directory notification for 'C:/Users/Tak/Documents/GitHub/UnrealEngine_MM_TechDemo/Content/' was aborted.
[2017.01.29-21.20.52:504][275]LogExit: Editor shut down
[2017.01.29-21.20.52:505][275]LogExit: Transaction tracking system shut down
[2017.01.29-21.20.52:605][275]LogObj: Freed 0b from 0 cluster array pools.
[2017.01.29-21.20.52:605][275]LogExit: Object subsystem successfully closed.
[2017.01.29-21.20.52:620][275]LogD3D11RHI: Shutdown
[2017.01.29-21.20.52:620][275]LogD3D11RHI: CleanupD3DDevice
[2017.01.29-21.20.52:669][275]LogD3D11RHI: ~FD3D11DynamicRHI
[2017.01.29-21.20.52:681][275]LogHttp:Display: Http module shutting down, but needs to wait on 1 outstanding Http requests:
[2017.01.29-21.20.52:681][275]LogHttp:Display: 	verb=[POST] url=[https://datarouter.ol.epicgames.com/datarouter/api/v1/public/data?SessionID=%7B82B7C94A-4165-9777-A51D-EE9196E1C76D%7D&AppID=UEEditor.Rocket.Release&AppVersion=4.14.3-3249277%2B%2B%2BUE4%2BRelease-4.14&UserID=432ba7df4ad6bae0ec2354b7fc35a1e0%7C4a54d2d7bb754e88b4669d72009f5046%7C097e5d8a-9fc2-49b4-984a-3ac3ca64eac4&AppEnvironment=datacollector-binary&UploadType=eteventstream] status=Processing
[2017.01.29-21.20.52:683][275]LogModuleManager: Shutting down and abandoning module BlueprintGraph (246)
[2017.01.29-21.20.52:683][275]LogModuleManager: Shutting down and abandoning module BlueprintProfiler (245)
[2017.01.29-21.20.52:683][275]LogModuleManager: Shutting down and abandoning module MovieSceneCapture (244)
[2017.01.29-21.20.52:683][275]LogModuleManager: Shutting down and abandoning module HierarchicalLODOutliner (243)
[2017.01.29-21.20.52:683][275]LogModuleManager: Shutting down and abandoning module CrashTracker (242)
[2017.01.29-21.20.52:683][275]LogModuleManager: Shutting down and abandoning module SceneOutliner (241)
[2017.01.29-21.20.52:683][275]LogModuleManager: Shutting down and abandoning module WidgetCarousel (240)
[2017.01.29-21.20.52:683][275]LogModuleManager: Shutting down and abandoning module AddContentDialog (239)
[2017.01.29-21.20.52:683][275]LogDirectoryWatcher: A directory notification for 'C:/Program Files (x86)/Epic Games/4.14/FeaturePacks/' was aborted.
[2017.01.29-21.20.52:684][275]LogModuleManager: Shutting down and abandoning module GameplayTags (238)
[2017.01.29-21.20.52:684][275]LogModuleManager: Shutting down and abandoning module EditorWidgets (237)
[2017.01.29-21.20.52:684][275]LogModuleManager: Shutting down and abandoning module CollectionManager (236)
[2017.01.29-21.20.52:684][275]LogDirectoryWatcher: A directory notification for 'C:/Users/Tak/Documents/GitHub/UnrealEngine_MM_TechDemo/Content/Collections/' was aborted.
[2017.01.29-21.20.52:684][275]LogDirectoryWatcher: A directory notification for 'C:/Users/Tak/Documents/GitHub/UnrealEngine_MM_TechDemo/Content/Developers/Tak/Collections/' was aborted.
[2017.01.29-21.20.52:684][275]LogDirectoryWatcher: A directory notification for 'C:/Users/Tak/Documents/GitHub/UnrealEngine_MM_TechDemo/Saved/Collections/' was aborted.
[2017.01.29-21.20.52:684][275]LogModuleManager: Shutting down and abandoning module StatsViewer (235)
[2017.01.29-21.20.52:684][275]LogModuleManager: Shutting down and abandoning module FoliageEdit (234)
[2017.01.29-21.20.52:684][275]LogModuleManager: Shutting down and abandoning module LandscapeEditor (233)
[2017.01.29-21.20.52:684][275]LogModuleManager: Shutting down and abandoning module SceneDepthPickerMode (232)
[2017.01.29-21.20.52:684][275]LogModuleManager: Shutting down and abandoning module ActorPickerMode (231)
[2017.01.29-21.20.52:684][275]LogModuleManager: Shutting down and abandoning module GeometryMode (230)
[2017.01.29-21.20.52:684][275]LogModuleManager: Shutting down and abandoning module TextureAlignMode (229)
[2017.01.29-21.20.52:684][275]LogModuleManager: Shutting down and abandoning module BspMode (228)
[2017.01.29-21.20.52:684][275]LogModuleManager: Shutting down and abandoning module HardwareSurvey (227)
[2017.01.29-21.20.52:684][275]LogModuleManager: Shutting down and abandoning module SequenceRecorderSections (226)
[2017.01.29-21.20.52:684][275]LogModuleManager: Shutting down and abandoning module AutomationWorker (225)
[2017.01.29-21.20.52:684][275]LogModuleManager: Shutting down and abandoning module MatineeToLevelSequence (224)
[2017.01.29-21.20.52:684][275]LogModuleManager: Shutting down and abandoning module PlacementMode (223)
[2017.01.29-21.20.52:684][275]LogModuleManager: Shutting down and abandoning module LevelSequenceEditor (222)
[2017.01.29-21.20.52:684][275]LogModuleManager: Shutting down and abandoning module WmfMediaFactory (221)
[2017.01.29-21.20.52:684][275]LogModuleManager: Shutting down and abandoning module WmfMediaEditor (220)
[2017.01.29-21.20.52:684][275]LogModuleManager: Shutting down and abandoning module AvfMediaFactory (219)
[2017.01.29-21.20.52:684][275]LogModuleManager: Shutting down and abandoning module AvfMediaEditor (218)
[2017.01.29-21.20.52:684][275]LogModuleManager: Shutting down and abandoning module Media (217)
[2017.01.29-21.20.52:684][275]LogModuleManager: Shutting down and abandoning module AndroidMediaFactory (216)
[2017.01.29-21.20.52:684][275]LogModuleManager: Shutting down and abandoning module AndroidMediaEditor (215)
[2017.01.29-21.20.52:684][275]LogModuleManager: Shutting down and abandoning module CharacterAI (214)
[2017.01.29-21.20.52:684][275]LogModuleManager: Shutting down and abandoning module SequenceRecorder (213)
[2017.01.29-21.20.52:684][275]LogModuleManager: Shutting down and abandoning module AudioCapture (212)
[2017.01.29-21.20.52:684][275]LogModuleManager: Shutting down and abandoning module SmartSnapping (211)
[2017.01.29-21.20.52:684][275]LogModuleManager: Shutting down and abandoning module SessionServices (210)
[2017.01.29-21.20.52:685][275]LogModuleManager: Shutting down and abandoning module ViewportSnapping (209)
[2017.01.29-21.20.52:685][275]LogModuleManager: Shutting down and abandoning module ViewportInteraction (208)
[2017.01.29-21.20.52:685][275]LogModuleManager: Shutting down and abandoning module LogVisualizer (207)
[2017.01.29-21.20.52:685][275]LogModuleManager: Shutting down and abandoning module GameProjectGeneration (206)
[2017.01.29-21.20.52:685][275]LogModuleManager: Shutting down and abandoning module IntroTutorials (205)
[2017.01.29-21.20.52:685][275]LogModuleManager: Shutting down and abandoning module EditorLiveStreaming (204)
[2017.01.29-21.20.52:685][275]LogModuleManager: Shutting down and abandoning module IOSPlatformEditor (203)
[2017.01.29-21.20.52:685][275]LogModuleManager: Shutting down and abandoning module HTML5PlatformEditor (202)
[2017.01.29-21.20.52:685][275]LogModuleManager: Shutting down and abandoning module AndroidDeviceDetection (201)
[2017.01.29-21.20.53:394][275]LogModuleManager: Shutting down and abandoning module AndroidPlatformEditor (200)
[2017.01.29-21.20.53:394][275]LogModuleManager: Shutting down and abandoning module IOSRuntimeSettings (199)
[2017.01.29-21.20.53:394][275]LogModuleManager: Shutting down and abandoning module AndroidRuntimeSettings (198)
[2017.01.29-21.20.53:394][275]LogModuleManager: Shutting down and abandoning module InputBindingEditor (197)
[2017.01.29-21.20.53:394][275]LogModuleManager: Shutting down and abandoning module NiagaraEditor (196)
[2017.01.29-21.20.53:394][275]LogModuleManager: Shutting down and abandoning module MergeActors (195)
[2017.01.29-21.20.53:394][275]LogModuleManager: Shutting down and abandoning module SizeMap (194)
[2017.01.29-21.20.53:394][275]LogModuleManager: Shutting down and abandoning module TreeMap (193)
[2017.01.29-21.20.53:394][275]LogModuleManager: Shutting down and abandoning module ReferenceViewer (192)
[2017.01.29-21.20.53:394][275]LogModuleManager: Shutting down and abandoning module LocalizationService (191)
[2017.01.29-21.20.53:394][275]LogModuleManager: Shutting down and abandoning module LocalizationDashboard (190)
[2017.01.29-21.20.53:394][275]LogModuleManager: Shutting down and abandoning module HardwareTargeting (189)
[2017.01.29-21.20.53:394][275]LogModuleManager: Shutting down and abandoning module DeviceProfileEditor (188)
[2017.01.29-21.20.53:394][275]LogModuleManager: Shutting down and abandoning module UndoHistory (187)
[2017.01.29-21.20.53:394][275]LogModuleManager: Shutting down and abandoning module UserFeedback (186)
[2017.01.29-21.20.53:394][275]LogModuleManager: Shutting down and abandoning module XmlParser (185)
[2017.01.29-21.20.53:394][275]LogModuleManager: Shutting down and abandoning module Blutility (184)
[2017.01.29-21.20.53:394][275]LogModuleManager: Shutting down and abandoning module ProjectTargetPlatformEditor (183)
[2017.01.29-21.20.53:394][275]LogModuleManager: Shutting down and abandoning module ProjectSettingsViewer (182)
[2017.01.29-21.20.53:394][275]LogModuleManager: Shutting down and abandoning module EditorSettingsViewer (181)
[2017.01.29-21.20.53:394][275]LogModuleManager: Shutting down and abandoning module SettingsEditor (180)
[2017.01.29-21.20.53:394][275]LogModuleManager: Shutting down and abandoning module ProjectLauncher (179)
[2017.01.29-21.20.53:394][275]LogModuleManager: Shutting down and abandoning module SessionFrontend (178)
[2017.01.29-21.20.53:394][275]LogModuleManager: Shutting down and abandoning module ProfilerClient (177)
[2017.01.29-21.20.53:394][275]LogModuleManager: Shutting down and abandoning module TargetDeviceServices (176)
[2017.01.29-21.20.53:394][275]LogModuleManager: Shutting down and abandoning module DeviceManager (175)
[2017.01.29-21.20.53:435][275]LogModuleManager: Shutting down and abandoning module AutomationController (174)
[2017.01.29-21.20.53:435][275]LogModuleManager: Shutting down and abandoning module AutomationWindow (173)
[2017.01.29-21.20.53:435][275]LogModuleManager: Shutting down and abandoning module Layers (172)
[2017.01.29-21.20.53:435][275]LogModuleManager: Shutting down and abandoning module ComponentVisualizers (171)
[2017.01.29-21.20.53:435][275]LogModuleManager: Shutting down and abandoning module DetailCustomizations (170)
[2017.01.29-21.20.53:435][275]LogModuleManager: Shutting down and abandoning module PackagesDialog (169)
[2017.01.29-21.20.53:436][275]LogModuleManager: Shutting down and abandoning module AnimGraph (168)
[2017.01.29-21.20.53:436][275]LogModuleManager: Shutting down and abandoning module Persona (167)
[2017.01.29-21.20.53:436][275]LogModuleManager: Shutting down and abandoning module Kismet (166)
[2017.01.29-21.20.53:454][275]LogModuleManager: Shutting down and abandoning module GraphEditor (165)
[2017.01.29-21.20.53:454][275]LogModuleManager: Shutting down and abandoning module ClassViewer (164)
[2017.01.29-21.20.53:454][275]LogModuleManager: Shutting down and abandoning module Toolbox (163)
[2017.01.29-21.20.53:454][275]LogModuleManager: Shutting down and abandoning module ModuleUI (162)
[2017.01.29-21.20.53:454][275]LogModuleManager: Shutting down and abandoning module MovieSceneTools (161)
[2017.01.29-21.20.53:454][275]LogModuleManager: Shutting down and abandoning module OutputLog (160)
[2017.01.29-21.20.53:454][275]LogModuleManager: Shutting down and abandoning module GammaUI (159)
[2017.01.29-21.20.53:454][275]LogModuleManager: Shutting down and abandoning module Documentation (158)
[2017.01.29-21.20.53:454][275]LogModuleManager: Shutting down and abandoning module Niagara (157)
[2017.01.29-21.20.53:454][275]LogModuleManager: Shutting down and abandoning module StreamingPauseRendering (156)
[2017.01.29-21.20.53:454][275]LogModuleManager: Shutting down and abandoning module AnalyticsET (155)
[2017.01.29-21.20.53:455][275]LogModuleManager: Shutting down and abandoning module PortalServices (154)
[2017.01.29-21.20.53:455][275]LogModuleManager: Shutting down and abandoning module PortalRpc (153)
[2017.01.29-21.20.53:455][275]LogModuleManager: Shutting down and abandoning module MessagingRpc (152)
[2017.01.29-21.20.53:455][275]LogModuleManager: Shutting down and abandoning module GameplayDebugger (151)
[2017.01.29-21.20.53:455][275]LogModuleManager: Shutting down and abandoning module AITestSuite (150)
[2017.01.29-21.20.53:455][275]LogModuleManager: Shutting down and abandoning module AIModule (149)
[2017.01.29-21.20.53:455][275]LogModuleManager: Shutting down and abandoning module ProfilerService (148)
[2017.01.29-21.20.53:612][275]LogModuleManager: Shutting down and abandoning module TaskGraph (147)
[2017.01.29-21.20.53:612][275]LogModuleManager: Shutting down and abandoning module SubstanceEditor (146)
[2017.01.29-21.20.53:612][275]LogModuleManager: Shutting down and abandoning module SlateRemote (145)
[2017.01.29-21.20.53:613][275]LogModuleManager: Shutting down and abandoning module SteamVRController (144)
[2017.01.29-21.20.53:613][275]LogModuleManager: Shutting down and abandoning module SteamVR (143)
[2017.01.29-21.20.53:613][275]LogModuleManager: Shutting down and abandoning module ProceduralMeshComponentEditor (142)
[2017.01.29-21.20.53:613][275]LogModuleManager: Shutting down and abandoning module ProceduralMeshComponent (141)
[2017.01.29-21.20.53:613][275]LogModuleManager: Shutting down and abandoning module OculusLibrary (140)
[2017.01.29-21.20.53:613][275]LogModuleManager: Shutting down and abandoning module OculusInput (139)
[2017.01.29-21.20.53:613][275]LogModuleManager: Shutting down and abandoning module MobilePatchingUtils (138)
[2017.01.29-21.20.53:613][275]LogModuleManager: Shutting down and abandoning module CustomMeshComponent (137)
[2017.01.29-21.20.53:613][275]LogModuleManager: Shutting down and abandoning module CableComponent (136)
[2017.01.29-21.20.53:613][275]LogModuleManager: Shutting down and abandoning module ArchVisCharacter (135)
[2017.01.29-21.20.53:613][275]LogModuleManager: Shutting down and abandoning module MediaPlayerEditor (133)
[2017.01.29-21.20.53:613][275]LogModuleManager: Shutting down and abandoning module HTML5Networking (132)
[2017.01.29-21.20.53:613][275]LogModuleManager: Shutting down and abandoning module GeometryCacheEd (131)
[2017.01.29-21.20.53:613][275]LogModuleManager: Shutting down and abandoning module GeometryCache (130)
[2017.01.29-21.20.53:613][275]LogModuleManager: Shutting down and abandoning module AlembicLibrary (129)
[2017.01.29-21.20.53:613][275]LogModuleManager: Shutting down and abandoning module AlembicImporter (128)
[2017.01.29-21.20.53:613][275]LogModuleManager: Shutting down and abandoning module SuperSearch (127)
[2017.01.29-21.20.53:613][275]LogModuleManager: Shutting down and abandoning module SuperSearchEditor (126)
[2017.01.29-21.20.53:613][275]LogModuleManager: Shutting down and abandoning module SpeedTreeImporter (125)
[2017.01.29-21.20.53:613][275]LogModuleManager: Shutting down and abandoning module PluginBrowser (124)
[2017.01.29-21.20.53:613][275]LogModuleManager: Shutting down and abandoning module MobileLauncherProfileWizard (123)
[2017.01.29-21.20.53:613][275]LogModuleManager: Shutting down and abandoning module EpicSurvey (122)
[2017.01.29-21.20.53:613][275]LogModuleManager: Shutting down and abandoning module DesktopPlatform (121)
[2017.01.29-21.20.53:614][275]LogModuleManager: Shutting down and abandoning module VisualStudioSourceCodeAccess (120)
[2017.01.29-21.20.53:614][275]LogModuleManager: Shutting down and abandoning module UObjectPlugin (119)
[2017.01.29-21.20.53:614][275]LogModuleManager: Shutting down and abandoning module SubversionSourceControl (118)
[2017.01.29-21.20.53:614][275]LogModuleManager: Shutting down and abandoning module PerforceSourceControl (117)
[2017.01.29-21.20.53:614][275]LogModuleManager: Shutting down and abandoning module SourceControl (116)
[2017.01.29-21.20.53:614][275]LogModuleManager: Shutting down and abandoning module GitSourceControl (115)
[2017.01.29-21.20.53:614][275]LogModuleManager: Shutting down and abandoning module LightPropagationVolumeEditor (114)
[2017.01.29-21.20.53:614][275]LogModuleManager: Shutting down and abandoning module PaperTiledImporter (113)
[2017.01.29-21.20.53:614][275]LogModuleManager: Shutting down and abandoning module PaperSpriteSheetImporter (112)
[2017.01.29-21.20.53:614][275]LogModuleManager: Shutting down and abandoning module MeshPaint (111)
[2017.01.29-21.20.53:614][275]LogModuleManager: Shutting down and abandoning module PixelInspectorModule (110)
[2017.01.29-21.20.53:614][275]LogModuleManager: Shutting down and abandoning module HotReload (109)
[2017.01.29-21.20.53:614][275]LogDirectoryWatcher: A directory notification for 'C:/Users/Tak/Documents/GitHub/UnrealEngine_MM_TechDemo/Binaries/Win64' was aborted.
[2017.01.29-21.20.53:616][275]LogModuleManager: Shutting down and abandoning module MainFrame (108)
[2017.01.29-21.20.53:617][275]LogModuleManager: Shutting down and abandoning module LevelEditor (107)
[2017.01.29-21.20.53:619][275]LogModuleManager: Shutting down and abandoning module ContentBrowser (106)
[2017.01.29-21.20.53:622][275]LogModuleManager: Shutting down and abandoning module Paper2DEditor (105)
[2017.01.29-21.20.53:622][275]LogModuleManager: Shutting down and abandoning module UdpMessaging (104)
[2017.01.29-21.20.53:722][275]LogModuleManager: Shutting down and abandoning module TcpMessaging (103)
[2017.01.29-21.20.53:823][275]LogModuleManager: Shutting down and abandoning module SubstanceCore (102)
[2017.01.29-21.20.53:823][275]LogModuleManager: Shutting down and abandoning module LightPropagationVolumeRuntime (101)
[2017.01.29-21.20.53:823][275]LogModuleManager: Shutting down and abandoning module Paper2D (100)
[2017.01.29-21.20.53:823][275]LogModuleManager: Shutting down and abandoning module WindowsMoviePlayer (99)
[2017.01.29-21.20.53:823][275]LogModuleManager: Shutting down and abandoning module WmfMedia (98)
[2017.01.29-21.20.53:823][275]LogModuleManager: Shutting down and abandoning module MediaAssets (97)
[2017.01.29-21.20.53:823][275]LogModuleManager: Shutting down and abandoning module GameLiveStreaming (96)
[2017.01.29-21.20.53:823][275]LogModuleManager: Shutting down and abandoning module GameplayTagsEditor (95)
[2017.01.29-21.20.53:823][275]LogModuleManager: Shutting down and abandoning module VREditor (94)
[2017.01.29-21.20.53:823][275]LogModuleManager: Shutting down and abandoning module GameplayTasksEditor (93)
[2017.01.29-21.20.53:823][275]LogModuleManager: Shutting down and abandoning module BehaviorTreeEditor (92)
[2017.01.29-21.20.53:823][275]LogModuleManager: Shutting down and abandoning module FunctionalTesting (91)
[2017.01.29-21.20.53:823][275]LogModuleManager: Shutting down and abandoning module CollisionAnalyzer (90)
[2017.01.29-21.20.53:823][275]LogModuleManager: Shutting down and abandoning module Sequencer (89)
[2017.01.29-21.20.53:823][275]LogModuleManager: Shutting down and abandoning module WorkspaceMenuStructure (88)
[2017.01.29-21.20.53:823][275]LogModuleManager: Shutting down and abandoning module MessageLog (87)
[2017.01.29-21.20.53:823][275]LogModuleManager: Shutting down and abandoning module AssetTools (86)
[2017.01.29-21.20.53:823][275]LogModuleManager: Shutting down and abandoning module UMGEditor (85)
[2017.01.29-21.20.53:823][275]LogModuleManager: Shutting down and abandoning module UMG (84)
[2017.01.29-21.20.53:823][275]LogModuleManager: Shutting down and abandoning module SlateReflector (83)
[2017.01.29-21.20.53:823][275]LogModuleManager: Shutting down and abandoning module Slate (82)
[2017.01.29-21.20.53:823][275]LogModuleManager: Shutting down and abandoning module EditorStyle (81)
[2017.01.29-21.20.53:825][275]LogModuleManager: Shutting down and abandoning module SourceCodeAccess (80)
[2017.01.29-21.20.53:825][275]LogModuleManager: Shutting down and abandoning module HeadMountedDisplay (79)
[2017.01.29-21.20.53:825][275]LogModuleManager: Shutting down and abandoning module XAudio2 (78)
[2017.01.29-21.20.53:825][275]LogModuleManager: Shutting down and abandoning module Networking (76)
[2017.01.29-21.20.53:825][275]LogModuleManager: Shutting down and abandoning module Core (75)
[2017.01.29-21.20.53:825][275]LogModuleManager: Shutting down and abandoning module DirectoryWatcher (74)
[2017.01.29-21.20.53:825][275]LogDirectoryWatcher: A directory notification for '../../../Engine/Content/' was aborted.
[2017.01.29-21.20.53:825][275]LogDirectoryWatcher: A directory notification for '../../../../../../Users/Tak/Documents/GitHub/UnrealEngine_MM_TechDemo/Content/' was aborted.
[2017.01.29-21.20.53:825][275]LogDirectoryWatcher: A directory notification for '../../../Engine/Plugins/2D/Paper2D/Content/' was aborted.
[2017.01.29-21.20.53:826][275]LogModuleManager: Shutting down and abandoning module AssetRegistry (73)
[2017.01.29-21.20.54:002][275]LogModuleManager: Shutting down and abandoning module KismetCompiler (72)
[2017.01.29-21.20.54:002][275]LogModuleManager: Shutting down and abandoning module PhysXFormats (71)
[2017.01.29-21.20.54:002][275]LogModuleManager: Shutting down and abandoning module SimplygonSwarm (70)
[2017.01.29-21.20.54:002][275]LogModuleManager: Shutting down and abandoning module SimplygonMeshReduction (69)
[2017.01.29-21.20.54:002][275]LogModuleManager: Shutting down and abandoning module QuadricMeshReduction (68)
[2017.01.29-21.20.54:002][275]LogModuleManager: Shutting down and abandoning module PropertyEditor (67)
[2017.01.29-21.20.54:002][275]LogModuleManager: Shutting down and abandoning module MeshUtilities (66)
[2017.01.29-21.20.54:002][275]LogModuleManager: Shutting down and abandoning module DerivedDataCache (65)
[2017.01.29-21.20.54:099][275]LogDerivedDataCache: Shutdown
[2017.01.29-21.20.54:099][275]LogModuleManager: Shutting down and abandoning module VulkanShaderFormat (64)
[2017.01.29-21.20.54:099][275]LogModuleManager: Shutting down and abandoning module ShaderFormatOpenGL (63)
[2017.01.29-21.20.54:099][275]LogModuleManager: Shutting down and abandoning module ShaderFormatD3D (62)
[2017.01.29-21.20.54:099][275]LogModuleManager: Shutting down and abandoning module MetalShaderFormat (61)
[2017.01.29-21.20.54:099][275]LogModuleManager: Shutting down and abandoning module TextureFormatUncompressed (60)
[2017.01.29-21.20.54:099][275]LogModuleManager: Shutting down and abandoning module TextureFormatPVR (59)
[2017.01.29-21.20.54:099][275]LogModuleManager: Shutting down and abandoning module TextureFormatDXT (58)
[2017.01.29-21.20.54:100][275]LogModuleManager: Shutting down and abandoning module TextureFormatIntelISPCTexComp (57)
[2017.01.29-21.20.54:100][275]LogModuleManager: Shutting down and abandoning module ImageWrapper (56)
[2017.01.29-21.20.54:100][275]LogModuleManager: Shutting down and abandoning module TextureFormatASTC (55)
[2017.01.29-21.20.54:100][275]LogModuleManager: Shutting down and abandoning module TextureFormatAndroid (54)
[2017.01.29-21.20.54:100][275]LogModuleManager: Shutting down and abandoning module AudioFormatOpus (53)
[2017.01.29-21.20.54:100][275]LogModuleManager: Shutting down and abandoning module AudioFormatOgg (52)
[2017.01.29-21.20.54:100][275]LogModuleManager: Shutting down and abandoning module AudioFormatADPCM (51)
[2017.01.29-21.20.54:100][275]LogModuleManager: Shutting down and abandoning module LinuxTargetPlatform (50)
[2017.01.29-21.20.54:100][275]LogModuleManager: Shutting down and abandoning module LinuxServerTargetPlatform (49)
[2017.01.29-21.20.54:100][275]LogModuleManager: Shutting down and abandoning module LinuxNoEditorTargetPlatform (48)
[2017.01.29-21.20.54:100][275]LogModuleManager: Shutting down and abandoning module LinuxClientTargetPlatform (47)
[2017.01.29-21.20.54:100][275]LogModuleManager: Shutting down and abandoning module TVOSTargetPlatform (46)
[2017.01.29-21.20.54:100][275]LogModuleManager: Shutting down and abandoning module Messaging (45)
[2017.01.29-21.20.54:100][275]LogModuleManager: Shutting down and abandoning module IOSTargetPlatform (44)
[2017.01.29-21.20.54:100][275]LogModuleManager: Shutting down and abandoning module HTML5TargetPlatform (43)
[2017.01.29-21.20.54:100][275]LogModuleManager: Shutting down and abandoning module Android_PVRTCTargetPlatform (42)
[2017.01.29-21.20.54:100][275]LogModuleManager: Shutting down and abandoning module Android_MultiTargetPlatform (41)
[2017.01.29-21.20.54:100][275]LogModuleManager: Shutting down and abandoning module Android_ETC2TargetPlatform (40)
[2017.01.29-21.20.54:100][275]LogModuleManager: Shutting down and abandoning module Android_ETC1TargetPlatform (39)
[2017.01.29-21.20.54:101][275]LogModuleManager: Shutting down and abandoning module Android_DXTTargetPlatform (38)
[2017.01.29-21.20.54:101][275]LogModuleManager: Shutting down and abandoning module Android_ATCTargetPlatform (37)
[2017.01.29-21.20.54:101][275]LogModuleManager: Shutting down and abandoning module Android_ASTCTargetPlatform (36)
[2017.01.29-21.20.54:101][275]LogModuleManager: Shutting down and abandoning module AndroidTargetPlatform (35)
[2017.01.29-21.20.54:101][275]LogModuleManager: Shutting down and abandoning module WindowsTargetPlatform (34)
[2017.01.29-21.20.54:101][275]LogModuleManager: Shutting down and abandoning module WindowsServerTargetPlatform (33)
[2017.01.29-21.20.54:101][275]LogModuleManager: Shutting down and abandoning module WindowsNoEditorTargetPlatform (32)
[2017.01.29-21.20.54:101][275]LogModuleManager: Shutting down and abandoning module WindowsClientTargetPlatform (31)
[2017.01.29-21.20.54:101][275]LogModuleManager: Shutting down and abandoning module MacTargetPlatform (30)
[2017.01.29-21.20.54:101][275]LogModuleManager: Shutting down and abandoning module MacServerTargetPlatform (29)
[2017.01.29-21.20.54:101][275]LogModuleManager: Shutting down and abandoning module MacNoEditorTargetPlatform (28)
[2017.01.29-21.20.54:101][275]LogModuleManager: Shutting down and abandoning module MacClientTargetPlatform (27)
[2017.01.29-21.20.54:101][275]LogModuleManager: Shutting down and abandoning module AllDesktopTargetPlatform (26)
[2017.01.29-21.20.54:101][275]LogModuleManager: Shutting down and abandoning module TargetPlatform (25)
[2017.01.29-21.20.54:101][275]LogModuleManager: Shutting down and abandoning module InputCore (24)
[2017.01.29-21.20.54:101][275]LogModuleManager: Shutting down and abandoning module Settings (23)
[2017.01.29-21.20.54:101][275]LogModuleManager: Shutting down and abandoning module OculusRift (22)
[2017.01.29-21.20.54:101][275]LogModuleManager: Shutting down and abandoning module ExampleDeviceProfileSelector (21)
[2017.01.29-21.20.54:101][275]LogModuleManager: Shutting down and abandoning module OnlineBlueprintSupport (20)
[2017.01.29-21.20.54:101][275]LogModuleManager: Shutting down and abandoning module OnlineSubsystem (18)
[2017.01.29-21.20.54:101][275]LogOnline:Display: Unloading online subsystem: NULL
[2017.01.29-21.20.54:101][275]LogModuleManager: Shutting down and abandoning module SSL (17)
[2017.01.29-21.20.54:106][275]LogModuleManager: Shutting down and abandoning module HTTP (16)
[2017.01.29-21.20.54:106][275]LogModuleManager: Shutting down and abandoning module XMPP (15)
[2017.01.29-21.20.54:106][275]LogModuleManager: Shutting down and abandoning module TextureCompressor (14)
[2017.01.29-21.20.54:107][275]LogModuleManager: Shutting down and abandoning module ShaderCore (13)
[2017.01.29-21.20.54:107][275]LogModuleManager: Shutting down and abandoning module Landscape (12)
[2017.01.29-21.20.54:107][275]LogModuleManager: Shutting down and abandoning module SlateRHIRenderer (11)
[2017.01.29-21.20.54:116][275]LogModuleManager: Shutting down and abandoning module OpenGLDrv (10)
[2017.01.29-21.20.54:116][275]LogModuleManager: Shutting down and abandoning module D3D11RHI (9)
[2017.01.29-21.20.54:116][275]LogModuleManager: Shutting down and abandoning module AnimGraphRuntime (8)
[2017.01.29-21.20.54:117][275]LogModuleManager: Shutting down and abandoning module Renderer (7)
[2017.01.29-21.20.54:117][275]LogModuleManager: Shutting down and abandoning module Engine (6)
[2017.01.29-21.20.54:117][275]LogModuleManager: Shutting down and abandoning module CoreUObject (5)
[2017.01.29-21.20.54:117][275]LogModuleManager: Shutting down and abandoning module NetworkFile (4)
[2017.01.29-21.20.54:117][275]LogModuleManager: Shutting down and abandoning module StreamingFile (3)
[2017.01.29-21.20.54:117][275]LogModuleManager: Shutting down and abandoning module SandboxFile (2)
[2017.01.29-21.20.54:117][275]LogModuleManager: Shutting down and abandoning module PakFile (1)
[2017.01.29-21.20.54:122][275]LogExit: Exiting.
[2017.01.29-21.20.54:129][275]Log file closed, 01/29/17 16:20:54
