Log file open, 01/28/17 20:40:21
LogInit:Display: Running engine for game: ShantaeRipoff
LogPlatformFile: Not using cached read wrapper
LogInit:Display: RandInit(-234764599) SRandInit(-234764598).
LogTaskGraph: Started task graph with 5 named threads and 8 total threads with 1 sets of task threads.
LogStats: Stats thread started at 0.081853
LogPluginManager: Loaded Plugin Paper2D, From C:/Program Files (x86)/Epic Games/4.14/Engine/Plugins/2D/Paper2D/Paper2D.uplugin
LogPluginManager: Loaded Plugin LightPropagationVolume, From C:/Program Files (x86)/Epic Games/4.14/Engine/Plugins/Blendables/LightPropagationVolume/LightPropagationVolume.uplugin
LogPluginManager: Loaded Plugin BlankPlugin, From C:/Program Files (x86)/Epic Games/4.14/Engine/Plugins/Developer/BlankPlugin/BlankPlugin.uplugin
LogPluginManager: Loaded Plugin CodeLiteSourceCodeAccess, From C:/Program Files (x86)/Epic Games/4.14/Engine/Plugins/Developer/CodeLiteSourceCodeAccess/CodeLiteSourceCodeAccess.uplugin
LogPluginManager: Loaded Plugin GitSourceControl, From C:/Program Files (x86)/Epic Games/4.14/Engine/Plugins/Developer/GitSourceControl/GitSourceControl.uplugin
LogPluginManager: Loaded Plugin KDevelopSourceCodeAccess, From C:/Program Files (x86)/Epic Games/4.14/Engine/Plugins/Developer/KDevelopSourceCodeAccess/KDevelopSourceCodeAccess.uplugin
LogPluginManager: Loaded Plugin NullSourceCodeAccess, From C:/Program Files (x86)/Epic Games/4.14/Engine/Plugins/Developer/NullSourceCodeAccess/NullSourceCodeAccess.uplugin
LogPluginManager: Loaded Plugin OneSkyLocalizationService, From C:/Program Files (x86)/Epic Games/4.14/Engine/Plugins/Developer/OneSkyLocalizationService/OneSkyLocalizationService.uplugin
LogPluginManager: Loaded Plugin PerforceSourceControl, From C:/Program Files (x86)/Epic Games/4.14/Engine/Plugins/Developer/PerforceSourceControl/PerforceSourceControl.uplugin
LogPluginManager: Loaded Plugin SubversionSourceControl, From C:/Program Files (x86)/Epic Games/4.14/Engine/Plugins/Developer/SubversionSourceControl/SubversionSourceControl.uplugin
LogPluginManager: Loaded Plugin UObjectPlugin, From C:/Program Files (x86)/Epic Games/4.14/Engine/Plugins/Developer/UObjectPlugin/UObjectPlugin.uplugin
LogPluginManager: Loaded Plugin VisualStudioSourceCodeAccess, From C:/Program Files (x86)/Epic Games/4.14/Engine/Plugins/Developer/VisualStudioSourceCodeAccess/VisualStudioSourceCodeAccess.uplugin
LogPluginManager: Loaded Plugin XCodeSourceCodeAccess, From C:/Program Files (x86)/Epic Games/4.14/Engine/Plugins/Developer/XCodeSourceCodeAccess/XCodeSourceCodeAccess.uplugin
LogPluginManager: Loaded Plugin AudioCapture, From C:/Program Files (x86)/Epic Games/4.14/Engine/Plugins/Editor/AudioCapture/AudioCapture.uplugin
LogPluginManager: Loaded Plugin EpicSurvey, From C:/Program Files (x86)/Epic Games/4.14/Engine/Plugins/Editor/EpicSurvey/EpicSurvey.uplugin
LogPluginManager: Loaded Plugin MacGraphicsSwitching, From C:/Program Files (x86)/Epic Games/4.14/Engine/Plugins/Editor/MacGraphicsSwitching/MacGraphicsSwitching.uplugin
LogPluginManager: Loaded Plugin MobileLauncherProfileWizard, From C:/Program Files (x86)/Epic Games/4.14/Engine/Plugins/Editor/MobileLauncherProfileWizard/MobileLauncherProfileWizard.uplugin
LogPluginManager: Loaded Plugin PluginBrowser, From C:/Program Files (x86)/Epic Games/4.14/Engine/Plugins/Editor/PluginBrowser/PluginBrowser.uplugin
LogPluginManager: Loaded Plugin SpeedTreeImporter, From C:/Program Files (x86)/Epic Games/4.14/Engine/Plugins/Editor/SpeedTreeImporter/SpeedTreeImporter.uplugin
LogPluginManager: Loaded Plugin SuperSearchEditor, From C:/Program Files (x86)/Epic Games/4.14/Engine/Plugins/Editor/SuperSearchEditor/SuperSearchEditor.uplugin
LogPluginManager: Loaded Plugin AlembicImporter, From C:/Program Files (x86)/Epic Games/4.14/Engine/Plugins/Experimental/AlembicImporter/AlembicImporter.uplugin
LogPluginManager: Loaded Plugin BlueprintStats, From C:/Program Files (x86)/Epic Games/4.14/Engine/Plugins/Experimental/BlueprintStats/BlueprintStats.uplugin
LogPluginManager: Loaded Plugin CharacterAI, From C:/Program Files (x86)/Epic Games/4.14/Engine/Plugins/Experimental/CharacterAI/CharacterAI.uplugin
LogPluginManager: Loaded Plugin CodeEditor, From C:/Program Files (x86)/Epic Games/4.14/Engine/Plugins/Experimental/CodeEditor/CodeEditor.uplugin
LogPluginManager: Loaded Plugin CodeView, From C:/Program Files (x86)/Epic Games/4.14/Engine/Plugins/Experimental/CodeView/CodeView.uplugin
LogPluginManager: Loaded Plugin HTML5Networking, From C:/Program Files (x86)/Epic Games/4.14/Engine/Plugins/Experimental/HTML5Networking/HTML5Networking.uplugin
LogPluginManager: Loaded Plugin OSVR, From C:/Program Files (x86)/Epic Games/4.14/Engine/Plugins/Experimental/OSVR/OSVR.uplugin
LogPluginManager: Loaded Plugin Phya, From C:/Program Files (x86)/Epic Games/4.14/Engine/Plugins/Experimental/Phya/Phya.uplugin
LogPluginManager: Loaded Plugin SignificanceManager, From C:/Program Files (x86)/Epic Games/4.14/Engine/Plugins/Experimental/SignificanceManager/SignificanceManager.uplugin
LogPluginManager: Loaded Plugin SimpleHMD, From C:/Program Files (x86)/Epic Games/4.14/Engine/Plugins/Experimental/SimpleHMD/SimpleHMD.uplugin
LogPluginManager: Loaded Plugin StereoPanorama, From C:/Program Files (x86)/Epic Games/4.14/Engine/Plugins/Experimental/StereoPanorama/StereoPanorama.uplugin
LogPluginManager: Loaded Plugin StructBox, From C:/Program Files (x86)/Epic Games/4.14/Engine/Plugins/Experimental/StructBox/StructBox.uplugin
LogPluginManager: Loaded Plugin Substance, From C:/Program Files (x86)/Epic Games/4.14/Engine/Plugins/Marketplace/Substance/Substance.uplugin
LogPluginManager: Loaded Plugin AndroidMedia, From C:/Program Files (x86)/Epic Games/4.14/Engine/Plugins/Media/AndroidMedia/AndroidMedia.uplugin
LogPluginManager: Loaded Plugin AvfMedia, From C:/Program Files (x86)/Epic Games/4.14/Engine/Plugins/Media/AvfMedia/AvfMedia.uplugin
LogPluginManager: Loaded Plugin MediaPlayerEditor, From C:/Program Files (x86)/Epic Games/4.14/Engine/Plugins/Media/MediaPlayerEditor/MediaPlayerEditor.uplugin
LogPluginManager: Loaded Plugin WmfMedia, From C:/Program Files (x86)/Epic Games/4.14/Engine/Plugins/Media/WmfMedia/WmfMedia.uplugin
LogPluginManager: Loaded Plugin MessagingDebugger, From C:/Program Files (x86)/Epic Games/4.14/Engine/Plugins/Messaging/MessagingDebugger/MessagingDebugger.uplugin
LogPluginManager: Loaded Plugin TcpMessaging, From C:/Program Files (x86)/Epic Games/4.14/Engine/Plugins/Messaging/TcpMessaging/TcpMessaging.uplugin
LogPluginManager: Loaded Plugin UdpMessaging, From C:/Program Files (x86)/Epic Games/4.14/Engine/Plugins/Messaging/UdpMessaging/UdpMessaging.uplugin
LogPluginManager: Loaded Plugin LevelSequenceEditor, From C:/Program Files (x86)/Epic Games/4.14/Engine/Plugins/MovieScene/LevelSequenceEditor/LevelSequenceEditor.uplugin
LogPluginManager: Loaded Plugin MatineeToLevelSequence, From C:/Program Files (x86)/Epic Games/4.14/Engine/Plugins/MovieScene/MatineeToLevelSequence/MatineeToLevelSequence.uplugin
LogPluginManager: Loaded Plugin NetcodeUnitTest, From C:/Program Files (x86)/Epic Games/4.14/Engine/Plugins/NetcodeUnitTest/NetcodeUnitTest/NetcodeUnitTest.uplugin
LogPluginManager: Loaded Plugin NUTUnrealEngine4, From C:/Program Files (x86)/Epic Games/4.14/Engine/Plugins/NetcodeUnitTest/NUTUnrealEngine4/NUTUnrealEngine4.uplugin
LogPluginManager: Loaded Plugin OnlineSubsystemGameCircle, From C:/Program Files (x86)/Epic Games/4.14/Engine/Plugins/Online/Android/OnlineSubsystemGameCircle/OnlineSubsystemGameCircle.uplugin
LogPluginManager: Loaded Plugin OnlineSubsystemGooglePlay, From C:/Program Files (x86)/Epic Games/4.14/Engine/Plugins/Online/Android/OnlineSubsystemGooglePlay/OnlineSubsystemGooglePlay.uplugin
LogPluginManager: Loaded Plugin OnlineSubsystemIOS, From C:/Program Files (x86)/Epic Games/4.14/Engine/Plugins/Online/IOS/OnlineSubsystemIOS/OnlineSubsystemIOS.uplugin
LogPluginManager: Loaded Plugin OnlineFramework, From C:/Program Files (x86)/Epic Games/4.14/Engine/Plugins/Online/OnlineFramework/OnlineFramework.uplugin
LogPluginManager: Loaded Plugin OnlineSubsystem, From C:/Program Files (x86)/Epic Games/4.14/Engine/Plugins/Online/OnlineSubsystem/OnlineSubsystem.uplugin
LogPluginManager: Loaded Plugin OnlineSubsystemAmazon, From C:/Program Files (x86)/Epic Games/4.14/Engine/Plugins/Online/OnlineSubsystemAmazon/OnlineSubsystemAmazon.uplugin
LogPluginManager: Loaded Plugin OnlineSubsystemFacebook, From C:/Program Files (x86)/Epic Games/4.14/Engine/Plugins/Online/OnlineSubsystemFacebook/OnlineSubsystemFacebook.uplugin
LogPluginManager: Loaded Plugin OnlineSubsystemNull, From C:/Program Files (x86)/Epic Games/4.14/Engine/Plugins/Online/OnlineSubsystemNull/OnlineSubsystemNull.uplugin
LogPluginManager: Loaded Plugin OnlineSubsystemOculus, From C:/Program Files (x86)/Epic Games/4.14/Engine/Plugins/Online/OnlineSubsystemOculus/OnlineSubsystemOculus.uplugin
LogPluginManager: Loaded Plugin OnlineSubsystemSteam, From C:/Program Files (x86)/Epic Games/4.14/Engine/Plugins/Online/OnlineSubsystemSteam/OnlineSubsystemSteam.uplugin
LogPluginManager: Loaded Plugin OnlineSubsystemUtils, From C:/Program Files (x86)/Epic Games/4.14/Engine/Plugins/Online/OnlineSubsystemUtils/OnlineSubsystemUtils.uplugin
LogPluginManager: Loaded Plugin IOSTapJoy, From C:/Program Files (x86)/Epic Games/4.14/Engine/Plugins/Runtime/Advertising/IOSTapJoy/IOSTapJoy.uplugin
LogPluginManager: Loaded Plugin AnalyticsBlueprintLibrary, From C:/Program Files (x86)/Epic Games/4.14/Engine/Plugins/Runtime/Analytics/AnalyticsBlueprintLibrary/AnalyticsBlueprintLibrary.uplugin
LogPluginManager: Loaded Plugin AnalyticsMulticast, From C:/Program Files (x86)/Epic Games/4.14/Engine/Plugins/Runtime/Analytics/AnalyticsMulticast/AnalyticsMulticast.uplugin
LogPluginManager: Loaded Plugin Apsalar, From C:/Program Files (x86)/Epic Games/4.14/Engine/Plugins/Runtime/Analytics/Apsalar/Apsalar.uplugin
LogPluginManager: Loaded Plugin FileLogging, From C:/Program Files (x86)/Epic Games/4.14/Engine/Plugins/Runtime/Analytics/FileLogging/FileLogging.uplugin
LogPluginManager: Loaded Plugin Flurry, From C:/Program Files (x86)/Epic Games/4.14/Engine/Plugins/Runtime/Analytics/Flurry/Flurry.uplugin
LogPluginManager: Loaded Plugin AndroidDeviceProfileSelector, From C:/Program Files (x86)/Epic Games/4.14/Engine/Plugins/Runtime/AndroidDeviceProfileSelector/AndroidDeviceProfileSelector.uplugin
LogPluginManager: Loaded Plugin AndroidMoviePlayer, From C:/Program Files (x86)/Epic Games/4.14/Engine/Plugins/Runtime/AndroidMoviePlayer/AndroidMoviePlayer.uplugin
LogPluginManager: Loaded Plugin AppleMoviePlayer, From C:/Program Files (x86)/Epic Games/4.14/Engine/Plugins/Runtime/AppleMoviePlayer/AppleMoviePlayer.uplugin
LogPluginManager: Loaded Plugin ArchVisCharacter, From C:/Program Files (x86)/Epic Games/4.14/Engine/Plugins/Runtime/ArchVisCharacter/ArchVisCharacter.uplugin
LogPluginManager: Loaded Plugin CableComponent, From C:/Program Files (x86)/Epic Games/4.14/Engine/Plugins/Runtime/CableComponent/CableComponent.uplugin
LogPluginManager: Loaded Plugin CustomMeshComponent, From C:/Program Files (x86)/Epic Games/4.14/Engine/Plugins/Runtime/CustomMeshComponent/CustomMeshComponent.uplugin
LogPluginManager: Loaded Plugin ExampleDeviceProfileSelector, From C:/Program Files (x86)/Epic Games/4.14/Engine/Plugins/Runtime/ExampleDeviceProfileSelector/ExampleDeviceProfileSelector.uplugin
LogPluginManager: Loaded Plugin GearVR, From C:/Program Files (x86)/Epic Games/4.14/Engine/Plugins/Runtime/GearVR/GearVR.uplugin
LogPluginManager: Loaded Plugin GoogleVRController, From C:/Program Files (x86)/Epic Games/4.14/Engine/Plugins/Runtime/GoogleVR/GoogleVRController/GoogleVRController.uplugin
LogPluginManager: Loaded Plugin GoogleVRHMD, From C:/Program Files (x86)/Epic Games/4.14/Engine/Plugins/Runtime/GoogleVR/GoogleVRHMD/GoogleVRHMD.uplugin
LogPluginManager: Loaded Plugin IOSDeviceProfileSelector, From C:/Program Files (x86)/Epic Games/4.14/Engine/Plugins/Runtime/IOSDeviceProfileSelector/IOSDeviceProfileSelector.uplugin
LogPluginManager: Loaded Plugin LeapMotion, From C:/Program Files (x86)/Epic Games/4.14/Engine/Plugins/Runtime/LeapMotion/LeapMotion.uplugin
LogPluginManager: Loaded Plugin LinuxDeviceProfileSelector, From C:/Program Files (x86)/Epic Games/4.14/Engine/Plugins/Runtime/LinuxDeviceProfileSelector/LinuxDeviceProfileSelector.uplugin
LogPluginManager: Loaded Plugin MIDIDevice, From C:/Program Files (x86)/Epic Games/4.14/Engine/Plugins/Runtime/MIDIDevice/MIDIDevice.uplugin
LogPluginManager: Loaded Plugin MobilePatchingUtils, From C:/Program Files (x86)/Epic Games/4.14/Engine/Plugins/Runtime/MobilePatchingUtils/MobilePatchingUtils.uplugin
LogPluginManager: Loaded Plugin Ansel, From C:/Program Files (x86)/Epic Games/4.14/Engine/Plugins/Runtime/Nvidia/Ansel/Ansel.uplugin
LogPluginManager: Loaded Plugin OculusAudio, From C:/Program Files (x86)/Epic Games/4.14/Engine/Plugins/Runtime/OculusAudio/OculusAudio.uplugin
LogPluginManager: Loaded Plugin OculusInput, From C:/Program Files (x86)/Epic Games/4.14/Engine/Plugins/Runtime/OculusInput/OculusInput.uplugin
LogPluginManager: Loaded Plugin OculusLibrary, From C:/Program Files (x86)/Epic Games/4.14/Engine/Plugins/Runtime/OculusLibrary/OculusLibrary.uplugin
LogPluginManager: Loaded Plugin OculusRift, From C:/Program Files (x86)/Epic Games/4.14/Engine/Plugins/Runtime/OculusRift/OculusRift.uplugin
LogPluginManager: Loaded Plugin Oodle, From C:/Program Files (x86)/Epic Games/4.14/Engine/Plugins/Runtime/PacketHandlers/CompressionComponents/Oodle/Oodle.uplugin
LogPluginManager: Loaded Plugin ProceduralMeshComponent, From C:/Program Files (x86)/Epic Games/4.14/Engine/Plugins/Runtime/ProceduralMeshComponent/ProceduralMeshComponent.uplugin
LogPluginManager: Loaded Plugin SoundMod, From C:/Program Files (x86)/Epic Games/4.14/Engine/Plugins/Runtime/SoundMod/SoundMod.uplugin
LogPluginManager: Loaded Plugin SoundVisualizations, From C:/Program Files (x86)/Epic Games/4.14/Engine/Plugins/Runtime/SoundVisualizations/SoundVisualizations.uplugin
LogPluginManager: Loaded Plugin SteamController, From C:/Program Files (x86)/Epic Games/4.14/Engine/Plugins/Runtime/Steam/SteamController/SteamController.uplugin
LogPluginManager: Loaded Plugin SteamVR, From C:/Program Files (x86)/Epic Games/4.14/Engine/Plugins/Runtime/Steam/SteamVR/SteamVR.uplugin
LogPluginManager: Loaded Plugin WebBrowserWidget, From C:/Program Files (x86)/Epic Games/4.14/Engine/Plugins/Runtime/WebBrowserWidget/WebBrowserWidget.uplugin
LogPluginManager: Loaded Plugin WindowsDeviceProfileSelector, From C:/Program Files (x86)/Epic Games/4.14/Engine/Plugins/Runtime/WindowsDeviceProfileSelector/WindowsDeviceProfileSelector.uplugin
LogPluginManager: Loaded Plugin WindowsMoviePlayer, From C:/Program Files (x86)/Epic Games/4.14/Engine/Plugins/Runtime/WindowsMoviePlayer/WindowsMoviePlayer.uplugin
LogPluginManager: Loaded Plugin ScriptPlugin, From C:/Program Files (x86)/Epic Games/4.14/Engine/Plugins/ScriptPlugin/ScriptPlugin.uplugin
LogPluginManager: Loaded Plugin SlateRemote, From C:/Program Files (x86)/Epic Games/4.14/Engine/Plugins/Slate/SlateRemote/SlateRemote.uplugin
LogPluginManager: Loaded Plugin EditorTests, From C:/Program Files (x86)/Epic Games/4.14/Engine/Plugins/Tests/EditorTests/EditorTests.uplugin
LogPluginManager: Loaded Plugin FbxAutomationTestBuilder, From C:/Program Files (x86)/Epic Games/4.14/Engine/Plugins/Tests/FbxAutomationTestBuilder/FbxAutomationTestBuilder.uplugin
LogPluginManager: Loaded Plugin FunctionalTestingEditor, From C:/Program Files (x86)/Epic Games/4.14/Engine/Plugins/Tests/FunctionalTestingEditor/FunctionalTestingEditor.uplugin
LogPluginManager: Loaded Plugin RuntimeTests, From C:/Program Files (x86)/Epic Games/4.14/Engine/Plugins/Tests/RuntimeTests/RuntimeTests.uplugin
LogPluginManager: Loaded Plugin ScreenshotTools, From C:/Program Files (x86)/Epic Games/4.14/Engine/Plugins/Tests/ScreenshotTools/ScreenshotTools.uplugin
LogInit: Using libcurl 7.47.1
LogInit:  - built for x86_64-pc-win32
LogInit:  - supports SSL with OpenSSL/1.0.2g
LogInit:  - supports HTTP deflate (compression) using libz 1.2.8
LogInit:  - other features:
LogInit:      CURL_VERSION_SSL
LogInit:      CURL_VERSION_LIBZ
LogInit:      CURL_VERSION_IPV6
LogInit:      CURL_VERSION_ASYNCHDNS
LogInit:      CURL_VERSION_LARGEFILE
LogInit:      CURL_VERSION_IDN
LogInit:  CurlRequestOptions (configurable via config and command line):
LogInit:  - bVerifyPeer = false  - Libcurl will NOT verify peer certificate
LogInit:  - bUseHttpProxy = false  - Libcurl will NOT use HTTP proxy
LogInit:  - bDontReuseConnections = false  - Libcurl will reuse connections
LogInit:  - CertBundlePath = nullptr  - Libcurl will use whatever was configured at build time.
LogInit: Build: ++UE4+Release-4.14-CL-3249277
LogInit: Engine Version: 4.14.3-3249277+++UE4+Release-4.14
LogInit: Compatible Engine Version: 4.14.0-3195953+++UE4+Release-4.14
LogInit: Net CL: 3195953
LogDevObjectVersion: Number of dev versions registered: 13
LogDevObjectVersion:   Dev-Blueprints (B0D832E4-1F89-4F0D-ACCF-7EB736FD4AA2): 7
LogDevObjectVersion:   Dev-Build (E1C64328-A22C-4D53-A36C-8E866417BD8C): 0
LogDevObjectVersion:   Dev-Core (375EC13C-06E4-48FB-B500-84F0262A717E): 1
LogDevObjectVersion:   Dev-Editor (E4B068ED-F494-42E9-A231-DA0B2E46BB41): 8
LogDevObjectVersion:   Dev-Framework (CFFC743F-43B0-4480-9391-14DF171D2073): 17
LogDevObjectVersion:   Dev-Mobile (B02B49B5-BB20-44E9-A304-32B752E40360): 0
LogDevObjectVersion:   Dev-Networking (A4E4105C-59A1-49B5-A7C5-40C4547EDFEE): 0
LogDevObjectVersion:   Dev-Online (39C831C9-5AE6-47DC-9A44-9C173E1C8E7C): 0
LogDevObjectVersion:   Dev-Physics (78F01B33-EBEA-4F98-B9B4-84EACCB95AA2): 0
LogDevObjectVersion:   Dev-Platform (6631380F-2D4D-43E0-8009-CF276956A95A): 0
LogDevObjectVersion:   Dev-Rendering (12F88B9F-8875-4AFC-A67C-D90C383ABD29): 12
LogDevObjectVersion:   Dev-Sequencer (7B5AE74C-D270-4C10-A958-57980B212A5A): 1
LogDevObjectVersion:   Dev-VR (D7296918-1DD6-4BDD-9DE2-64A83CC13884): 0
LogInit: Compiled (64-bit): Jan  6 2017 10:49:43
LogInit: Compiled with Visual C++: 19.00.23026.00
LogInit: Build Configuration: Development
LogInit: Branch Name: ++UE4+Release-4.14
LogInit: Command line: -EpicPortal 
LogInit: Base directory: C:/Program Files (x86)/Epic Games/4.14/Engine/Binaries/Win64/
LogInit: Installed Engine Build: 1
LogInit: Presizing for max 8388607 objects, including 0 objects not considered by GC, pre-allocating 0 bytes for permanent pool.
LogInit: Object subsystem initialized
[2017.01.29-01.40.22:240][  0]LogInit: Selected Device Profile: [Windows]
[2017.01.29-01.40.22:240][  0]LogInit: Applying CVar settings loaded from the selected device profile: [Windows]
[2017.01.29-01.40.22:282][  0]LogInit: Computer: TAK-FALCONARROW
[2017.01.29-01.40.22:282][  0]LogInit: User: Tak
[2017.01.29-01.40.22:282][  0]LogInit: CPU Page size=65536, Cores=4
[2017.01.29-01.40.22:282][  0]LogInit: High frequency timer resolution =3.318396 MHz
[2017.01.29-01.40.22:282][  0]LogMemory: Memory total: Physical=7.9GB (8GB approx)
[2017.01.29-01.40.22:282][  0]LogMemory: Platform Memory Stats for Windows
[2017.01.29-01.40.22:282][  0]LogMemory: Process Physical Memory: 264.01 MB used, 264.01 MB peak
[2017.01.29-01.40.22:282][  0]LogMemory: Process Virtual Memory: 262.54 MB used, 262.54 MB peak
[2017.01.29-01.40.22:282][  0]LogMemory: Physical Memory: 4353.08 MB used,  3776.84 MB free, 8129.92 MB total
[2017.01.29-01.40.22:282][  0]LogMemory: Virtual Memory: 675.53 MB used,  3776.84 MB free, 134217728.00 MB total
[2017.01.29-01.40.22:500][  0]LogTextLocalizationManager: No specific translations for ('en-US') exist, so ('en') translations will be used.
[2017.01.29-01.40.23:917][  0]LogD3D11RHI: D3D11 adapters:
[2017.01.29-01.40.24:431][  0]LogD3D11RHI:    0. 'NVIDIA GeForce GTX 760' (Feature Level 11_0)
[2017.01.29-01.40.24:431][  0]LogD3D11RHI:       2017/0/4064 MB DedicatedVideo/DedicatedSystem/SharedSystem, Outputs:2, VendorId:0x10de
[2017.01.29-01.40.24:433][  0]LogD3D11RHI:    1. 'Microsoft Basic Render Driver' (Feature Level 11_0)
[2017.01.29-01.40.24:433][  0]LogD3D11RHI:       0/0/4064 MB DedicatedVideo/DedicatedSystem/SharedSystem, Outputs:0, VendorId:0x1414
[2017.01.29-01.40.24:433][  0]LogD3D11RHI: Chosen D3D11 Adapter: 0
[2017.01.29-01.40.24:436][  0]LogD3D11RHI: Creating new Direct3DDevice
[2017.01.29-01.40.24:436][  0]LogD3D11RHI:     GPU DeviceId: 0x1187 (for the marketing name, search the web for "GPU Device Id")
[2017.01.29-01.40.24:436][  0]LogWindows: EnumDisplayDevices:
[2017.01.29-01.40.24:436][  0]LogWindows:    0. 'NVIDIA GeForce GTX 760' (P:1 D:1)
[2017.01.29-01.40.24:436][  0]LogWindows:    1. 'NVIDIA GeForce GTX 760' (P:0 D:1)
[2017.01.29-01.40.24:436][  0]LogWindows:    2. 'NVIDIA GeForce GTX 760' (P:0 D:0)
[2017.01.29-01.40.24:436][  0]LogWindows:    3. 'NVIDIA GeForce GTX 760' (P:0 D:0)
[2017.01.29-01.40.24:436][  0]LogWindows: DebugString: FoundDriverCount:4 
[2017.01.29-01.40.24:436][  0]LogD3D11RHI:     Adapter Name: NVIDIA GeForce GTX 760
[2017.01.29-01.40.24:436][  0]LogD3D11RHI:   Driver Version: 376.09 (internal:21.21.13.7609, unified:376.09)
[2017.01.29-01.40.24:436][  0]LogD3D11RHI:      Driver Date: 11-24-2016
[2017.01.29-01.40.24:437][  0]LogRHI: Texture pool is 1361 MB (70% of 1945 MB)
[2017.01.29-01.40.24:917][  0]LogD3D11RHI:Warning: Timestamp queries are currently disabled on this hardware due to instability. Realtime GPU stats will not be available. You can override this behaviour by setting r.NVIDIATimestampWorkaround to 0
[2017.01.29-01.40.24:917][  0]LogD3D11RHI: Async texture creation enabled
[2017.01.29-01.40.24:950][  0]LogD3D11RHI: GPU Timing Frequency: 1000.000000 (Debug: 2 2)
[2017.01.29-01.40.24:951][  0]LogShaderCompilers: Guid format shader working directory is -25 characters bigger than the processId version (../../../../../../Users/Tak/Documents/GitHub/UnrealEngine_MM_TechDemo/Intermediate/Shaders/WorkingDirectory/8464/).
[2017.01.29-01.40.24:951][  0]LogShaderCompilers: Cleaned the shader compiler working directory 'C:/Users/Tak/AppData/Local/Temp/UnrealShaderWorkingDir/EACA934241CC75E19D91429E1B5C5A7C/'.
[2017.01.29-01.40.24:951][  0]LogShaderCompilers:Display: Using Local Shader Compiler.
[2017.01.29-01.40.25:918][  0]LogTemp:Display: Loaded TP AllDesktopTargetPlatform
[2017.01.29-01.40.25:969][  0]LogTemp:Display: Loaded TP MacClientTargetPlatform
[2017.01.29-01.40.26:020][  0]LogTemp:Display: Loaded TP MacNoEditorTargetPlatform
[2017.01.29-01.40.26:069][  0]LogTemp:Display: Loaded TP MacServerTargetPlatform
[2017.01.29-01.40.26:121][  0]LogTemp:Display: Loaded TP MacTargetPlatform
[2017.01.29-01.40.26:172][  0]LogTemp:Display: Loaded TP WindowsClientTargetPlatform
[2017.01.29-01.40.26:221][  0]LogTemp:Display: Loaded TP WindowsNoEditorTargetPlatform
[2017.01.29-01.40.26:272][  0]LogTemp:Display: Loaded TP WindowsServerTargetPlatform
[2017.01.29-01.40.26:326][  0]LogTemp:Display: Loaded TP WindowsTargetPlatform
[2017.01.29-01.40.26:478][  0]LogTemp:Display: Loaded TP AndroidTargetPlatform
[2017.01.29-01.40.26:530][  0]LogTemp:Display: Loaded TP Android_ASTCTargetPlatform
[2017.01.29-01.40.26:579][  0]LogTemp:Display: Loaded TP Android_ATCTargetPlatform
[2017.01.29-01.40.26:627][  0]LogTemp:Display: Loaded TP Android_DXTTargetPlatform
[2017.01.29-01.40.26:675][  0]LogTemp:Display: Loaded TP Android_ETC1TargetPlatform
[2017.01.29-01.40.26:724][  0]LogTemp:Display: Loaded TP Android_ETC2TargetPlatform
[2017.01.29-01.40.26:831][  0]LogTemp:Display: Loaded TP Android_MultiTargetPlatform
[2017.01.29-01.40.26:831][  0]LogTemp:Display: Loaded TP Android_PVRTCTargetPlatform
[2017.01.29-01.40.26:884][  0]LogTemp:Display: Loaded TP HTML5TargetPlatform
[2017.01.29-01.40.26:983][  0]LogTemp:Display: Loaded TP IOSTargetPlatform
[2017.01.29-01.40.27:014][  0]LogTemp:Display: Loaded TP TVOSTargetPlatform
[2017.01.29-01.40.27:097][  0]LogTemp:Display: Loaded TP LinuxClientTargetPlatform
[2017.01.29-01.40.27:143][  0]LogTemp:Display: Loaded TP LinuxNoEditorTargetPlatform
[2017.01.29-01.40.27:200][  0]LogTemp:Display: Loaded TP LinuxServerTargetPlatform
[2017.01.29-01.40.27:247][  0]LogTemp:Display: Loaded TP LinuxTargetPlatform
[2017.01.29-01.40.27:247][  0]LogTargetPlatformManager:Display: Building Assets For Windows
[2017.01.29-01.40.27:625][  0]LogDerivedDataCache:Display: Max Cache Size: 512 MB
[2017.01.29-01.40.27:673][  0]LogDerivedDataCache: Loaded boot cache 0.05s 50MB C:/Users/Tak/AppData/Local/UnrealEngine/4.14/DerivedDataCache/Boot.ddc.
[2017.01.29-01.40.27:673][  0]LogDerivedDataCache:Display: Loaded Boot cache: C:/Users/Tak/AppData/Local/UnrealEngine/4.14/DerivedDataCache/Boot.ddc
[2017.01.29-01.40.27:673][  0]LogDerivedDataCache: FDerivedDataBackendGraph:  Pak pak cache file ../../../../../../Users/Tak/Documents/GitHub/UnrealEngine_MM_TechDemo/DerivedDataCache/DDC.ddp not found, will not use a pak cache.
[2017.01.29-01.40.27:673][  0]LogDerivedDataCache: Unable to find inner node Pak for hierarchical cache Hierarchy.
[2017.01.29-01.40.27:673][  0]LogDerivedDataCache: FDerivedDataBackendGraph:  CompressedPak pak cache file ../../../../../../Users/Tak/Documents/GitHub/UnrealEngine_MM_TechDemo/DerivedDataCache/Compressed.ddp not found, will not use a pak cache.
[2017.01.29-01.40.27:673][  0]LogDerivedDataCache: Unable to find inner node CompressedPak for hierarchical cache Hierarchy.
[2017.01.29-01.40.27:689][  0]LogDerivedDataCache:Display: Pak cache opened for reading ../../../Engine/DerivedDataCache/Compressed.ddp.
[2017.01.29-01.40.27:701][  0]LogDerivedDataCache: Using Local data cache path C:/Users/Tak/AppData/Local/UnrealEngine/Common/DerivedDataCache: Writable
[2017.01.29-01.40.27:886][  0]LogInit: Selected Device Profile: [Windows]
[2017.01.29-01.40.27:888][  0]LogContentStreaming: Texture pool size is 0.00 MB
[2017.01.29-01.40.28:091][  0]LogMeshUtilities: Using QuadricMeshReduction for automatic static mesh reduction
[2017.01.29-01.40.28:129][  0]LogSimplygon: Simplygon DLL not present - disabling.
[2017.01.29-01.40.28:177][  0]LogMeshUtilities: Using SimplygonSwarm for distributed automatic mesh merging
[2017.01.29-01.40.28:177][  0]LogMeshUtilities: No automatic skeletal mesh reduction module available
[2017.01.29-01.40.28:177][  0]LogMeshUtilities: No automatic mesh merging module available
[2017.01.29-01.40.28:622][  0]LogNetVersion: GetLocalNetworkVersion: CL: 3195953, ProjectName: shantaeripoff, ProjectVersion: , EngineNetworkVersion: 2, GameNetworkVersion: 0, NetworkChecksum: 157577820
[2017.01.29-01.40.28:673][  0]LogAssetRegistry: FAssetRegistry took 0.0213 seconds to start up
[2017.01.29-01.40.28:715][  0]LogPackageLocalizationCache: Processed 3 localized package path(s) for 2 prioritized culture(s) in 0.023546 seconds
[2017.01.29-01.40.28:721][  0]LogUObjectArray: 31946 objects as part of root set at end of initial load.
[2017.01.29-01.40.28:721][  0]LogUObjectAllocator: 6935848 out of 0 bytes used by permanent object pool.
[2017.01.29-01.40.28:721][  0]LogUObjectArray: CloseDisregardForGC: 0/0 objects in disregard for GC pool
[2017.01.29-01.40.28:777][  0]LogInit: WinSock: version 1.1 (2.2), MaxSocks=32767, MaxUdp=65467
[2017.01.29-01.40.29:423][  0]LogSlate: Using Freetype 2.6.0
[2017.01.29-01.40.29:424][  0]LogSlate: SlateFontCache - WITH_FREETYPE: 1, WITH_HARFBUZZ: 1
[2017.01.29-01.40.29:424][  0]LogSlate: SlateFontCache - WITH_FREETYPE: 1, WITH_HARFBUZZ: 1
[2017.01.29-01.40.30:285][  0]LogSubstanceCoreModule: Substance [CPU] Engine Loaded, Max Texture Size = 2048
[2017.01.29-01.40.30:316][  0]LogTcpMessaging: Initializing TcpMessaging bridge
[2017.01.29-01.40.30:358][  0]LogUdpMessaging: Initializing bridge on interface 0.0.0.0:0 to multicast group 230.0.0.1:6666.
[2017.01.29-01.40.30:667][  0]LogMaterial: Uniform references updated for custom material expression Custom.
[2017.01.29-01.40.31:061][  0]SourceControl: Info Source control is disabled
[2017.01.29-01.40.31:062][  0]SourceControl: Info Source control is disabled
[2017.01.29-01.40.31:115][  0]SourceControl: Info Source control is disabled
[2017.01.29-01.40.31:165][  0]SourceControl: Info Source control is disabled
[2017.01.29-01.40.32:652][  0]LogEngine: Initializing Engine...
[2017.01.29-01.40.32:652][  0]LogHMD: Failed to initialize OpenVR with code 110
[2017.01.29-01.40.32:899][  0]LogAIModule: Creating AISystem for world Untitled
[2017.01.29-01.40.32:914][  0]LogInit: XAudio2 using 'Speakers (Realtek High Definition Audio)' : 2 channels at 48 kHz using 32 bits per sample (channel mask 0x3)
[2017.01.29-01.40.32:926][  0]LogInit: FAudioDevice initialized.
[2017.01.29-01.40.32:965][  0]LogDerivedDataCache: Saved boot cache 0.04s 50MB C:/Users/Tak/AppData/Local/UnrealEngine/4.14/DerivedDataCache/Boot.ddc.
[2017.01.29-01.40.32:974][  0]LogInit: Texture streaming: Enabled
[2017.01.29-01.40.33:165][  0]LogInit: Transaction tracking system initialized
[2017.01.29-01.40.33:532][  0]BlueprintLog: New page: Editor Load
[2017.01.29-01.40.34:849][  0]LocalizationService: Info Localization service is disabled
[2017.01.29-01.40.35:731][  0]LogConsoleResponse:Display: 
[2017.01.29-01.40.35:857][  0]LogCook:Display: Max memory allowance for cook 16384mb min free memory 0mb
[2017.01.29-01.40.35:857][  0]LogCook:Display: Mobile HDR setting 1
[2017.01.29-01.40.36:804][  0]LogFileCache: Scanning file cache for directory 'C:/Users/Tak/Documents/GitHub/UnrealEngine_MM_TechDemo/Content/' took 0.02s
[2017.01.29-01.40.36:846][  0]SourceControl: Info Source control is disabled
[2017.01.29-01.40.36:846][  0]Cmd: MAP LOAD FILE="../../../../../../Users/Tak/Documents/GitHub/UnrealEngine_MM_TechDemo/Content/ShantaesRipoff/Maps/level_00.umap" TEMPLATE=0 SHOWPROGRESS=1 FEATURELEVEL=3
[2017.01.29-01.40.36:846][  0]LightingResults: New page: Lighting Build
[2017.01.29-01.40.36:883][  0]MapCheck: New page: Map Check
[2017.01.29-01.40.36:883][  0]LightingResults: New page: Lighting Build
[2017.01.29-01.40.37:102][  0]LogAIModule: Creating AISystem for world level_00
[2017.01.29-01.40.37:109][  0]LogEditorServer: Finished looking for orphan Actors (0.000 secs)
[2017.01.29-01.40.37:110][  0]Cmd: MAP CHECKDEP NOCLEARLOG
[2017.01.29-01.40.37:157][  0]MapCheck: Info Map check complete: 0 Error(s), 0 Warning(s), took 47.074ms to complete.
[2017.01.29-01.40.37:157][  0]LogFileHelpers: Loading map 'level_00' took 0.311
[2017.01.29-01.40.37:278][  0]LogCollectionManager: Loaded 0 collections in 0.002509 seconds
[2017.01.29-01.40.37:352][  0]LogFileCache: Scanning file cache for directory 'C:/Users/Tak/Documents/GitHub/UnrealEngine_MM_TechDemo/Saved/Collections/' took 0.01s
[2017.01.29-01.40.37:352][  0]LogFileCache: Scanning file cache for directory 'C:/Users/Tak/Documents/GitHub/UnrealEngine_MM_TechDemo/Content/Developers/Tak/Collections/' took 0.01s
[2017.01.29-01.40.37:352][  0]LogFileCache: Scanning file cache for directory 'C:/Users/Tak/Documents/GitHub/UnrealEngine_MM_TechDemo/Content/Collections/' took 0.01s
[2017.01.29-01.40.37:352][  0]LogCollectionManager: Rebuilt the GUID cache for 0 collections in 0.000002 seconds
[2017.01.29-01.40.37:362][  0]LogContentBrowser: Native class hierarchy populated in 0.0093 seconds. Added 2204 classes and 434 folders.
[2017.01.29-01.40.37:400][  0]LogStats: UGameplayTagsManager::ConstructGameplayTagTree: Construct from data asset -  0.000 s
[2017.01.29-01.40.37:400][  0]LogStats: UGameplayTagsManager::ConstructGameplayTagTree: GameplayTagTreeChangedEvent.Broadcast -  0.000 s
[2017.01.29-01.40.37:401][  0]LogContentBrowser: Native class hierarchy updated for 'GameplayTags' in 0.0014 seconds. Added 13 classes and 0 folders.
[2017.01.29-01.40.37:460][  0]LogContentBrowser: Native class hierarchy updated for 'WidgetCarousel' in 0.0013 seconds. Added 0 classes and 0 folders.
[2017.01.29-01.40.37:499][  0]LogContentBrowser: Native class hierarchy updated for 'AddContentDialog' in 0.0013 seconds. Added 0 classes and 0 folders.
[2017.01.29-01.40.37:540][  0]LogContentBrowser: Native class hierarchy updated for 'SceneOutliner' in 0.0014 seconds. Added 1 classes and 2 folders.
[2017.01.29-01.40.37:624][  0]LogCrashTracker: Crashtracker disabled due to settings.
[2017.01.29-01.40.37:630][  0]LogUObjectGlobals:Warning: Failed to find object 'Class None.'
[2017.01.29-01.40.37:690][  0]LogContentBrowser: Native class hierarchy updated for 'HierarchicalLODOutliner' in 0.0014 seconds. Added 1 classes and 2 folders.
[2017.01.29-01.40.37:690][  0]LogLoad: (Engine Initialization) Total time: 20.16 seconds
[2017.01.29-01.40.37:690][  0]LogLoad: (Engine Initialization) Total Blueprint compile time: 0.09 seconds
[2017.01.29-01.40.37:690][  0]LogExternalProfiler: Found external profiler: VSPerf
[2017.01.29-01.40.37:690][  0]LogExternalProfiler: Using external profiler: VSPerf
[2017.01.29-01.40.37:699][  0]LogOcInput: OculusInput pre-init called
[2017.01.29-01.40.37:717][  0]LogContentStreaming: Texture pool size now 1000 MB
[2017.01.29-01.40.37:850][  0]LogRenderer: Reallocating scene render targets to support 984x572 NumSamples 1 (Frame:2).
[2017.01.29-01.40.37:960][  1]LogAssetRegistry: Asset discovery search completed in 9.3086 seconds
[2017.01.29-01.40.37:960][  1]LogCollectionManager: Rebuilt the object cache for 0 collections in 0.000001 seconds (found 0 objects)
[2017.01.29-01.40.37:960][  1]LogCollectionManager: Fixed up redirectors for 0 collections in 0.000015 seconds (updated 0 objects)
[2017.01.29-01.40.45:333][869]LogEditorViewport: Clicking on Actor (LMB): StaticMeshActor (Steps1)
[2017.01.29-01.40.45:908][928]LogEditorViewport: Clicking on Actor (LMB): StaticMeshActor (M_Door_Frame)
[2017.01.29-01.40.47:692][134]LogEditorViewport: Clicking on Actor (LMB): StaticMeshActor (M_Window_Plain22)
[2017.01.29-01.40.57:085][132]LogEditorViewport: Clicking on Actor (LMB): StaticMeshActor (M_Sidewalk_L)
[2017.01.29-01.41.01:147][583]Cmd: TRANSACTION UNDO
[2017.01.29-01.41.01:147][583]LogEditorTransaction: Undo Move Actors
[2017.01.29-01.41.01:544][604]Cmd: TRANSACTION UNDO
[2017.01.29-01.41.01:544][604]LogEditorTransaction: Undo Clicking on Actors
[2017.01.29-01.41.02:241][678]LogEditorViewport: Clicking on Actor (LMB): PlayerStart (Player Start)
[2017.01.29-01.41.07:580][302]LogNavigationPoint: PostEditMove Clear paths rebuilt
[2017.01.29-01.41.08:625][340]LogSavePackage: Save=256.86ms
[2017.01.29-01.41.08:626][340]LogSavePackage: Moving '../../../../../../Users/Tak/Documents/GitHub/UnrealEngine_MM_TechDemo/Saved/level_0029B3436B490EAD5B0968AF9548F28179.tmp' to '../../../../../../Users/Tak/Documents/GitHub/UnrealEngine_MM_TechDemo/Content/ShantaesRipoff/Maps/level_00.umap'
[2017.01.29-01.41.08:626][340]LogFileManager:Warning: DeleteFile was unable to delete '../../../../../../Users/Tak/Documents/GitHub/UnrealEngine_MM_TechDemo/Content/ShantaesRipoff/Maps/level_00.umap', retrying in .5s...
[2017.01.29-01.41.09:126][340]LogFileManager:Error: Error deleting file '../../../../../../Users/Tak/Documents/GitHub/UnrealEngine_MM_TechDemo/Content/ShantaesRipoff/Maps/level_00.umap'.
[2017.01.29-01.41.09:127][340]LogSavePackage:Error: Error saving '../../../../../../Users/Tak/Documents/GitHub/UnrealEngine_MM_TechDemo/Content/ShantaesRipoff/Maps/level_00.umap'
[2017.01.29-01.41.09:136][340]LogSavePackage:Display: Finished SavePackage ../../../../../../Users/Tak/Documents/GitHub/UnrealEngine_MM_TechDemo/Content/ShantaesRipoff/Maps/level_00.umap
[2017.01.29-01.41.09:298][340]EditorErrors: New page: Save Output
[2017.01.29-01.41.09:298][340]EditorErrors:Warning: Warning Error saving '../../../../../../Users/Tak/Documents/GitHub/UnrealEngine_MM_TechDemo/Content/ShantaesRipoff/Maps/level_00.umap'
[2017.01.29-01.41.10:115][417]LogSavePackage: Save=33.17ms
[2017.01.29-01.41.10:115][417]LogSavePackage: Moving '../../../../../../Users/Tak/Documents/GitHub/UnrealEngine_MM_TechDemo/Saved/level_007776062040D2ACDC83692D99FF962AF1.tmp' to '../../../../../../Users/Tak/Documents/GitHub/UnrealEngine_MM_TechDemo/Content/ShantaesRipoff/Maps/level_00.umap'
[2017.01.29-01.41.10:115][417]LogFileManager:Warning: DeleteFile was unable to delete '../../../../../../Users/Tak/Documents/GitHub/UnrealEngine_MM_TechDemo/Content/ShantaesRipoff/Maps/level_00.umap', retrying in .5s...
[2017.01.29-01.41.10:616][417]LogFileManager:Error: Error deleting file '../../../../../../Users/Tak/Documents/GitHub/UnrealEngine_MM_TechDemo/Content/ShantaesRipoff/Maps/level_00.umap'.
[2017.01.29-01.41.10:616][417]LogSavePackage:Error: Error saving '../../../../../../Users/Tak/Documents/GitHub/UnrealEngine_MM_TechDemo/Content/ShantaesRipoff/Maps/level_00.umap'
[2017.01.29-01.41.10:619][417]LogSavePackage:Display: Finished SavePackage ../../../../../../Users/Tak/Documents/GitHub/UnrealEngine_MM_TechDemo/Content/ShantaesRipoff/Maps/level_00.umap
[2017.01.29-01.41.10:625][417]EditorErrors: New page: Save Output
[2017.01.29-01.41.10:625][417]EditorErrors:Warning: Warning Error saving '../../../../../../Users/Tak/Documents/GitHub/UnrealEngine_MM_TechDemo/Content/ShantaesRipoff/Maps/level_00.umap'
[2017.01.29-01.41.17:013][159]LogNavigationPoint: PostEditMove Clear paths rebuilt
[2017.01.29-01.41.19:158][409]LogNavigationPoint: PostEditMove Clear paths rebuilt
[2017.01.29-01.41.21:455][679]LogNavigationPoint: PostEditMove Clear paths rebuilt
[2017.01.29-01.41.22:887][849]LogEditorViewport: Clicking Background
[2017.01.29-01.41.23:171][875]LogSavePackage: Save=33.24ms
[2017.01.29-01.41.23:171][875]LogSavePackage: Moving '../../../../../../Users/Tak/Documents/GitHub/UnrealEngine_MM_TechDemo/Saved/level_000AC8280F44C42B38E2C0AE8FF07BDB1D.tmp' to '../../../../../../Users/Tak/Documents/GitHub/UnrealEngine_MM_TechDemo/Content/ShantaesRipoff/Maps/level_00.umap'
[2017.01.29-01.41.23:171][875]LogFileManager:Warning: DeleteFile was unable to delete '../../../../../../Users/Tak/Documents/GitHub/UnrealEngine_MM_TechDemo/Content/ShantaesRipoff/Maps/level_00.umap', retrying in .5s...
[2017.01.29-01.41.23:672][875]LogFileManager:Error: Error deleting file '../../../../../../Users/Tak/Documents/GitHub/UnrealEngine_MM_TechDemo/Content/ShantaesRipoff/Maps/level_00.umap'.
[2017.01.29-01.41.23:672][875]LogSavePackage:Error: Error saving '../../../../../../Users/Tak/Documents/GitHub/UnrealEngine_MM_TechDemo/Content/ShantaesRipoff/Maps/level_00.umap'
[2017.01.29-01.41.23:675][875]LogSavePackage:Display: Finished SavePackage ../../../../../../Users/Tak/Documents/GitHub/UnrealEngine_MM_TechDemo/Content/ShantaesRipoff/Maps/level_00.umap
[2017.01.29-01.41.23:679][875]EditorErrors: New page: Save Output
[2017.01.29-01.41.23:679][875]EditorErrors:Warning: Warning Error saving '../../../../../../Users/Tak/Documents/GitHub/UnrealEngine_MM_TechDemo/Content/ShantaesRipoff/Maps/level_00.umap'
[2017.01.29-01.41.27:870][370]LogEditorViewport: Clicking on Actor (LMB): PlayerStart (Player Start)
[2017.01.29-01.41.28:628][457]LogTemp: Repeting last play command: New Editor Window (PIE)
[2017.01.29-01.41.28:710][457]LogPlayLevel: PlayLevel: No blueprints needed recompiling
[2017.01.29-01.41.28:892][457]PIE: New page: PIE session: level_00 (Jan 28, 2017, 3:41:28 PM)
[2017.01.29-01.41.28:907][457]LogPlayLevel: Creating play world package: /Game/ShantaesRipoff/Maps/UEDPIE_0_level_00
[2017.01.29-01.41.28:975][457]LogPlayLevel: PIE: StaticDuplicateObject took: (0.067246s)
[2017.01.29-01.41.28:976][457]LogAIModule: Creating AISystem for world level_00
[2017.01.29-01.41.28:997][457]LogPlayLevel: PIE: World Init took: (0.021228s)
[2017.01.29-01.41.29:008][457]LogPlayLevel: PIE: Created PIE world by copying editor world from /Game/ShantaesRipoff/Maps/level_00.level_00 to /Game/ShantaesRipoff/Maps/UEDPIE_0_level_00.level_00 (0.100526s)
[2017.01.29-01.41.29:060][457]LogInit: XAudio2 using 'Speakers (Realtek High Definition Audio)' : 2 channels at 48 kHz using 32 bits per sample (channel mask 0x3)
[2017.01.29-01.41.29:080][457]LogInit: FAudioDevice initialized.
[2017.01.29-01.41.29:329][457]LogLoad: Game class is '2DSideScrollerGameMode_C'
[2017.01.29-01.41.29:451][457]LogWorld: Bringing World /Game/ShantaesRipoff/Maps/UEDPIE_0_level_00.level_00 up for play (max tick rate 0) at 2017.01.28-20.41.29
[2017.01.29-01.41.29:476][457]LogWorld: Bringing up level for play took: 0.027356
[2017.01.29-01.41.29:957][457]LogContentBrowser: Native class hierarchy updated for 'MovieSceneCapture' in 0.0034 seconds. Added 11 classes and 0 folders.
[2017.01.29-01.41.30:157][457]PIE:Warning: Warning The widget 'Widget_HUD_C' was already added to the screen.
[2017.01.29-01.41.30:223][457]PIE: Info Play in editor start time for /Game/ShantaesRipoff/Maps/UEDPIE_0_level_00 1.661
[2017.01.29-01.41.30:754][457]LogRenderer: Reallocating scene render targets to support 1292x756 NumSamples 1 (Frame:1335).
[2017.01.29-01.41.30:888][458]LogCharacterMovement:Warning: GetSimulationTimeStep() - Max iterations 8 hit while remaining time 0.089205 > MaxSimulationTimeStep (0.050) for 'BP_Dude_C_0', movement 'Walking'
[2017.01.29-01.41.53:181][ 11]LogSavePackage: Save=33.27ms
[2017.01.29-01.41.53:181][ 11]LogSavePackage: Moving '../../../../../../Users/Tak/Documents/GitHub/UnrealEngine_MM_TechDemo/Saved/level_00DBFEDEA747C0B21FDF2D9F97C0D24BB2.tmp' to '../../../../../../Users/Tak/Documents/GitHub/UnrealEngine_MM_TechDemo/Content/ShantaesRipoff/Maps/level_00.umap'
[2017.01.29-01.41.53:181][ 11]LogFileManager:Warning: DeleteFile was unable to delete '../../../../../../Users/Tak/Documents/GitHub/UnrealEngine_MM_TechDemo/Content/ShantaesRipoff/Maps/level_00.umap', retrying in .5s...
[2017.01.29-01.41.53:682][ 11]LogFileManager:Error: Error deleting file '../../../../../../Users/Tak/Documents/GitHub/UnrealEngine_MM_TechDemo/Content/ShantaesRipoff/Maps/level_00.umap'.
[2017.01.29-01.41.53:682][ 11]LogSavePackage:Error: Error saving '../../../../../../Users/Tak/Documents/GitHub/UnrealEngine_MM_TechDemo/Content/ShantaesRipoff/Maps/level_00.umap'
[2017.01.29-01.41.53:686][ 11]LogSavePackage:Display: Finished SavePackage ../../../../../../Users/Tak/Documents/GitHub/UnrealEngine_MM_TechDemo/Content/ShantaesRipoff/Maps/level_00.umap
[2017.01.29-01.41.53:692][ 11]EditorErrors: New page: Save Output
[2017.01.29-01.41.53:692][ 11]EditorErrors:Warning: Warning Error saving '../../../../../../Users/Tak/Documents/GitHub/UnrealEngine_MM_TechDemo/Content/ShantaesRipoff/Maps/level_00.umap'
[2017.01.29-01.42.03:046][880]LogSavePackage: Save=51.29ms
[2017.01.29-01.42.03:046][880]LogSavePackage: Moving '../../../../../../Users/Tak/Documents/GitHub/UnrealEngine_MM_TechDemo/Saved/level_00B0A1F2084B81E23F5D2615803424719B.tmp' to '../../../../../../Users/Tak/Documents/GitHub/UnrealEngine_MM_TechDemo/Content/ShantaesRipoff/Maps/level_00.umap'
[2017.01.29-01.42.03:047][880]LogFileManager:Warning: DeleteFile was unable to delete '../../../../../../Users/Tak/Documents/GitHub/UnrealEngine_MM_TechDemo/Content/ShantaesRipoff/Maps/level_00.umap', retrying in .5s...
[2017.01.29-01.42.03:547][880]LogFileManager:Error: Error deleting file '../../../../../../Users/Tak/Documents/GitHub/UnrealEngine_MM_TechDemo/Content/ShantaesRipoff/Maps/level_00.umap'.
[2017.01.29-01.42.03:547][880]LogSavePackage:Error: Error saving '../../../../../../Users/Tak/Documents/GitHub/UnrealEngine_MM_TechDemo/Content/ShantaesRipoff/Maps/level_00.umap'
[2017.01.29-01.42.03:551][880]LogSavePackage:Display: Finished SavePackage ../../../../../../Users/Tak/Documents/GitHub/UnrealEngine_MM_TechDemo/Content/ShantaesRipoff/Maps/level_00.umap
[2017.01.29-01.42.03:554][880]EditorErrors: New page: Save Output
[2017.01.29-01.42.03:554][880]EditorErrors:Warning: Warning Error saving '../../../../../../Users/Tak/Documents/GitHub/UnrealEngine_MM_TechDemo/Content/ShantaesRipoff/Maps/level_00.umap'
[2017.01.29-01.42.03:585][880]LogFileHelpers: Saving map 'level_00' took 0.644
[2017.01.29-01.42.12:172][880]LogSavePackage: Save=33.51ms
[2017.01.29-01.42.12:172][880]LogSavePackage: Moving '../../../../../../Users/Tak/Documents/GitHub/UnrealEngine_MM_TechDemo/Saved/level_00EB926A6540022FEE26DDE991603EB7CB.tmp' to '../../../../../../Users/Tak/Documents/GitHub/UnrealEngine_MM_TechDemo/Content/ShantaesRipoff/Maps/level_00.umap'
[2017.01.29-01.42.12:173][880]LogFileManager:Warning: DeleteFile was unable to delete '../../../../../../Users/Tak/Documents/GitHub/UnrealEngine_MM_TechDemo/Content/ShantaesRipoff/Maps/level_00.umap', retrying in .5s...
[2017.01.29-01.42.12:673][880]LogFileManager:Error: Error deleting file '../../../../../../Users/Tak/Documents/GitHub/UnrealEngine_MM_TechDemo/Content/ShantaesRipoff/Maps/level_00.umap'.
[2017.01.29-01.42.12:673][880]LogSavePackage:Error: Error saving '../../../../../../Users/Tak/Documents/GitHub/UnrealEngine_MM_TechDemo/Content/ShantaesRipoff/Maps/level_00.umap'
[2017.01.29-01.42.12:676][880]LogSavePackage:Display: Finished SavePackage ../../../../../../Users/Tak/Documents/GitHub/UnrealEngine_MM_TechDemo/Content/ShantaesRipoff/Maps/level_00.umap
[2017.01.29-01.42.12:679][880]EditorErrors: New page: Save Output
[2017.01.29-01.42.12:679][880]EditorErrors:Warning: Warning Error saving '../../../../../../Users/Tak/Documents/GitHub/UnrealEngine_MM_TechDemo/Content/ShantaesRipoff/Maps/level_00.umap'
[2017.01.29-01.42.12:682][880]LogFileHelpers: Saving map 'level_00' took 0.595
[2017.01.29-01.42.16:014][147]LogEditorViewport: Clicking on Actor (LMB): StaticMeshActor (M_Sidewalk_L)
[2017.01.29-01.42.16:214][165]Cmd: TRANSACTION UNDO
[2017.01.29-01.42.16:214][165]LogEditorTransaction: Undo Clicking on Actors
[2017.01.29-01.42.18:316][406]LogEditorViewport: Clicking Background
[2017.01.29-01.42.19:962][593]LogSavePackage: Save=32.60ms
[2017.01.29-01.42.19:962][593]LogSavePackage: Moving '../../../../../../Users/Tak/Documents/GitHub/UnrealEngine_MM_TechDemo/Saved/level_009D92D2EB4CC3A5F4FECAEBA2D3471F01.tmp' to '../../../../../../Users/Tak/Documents/GitHub/UnrealEngine_MM_TechDemo/Content/ShantaesRipoff/Maps/level_00.umap'
[2017.01.29-01.42.19:963][593]LogFileManager:Warning: DeleteFile was unable to delete '../../../../../../Users/Tak/Documents/GitHub/UnrealEngine_MM_TechDemo/Content/ShantaesRipoff/Maps/level_00.umap', retrying in .5s...
[2017.01.29-01.42.20:463][593]LogFileManager:Error: Error deleting file '../../../../../../Users/Tak/Documents/GitHub/UnrealEngine_MM_TechDemo/Content/ShantaesRipoff/Maps/level_00.umap'.
[2017.01.29-01.42.20:463][593]LogSavePackage:Error: Error saving '../../../../../../Users/Tak/Documents/GitHub/UnrealEngine_MM_TechDemo/Content/ShantaesRipoff/Maps/level_00.umap'
[2017.01.29-01.42.20:466][593]LogSavePackage:Display: Finished SavePackage ../../../../../../Users/Tak/Documents/GitHub/UnrealEngine_MM_TechDemo/Content/ShantaesRipoff/Maps/level_00.umap
[2017.01.29-01.42.20:469][593]EditorErrors: New page: Save Output
[2017.01.29-01.42.20:469][593]EditorErrors:Warning: Warning Error saving '../../../../../../Users/Tak/Documents/GitHub/UnrealEngine_MM_TechDemo/Content/ShantaesRipoff/Maps/level_00.umap'
[2017.01.29-01.42.24:961][844]Cmd: QUIT_EDITOR
[2017.01.29-01.42.25:853][844]LogWindowsTextInputMethodSystem:Display: IME system now deactivated.
[2017.01.29-01.42.25:878][844]LogExit: Preparing to exit.
[2017.01.29-01.42.26:560][844]LogDirectoryWatcher: A directory notification for 'C:/Users/Tak/Documents/GitHub/UnrealEngine_MM_TechDemo/Content/' was aborted.
[2017.01.29-01.42.26:589][844]LogExit: Editor shut down
[2017.01.29-01.42.26:590][844]LogExit: Transaction tracking system shut down
[2017.01.29-01.42.26:653][844]LogObj: Freed 0b from 0 cluster array pools.
[2017.01.29-01.42.26:653][844]LogExit: Object subsystem successfully closed.
[2017.01.29-01.42.26:665][844]LogD3D11RHI: Shutdown
[2017.01.29-01.42.26:665][844]LogD3D11RHI: CleanupD3DDevice
[2017.01.29-01.42.26:737][844]LogD3D11RHI: ~FD3D11DynamicRHI
[2017.01.29-01.42.26:756][844]LogHttp:Display: Http module shutting down, but needs to wait on 1 outstanding Http requests:
[2017.01.29-01.42.26:756][844]LogHttp:Display: 	verb=[POST] url=[https://datarouter.ol.epicgames.com/datarouter/api/v1/public/data?SessionID=%7B16E3C425-42C0-6C62-3D1A-72A004C6C49A%7D&AppID=UEEditor.Rocket.Release&AppVersion=4.14.3-3249277%2B%2B%2BUE4%2BRelease-4.14&UserID=432ba7df4ad6bae0ec2354b7fc35a1e0%7C4a54d2d7bb754e88b4669d72009f5046%7C097e5d8a-9fc2-49b4-984a-3ac3ca64eac4&AppEnvironment=datacollector-binary&UploadType=eteventstream] status=Processing
[2017.01.29-01.42.26:777][844]LogModuleManager: Shutting down and abandoning module MovieSceneCapture (244)
[2017.01.29-01.42.26:777][844]LogModuleManager: Shutting down and abandoning module HierarchicalLODOutliner (243)
[2017.01.29-01.42.26:777][844]LogModuleManager: Shutting down and abandoning module CrashTracker (242)
[2017.01.29-01.42.26:777][844]LogModuleManager: Shutting down and abandoning module SceneOutliner (241)
[2017.01.29-01.42.26:777][844]LogModuleManager: Shutting down and abandoning module WidgetCarousel (240)
[2017.01.29-01.42.26:777][844]LogModuleManager: Shutting down and abandoning module AddContentDialog (239)
[2017.01.29-01.42.26:787][844]LogDirectoryWatcher: A directory notification for 'C:/Program Files (x86)/Epic Games/4.14/FeaturePacks/' was aborted.
[2017.01.29-01.42.26:788][844]LogModuleManager: Shutting down and abandoning module GameplayTags (238)
[2017.01.29-01.42.26:788][844]LogModuleManager: Shutting down and abandoning module EditorWidgets (237)
[2017.01.29-01.42.26:788][844]LogModuleManager: Shutting down and abandoning module CollectionManager (236)
[2017.01.29-01.42.26:788][844]LogDirectoryWatcher: A directory notification for 'C:/Users/Tak/Documents/GitHub/UnrealEngine_MM_TechDemo/Content/Collections/' was aborted.
[2017.01.29-01.42.26:788][844]LogDirectoryWatcher: A directory notification for 'C:/Users/Tak/Documents/GitHub/UnrealEngine_MM_TechDemo/Content/Developers/Tak/Collections/' was aborted.
[2017.01.29-01.42.26:788][844]LogDirectoryWatcher: A directory notification for 'C:/Users/Tak/Documents/GitHub/UnrealEngine_MM_TechDemo/Saved/Collections/' was aborted.
[2017.01.29-01.42.26:788][844]LogModuleManager: Shutting down and abandoning module StatsViewer (235)
[2017.01.29-01.42.26:788][844]LogModuleManager: Shutting down and abandoning module FoliageEdit (234)
[2017.01.29-01.42.26:788][844]LogModuleManager: Shutting down and abandoning module LandscapeEditor (233)
[2017.01.29-01.42.26:788][844]LogModuleManager: Shutting down and abandoning module SceneDepthPickerMode (232)
[2017.01.29-01.42.26:788][844]LogModuleManager: Shutting down and abandoning module ActorPickerMode (231)
[2017.01.29-01.42.26:788][844]LogModuleManager: Shutting down and abandoning module GeometryMode (230)
[2017.01.29-01.42.26:788][844]LogModuleManager: Shutting down and abandoning module TextureAlignMode (229)
[2017.01.29-01.42.26:788][844]LogModuleManager: Shutting down and abandoning module BspMode (228)
[2017.01.29-01.42.26:788][844]LogModuleManager: Shutting down and abandoning module HardwareSurvey (227)
[2017.01.29-01.42.26:788][844]LogModuleManager: Shutting down and abandoning module SequenceRecorderSections (226)
[2017.01.29-01.42.26:788][844]LogModuleManager: Shutting down and abandoning module AutomationWorker (225)
[2017.01.29-01.42.26:788][844]LogModuleManager: Shutting down and abandoning module MatineeToLevelSequence (224)
[2017.01.29-01.42.26:788][844]LogModuleManager: Shutting down and abandoning module PlacementMode (223)
[2017.01.29-01.42.26:789][844]LogModuleManager: Shutting down and abandoning module LevelSequenceEditor (222)
[2017.01.29-01.42.26:789][844]LogModuleManager: Shutting down and abandoning module WmfMediaFactory (221)
[2017.01.29-01.42.26:789][844]LogModuleManager: Shutting down and abandoning module WmfMediaEditor (220)
[2017.01.29-01.42.26:789][844]LogModuleManager: Shutting down and abandoning module AvfMediaFactory (219)
[2017.01.29-01.42.26:789][844]LogModuleManager: Shutting down and abandoning module AvfMediaEditor (218)
[2017.01.29-01.42.26:789][844]LogModuleManager: Shutting down and abandoning module Media (217)
[2017.01.29-01.42.26:789][844]LogModuleManager: Shutting down and abandoning module AndroidMediaFactory (216)
[2017.01.29-01.42.26:789][844]LogModuleManager: Shutting down and abandoning module AndroidMediaEditor (215)
[2017.01.29-01.42.26:789][844]LogModuleManager: Shutting down and abandoning module CharacterAI (214)
[2017.01.29-01.42.26:789][844]LogModuleManager: Shutting down and abandoning module SequenceRecorder (213)
[2017.01.29-01.42.26:789][844]LogModuleManager: Shutting down and abandoning module AudioCapture (212)
[2017.01.29-01.42.26:789][844]LogModuleManager: Shutting down and abandoning module SmartSnapping (211)
[2017.01.29-01.42.26:789][844]LogModuleManager: Shutting down and abandoning module SessionServices (210)
[2017.01.29-01.42.26:789][844]LogModuleManager: Shutting down and abandoning module ViewportSnapping (209)
[2017.01.29-01.42.26:789][844]LogModuleManager: Shutting down and abandoning module ViewportInteraction (208)
[2017.01.29-01.42.26:789][844]LogModuleManager: Shutting down and abandoning module LogVisualizer (207)
[2017.01.29-01.42.26:789][844]LogModuleManager: Shutting down and abandoning module GameProjectGeneration (206)
[2017.01.29-01.42.26:789][844]LogModuleManager: Shutting down and abandoning module IntroTutorials (205)
[2017.01.29-01.42.26:789][844]LogModuleManager: Shutting down and abandoning module EditorLiveStreaming (204)
[2017.01.29-01.42.26:789][844]LogModuleManager: Shutting down and abandoning module IOSPlatformEditor (203)
[2017.01.29-01.42.26:789][844]LogModuleManager: Shutting down and abandoning module HTML5PlatformEditor (202)
[2017.01.29-01.42.26:789][844]LogModuleManager: Shutting down and abandoning module AndroidDeviceDetection (201)
[2017.01.29-01.42.27:489][844]LogModuleManager: Shutting down and abandoning module AndroidPlatformEditor (200)
[2017.01.29-01.42.27:489][844]LogModuleManager: Shutting down and abandoning module IOSRuntimeSettings (199)
[2017.01.29-01.42.27:489][844]LogModuleManager: Shutting down and abandoning module AndroidRuntimeSettings (198)
[2017.01.29-01.42.27:489][844]LogModuleManager: Shutting down and abandoning module InputBindingEditor (197)
[2017.01.29-01.42.27:489][844]LogModuleManager: Shutting down and abandoning module NiagaraEditor (196)
[2017.01.29-01.42.27:489][844]LogModuleManager: Shutting down and abandoning module MergeActors (195)
[2017.01.29-01.42.27:489][844]LogModuleManager: Shutting down and abandoning module SizeMap (194)
[2017.01.29-01.42.27:489][844]LogModuleManager: Shutting down and abandoning module TreeMap (193)
[2017.01.29-01.42.27:489][844]LogModuleManager: Shutting down and abandoning module ReferenceViewer (192)
[2017.01.29-01.42.27:489][844]LogModuleManager: Shutting down and abandoning module LocalizationService (191)
[2017.01.29-01.42.27:489][844]LogModuleManager: Shutting down and abandoning module LocalizationDashboard (190)
[2017.01.29-01.42.27:489][844]LogModuleManager: Shutting down and abandoning module HardwareTargeting (189)
[2017.01.29-01.42.27:489][844]LogModuleManager: Shutting down and abandoning module DeviceProfileEditor (188)
[2017.01.29-01.42.27:489][844]LogModuleManager: Shutting down and abandoning module UndoHistory (187)
[2017.01.29-01.42.27:489][844]LogModuleManager: Shutting down and abandoning module UserFeedback (186)
[2017.01.29-01.42.27:489][844]LogModuleManager: Shutting down and abandoning module XmlParser (185)
[2017.01.29-01.42.27:489][844]LogModuleManager: Shutting down and abandoning module Blutility (184)
[2017.01.29-01.42.27:489][844]LogModuleManager: Shutting down and abandoning module ProjectTargetPlatformEditor (183)
[2017.01.29-01.42.27:490][844]LogModuleManager: Shutting down and abandoning module ProjectSettingsViewer (182)
[2017.01.29-01.42.27:490][844]LogModuleManager: Shutting down and abandoning module EditorSettingsViewer (181)
[2017.01.29-01.42.27:490][844]LogModuleManager: Shutting down and abandoning module SettingsEditor (180)
[2017.01.29-01.42.27:490][844]LogModuleManager: Shutting down and abandoning module ProjectLauncher (179)
[2017.01.29-01.42.27:490][844]LogModuleManager: Shutting down and abandoning module SessionFrontend (178)
[2017.01.29-01.42.27:490][844]LogModuleManager: Shutting down and abandoning module ProfilerClient (177)
[2017.01.29-01.42.27:490][844]LogModuleManager: Shutting down and abandoning module TargetDeviceServices (176)
[2017.01.29-01.42.27:490][844]LogModuleManager: Shutting down and abandoning module DeviceManager (175)
[2017.01.29-01.42.27:532][844]LogModuleManager: Shutting down and abandoning module AutomationController (174)
[2017.01.29-01.42.27:532][844]LogModuleManager: Shutting down and abandoning module AutomationWindow (173)
[2017.01.29-01.42.27:532][844]LogModuleManager: Shutting down and abandoning module Layers (172)
[2017.01.29-01.42.27:532][844]LogModuleManager: Shutting down and abandoning module ComponentVisualizers (171)
[2017.01.29-01.42.27:532][844]LogModuleManager: Shutting down and abandoning module DetailCustomizations (170)
[2017.01.29-01.42.27:532][844]LogModuleManager: Shutting down and abandoning module PackagesDialog (169)
[2017.01.29-01.42.27:532][844]LogModuleManager: Shutting down and abandoning module AnimGraph (168)
[2017.01.29-01.42.27:532][844]LogModuleManager: Shutting down and abandoning module Persona (167)
[2017.01.29-01.42.27:532][844]LogModuleManager: Shutting down and abandoning module Kismet (166)
[2017.01.29-01.42.27:533][844]LogModuleManager: Shutting down and abandoning module GraphEditor (165)
[2017.01.29-01.42.27:533][844]LogModuleManager: Shutting down and abandoning module ClassViewer (164)
[2017.01.29-01.42.27:533][844]LogModuleManager: Shutting down and abandoning module Toolbox (163)
[2017.01.29-01.42.27:533][844]LogModuleManager: Shutting down and abandoning module ModuleUI (162)
[2017.01.29-01.42.27:533][844]LogModuleManager: Shutting down and abandoning module MovieSceneTools (161)
[2017.01.29-01.42.27:533][844]LogModuleManager: Shutting down and abandoning module OutputLog (160)
[2017.01.29-01.42.27:533][844]LogModuleManager: Shutting down and abandoning module GammaUI (159)
[2017.01.29-01.42.27:533][844]LogModuleManager: Shutting down and abandoning module Documentation (158)
[2017.01.29-01.42.27:533][844]LogModuleManager: Shutting down and abandoning module Niagara (157)
[2017.01.29-01.42.27:533][844]LogModuleManager: Shutting down and abandoning module StreamingPauseRendering (156)
[2017.01.29-01.42.27:533][844]LogModuleManager: Shutting down and abandoning module AnalyticsET (155)
[2017.01.29-01.42.27:533][844]LogModuleManager: Shutting down and abandoning module PortalServices (154)
[2017.01.29-01.42.27:533][844]LogModuleManager: Shutting down and abandoning module PortalRpc (153)
[2017.01.29-01.42.27:533][844]LogModuleManager: Shutting down and abandoning module MessagingRpc (152)
[2017.01.29-01.42.27:533][844]LogModuleManager: Shutting down and abandoning module GameplayDebugger (151)
[2017.01.29-01.42.27:533][844]LogModuleManager: Shutting down and abandoning module AITestSuite (150)
[2017.01.29-01.42.27:533][844]LogModuleManager: Shutting down and abandoning module AIModule (149)
[2017.01.29-01.42.27:533][844]LogModuleManager: Shutting down and abandoning module ProfilerService (148)
[2017.01.29-01.42.27:778][844]LogModuleManager: Shutting down and abandoning module TaskGraph (147)
[2017.01.29-01.42.27:778][844]LogModuleManager: Shutting down and abandoning module SubstanceEditor (146)
[2017.01.29-01.42.27:778][844]LogModuleManager: Shutting down and abandoning module SlateRemote (145)
[2017.01.29-01.42.27:778][844]LogModuleManager: Shutting down and abandoning module SteamVRController (144)
[2017.01.29-01.42.27:778][844]LogModuleManager: Shutting down and abandoning module SteamVR (143)
[2017.01.29-01.42.27:778][844]LogModuleManager: Shutting down and abandoning module ProceduralMeshComponentEditor (142)
[2017.01.29-01.42.27:778][844]LogModuleManager: Shutting down and abandoning module ProceduralMeshComponent (141)
[2017.01.29-01.42.27:778][844]LogModuleManager: Shutting down and abandoning module OculusLibrary (140)
[2017.01.29-01.42.27:778][844]LogModuleManager: Shutting down and abandoning module OculusInput (139)
[2017.01.29-01.42.27:778][844]LogModuleManager: Shutting down and abandoning module MobilePatchingUtils (138)
[2017.01.29-01.42.27:778][844]LogModuleManager: Shutting down and abandoning module CustomMeshComponent (137)
[2017.01.29-01.42.27:778][844]LogModuleManager: Shutting down and abandoning module CableComponent (136)
[2017.01.29-01.42.27:778][844]LogModuleManager: Shutting down and abandoning module ArchVisCharacter (135)
[2017.01.29-01.42.27:778][844]LogModuleManager: Shutting down and abandoning module MediaPlayerEditor (133)
[2017.01.29-01.42.27:778][844]LogModuleManager: Shutting down and abandoning module HTML5Networking (132)
[2017.01.29-01.42.27:778][844]LogModuleManager: Shutting down and abandoning module GeometryCacheEd (131)
[2017.01.29-01.42.27:778][844]LogModuleManager: Shutting down and abandoning module GeometryCache (130)
[2017.01.29-01.42.27:778][844]LogModuleManager: Shutting down and abandoning module AlembicLibrary (129)
[2017.01.29-01.42.27:778][844]LogModuleManager: Shutting down and abandoning module AlembicImporter (128)
[2017.01.29-01.42.27:778][844]LogModuleManager: Shutting down and abandoning module SuperSearch (127)
[2017.01.29-01.42.27:778][844]LogModuleManager: Shutting down and abandoning module SuperSearchEditor (126)
[2017.01.29-01.42.27:778][844]LogModuleManager: Shutting down and abandoning module SpeedTreeImporter (125)
[2017.01.29-01.42.27:778][844]LogModuleManager: Shutting down and abandoning module PluginBrowser (124)
[2017.01.29-01.42.27:778][844]LogModuleManager: Shutting down and abandoning module MobileLauncherProfileWizard (123)
[2017.01.29-01.42.27:778][844]LogModuleManager: Shutting down and abandoning module EpicSurvey (122)
[2017.01.29-01.42.27:794][844]LogModuleManager: Shutting down and abandoning module DesktopPlatform (121)
[2017.01.29-01.42.27:795][844]LogModuleManager: Shutting down and abandoning module VisualStudioSourceCodeAccess (120)
[2017.01.29-01.42.27:795][844]LogModuleManager: Shutting down and abandoning module UObjectPlugin (119)
[2017.01.29-01.42.27:795][844]LogModuleManager: Shutting down and abandoning module SubversionSourceControl (118)
[2017.01.29-01.42.27:795][844]LogModuleManager: Shutting down and abandoning module PerforceSourceControl (117)
[2017.01.29-01.42.27:795][844]LogModuleManager: Shutting down and abandoning module SourceControl (116)
[2017.01.29-01.42.27:795][844]LogModuleManager: Shutting down and abandoning module GitSourceControl (115)
[2017.01.29-01.42.27:795][844]LogModuleManager: Shutting down and abandoning module LightPropagationVolumeEditor (114)
[2017.01.29-01.42.27:795][844]LogModuleManager: Shutting down and abandoning module PaperTiledImporter (113)
[2017.01.29-01.42.27:795][844]LogModuleManager: Shutting down and abandoning module PaperSpriteSheetImporter (112)
[2017.01.29-01.42.27:795][844]LogModuleManager: Shutting down and abandoning module MeshPaint (111)
[2017.01.29-01.42.27:795][844]LogModuleManager: Shutting down and abandoning module PixelInspectorModule (110)
[2017.01.29-01.42.27:795][844]LogModuleManager: Shutting down and abandoning module HotReload (109)
[2017.01.29-01.42.27:795][844]LogDirectoryWatcher: A directory notification for 'C:/Users/Tak/Documents/GitHub/UnrealEngine_MM_TechDemo/Binaries/Win64' was aborted.
[2017.01.29-01.42.27:795][844]LogModuleManager: Shutting down and abandoning module MainFrame (108)
[2017.01.29-01.42.27:795][844]LogModuleManager: Shutting down and abandoning module LevelEditor (107)
[2017.01.29-01.42.27:796][844]LogModuleManager: Shutting down and abandoning module ContentBrowser (106)
[2017.01.29-01.42.27:796][844]LogModuleManager: Shutting down and abandoning module Paper2DEditor (105)
[2017.01.29-01.42.27:797][844]LogModuleManager: Shutting down and abandoning module UdpMessaging (104)
[2017.01.29-01.42.27:897][844]LogModuleManager: Shutting down and abandoning module TcpMessaging (103)
[2017.01.29-01.42.27:997][844]LogModuleManager: Shutting down and abandoning module SubstanceCore (102)
[2017.01.29-01.42.27:997][844]LogModuleManager: Shutting down and abandoning module LightPropagationVolumeRuntime (101)
[2017.01.29-01.42.27:997][844]LogModuleManager: Shutting down and abandoning module Paper2D (100)
[2017.01.29-01.42.27:997][844]LogModuleManager: Shutting down and abandoning module WindowsMoviePlayer (99)
[2017.01.29-01.42.27:997][844]LogModuleManager: Shutting down and abandoning module WmfMedia (98)
[2017.01.29-01.42.27:997][844]LogModuleManager: Shutting down and abandoning module MediaAssets (97)
[2017.01.29-01.42.27:997][844]LogModuleManager: Shutting down and abandoning module GameLiveStreaming (96)
[2017.01.29-01.42.27:997][844]LogModuleManager: Shutting down and abandoning module GameplayTagsEditor (95)
[2017.01.29-01.42.27:997][844]LogModuleManager: Shutting down and abandoning module VREditor (94)
[2017.01.29-01.42.27:997][844]LogModuleManager: Shutting down and abandoning module GameplayTasksEditor (93)
[2017.01.29-01.42.27:997][844]LogModuleManager: Shutting down and abandoning module BehaviorTreeEditor (92)
[2017.01.29-01.42.27:997][844]LogModuleManager: Shutting down and abandoning module FunctionalTesting (91)
[2017.01.29-01.42.27:997][844]LogModuleManager: Shutting down and abandoning module CollisionAnalyzer (90)
[2017.01.29-01.42.27:997][844]LogModuleManager: Shutting down and abandoning module Sequencer (89)
[2017.01.29-01.42.27:997][844]LogModuleManager: Shutting down and abandoning module WorkspaceMenuStructure (88)
[2017.01.29-01.42.27:998][844]LogModuleManager: Shutting down and abandoning module MessageLog (87)
[2017.01.29-01.42.27:998][844]LogModuleManager: Shutting down and abandoning module AssetTools (86)
[2017.01.29-01.42.27:998][844]LogModuleManager: Shutting down and abandoning module UMGEditor (85)
[2017.01.29-01.42.27:998][844]LogModuleManager: Shutting down and abandoning module UMG (84)
[2017.01.29-01.42.27:998][844]LogModuleManager: Shutting down and abandoning module SlateReflector (83)
[2017.01.29-01.42.27:998][844]LogModuleManager: Shutting down and abandoning module Slate (82)
[2017.01.29-01.42.27:998][844]LogModuleManager: Shutting down and abandoning module EditorStyle (81)
[2017.01.29-01.42.28:000][844]LogModuleManager: Shutting down and abandoning module SourceCodeAccess (80)
[2017.01.29-01.42.28:000][844]LogModuleManager: Shutting down and abandoning module HeadMountedDisplay (79)
[2017.01.29-01.42.28:000][844]LogModuleManager: Shutting down and abandoning module XAudio2 (78)
[2017.01.29-01.42.28:000][844]LogModuleManager: Shutting down and abandoning module Networking (76)
[2017.01.29-01.42.28:000][844]LogModuleManager: Shutting down and abandoning module Core (75)
[2017.01.29-01.42.28:000][844]LogModuleManager: Shutting down and abandoning module DirectoryWatcher (74)
[2017.01.29-01.42.28:000][844]LogDirectoryWatcher: A directory notification for '../../../Engine/Content/' was aborted.
[2017.01.29-01.42.28:000][844]LogDirectoryWatcher: A directory notification for '../../../../../../Users/Tak/Documents/GitHub/UnrealEngine_MM_TechDemo/Content/' was aborted.
[2017.01.29-01.42.28:000][844]LogDirectoryWatcher: A directory notification for '../../../Engine/Plugins/2D/Paper2D/Content/' was aborted.
[2017.01.29-01.42.28:000][844]LogModuleManager: Shutting down and abandoning module AssetRegistry (73)
[2017.01.29-01.42.28:226][844]LogModuleManager: Shutting down and abandoning module KismetCompiler (72)
[2017.01.29-01.42.28:226][844]LogModuleManager: Shutting down and abandoning module PhysXFormats (71)
[2017.01.29-01.42.28:226][844]LogModuleManager: Shutting down and abandoning module SimplygonSwarm (70)
[2017.01.29-01.42.28:226][844]LogModuleManager: Shutting down and abandoning module SimplygonMeshReduction (69)
[2017.01.29-01.42.28:226][844]LogModuleManager: Shutting down and abandoning module QuadricMeshReduction (68)
[2017.01.29-01.42.28:226][844]LogModuleManager: Shutting down and abandoning module PropertyEditor (67)
[2017.01.29-01.42.28:226][844]LogModuleManager: Shutting down and abandoning module MeshUtilities (66)
[2017.01.29-01.42.28:226][844]LogModuleManager: Shutting down and abandoning module DerivedDataCache (65)
[2017.01.29-01.42.28:326][844]LogDerivedDataCache: Shutdown
[2017.01.29-01.42.28:326][844]LogModuleManager: Shutting down and abandoning module VulkanShaderFormat (64)
[2017.01.29-01.42.28:326][844]LogModuleManager: Shutting down and abandoning module ShaderFormatOpenGL (63)
[2017.01.29-01.42.28:326][844]LogModuleManager: Shutting down and abandoning module ShaderFormatD3D (62)
[2017.01.29-01.42.28:326][844]LogModuleManager: Shutting down and abandoning module MetalShaderFormat (61)
[2017.01.29-01.42.28:326][844]LogModuleManager: Shutting down and abandoning module TextureFormatUncompressed (60)
[2017.01.29-01.42.28:326][844]LogModuleManager: Shutting down and abandoning module TextureFormatPVR (59)
[2017.01.29-01.42.28:326][844]LogModuleManager: Shutting down and abandoning module TextureFormatDXT (58)
[2017.01.29-01.42.28:326][844]LogModuleManager: Shutting down and abandoning module TextureFormatIntelISPCTexComp (57)
[2017.01.29-01.42.28:326][844]LogModuleManager: Shutting down and abandoning module ImageWrapper (56)
[2017.01.29-01.42.28:326][844]LogModuleManager: Shutting down and abandoning module TextureFormatASTC (55)
[2017.01.29-01.42.28:326][844]LogModuleManager: Shutting down and abandoning module TextureFormatAndroid (54)
[2017.01.29-01.42.28:326][844]LogModuleManager: Shutting down and abandoning module AudioFormatOpus (53)
[2017.01.29-01.42.28:326][844]LogModuleManager: Shutting down and abandoning module AudioFormatOgg (52)
[2017.01.29-01.42.28:326][844]LogModuleManager: Shutting down and abandoning module AudioFormatADPCM (51)
[2017.01.29-01.42.28:326][844]LogModuleManager: Shutting down and abandoning module LinuxTargetPlatform (50)
[2017.01.29-01.42.28:326][844]LogModuleManager: Shutting down and abandoning module LinuxServerTargetPlatform (49)
[2017.01.29-01.42.28:326][844]LogModuleManager: Shutting down and abandoning module LinuxNoEditorTargetPlatform (48)
[2017.01.29-01.42.28:326][844]LogModuleManager: Shutting down and abandoning module LinuxClientTargetPlatform (47)
[2017.01.29-01.42.28:326][844]LogModuleManager: Shutting down and abandoning module TVOSTargetPlatform (46)
[2017.01.29-01.42.28:326][844]LogModuleManager: Shutting down and abandoning module Messaging (45)
[2017.01.29-01.42.28:326][844]LogModuleManager: Shutting down and abandoning module IOSTargetPlatform (44)
[2017.01.29-01.42.28:326][844]LogModuleManager: Shutting down and abandoning module HTML5TargetPlatform (43)
[2017.01.29-01.42.28:326][844]LogModuleManager: Shutting down and abandoning module Android_PVRTCTargetPlatform (42)
[2017.01.29-01.42.28:326][844]LogModuleManager: Shutting down and abandoning module Android_MultiTargetPlatform (41)
[2017.01.29-01.42.28:326][844]LogModuleManager: Shutting down and abandoning module Android_ETC2TargetPlatform (40)
[2017.01.29-01.42.28:326][844]LogModuleManager: Shutting down and abandoning module Android_ETC1TargetPlatform (39)
[2017.01.29-01.42.28:326][844]LogModuleManager: Shutting down and abandoning module Android_DXTTargetPlatform (38)
[2017.01.29-01.42.28:326][844]LogModuleManager: Shutting down and abandoning module Android_ATCTargetPlatform (37)
[2017.01.29-01.42.28:326][844]LogModuleManager: Shutting down and abandoning module Android_ASTCTargetPlatform (36)
[2017.01.29-01.42.28:326][844]LogModuleManager: Shutting down and abandoning module AndroidTargetPlatform (35)
[2017.01.29-01.42.28:326][844]LogModuleManager: Shutting down and abandoning module WindowsTargetPlatform (34)
[2017.01.29-01.42.28:326][844]LogModuleManager: Shutting down and abandoning module WindowsServerTargetPlatform (33)
[2017.01.29-01.42.28:326][844]LogModuleManager: Shutting down and abandoning module WindowsNoEditorTargetPlatform (32)
[2017.01.29-01.42.28:326][844]LogModuleManager: Shutting down and abandoning module WindowsClientTargetPlatform (31)
[2017.01.29-01.42.28:326][844]LogModuleManager: Shutting down and abandoning module MacTargetPlatform (30)
[2017.01.29-01.42.28:326][844]LogModuleManager: Shutting down and abandoning module MacServerTargetPlatform (29)
[2017.01.29-01.42.28:326][844]LogModuleManager: Shutting down and abandoning module MacNoEditorTargetPlatform (28)
[2017.01.29-01.42.28:326][844]LogModuleManager: Shutting down and abandoning module MacClientTargetPlatform (27)
[2017.01.29-01.42.28:326][844]LogModuleManager: Shutting down and abandoning module AllDesktopTargetPlatform (26)
[2017.01.29-01.42.28:327][844]LogModuleManager: Shutting down and abandoning module TargetPlatform (25)
[2017.01.29-01.42.28:327][844]LogModuleManager: Shutting down and abandoning module InputCore (24)
[2017.01.29-01.42.28:327][844]LogModuleManager: Shutting down and abandoning module Settings (23)
[2017.01.29-01.42.28:327][844]LogModuleManager: Shutting down and abandoning module OculusRift (22)
[2017.01.29-01.42.28:327][844]LogModuleManager: Shutting down and abandoning module ExampleDeviceProfileSelector (21)
[2017.01.29-01.42.28:327][844]LogModuleManager: Shutting down and abandoning module OnlineBlueprintSupport (20)
[2017.01.29-01.42.28:327][844]LogModuleManager: Shutting down and abandoning module OnlineSubsystem (18)
[2017.01.29-01.42.28:327][844]LogOnline:Display: Unloading online subsystem: NULL
[2017.01.29-01.42.28:327][844]LogModuleManager: Shutting down and abandoning module SSL (17)
[2017.01.29-01.42.28:328][844]LogModuleManager: Shutting down and abandoning module HTTP (16)
[2017.01.29-01.42.28:328][844]LogModuleManager: Shutting down and abandoning module XMPP (15)
[2017.01.29-01.42.28:328][844]LogModuleManager: Shutting down and abandoning module TextureCompressor (14)
[2017.01.29-01.42.28:328][844]LogModuleManager: Shutting down and abandoning module ShaderCore (13)
[2017.01.29-01.42.28:328][844]LogModuleManager: Shutting down and abandoning module Landscape (12)
[2017.01.29-01.42.28:328][844]LogModuleManager: Shutting down and abandoning module SlateRHIRenderer (11)
[2017.01.29-01.42.28:329][844]LogModuleManager: Shutting down and abandoning module OpenGLDrv (10)
[2017.01.29-01.42.28:329][844]LogModuleManager: Shutting down and abandoning module D3D11RHI (9)
[2017.01.29-01.42.28:329][844]LogModuleManager: Shutting down and abandoning module AnimGraphRuntime (8)
[2017.01.29-01.42.28:329][844]LogModuleManager: Shutting down and abandoning module Renderer (7)
[2017.01.29-01.42.28:329][844]LogModuleManager: Shutting down and abandoning module Engine (6)
[2017.01.29-01.42.28:329][844]LogModuleManager: Shutting down and abandoning module CoreUObject (5)
[2017.01.29-01.42.28:329][844]LogModuleManager: Shutting down and abandoning module NetworkFile (4)
[2017.01.29-01.42.28:329][844]LogModuleManager: Shutting down and abandoning module StreamingFile (3)
[2017.01.29-01.42.28:329][844]LogModuleManager: Shutting down and abandoning module SandboxFile (2)
[2017.01.29-01.42.28:329][844]LogModuleManager: Shutting down and abandoning module PakFile (1)
[2017.01.29-01.42.28:331][844]LogExit: Exiting.
[2017.01.29-01.42.28:333][844]Log file closed, 01/28/17 20:42:28
