Log file open, 01/31/17 07:48:01
LogInit:Display: Running engine for game: ShantaeRipoff
LogPlatformFile: Not using cached read wrapper
LogInit:Display: RandInit(1541179722) SRandInit(1541179722).
LogTaskGraph: Started task graph with 5 named threads and 8 total threads with 1 sets of task threads.
LogStats: Stats thread started at 0.085265
LogPluginManager: Loaded Plugin Paper2D, From C:/Program Files (x86)/Epic Games/4.14/Engine/Plugins/2D/Paper2D/Paper2D.uplugin
LogPluginManager: Loaded Plugin LightPropagationVolume, From C:/Program Files (x86)/Epic Games/4.14/Engine/Plugins/Blendables/LightPropagationVolume/LightPropagationVolume.uplugin
LogPluginManager: Loaded Plugin BlankPlugin, From C:/Program Files (x86)/Epic Games/4.14/Engine/Plugins/Developer/BlankPlugin/BlankPlugin.uplugin
LogPluginManager: Loaded Plugin CodeLiteSourceCodeAccess, From C:/Program Files (x86)/Epic Games/4.14/Engine/Plugins/Developer/CodeLiteSourceCodeAccess/CodeLiteSourceCodeAccess.uplugin
LogPluginManager: Loaded Plugin GitSourceControl, From C:/Program Files (x86)/Epic Games/4.14/Engine/Plugins/Developer/GitSourceControl/GitSourceControl.uplugin
LogPluginManager: Loaded Plugin KDevelopSourceCodeAccess, From C:/Program Files (x86)/Epic Games/4.14/Engine/Plugins/Developer/KDevelopSourceCodeAccess/KDevelopSourceCodeAccess.uplugin
LogPluginManager: Loaded Plugin NullSourceCodeAccess, From C:/Program Files (x86)/Epic Games/4.14/Engine/Plugins/Developer/NullSourceCodeAccess/NullSourceCodeAccess.uplugin
LogPluginManager: Loaded Plugin OneSkyLocalizationService, From C:/Program Files (x86)/Epic Games/4.14/Engine/Plugins/Developer/OneSkyLocalizationService/OneSkyLocalizationService.uplugin
LogPluginManager: Loaded Plugin PerforceSourceControl, From C:/Program Files (x86)/Epic Games/4.14/Engine/Plugins/Developer/PerforceSourceControl/PerforceSourceControl.uplugin
LogPluginManager: Loaded Plugin SubversionSourceControl, From C:/Program Files (x86)/Epic Games/4.14/Engine/Plugins/Developer/SubversionSourceControl/SubversionSourceControl.uplugin
LogPluginManager: Loaded Plugin UObjectPlugin, From C:/Program Files (x86)/Epic Games/4.14/Engine/Plugins/Developer/UObjectPlugin/UObjectPlugin.uplugin
LogPluginManager: Loaded Plugin VisualStudioSourceCodeAccess, From C:/Program Files (x86)/Epic Games/4.14/Engine/Plugins/Developer/VisualStudioSourceCodeAccess/VisualStudioSourceCodeAccess.uplugin
LogPluginManager: Loaded Plugin XCodeSourceCodeAccess, From C:/Program Files (x86)/Epic Games/4.14/Engine/Plugins/Developer/XCodeSourceCodeAccess/XCodeSourceCodeAccess.uplugin
LogPluginManager: Loaded Plugin AudioCapture, From C:/Program Files (x86)/Epic Games/4.14/Engine/Plugins/Editor/AudioCapture/AudioCapture.uplugin
LogPluginManager: Loaded Plugin EpicSurvey, From C:/Program Files (x86)/Epic Games/4.14/Engine/Plugins/Editor/EpicSurvey/EpicSurvey.uplugin
LogPluginManager: Loaded Plugin MacGraphicsSwitching, From C:/Program Files (x86)/Epic Games/4.14/Engine/Plugins/Editor/MacGraphicsSwitching/MacGraphicsSwitching.uplugin
LogPluginManager: Loaded Plugin MobileLauncherProfileWizard, From C:/Program Files (x86)/Epic Games/4.14/Engine/Plugins/Editor/MobileLauncherProfileWizard/MobileLauncherProfileWizard.uplugin
LogPluginManager: Loaded Plugin PluginBrowser, From C:/Program Files (x86)/Epic Games/4.14/Engine/Plugins/Editor/PluginBrowser/PluginBrowser.uplugin
LogPluginManager: Loaded Plugin SpeedTreeImporter, From C:/Program Files (x86)/Epic Games/4.14/Engine/Plugins/Editor/SpeedTreeImporter/SpeedTreeImporter.uplugin
LogPluginManager: Loaded Plugin SuperSearchEditor, From C:/Program Files (x86)/Epic Games/4.14/Engine/Plugins/Editor/SuperSearchEditor/SuperSearchEditor.uplugin
LogPluginManager: Loaded Plugin AlembicImporter, From C:/Program Files (x86)/Epic Games/4.14/Engine/Plugins/Experimental/AlembicImporter/AlembicImporter.uplugin
LogPluginManager: Loaded Plugin BlueprintStats, From C:/Program Files (x86)/Epic Games/4.14/Engine/Plugins/Experimental/BlueprintStats/BlueprintStats.uplugin
LogPluginManager: Loaded Plugin CharacterAI, From C:/Program Files (x86)/Epic Games/4.14/Engine/Plugins/Experimental/CharacterAI/CharacterAI.uplugin
LogPluginManager: Loaded Plugin CodeEditor, From C:/Program Files (x86)/Epic Games/4.14/Engine/Plugins/Experimental/CodeEditor/CodeEditor.uplugin
LogPluginManager: Loaded Plugin CodeView, From C:/Program Files (x86)/Epic Games/4.14/Engine/Plugins/Experimental/CodeView/CodeView.uplugin
LogPluginManager: Loaded Plugin HTML5Networking, From C:/Program Files (x86)/Epic Games/4.14/Engine/Plugins/Experimental/HTML5Networking/HTML5Networking.uplugin
LogPluginManager: Loaded Plugin OSVR, From C:/Program Files (x86)/Epic Games/4.14/Engine/Plugins/Experimental/OSVR/OSVR.uplugin
LogPluginManager: Loaded Plugin Phya, From C:/Program Files (x86)/Epic Games/4.14/Engine/Plugins/Experimental/Phya/Phya.uplugin
LogPluginManager: Loaded Plugin SignificanceManager, From C:/Program Files (x86)/Epic Games/4.14/Engine/Plugins/Experimental/SignificanceManager/SignificanceManager.uplugin
LogPluginManager: Loaded Plugin SimpleHMD, From C:/Program Files (x86)/Epic Games/4.14/Engine/Plugins/Experimental/SimpleHMD/SimpleHMD.uplugin
LogPluginManager: Loaded Plugin StereoPanorama, From C:/Program Files (x86)/Epic Games/4.14/Engine/Plugins/Experimental/StereoPanorama/StereoPanorama.uplugin
LogPluginManager: Loaded Plugin StructBox, From C:/Program Files (x86)/Epic Games/4.14/Engine/Plugins/Experimental/StructBox/StructBox.uplugin
LogPluginManager: Loaded Plugin Substance, From C:/Program Files (x86)/Epic Games/4.14/Engine/Plugins/Marketplace/Substance/Substance.uplugin
LogPluginManager: Loaded Plugin AndroidMedia, From C:/Program Files (x86)/Epic Games/4.14/Engine/Plugins/Media/AndroidMedia/AndroidMedia.uplugin
LogPluginManager: Loaded Plugin AvfMedia, From C:/Program Files (x86)/Epic Games/4.14/Engine/Plugins/Media/AvfMedia/AvfMedia.uplugin
LogPluginManager: Loaded Plugin MediaPlayerEditor, From C:/Program Files (x86)/Epic Games/4.14/Engine/Plugins/Media/MediaPlayerEditor/MediaPlayerEditor.uplugin
LogPluginManager: Loaded Plugin WmfMedia, From C:/Program Files (x86)/Epic Games/4.14/Engine/Plugins/Media/WmfMedia/WmfMedia.uplugin
LogPluginManager: Loaded Plugin MessagingDebugger, From C:/Program Files (x86)/Epic Games/4.14/Engine/Plugins/Messaging/MessagingDebugger/MessagingDebugger.uplugin
LogPluginManager: Loaded Plugin TcpMessaging, From C:/Program Files (x86)/Epic Games/4.14/Engine/Plugins/Messaging/TcpMessaging/TcpMessaging.uplugin
LogPluginManager: Loaded Plugin UdpMessaging, From C:/Program Files (x86)/Epic Games/4.14/Engine/Plugins/Messaging/UdpMessaging/UdpMessaging.uplugin
LogPluginManager: Loaded Plugin LevelSequenceEditor, From C:/Program Files (x86)/Epic Games/4.14/Engine/Plugins/MovieScene/LevelSequenceEditor/LevelSequenceEditor.uplugin
LogPluginManager: Loaded Plugin MatineeToLevelSequence, From C:/Program Files (x86)/Epic Games/4.14/Engine/Plugins/MovieScene/MatineeToLevelSequence/MatineeToLevelSequence.uplugin
LogPluginManager: Loaded Plugin NetcodeUnitTest, From C:/Program Files (x86)/Epic Games/4.14/Engine/Plugins/NetcodeUnitTest/NetcodeUnitTest/NetcodeUnitTest.uplugin
LogPluginManager: Loaded Plugin NUTUnrealEngine4, From C:/Program Files (x86)/Epic Games/4.14/Engine/Plugins/NetcodeUnitTest/NUTUnrealEngine4/NUTUnrealEngine4.uplugin
LogPluginManager: Loaded Plugin OnlineSubsystemGameCircle, From C:/Program Files (x86)/Epic Games/4.14/Engine/Plugins/Online/Android/OnlineSubsystemGameCircle/OnlineSubsystemGameCircle.uplugin
LogPluginManager: Loaded Plugin OnlineSubsystemGooglePlay, From C:/Program Files (x86)/Epic Games/4.14/Engine/Plugins/Online/Android/OnlineSubsystemGooglePlay/OnlineSubsystemGooglePlay.uplugin
LogPluginManager: Loaded Plugin OnlineSubsystemIOS, From C:/Program Files (x86)/Epic Games/4.14/Engine/Plugins/Online/IOS/OnlineSubsystemIOS/OnlineSubsystemIOS.uplugin
LogPluginManager: Loaded Plugin OnlineFramework, From C:/Program Files (x86)/Epic Games/4.14/Engine/Plugins/Online/OnlineFramework/OnlineFramework.uplugin
LogPluginManager: Loaded Plugin OnlineSubsystem, From C:/Program Files (x86)/Epic Games/4.14/Engine/Plugins/Online/OnlineSubsystem/OnlineSubsystem.uplugin
LogPluginManager: Loaded Plugin OnlineSubsystemAmazon, From C:/Program Files (x86)/Epic Games/4.14/Engine/Plugins/Online/OnlineSubsystemAmazon/OnlineSubsystemAmazon.uplugin
LogPluginManager: Loaded Plugin OnlineSubsystemFacebook, From C:/Program Files (x86)/Epic Games/4.14/Engine/Plugins/Online/OnlineSubsystemFacebook/OnlineSubsystemFacebook.uplugin
LogPluginManager: Loaded Plugin OnlineSubsystemNull, From C:/Program Files (x86)/Epic Games/4.14/Engine/Plugins/Online/OnlineSubsystemNull/OnlineSubsystemNull.uplugin
LogPluginManager: Loaded Plugin OnlineSubsystemOculus, From C:/Program Files (x86)/Epic Games/4.14/Engine/Plugins/Online/OnlineSubsystemOculus/OnlineSubsystemOculus.uplugin
LogPluginManager: Loaded Plugin OnlineSubsystemSteam, From C:/Program Files (x86)/Epic Games/4.14/Engine/Plugins/Online/OnlineSubsystemSteam/OnlineSubsystemSteam.uplugin
LogPluginManager: Loaded Plugin OnlineSubsystemUtils, From C:/Program Files (x86)/Epic Games/4.14/Engine/Plugins/Online/OnlineSubsystemUtils/OnlineSubsystemUtils.uplugin
LogPluginManager: Loaded Plugin IOSTapJoy, From C:/Program Files (x86)/Epic Games/4.14/Engine/Plugins/Runtime/Advertising/IOSTapJoy/IOSTapJoy.uplugin
LogPluginManager: Loaded Plugin AnalyticsBlueprintLibrary, From C:/Program Files (x86)/Epic Games/4.14/Engine/Plugins/Runtime/Analytics/AnalyticsBlueprintLibrary/AnalyticsBlueprintLibrary.uplugin
LogPluginManager: Loaded Plugin AnalyticsMulticast, From C:/Program Files (x86)/Epic Games/4.14/Engine/Plugins/Runtime/Analytics/AnalyticsMulticast/AnalyticsMulticast.uplugin
LogPluginManager: Loaded Plugin Apsalar, From C:/Program Files (x86)/Epic Games/4.14/Engine/Plugins/Runtime/Analytics/Apsalar/Apsalar.uplugin
LogPluginManager: Loaded Plugin FileLogging, From C:/Program Files (x86)/Epic Games/4.14/Engine/Plugins/Runtime/Analytics/FileLogging/FileLogging.uplugin
LogPluginManager: Loaded Plugin Flurry, From C:/Program Files (x86)/Epic Games/4.14/Engine/Plugins/Runtime/Analytics/Flurry/Flurry.uplugin
LogPluginManager: Loaded Plugin AndroidDeviceProfileSelector, From C:/Program Files (x86)/Epic Games/4.14/Engine/Plugins/Runtime/AndroidDeviceProfileSelector/AndroidDeviceProfileSelector.uplugin
LogPluginManager: Loaded Plugin AndroidMoviePlayer, From C:/Program Files (x86)/Epic Games/4.14/Engine/Plugins/Runtime/AndroidMoviePlayer/AndroidMoviePlayer.uplugin
LogPluginManager: Loaded Plugin AppleMoviePlayer, From C:/Program Files (x86)/Epic Games/4.14/Engine/Plugins/Runtime/AppleMoviePlayer/AppleMoviePlayer.uplugin
LogPluginManager: Loaded Plugin ArchVisCharacter, From C:/Program Files (x86)/Epic Games/4.14/Engine/Plugins/Runtime/ArchVisCharacter/ArchVisCharacter.uplugin
LogPluginManager: Loaded Plugin CableComponent, From C:/Program Files (x86)/Epic Games/4.14/Engine/Plugins/Runtime/CableComponent/CableComponent.uplugin
LogPluginManager: Loaded Plugin CustomMeshComponent, From C:/Program Files (x86)/Epic Games/4.14/Engine/Plugins/Runtime/CustomMeshComponent/CustomMeshComponent.uplugin
LogPluginManager: Loaded Plugin ExampleDeviceProfileSelector, From C:/Program Files (x86)/Epic Games/4.14/Engine/Plugins/Runtime/ExampleDeviceProfileSelector/ExampleDeviceProfileSelector.uplugin
LogPluginManager: Loaded Plugin GearVR, From C:/Program Files (x86)/Epic Games/4.14/Engine/Plugins/Runtime/GearVR/GearVR.uplugin
LogPluginManager: Loaded Plugin GoogleVRController, From C:/Program Files (x86)/Epic Games/4.14/Engine/Plugins/Runtime/GoogleVR/GoogleVRController/GoogleVRController.uplugin
LogPluginManager: Loaded Plugin GoogleVRHMD, From C:/Program Files (x86)/Epic Games/4.14/Engine/Plugins/Runtime/GoogleVR/GoogleVRHMD/GoogleVRHMD.uplugin
LogPluginManager: Loaded Plugin IOSDeviceProfileSelector, From C:/Program Files (x86)/Epic Games/4.14/Engine/Plugins/Runtime/IOSDeviceProfileSelector/IOSDeviceProfileSelector.uplugin
LogPluginManager: Loaded Plugin LeapMotion, From C:/Program Files (x86)/Epic Games/4.14/Engine/Plugins/Runtime/LeapMotion/LeapMotion.uplugin
LogPluginManager: Loaded Plugin LinuxDeviceProfileSelector, From C:/Program Files (x86)/Epic Games/4.14/Engine/Plugins/Runtime/LinuxDeviceProfileSelector/LinuxDeviceProfileSelector.uplugin
LogPluginManager: Loaded Plugin MIDIDevice, From C:/Program Files (x86)/Epic Games/4.14/Engine/Plugins/Runtime/MIDIDevice/MIDIDevice.uplugin
LogPluginManager: Loaded Plugin MobilePatchingUtils, From C:/Program Files (x86)/Epic Games/4.14/Engine/Plugins/Runtime/MobilePatchingUtils/MobilePatchingUtils.uplugin
LogPluginManager: Loaded Plugin Ansel, From C:/Program Files (x86)/Epic Games/4.14/Engine/Plugins/Runtime/Nvidia/Ansel/Ansel.uplugin
LogPluginManager: Loaded Plugin OculusAudio, From C:/Program Files (x86)/Epic Games/4.14/Engine/Plugins/Runtime/OculusAudio/OculusAudio.uplugin
LogPluginManager: Loaded Plugin OculusInput, From C:/Program Files (x86)/Epic Games/4.14/Engine/Plugins/Runtime/OculusInput/OculusInput.uplugin
LogPluginManager: Loaded Plugin OculusLibrary, From C:/Program Files (x86)/Epic Games/4.14/Engine/Plugins/Runtime/OculusLibrary/OculusLibrary.uplugin
LogPluginManager: Loaded Plugin OculusRift, From C:/Program Files (x86)/Epic Games/4.14/Engine/Plugins/Runtime/OculusRift/OculusRift.uplugin
LogPluginManager: Loaded Plugin Oodle, From C:/Program Files (x86)/Epic Games/4.14/Engine/Plugins/Runtime/PacketHandlers/CompressionComponents/Oodle/Oodle.uplugin
LogPluginManager: Loaded Plugin ProceduralMeshComponent, From C:/Program Files (x86)/Epic Games/4.14/Engine/Plugins/Runtime/ProceduralMeshComponent/ProceduralMeshComponent.uplugin
LogPluginManager: Loaded Plugin SoundMod, From C:/Program Files (x86)/Epic Games/4.14/Engine/Plugins/Runtime/SoundMod/SoundMod.uplugin
LogPluginManager: Loaded Plugin SoundVisualizations, From C:/Program Files (x86)/Epic Games/4.14/Engine/Plugins/Runtime/SoundVisualizations/SoundVisualizations.uplugin
LogPluginManager: Loaded Plugin SteamController, From C:/Program Files (x86)/Epic Games/4.14/Engine/Plugins/Runtime/Steam/SteamController/SteamController.uplugin
LogPluginManager: Loaded Plugin SteamVR, From C:/Program Files (x86)/Epic Games/4.14/Engine/Plugins/Runtime/Steam/SteamVR/SteamVR.uplugin
LogPluginManager: Loaded Plugin WebBrowserWidget, From C:/Program Files (x86)/Epic Games/4.14/Engine/Plugins/Runtime/WebBrowserWidget/WebBrowserWidget.uplugin
LogPluginManager: Loaded Plugin WindowsDeviceProfileSelector, From C:/Program Files (x86)/Epic Games/4.14/Engine/Plugins/Runtime/WindowsDeviceProfileSelector/WindowsDeviceProfileSelector.uplugin
LogPluginManager: Loaded Plugin WindowsMoviePlayer, From C:/Program Files (x86)/Epic Games/4.14/Engine/Plugins/Runtime/WindowsMoviePlayer/WindowsMoviePlayer.uplugin
LogPluginManager: Loaded Plugin ScriptPlugin, From C:/Program Files (x86)/Epic Games/4.14/Engine/Plugins/ScriptPlugin/ScriptPlugin.uplugin
LogPluginManager: Loaded Plugin SlateRemote, From C:/Program Files (x86)/Epic Games/4.14/Engine/Plugins/Slate/SlateRemote/SlateRemote.uplugin
LogPluginManager: Loaded Plugin EditorTests, From C:/Program Files (x86)/Epic Games/4.14/Engine/Plugins/Tests/EditorTests/EditorTests.uplugin
LogPluginManager: Loaded Plugin FbxAutomationTestBuilder, From C:/Program Files (x86)/Epic Games/4.14/Engine/Plugins/Tests/FbxAutomationTestBuilder/FbxAutomationTestBuilder.uplugin
LogPluginManager: Loaded Plugin FunctionalTestingEditor, From C:/Program Files (x86)/Epic Games/4.14/Engine/Plugins/Tests/FunctionalTestingEditor/FunctionalTestingEditor.uplugin
LogPluginManager: Loaded Plugin RuntimeTests, From C:/Program Files (x86)/Epic Games/4.14/Engine/Plugins/Tests/RuntimeTests/RuntimeTests.uplugin
LogPluginManager: Loaded Plugin ScreenshotTools, From C:/Program Files (x86)/Epic Games/4.14/Engine/Plugins/Tests/ScreenshotTools/ScreenshotTools.uplugin
LogInit: Using libcurl 7.47.1
LogInit:  - built for x86_64-pc-win32
LogInit:  - supports SSL with OpenSSL/1.0.2g
LogInit:  - supports HTTP deflate (compression) using libz 1.2.8
LogInit:  - other features:
LogInit:      CURL_VERSION_SSL
LogInit:      CURL_VERSION_LIBZ
LogInit:      CURL_VERSION_IPV6
LogInit:      CURL_VERSION_ASYNCHDNS
LogInit:      CURL_VERSION_LARGEFILE
LogInit:      CURL_VERSION_IDN
LogInit:  CurlRequestOptions (configurable via config and command line):
LogInit:  - bVerifyPeer = false  - Libcurl will NOT verify peer certificate
LogInit:  - bUseHttpProxy = false  - Libcurl will NOT use HTTP proxy
LogInit:  - bDontReuseConnections = false  - Libcurl will reuse connections
LogInit:  - CertBundlePath = nullptr  - Libcurl will use whatever was configured at build time.
LogInit: Build: ++UE4+Release-4.14-CL-3249277
LogInit: Engine Version: 4.14.3-3249277+++UE4+Release-4.14
LogInit: Compatible Engine Version: 4.14.0-3195953+++UE4+Release-4.14
LogInit: Net CL: 3195953
LogDevObjectVersion: Number of dev versions registered: 13
LogDevObjectVersion:   Dev-Blueprints (B0D832E4-1F89-4F0D-ACCF-7EB736FD4AA2): 7
LogDevObjectVersion:   Dev-Build (E1C64328-A22C-4D53-A36C-8E866417BD8C): 0
LogDevObjectVersion:   Dev-Core (375EC13C-06E4-48FB-B500-84F0262A717E): 1
LogDevObjectVersion:   Dev-Editor (E4B068ED-F494-42E9-A231-DA0B2E46BB41): 8
LogDevObjectVersion:   Dev-Framework (CFFC743F-43B0-4480-9391-14DF171D2073): 17
LogDevObjectVersion:   Dev-Mobile (B02B49B5-BB20-44E9-A304-32B752E40360): 0
LogDevObjectVersion:   Dev-Networking (A4E4105C-59A1-49B5-A7C5-40C4547EDFEE): 0
LogDevObjectVersion:   Dev-Online (39C831C9-5AE6-47DC-9A44-9C173E1C8E7C): 0
LogDevObjectVersion:   Dev-Physics (78F01B33-EBEA-4F98-B9B4-84EACCB95AA2): 0
LogDevObjectVersion:   Dev-Platform (6631380F-2D4D-43E0-8009-CF276956A95A): 0
LogDevObjectVersion:   Dev-Rendering (12F88B9F-8875-4AFC-A67C-D90C383ABD29): 12
LogDevObjectVersion:   Dev-Sequencer (7B5AE74C-D270-4C10-A958-57980B212A5A): 1
LogDevObjectVersion:   Dev-VR (D7296918-1DD6-4BDD-9DE2-64A83CC13884): 0
LogInit: Compiled (64-bit): Jan  6 2017 10:49:43
LogInit: Compiled with Visual C++: 19.00.23026.00
LogInit: Build Configuration: Development
LogInit: Branch Name: ++UE4+Release-4.14
LogInit: Command line: -EpicPortal 
LogInit: Base directory: C:/Program Files (x86)/Epic Games/4.14/Engine/Binaries/Win64/
LogInit: Installed Engine Build: 1
LogInit: Presizing for max 8388607 objects, including 0 objects not considered by GC, pre-allocating 0 bytes for permanent pool.
LogInit: Object subsystem initialized
[2017.01.31-12.48.02:467][  0]LogInit: Selected Device Profile: [Windows]
[2017.01.31-12.48.02:467][  0]LogInit: Applying CVar settings loaded from the selected device profile: [Windows]
[2017.01.31-12.48.02:539][  0]LogInit: Computer: TAK-FALCONARROW
[2017.01.31-12.48.02:539][  0]LogInit: User: Tak
[2017.01.31-12.48.02:539][  0]LogInit: CPU Page size=65536, Cores=4
[2017.01.31-12.48.02:539][  0]LogInit: High frequency timer resolution =3.318395 MHz
[2017.01.31-12.48.02:540][  0]LogMemory: Memory total: Physical=7.9GB (8GB approx)
[2017.01.31-12.48.02:540][  0]LogMemory: Platform Memory Stats for Windows
[2017.01.31-12.48.02:540][  0]LogMemory: Process Physical Memory: 263.91 MB used, 263.91 MB peak
[2017.01.31-12.48.02:540][  0]LogMemory: Process Virtual Memory: 262.58 MB used, 262.58 MB peak
[2017.01.31-12.48.02:540][  0]LogMemory: Physical Memory: 3949.80 MB used,  4180.12 MB free, 8129.92 MB total
[2017.01.31-12.48.02:540][  0]LogMemory: Virtual Memory: 675.55 MB used,  4180.12 MB free, 134217728.00 MB total
[2017.01.31-12.48.02:586][  0]LogTextLocalizationManager: No specific translations for ('en-US') exist, so ('en') translations will be used.
[2017.01.31-12.48.03:152][  0]LogD3D11RHI: D3D11 adapters:
[2017.01.31-12.48.03:656][  0]LogD3D11RHI:    0. 'NVIDIA GeForce GTX 760' (Feature Level 11_0)
[2017.01.31-12.48.03:656][  0]LogD3D11RHI:       2017/0/4064 MB DedicatedVideo/DedicatedSystem/SharedSystem, Outputs:2, VendorId:0x10de
[2017.01.31-12.48.03:657][  0]LogD3D11RHI:    1. 'Microsoft Basic Render Driver' (Feature Level 11_0)
[2017.01.31-12.48.03:657][  0]LogD3D11RHI:       0/0/4064 MB DedicatedVideo/DedicatedSystem/SharedSystem, Outputs:0, VendorId:0x1414
[2017.01.31-12.48.03:657][  0]LogD3D11RHI: Chosen D3D11 Adapter: 0
[2017.01.31-12.48.03:660][  0]LogD3D11RHI: Creating new Direct3DDevice
[2017.01.31-12.48.03:661][  0]LogD3D11RHI:     GPU DeviceId: 0x1187 (for the marketing name, search the web for "GPU Device Id")
[2017.01.31-12.48.03:661][  0]LogWindows: EnumDisplayDevices:
[2017.01.31-12.48.03:661][  0]LogWindows:    0. 'NVIDIA GeForce GTX 760' (P:1 D:1)
[2017.01.31-12.48.03:661][  0]LogWindows:    1. 'NVIDIA GeForce GTX 760' (P:0 D:1)
[2017.01.31-12.48.03:661][  0]LogWindows:    2. 'NVIDIA GeForce GTX 760' (P:0 D:0)
[2017.01.31-12.48.03:661][  0]LogWindows:    3. 'NVIDIA GeForce GTX 760' (P:0 D:0)
[2017.01.31-12.48.03:661][  0]LogWindows: DebugString: FoundDriverCount:4 
[2017.01.31-12.48.03:661][  0]LogD3D11RHI:     Adapter Name: NVIDIA GeForce GTX 760
[2017.01.31-12.48.03:661][  0]LogD3D11RHI:   Driver Version: 376.09 (internal:21.21.13.7609, unified:376.09)
[2017.01.31-12.48.03:661][  0]LogD3D11RHI:      Driver Date: 11-24-2016
[2017.01.31-12.48.03:661][  0]LogRHI: Texture pool is 1361 MB (70% of 1945 MB)
[2017.01.31-12.48.04:144][  0]LogD3D11RHI:Warning: Timestamp queries are currently disabled on this hardware due to instability. Realtime GPU stats will not be available. You can override this behaviour by setting r.NVIDIATimestampWorkaround to 0
[2017.01.31-12.48.04:144][  0]LogD3D11RHI: Async texture creation enabled
[2017.01.31-12.48.04:177][  0]LogD3D11RHI: GPU Timing Frequency: 1000.000000 (Debug: 2 2)
[2017.01.31-12.48.04:177][  0]LogShaderCompilers: Guid format shader working directory is -25 characters bigger than the processId version (../../../../../../Users/Tak/Documents/GitHub/UnrealEngine_MM_TechDemo/Intermediate/Shaders/WorkingDirectory/9004/).
[2017.01.31-12.48.04:177][  0]LogShaderCompilers: Cleaned the shader compiler working directory 'C:/Users/Tak/AppData/Local/Temp/UnrealShaderWorkingDir/7DFC44624AF21328390202A608FFF69A/'.
[2017.01.31-12.48.04:177][  0]LogShaderCompilers:Display: Using Local Shader Compiler.
[2017.01.31-12.48.05:314][  0]LogTemp:Display: Loaded TP AllDesktopTargetPlatform
[2017.01.31-12.48.05:388][  0]LogTemp:Display: Loaded TP MacClientTargetPlatform
[2017.01.31-12.48.05:436][  0]LogTemp:Display: Loaded TP MacNoEditorTargetPlatform
[2017.01.31-12.48.05:486][  0]LogTemp:Display: Loaded TP MacServerTargetPlatform
[2017.01.31-12.48.05:534][  0]LogTemp:Display: Loaded TP MacTargetPlatform
[2017.01.31-12.48.05:583][  0]LogTemp:Display: Loaded TP WindowsClientTargetPlatform
[2017.01.31-12.48.05:631][  0]LogTemp:Display: Loaded TP WindowsNoEditorTargetPlatform
[2017.01.31-12.48.05:681][  0]LogTemp:Display: Loaded TP WindowsServerTargetPlatform
[2017.01.31-12.48.05:720][  0]LogTemp:Display: Loaded TP WindowsTargetPlatform
[2017.01.31-12.48.05:777][  0]LogTemp:Display: Loaded TP AndroidTargetPlatform
[2017.01.31-12.48.05:824][  0]LogTemp:Display: Loaded TP Android_ASTCTargetPlatform
[2017.01.31-12.48.05:871][  0]LogTemp:Display: Loaded TP Android_ATCTargetPlatform
[2017.01.31-12.48.05:917][  0]LogTemp:Display: Loaded TP Android_DXTTargetPlatform
[2017.01.31-12.48.05:964][  0]LogTemp:Display: Loaded TP Android_ETC1TargetPlatform
[2017.01.31-12.48.06:011][  0]LogTemp:Display: Loaded TP Android_ETC2TargetPlatform
[2017.01.31-12.48.06:104][  0]LogTemp:Display: Loaded TP Android_MultiTargetPlatform
[2017.01.31-12.48.06:104][  0]LogTemp:Display: Loaded TP Android_PVRTCTargetPlatform
[2017.01.31-12.48.06:136][  0]LogTemp:Display: Loaded TP HTML5TargetPlatform
[2017.01.31-12.48.06:215][  0]LogTemp:Display: Loaded TP IOSTargetPlatform
[2017.01.31-12.48.06:246][  0]LogTemp:Display: Loaded TP TVOSTargetPlatform
[2017.01.31-12.48.06:316][  0]LogTemp:Display: Loaded TP LinuxClientTargetPlatform
[2017.01.31-12.48.06:379][  0]LogTemp:Display: Loaded TP LinuxNoEditorTargetPlatform
[2017.01.31-12.48.06:426][  0]LogTemp:Display: Loaded TP LinuxServerTargetPlatform
[2017.01.31-12.48.06:473][  0]LogTemp:Display: Loaded TP LinuxTargetPlatform
[2017.01.31-12.48.06:473][  0]LogTargetPlatformManager:Display: Building Assets For Windows
[2017.01.31-12.48.06:848][  0]LogDerivedDataCache:Display: Max Cache Size: 512 MB
[2017.01.31-12.48.06:897][  0]LogDerivedDataCache: Loaded boot cache 0.05s 50MB C:/Users/Tak/AppData/Local/UnrealEngine/4.14/DerivedDataCache/Boot.ddc.
[2017.01.31-12.48.06:897][  0]LogDerivedDataCache:Display: Loaded Boot cache: C:/Users/Tak/AppData/Local/UnrealEngine/4.14/DerivedDataCache/Boot.ddc
[2017.01.31-12.48.06:897][  0]LogDerivedDataCache: FDerivedDataBackendGraph:  Pak pak cache file ../../../../../../Users/Tak/Documents/GitHub/UnrealEngine_MM_TechDemo/DerivedDataCache/DDC.ddp not found, will not use a pak cache.
[2017.01.31-12.48.06:897][  0]LogDerivedDataCache: Unable to find inner node Pak for hierarchical cache Hierarchy.
[2017.01.31-12.48.06:898][  0]LogDerivedDataCache: FDerivedDataBackendGraph:  CompressedPak pak cache file ../../../../../../Users/Tak/Documents/GitHub/UnrealEngine_MM_TechDemo/DerivedDataCache/Compressed.ddp not found, will not use a pak cache.
[2017.01.31-12.48.06:898][  0]LogDerivedDataCache: Unable to find inner node CompressedPak for hierarchical cache Hierarchy.
[2017.01.31-12.48.06:914][  0]LogDerivedDataCache:Display: Pak cache opened for reading ../../../Engine/DerivedDataCache/Compressed.ddp.
[2017.01.31-12.48.06:926][  0]LogDerivedDataCache: Using Local data cache path C:/Users/Tak/AppData/Local/UnrealEngine/Common/DerivedDataCache: Writable
[2017.01.31-12.48.07:280][  0]LogInit: Selected Device Profile: [Windows]
[2017.01.31-12.48.07:282][  0]LogContentStreaming: Texture pool size is 0.00 MB
[2017.01.31-12.48.07:467][  0]LogMeshUtilities: Using QuadricMeshReduction for automatic static mesh reduction
[2017.01.31-12.48.07:504][  0]LogSimplygon: Simplygon DLL not present - disabling.
[2017.01.31-12.48.07:548][  0]LogMeshUtilities: Using SimplygonSwarm for distributed automatic mesh merging
[2017.01.31-12.48.07:548][  0]LogMeshUtilities: No automatic skeletal mesh reduction module available
[2017.01.31-12.48.07:548][  0]LogMeshUtilities: No automatic mesh merging module available
[2017.01.31-12.48.07:990][  0]LogNetVersion: GetLocalNetworkVersion: CL: 3195953, ProjectName: shantaeripoff, ProjectVersion: , EngineNetworkVersion: 2, GameNetworkVersion: 0, NetworkChecksum: 157577820
[2017.01.31-12.48.08:041][  0]LogAssetRegistry: FAssetRegistry took 0.0212 seconds to start up
[2017.01.31-12.48.08:112][  0]LogPackageLocalizationCache: Processed 3 localized package path(s) for 2 prioritized culture(s) in 0.052033 seconds
[2017.01.31-12.48.08:117][  0]LogUObjectArray: 31946 objects as part of root set at end of initial load.
[2017.01.31-12.48.08:117][  0]LogUObjectAllocator: 6935848 out of 0 bytes used by permanent object pool.
[2017.01.31-12.48.08:117][  0]LogUObjectArray: CloseDisregardForGC: 0/0 objects in disregard for GC pool
[2017.01.31-12.48.08:170][  0]LogInit: WinSock: version 1.1 (2.2), MaxSocks=32767, MaxUdp=65467
[2017.01.31-12.48.09:628][  0]LogSlate: Using Freetype 2.6.0
[2017.01.31-12.48.09:629][  0]LogSlate: SlateFontCache - WITH_FREETYPE: 1, WITH_HARFBUZZ: 1
[2017.01.31-12.48.09:629][  0]LogSlate: SlateFontCache - WITH_FREETYPE: 1, WITH_HARFBUZZ: 1
[2017.01.31-12.48.10:334][  0]LogSubstanceCoreModule: Substance [CPU] Engine Loaded, Max Texture Size = 2048
[2017.01.31-12.48.10:362][  0]LogTcpMessaging: Initializing TcpMessaging bridge
[2017.01.31-12.48.10:398][  0]LogUdpMessaging: Initializing bridge on interface 0.0.0.0:0 to multicast group 230.0.0.1:6666.
[2017.01.31-12.48.10:695][  0]LogMaterial: Uniform references updated for custom material expression Custom.
[2017.01.31-12.48.11:028][  0]SourceControl: Info Source control is disabled
[2017.01.31-12.48.11:029][  0]SourceControl: Info Source control is disabled
[2017.01.31-12.48.11:069][  0]SourceControl: Info Source control is disabled
[2017.01.31-12.48.11:108][  0]SourceControl: Info Source control is disabled
[2017.01.31-12.48.12:303][  0]LogEngine: Initializing Engine...
[2017.01.31-12.48.12:304][  0]LogHMD: Failed to initialize OpenVR with code 110
[2017.01.31-12.48.12:542][  0]LogAIModule: Creating AISystem for world Untitled
[2017.01.31-12.48.12:556][  0]LogInit: XAudio2 using 'Speakers (Realtek High Definition Audio)' : 2 channels at 48 kHz using 32 bits per sample (channel mask 0x3)
[2017.01.31-12.48.12:579][  0]LogInit: FAudioDevice initialized.
[2017.01.31-12.48.12:602][  0]LogDerivedDataCache: Saved boot cache 0.02s 50MB C:/Users/Tak/AppData/Local/UnrealEngine/4.14/DerivedDataCache/Boot.ddc.
[2017.01.31-12.48.12:608][  0]LogInit: Texture streaming: Enabled
[2017.01.31-12.48.13:135][  0]LogInit: Transaction tracking system initialized
[2017.01.31-12.48.13:458][  0]BlueprintLog: New page: Editor Load
[2017.01.31-12.48.14:189][  0]LocalizationService: Info Localization service is disabled
[2017.01.31-12.48.14:743][  0]LogConsoleResponse:Display: 
[2017.01.31-12.48.14:924][  0]LogCook:Display: Max memory allowance for cook 16384mb min free memory 0mb
[2017.01.31-12.48.14:924][  0]LogCook:Display: Mobile HDR setting 1
[2017.01.31-12.48.15:352][  0]LogFileCache: Scanning file cache for directory 'C:/Users/Tak/Documents/GitHub/UnrealEngine_MM_TechDemo/Content/' took 0.02s
[2017.01.31-12.48.15:726][  0]SourceControl: Info Source control is disabled
[2017.01.31-12.48.15:726][  0]Cmd: MAP LOAD FILE="../../../../../../Users/Tak/Documents/GitHub/UnrealEngine_MM_TechDemo/Content/ShantaesRipoff/Maps/level_00.umap" TEMPLATE=0 SHOWPROGRESS=1 FEATURELEVEL=3
[2017.01.31-12.48.15:727][  0]LightingResults: New page: Lighting Build
[2017.01.31-12.48.15:760][  0]MapCheck: New page: Map Check
[2017.01.31-12.48.15:760][  0]LightingResults: New page: Lighting Build
[2017.01.31-12.48.29:926][  0]LogAIModule: Creating AISystem for world level_00
[2017.01.31-12.48.30:283][  0]LogEditorServer: Finished looking for orphan Actors (0.000 secs)
[2017.01.31-12.48.30:354][  0]Cmd: MAP CHECKDEP NOCLEARLOG
[2017.01.31-12.48.30:459][  0]MapCheck: Info Map check complete: 0 Error(s), 0 Warning(s), took 105.078ms to complete.
[2017.01.31-12.48.30:459][  0]LogFileHelpers: Loading map 'level_00' took 14.733
[2017.01.31-12.48.30:578][  0]LogWindowsTextInputMethodSystem:Display: IME system now deactivated.
[2017.01.31-12.48.32:618][  0]LogCollectionManager: Loaded 1 collections in 0.016935 seconds
[2017.01.31-12.48.33:338][  0]LogFileCache: Scanning file cache for directory 'C:/Users/Tak/Documents/GitHub/UnrealEngine_MM_TechDemo/Saved/Collections/' took 0.01s
[2017.01.31-12.48.33:338][  0]LogFileCache: Scanning file cache for directory 'C:/Users/Tak/Documents/GitHub/UnrealEngine_MM_TechDemo/Content/Developers/Tak/Collections/' took 0.01s
[2017.01.31-12.48.33:338][  0]LogFileCache: Scanning file cache for directory 'C:/Users/Tak/Documents/GitHub/UnrealEngine_MM_TechDemo/Content/Collections/' took 0.01s
[2017.01.31-12.48.33:338][  0]LogCollectionManager: Rebuilt the GUID cache for 1 collections in 0.000013 seconds
[2017.01.31-12.48.33:347][  0]LogCollectionManager: Rebuilt the hierarchy cache for 1 collections in 0.000002 seconds
[2017.01.31-12.48.33:529][  0]LogContentBrowser: Native class hierarchy populated in 0.0667 seconds. Added 2204 classes and 434 folders.
[2017.01.31-12.48.33:693][  0]LogStats: UGameplayTagsManager::ConstructGameplayTagTree: Construct from data asset -  0.000 s
[2017.01.31-12.48.33:716][  0]LogStats: UGameplayTagsManager::ConstructGameplayTagTree: GameplayTagTreeChangedEvent.Broadcast -  0.023 s
[2017.01.31-12.48.33:764][  0]LogContentBrowser: Native class hierarchy updated for 'GameplayTags' in 0.0049 seconds. Added 13 classes and 0 folders.
[2017.01.31-12.48.33:925][  0]LogContentBrowser: Native class hierarchy updated for 'WidgetCarousel' in 0.0011 seconds. Added 0 classes and 0 folders.
[2017.01.31-12.48.38:884][  0]LogContentBrowser: Native class hierarchy updated for 'AddContentDialog' in 0.0029 seconds. Added 0 classes and 0 folders.
[2017.01.31-12.48.39:280][  0]LogContentBrowser: Native class hierarchy updated for 'SceneOutliner' in 0.0049 seconds. Added 1 classes and 2 folders.
[2017.01.31-12.48.42:650][  0]LogCrashTracker: Crashtracker disabled due to settings.
[2017.01.31-12.48.42:921][  0]LogUObjectGlobals:Warning: Failed to find object 'Class None.'
[2017.01.31-12.48.43:014][  0]LogContentBrowser: Native class hierarchy updated for 'HierarchicalLODOutliner' in 0.0012 seconds. Added 1 classes and 2 folders.
[2017.01.31-12.48.43:014][  0]LogLoad: (Engine Initialization) Total time: 44.21 seconds
[2017.01.31-12.48.43:014][  0]LogLoad: (Engine Initialization) Total Blueprint compile time: 0.97 seconds
[2017.01.31-12.48.43:014][  0]LogExternalProfiler: Found external profiler: VSPerf
[2017.01.31-12.48.43:014][  0]LogExternalProfiler: Using external profiler: VSPerf
[2017.01.31-12.48.43:032][  0]LogOcInput: OculusInput pre-init called
[2017.01.31-12.48.43:474][  0]LogContentStreaming: Texture pool size now 1000 MB
[2017.01.31-12.48.44:533][  0]LogRenderer: Reallocating scene render targets to support 984x572 NumSamples 1 (Frame:2).
[2017.01.31-12.48.47:284][  4]LogAssetRegistry: Asset discovery search completed in 39.2636 seconds
[2017.01.31-12.48.47:284][  4]LogCollectionManager: Rebuilt the object cache for 1 collections in 0.000013 seconds (found 0 objects)
[2017.01.31-12.48.47:284][  4]LogCollectionManager: Fixed up redirectors for 1 collections in 0.000057 seconds (updated 0 objects)
[2017.01.31-12.49.10:546][718]LogEditorViewport: Clicking on Actor (LMB): BP_Ugmo_C (BP_Ugmo)
[2017.01.31-12.51.06:866][113]LogContentBrowser: Native class hierarchy updated for 'BlueprintGraph' in 0.0021 seconds. Added 111 classes and 0 folders.
[2017.01.31-12.51.29:168][ 97]LogSavePackage: Save=163.90ms
[2017.01.31-12.51.29:168][ 97]LogSavePackage: Moving '../../../../../../Users/Tak/Documents/GitHub/UnrealEngine_MM_TechDemo/Saved/BP_Ugmo91A0163D4A1F9EBF2EFA3DBCAEA548EE.tmp' to '../../../../../../Users/Tak/Documents/GitHub/UnrealEngine_MM_TechDemo/Content/ShantaesRipoff/Blueprint/BP_Ugmo.uasset'
[2017.01.31-12.51.29:173][ 97]LogSavePackage:Display: Finished SavePackage ../../../../../../Users/Tak/Documents/GitHub/UnrealEngine_MM_TechDemo/Content/ShantaesRipoff/Blueprint/BP_Ugmo.uasset
[2017.01.31-12.51.51:357][465]LogSavePackage: Save=39.05ms
[2017.01.31-12.51.51:357][465]LogSavePackage: Moving '../../../../../../Users/Tak/Documents/GitHub/UnrealEngine_MM_TechDemo/Saved/BP_Ugmo3DD354AE400CBC2C64B3589ABA4B3A37.tmp' to '../../../../../../Users/Tak/Documents/GitHub/UnrealEngine_MM_TechDemo/Content/ShantaesRipoff/Blueprint/BP_Ugmo.uasset'
[2017.01.31-12.51.51:359][465]LogSavePackage:Display: Finished SavePackage ../../../../../../Users/Tak/Documents/GitHub/UnrealEngine_MM_TechDemo/Content/ShantaesRipoff/Blueprint/BP_Ugmo.uasset
[2017.01.31-12.51.52:604][593]BlueprintLog: New page: Compile BP_Ugmo
[2017.01.31-12.51.52:673][593]LogUObjectGlobals:Warning: Guid referenced by CapsuleComponent /Game/ShantaesRipoff/Maps/level_00.level_00:PersistentLevel.BP_Ugmo_366.CollisionCylinder is already used by CapsuleComponent /Game/ShantaesRipoff/Maps/level_00.level_00:PersistentLevel.REINST_BP_Ugmo_C_2.CollisionCylinder, which should never happen in the editor but could happen at runtime with duplicate level loading or PIE
[2017.01.31-12.51.52:673][593]LogUObjectGlobals:Warning: Guid referenced by ArrowComponent /Game/ShantaesRipoff/Maps/level_00.level_00:PersistentLevel.BP_Ugmo_366.Arrow is already used by ArrowComponent /Game/ShantaesRipoff/Maps/level_00.level_00:PersistentLevel.REINST_BP_Ugmo_C_2.Arrow, which should never happen in the editor but could happen at runtime with duplicate level loading or PIE
[2017.01.31-12.51.52:673][593]LogUObjectGlobals:Warning: Guid referenced by CharacterMovementComponent /Game/ShantaesRipoff/Maps/level_00.level_00:PersistentLevel.BP_Ugmo_366.CharMoveComp is already used by CharacterMovementComponent /Game/ShantaesRipoff/Maps/level_00.level_00:PersistentLevel.REINST_BP_Ugmo_C_2.CharMoveComp, which should never happen in the editor but could happen at runtime with duplicate level loading or PIE
[2017.01.31-12.51.52:673][593]LogUObjectGlobals:Warning: Guid referenced by PaperFlipbookComponent /Game/ShantaesRipoff/Maps/level_00.level_00:PersistentLevel.BP_Ugmo_366.Sprite0 is already used by PaperFlipbookComponent /Game/ShantaesRipoff/Maps/level_00.level_00:PersistentLevel.REINST_BP_Ugmo_C_2.Sprite0, which should never happen in the editor but could happen at runtime with duplicate level loading or PIE
[2017.01.31-12.51.53:966][675]LogSavePackage: Save=38.93ms
[2017.01.31-12.51.53:966][675]LogSavePackage: Moving '../../../../../../Users/Tak/Documents/GitHub/UnrealEngine_MM_TechDemo/Saved/BP_Ugmo8BC32B08474D7D2F7157CFBA87562B06.tmp' to '../../../../../../Users/Tak/Documents/GitHub/UnrealEngine_MM_TechDemo/Content/ShantaesRipoff/Blueprint/BP_Ugmo.uasset'
[2017.01.31-12.51.53:968][675]LogSavePackage:Display: Finished SavePackage ../../../../../../Users/Tak/Documents/GitHub/UnrealEngine_MM_TechDemo/Content/ShantaesRipoff/Blueprint/BP_Ugmo.uasset
[2017.01.31-12.51.56:752][993]LogTemp: Repeting last play command: New Editor Window (PIE)
[2017.01.31-12.51.56:792][993]LogPlayLevel: PlayLevel: No blueprints needed recompiling
[2017.01.31-12.51.56:839][993]PIE: New page: PIE session: level_00 (Jan 31, 2017, 2:51:56 AM)
[2017.01.31-12.51.56:840][993]LogPlayLevel: Creating play world package: /Game/ShantaesRipoff/Maps/UEDPIE_0_level_00
[2017.01.31-12.51.56:882][993]LogPlayLevel: PIE: StaticDuplicateObject took: (0.042100s)
[2017.01.31-12.51.56:884][993]LogAIModule: Creating AISystem for world level_00
[2017.01.31-12.51.56:884][993]LogPlayLevel: PIE: World Init took: (0.001741s)
[2017.01.31-12.51.56:885][993]LogPlayLevel: PIE: Created PIE world by copying editor world from /Game/ShantaesRipoff/Maps/level_00.level_00 to /Game/ShantaesRipoff/Maps/UEDPIE_0_level_00.level_00 (0.045037s)
[2017.01.31-12.51.56:930][993]LogInit: XAudio2 using 'Speakers (Realtek High Definition Audio)' : 2 channels at 48 kHz using 32 bits per sample (channel mask 0x3)
[2017.01.31-12.51.56:938][993]LogInit: FAudioDevice initialized.
[2017.01.31-12.51.57:066][993]LogLoad: Game class is '2DSideScrollerGameMode_C'
[2017.01.31-12.51.57:083][993]LogWorld: Bringing World /Game/ShantaesRipoff/Maps/UEDPIE_0_level_00.level_00 up for play (max tick rate 0) at 2017.01.31-07.51.57
[2017.01.31-12.51.57:155][993]LogWorld: Bringing up level for play took: 0.078310
[2017.01.31-12.51.57:384][993]LogContentBrowser: Native class hierarchy updated for 'MovieSceneCapture' in 0.0015 seconds. Added 11 classes and 0 folders.
[2017.01.31-12.51.57:409][993]PIE:Warning: Warning The widget 'Widget_HUD_C' was already added to the screen.
[2017.01.31-12.51.57:420][993]PIE: Info Play in editor start time for /Game/ShantaesRipoff/Maps/UEDPIE_0_level_00 0.784
[2017.01.31-12.51.57:687][993]LogRenderer: Reallocating scene render targets to support 1292x756 NumSamples 1 (Frame:3099).
[2017.01.31-12.52.49:387][836]LogSavePackage: Save=106.87ms
[2017.01.31-12.52.49:388][836]LogSavePackage: Moving '../../../../../../Users/Tak/Documents/GitHub/UnrealEngine_MM_TechDemo/Saved/level_00994BC03E4DCEBE4563A43EB13AC56DCE.tmp' to '../../../../../../Users/Tak/Documents/GitHub/UnrealEngine_MM_TechDemo/Content/ShantaesRipoff/Maps/level_00.umap'
[2017.01.31-12.52.49:392][836]LogSavePackage:Display: Finished SavePackage ../../../../../../Users/Tak/Documents/GitHub/UnrealEngine_MM_TechDemo/Content/ShantaesRipoff/Maps/level_00.umap
[2017.01.31-12.52.49:988][898]LogTemp: Repeting last play command: New Editor Window (PIE)
[2017.01.31-12.52.50:004][898]LogPlayLevel: PlayLevel: No blueprints needed recompiling
[2017.01.31-12.52.50:004][898]PIE: New page: PIE session: level_00 (Jan 31, 2017, 2:52:50 AM)
[2017.01.31-12.52.50:004][898]LogPlayLevel: Creating play world package: /Game/ShantaesRipoff/Maps/UEDPIE_0_level_00
[2017.01.31-12.52.50:010][898]LogPlayLevel: PIE: StaticDuplicateObject took: (0.006410s)
[2017.01.31-12.52.50:011][898]LogAIModule: Creating AISystem for world level_00
[2017.01.31-12.52.50:011][898]LogPlayLevel: PIE: World Init took: (0.000876s)
[2017.01.31-12.52.50:011][898]LogPlayLevel: PIE: Created PIE world by copying editor world from /Game/ShantaesRipoff/Maps/level_00.level_00 to /Game/ShantaesRipoff/Maps/UEDPIE_0_level_00.level_00 (0.007526s)
[2017.01.31-12.52.50:034][898]LogInit: XAudio2 using 'Speakers (Realtek High Definition Audio)' : 2 channels at 48 kHz using 32 bits per sample (channel mask 0x3)
[2017.01.31-12.52.50:042][898]LogInit: FAudioDevice initialized.
[2017.01.31-12.52.50:083][898]LogLoad: Game class is '2DSideScrollerGameMode_C'
[2017.01.31-12.52.50:086][898]LogWorld: Bringing World /Game/ShantaesRipoff/Maps/UEDPIE_0_level_00.level_00 up for play (max tick rate 0) at 2017.01.31-07.52.50
[2017.01.31-12.52.50:087][898]LogWorld: Bringing up level for play took: 0.003004
[2017.01.31-12.52.50:088][898]PIE:Warning: Warning The widget 'Widget_HUD_C' was already added to the screen.
[2017.01.31-12.52.50:092][898]PIE: Info Play in editor start time for /Game/ShantaesRipoff/Maps/UEDPIE_0_level_00 -0.543
[2017.01.31-12.52.54:209][287]LogEditorViewport: Clicking on Actor (LMB): BP_Ugmo_C (BP_Ugmo)
[2017.01.31-12.52.58:683][791]LogSavePackage: Save=63.12ms
[2017.01.31-12.52.58:683][791]LogSavePackage: Moving '../../../../../../Users/Tak/Documents/GitHub/UnrealEngine_MM_TechDemo/Saved/level_00125B652A45D057AE339C7E923E17A017.tmp' to '../../../../../../Users/Tak/Documents/GitHub/UnrealEngine_MM_TechDemo/Content/ShantaesRipoff/Maps/level_00.umap'
[2017.01.31-12.52.58:685][791]LogSavePackage:Display: Finished SavePackage ../../../../../../Users/Tak/Documents/GitHub/UnrealEngine_MM_TechDemo/Content/ShantaesRipoff/Maps/level_00.umap
[2017.01.31-12.52.59:450][878]LogTemp: Repeting last play command: New Editor Window (PIE)
[2017.01.31-12.52.59:465][878]LogPlayLevel: PlayLevel: No blueprints needed recompiling
[2017.01.31-12.52.59:465][878]PIE: New page: PIE session: level_00 (Jan 31, 2017, 2:52:59 AM)
[2017.01.31-12.52.59:465][878]LogPlayLevel: Creating play world package: /Game/ShantaesRipoff/Maps/UEDPIE_0_level_00
[2017.01.31-12.52.59:471][878]LogPlayLevel: PIE: StaticDuplicateObject took: (0.006038s)
[2017.01.31-12.52.59:471][878]LogAIModule: Creating AISystem for world level_00
[2017.01.31-12.52.59:471][878]LogPlayLevel: PIE: World Init took: (0.000620s)
[2017.01.31-12.52.59:472][878]LogPlayLevel: PIE: Created PIE world by copying editor world from /Game/ShantaesRipoff/Maps/level_00.level_00 to /Game/ShantaesRipoff/Maps/UEDPIE_0_level_00.level_00 (0.006886s)
[2017.01.31-12.52.59:494][878]LogInit: XAudio2 using 'Speakers (Realtek High Definition Audio)' : 2 channels at 48 kHz using 32 bits per sample (channel mask 0x3)
[2017.01.31-12.52.59:502][878]LogInit: FAudioDevice initialized.
[2017.01.31-12.52.59:546][878]LogLoad: Game class is '2DSideScrollerGameMode_C'
[2017.01.31-12.52.59:549][878]LogWorld: Bringing World /Game/ShantaesRipoff/Maps/UEDPIE_0_level_00.level_00 up for play (max tick rate 0) at 2017.01.31-07.52.59
[2017.01.31-12.52.59:550][878]LogWorld: Bringing up level for play took: 0.003028
[2017.01.31-12.52.59:551][878]PIE:Warning: Warning The widget 'Widget_HUD_C' was already added to the screen.
[2017.01.31-12.52.59:555][878]PIE: Info Play in editor start time for /Game/ShantaesRipoff/Maps/UEDPIE_0_level_00 0.919
[2017.01.31-12.53.07:174][592]LogEditorViewport: Clicking on Actor (LMB): BP_Ugmo_C (BP_Ugmo)
[2017.01.31-12.53.07:811][665]LogEditorViewport: Clicking on Actor (LMB): BP_Ugmo_C (BP_Ugmo)
[2017.01.31-12.54.14:081][ 45]LogEditorViewport: Clicking on Actor (LMB): StaticMeshActor (M_Sidewalk_L2)
[2017.01.31-12.54.14:535][ 73]LogEditorViewport: Clicking on Actor (LMB): BP_Ugmo_C (BP_Ugmo)
[2017.01.31-12.55.22:230][ 42]BlueprintLog: New page: Compile BP_Ugmo
[2017.01.31-12.55.24:007][234]LogEditorViewport: Clicking on Actor (LMB): StaticMeshActor (M_Sidewalk_L6)
[2017.01.31-12.55.24:305][252]LogSavePackage: Save=63.42ms
[2017.01.31-12.55.24:305][252]LogSavePackage: Moving '../../../../../../Users/Tak/Documents/GitHub/UnrealEngine_MM_TechDemo/Saved/level_009418C8BB4B388B9ED2B3FDA85FB0687B.tmp' to '../../../../../../Users/Tak/Documents/GitHub/UnrealEngine_MM_TechDemo/Content/ShantaesRipoff/Maps/level_00.umap'
[2017.01.31-12.55.24:308][252]LogSavePackage:Display: Finished SavePackage ../../../../../../Users/Tak/Documents/GitHub/UnrealEngine_MM_TechDemo/Content/ShantaesRipoff/Maps/level_00.umap
[2017.01.31-12.55.25:330][370]LogTemp: Repeting last play command: New Editor Window (PIE)
[2017.01.31-12.55.25:345][370]LogPlayLevel: PlayLevel: No blueprints needed recompiling
[2017.01.31-12.55.25:345][370]PIE: New page: PIE session: level_00 (Jan 31, 2017, 2:55:25 AM)
[2017.01.31-12.55.25:345][370]LogPlayLevel: Creating play world package: /Game/ShantaesRipoff/Maps/UEDPIE_0_level_00
[2017.01.31-12.55.25:352][370]LogPlayLevel: PIE: StaticDuplicateObject took: (0.006117s)
[2017.01.31-12.55.25:352][370]LogAIModule: Creating AISystem for world level_00
[2017.01.31-12.55.25:352][370]LogPlayLevel: PIE: World Init took: (0.000689s)
[2017.01.31-12.55.25:352][370]LogPlayLevel: PIE: Created PIE world by copying editor world from /Game/ShantaesRipoff/Maps/level_00.level_00 to /Game/ShantaesRipoff/Maps/UEDPIE_0_level_00.level_00 (0.007038s)
[2017.01.31-12.55.25:375][370]LogInit: XAudio2 using 'Speakers (Realtek High Definition Audio)' : 2 channels at 48 kHz using 32 bits per sample (channel mask 0x3)
[2017.01.31-12.55.25:384][370]LogInit: FAudioDevice initialized.
[2017.01.31-12.55.25:423][370]LogLoad: Game class is '2DSideScrollerGameMode_C'
[2017.01.31-12.55.25:426][370]LogWorld: Bringing World /Game/ShantaesRipoff/Maps/UEDPIE_0_level_00.level_00 up for play (max tick rate 0) at 2017.01.31-07.55.25
[2017.01.31-12.55.25:427][370]LogWorld: Bringing up level for play took: 0.003308
[2017.01.31-12.55.25:428][370]PIE:Warning: Warning The widget 'Widget_HUD_C' was already added to the screen.
[2017.01.31-12.55.25:432][370]PIE: Info Play in editor start time for /Game/ShantaesRipoff/Maps/UEDPIE_0_level_00 0.797
[2017.01.31-12.55.33:587][178]LogTemp: Repeting last play command: New Editor Window (PIE)
[2017.01.31-12.55.33:602][178]LogPlayLevel: PlayLevel: No blueprints needed recompiling
[2017.01.31-12.55.33:602][178]PIE: New page: PIE session: level_00 (Jan 31, 2017, 2:55:33 AM)
[2017.01.31-12.55.33:602][178]LogPlayLevel: Creating play world package: /Game/ShantaesRipoff/Maps/UEDPIE_0_level_00
[2017.01.31-12.55.33:608][178]LogPlayLevel: PIE: StaticDuplicateObject took: (0.005922s)
[2017.01.31-12.55.33:609][178]LogAIModule: Creating AISystem for world level_00
[2017.01.31-12.55.33:609][178]LogPlayLevel: PIE: World Init took: (0.000632s)
[2017.01.31-12.55.33:609][178]LogPlayLevel: PIE: Created PIE world by copying editor world from /Game/ShantaesRipoff/Maps/level_00.level_00 to /Game/ShantaesRipoff/Maps/UEDPIE_0_level_00.level_00 (0.006821s)
[2017.01.31-12.55.33:633][178]LogInit: XAudio2 using 'Speakers (Realtek High Definition Audio)' : 2 channels at 48 kHz using 32 bits per sample (channel mask 0x3)
[2017.01.31-12.55.33:640][178]LogInit: FAudioDevice initialized.
[2017.01.31-12.55.33:685][178]LogLoad: Game class is '2DSideScrollerGameMode_C'
[2017.01.31-12.55.33:692][178]LogWorld: Bringing World /Game/ShantaesRipoff/Maps/UEDPIE_0_level_00.level_00 up for play (max tick rate 0) at 2017.01.31-07.55.33
[2017.01.31-12.55.33:693][178]LogWorld: Bringing up level for play took: 0.006003
[2017.01.31-12.55.33:695][178]PIE:Warning: Warning The widget 'Widget_HUD_C' was already added to the screen.
[2017.01.31-12.55.33:702][178]PIE: Info Play in editor start time for /Game/ShantaesRipoff/Maps/UEDPIE_0_level_00 1.067
[2017.01.31-12.55.39:242][736]LogSavePackage: Save=37.83ms
[2017.01.31-12.55.39:242][736]LogSavePackage: Moving '../../../../../../Users/Tak/Documents/GitHub/UnrealEngine_MM_TechDemo/Saved/BP_Ugmo2AF7C77246FB751F65C165A818689898.tmp' to '../../../../../../Users/Tak/Documents/GitHub/UnrealEngine_MM_TechDemo/Content/ShantaesRipoff/Blueprint/BP_Ugmo.uasset'
[2017.01.31-12.55.39:245][736]LogSavePackage:Display: Finished SavePackage ../../../../../../Users/Tak/Documents/GitHub/UnrealEngine_MM_TechDemo/Content/ShantaesRipoff/Blueprint/BP_Ugmo.uasset
[2017.01.31-12.56.37:655][711]LogSavePackage: Save=39.35ms
[2017.01.31-12.56.37:655][711]LogSavePackage: Moving '../../../../../../Users/Tak/Documents/GitHub/UnrealEngine_MM_TechDemo/Saved/BP_Ugmo462F861C43A7C4A5FDEB2C8DA086B9F1.tmp' to '../../../../../../Users/Tak/Documents/GitHub/UnrealEngine_MM_TechDemo/Content/ShantaesRipoff/Blueprint/BP_Ugmo.uasset'
[2017.01.31-12.56.37:657][711]LogSavePackage:Display: Finished SavePackage ../../../../../../Users/Tak/Documents/GitHub/UnrealEngine_MM_TechDemo/Content/ShantaesRipoff/Blueprint/BP_Ugmo.uasset
[2017.01.31-12.56.47:778][890]LogTemp: Repeting last play command: New Editor Window (PIE)
[2017.01.31-12.56.47:793][890]LogPlayLevel: PlayLevel: No blueprints needed recompiling
[2017.01.31-12.56.47:793][890]PIE: New page: PIE session: level_00 (Jan 31, 2017, 2:56:47 AM)
[2017.01.31-12.56.47:793][890]LogPlayLevel: Creating play world package: /Game/ShantaesRipoff/Maps/UEDPIE_0_level_00
[2017.01.31-12.56.47:800][890]LogPlayLevel: PIE: StaticDuplicateObject took: (0.006356s)
[2017.01.31-12.56.47:800][890]LogAIModule: Creating AISystem for world level_00
[2017.01.31-12.56.47:800][890]LogPlayLevel: PIE: World Init took: (0.000662s)
[2017.01.31-12.56.47:801][890]LogPlayLevel: PIE: Created PIE world by copying editor world from /Game/ShantaesRipoff/Maps/level_00.level_00 to /Game/ShantaesRipoff/Maps/UEDPIE_0_level_00.level_00 (0.007254s)
[2017.01.31-12.56.47:824][890]LogInit: XAudio2 using 'Speakers (Realtek High Definition Audio)' : 2 channels at 48 kHz using 32 bits per sample (channel mask 0x3)
[2017.01.31-12.56.47:833][890]LogInit: FAudioDevice initialized.
[2017.01.31-12.56.47:876][890]LogLoad: Game class is '2DSideScrollerGameMode_C'
[2017.01.31-12.56.47:879][890]LogWorld: Bringing World /Game/ShantaesRipoff/Maps/UEDPIE_0_level_00.level_00 up for play (max tick rate 0) at 2017.01.31-07.56.47
[2017.01.31-12.56.47:880][890]LogWorld: Bringing up level for play took: 0.003217
[2017.01.31-12.56.47:881][890]PIE:Warning: Warning The widget 'Widget_HUD_C' was already added to the screen.
[2017.01.31-12.56.47:885][890]PIE: Info Play in editor start time for /Game/ShantaesRipoff/Maps/UEDPIE_0_level_00 -0.751
[2017.01.31-12.57.04:772][733]LogTemp: Repeting last play command: New Editor Window (PIE)
[2017.01.31-12.57.04:787][733]LogPlayLevel: PlayLevel: No blueprints needed recompiling
[2017.01.31-12.57.04:787][733]PIE: New page: PIE session: level_00 (Jan 31, 2017, 2:57:04 AM)
[2017.01.31-12.57.04:787][733]LogPlayLevel: Creating play world package: /Game/ShantaesRipoff/Maps/UEDPIE_0_level_00
[2017.01.31-12.57.04:794][733]LogPlayLevel: PIE: StaticDuplicateObject took: (0.006148s)
[2017.01.31-12.57.04:794][733]LogAIModule: Creating AISystem for world level_00
[2017.01.31-12.57.04:794][733]LogPlayLevel: PIE: World Init took: (0.000658s)
[2017.01.31-12.57.04:794][733]LogPlayLevel: PIE: Created PIE world by copying editor world from /Game/ShantaesRipoff/Maps/level_00.level_00 to /Game/ShantaesRipoff/Maps/UEDPIE_0_level_00.level_00 (0.007050s)
[2017.01.31-12.57.04:817][733]LogInit: XAudio2 using 'Speakers (Realtek High Definition Audio)' : 2 channels at 48 kHz using 32 bits per sample (channel mask 0x3)
[2017.01.31-12.57.04:825][733]LogInit: FAudioDevice initialized.
[2017.01.31-12.57.04:867][733]LogLoad: Game class is '2DSideScrollerGameMode_C'
[2017.01.31-12.57.04:870][733]LogWorld: Bringing World /Game/ShantaesRipoff/Maps/UEDPIE_0_level_00.level_00 up for play (max tick rate 0) at 2017.01.31-07.57.04
[2017.01.31-12.57.04:871][733]LogWorld: Bringing up level for play took: 0.003019
[2017.01.31-12.57.04:872][733]PIE:Warning: Warning The widget 'Widget_HUD_C' was already added to the screen.
[2017.01.31-12.57.04:876][733]PIE: Info Play in editor start time for /Game/ShantaesRipoff/Maps/UEDPIE_0_level_00 0.24
[2017.01.31-12.57.25:699][734]LogEditorViewport: Clicking on Actor (LMB): StaticMeshActor (M_Sidewalk_L2)
[2017.01.31-12.57.25:748][734]LogEditorViewport: Clicking on Component (LMB): StaticMeshComponent (StaticMeshComponent0)
[2017.01.31-12.57.25:964][745]LogSavePackage: Save=63.41ms
[2017.01.31-12.57.25:964][745]LogSavePackage: Moving '../../../../../../Users/Tak/Documents/GitHub/UnrealEngine_MM_TechDemo/Saved/level_0038B1AEE74B7E34EC65E746AA9AD72103.tmp' to '../../../../../../Users/Tak/Documents/GitHub/UnrealEngine_MM_TechDemo/Content/ShantaesRipoff/Maps/level_00.umap'
[2017.01.31-12.57.25:965][745]LogSavePackage:Display: Finished SavePackage ../../../../../../Users/Tak/Documents/GitHub/UnrealEngine_MM_TechDemo/Content/ShantaesRipoff/Maps/level_00.umap
[2017.01.31-12.57.39:495][301]Cmd: QUIT_EDITOR
[2017.01.31-12.57.39:864][301]LogWindowsTextInputMethodSystem:Display: IME system now deactivated.
[2017.01.31-12.57.39:905][301]LogExit: Preparing to exit.
[2017.01.31-12.57.40:695][301]LogDirectoryWatcher: A directory notification for 'C:/Users/Tak/Documents/GitHub/UnrealEngine_MM_TechDemo/Content/' was aborted.
[2017.01.31-12.57.40:723][301]LogExit: Editor shut down
[2017.01.31-12.57.40:723][301]LogExit: Transaction tracking system shut down
[2017.01.31-12.57.40:806][301]LogObj: Freed 0b from 0 cluster array pools.
[2017.01.31-12.57.40:807][301]LogExit: Object subsystem successfully closed.
[2017.01.31-12.57.40:819][301]LogD3D11RHI: Shutdown
[2017.01.31-12.57.40:819][301]LogD3D11RHI: CleanupD3DDevice
[2017.01.31-12.57.40:877][301]LogD3D11RHI: ~FD3D11DynamicRHI
[2017.01.31-12.57.40:888][301]LogHttp:Display: Http module shutting down, but needs to wait on 1 outstanding Http requests:
[2017.01.31-12.57.40:888][301]LogHttp:Display: 	verb=[POST] url=[https://datarouter.ol.epicgames.com/datarouter/api/v1/public/data?SessionID=%7B846D6473-4E9D-C9C2-B6EA-9AB33CEEADE4%7D&AppID=UEEditor.Rocket.Release&AppVersion=4.14.3-3249277%2B%2B%2BUE4%2BRelease-4.14&UserID=432ba7df4ad6bae0ec2354b7fc35a1e0%7C4a54d2d7bb754e88b4669d72009f5046%7C097e5d8a-9fc2-49b4-984a-3ac3ca64eac4&AppEnvironment=datacollector-binary&UploadType=eteventstream] status=Processing
[2017.01.31-12.57.40:919][301]LogModuleManager: Shutting down and abandoning module MovieSceneCapture (246)
[2017.01.31-12.57.40:919][301]LogModuleManager: Shutting down and abandoning module BlueprintGraph (245)
[2017.01.31-12.57.40:919][301]LogModuleManager: Shutting down and abandoning module BlueprintProfiler (244)
[2017.01.31-12.57.40:940][301]LogModuleManager: Shutting down and abandoning module HierarchicalLODOutliner (243)
[2017.01.31-12.57.40:940][301]LogModuleManager: Shutting down and abandoning module CrashTracker (242)
[2017.01.31-12.57.40:940][301]LogModuleManager: Shutting down and abandoning module SceneOutliner (241)
[2017.01.31-12.57.40:940][301]LogModuleManager: Shutting down and abandoning module WidgetCarousel (240)
[2017.01.31-12.57.40:940][301]LogModuleManager: Shutting down and abandoning module AddContentDialog (239)
[2017.01.31-12.57.40:940][301]LogDirectoryWatcher: A directory notification for 'C:/Program Files (x86)/Epic Games/4.14/FeaturePacks/' was aborted.
[2017.01.31-12.57.40:943][301]LogModuleManager: Shutting down and abandoning module GameplayTags (238)
[2017.01.31-12.57.40:943][301]LogModuleManager: Shutting down and abandoning module EditorWidgets (237)
[2017.01.31-12.57.40:944][301]LogModuleManager: Shutting down and abandoning module CollectionManager (236)
[2017.01.31-12.57.40:944][301]LogDirectoryWatcher: A directory notification for 'C:/Users/Tak/Documents/GitHub/UnrealEngine_MM_TechDemo/Content/Collections/' was aborted.
[2017.01.31-12.57.40:944][301]LogDirectoryWatcher: A directory notification for 'C:/Users/Tak/Documents/GitHub/UnrealEngine_MM_TechDemo/Content/Developers/Tak/Collections/' was aborted.
[2017.01.31-12.57.40:944][301]LogDirectoryWatcher: A directory notification for 'C:/Users/Tak/Documents/GitHub/UnrealEngine_MM_TechDemo/Saved/Collections/' was aborted.
[2017.01.31-12.57.40:944][301]LogModuleManager: Shutting down and abandoning module StatsViewer (235)
[2017.01.31-12.57.40:944][301]LogModuleManager: Shutting down and abandoning module FoliageEdit (234)
[2017.01.31-12.57.40:944][301]LogModuleManager: Shutting down and abandoning module LandscapeEditor (233)
[2017.01.31-12.57.40:944][301]LogModuleManager: Shutting down and abandoning module SceneDepthPickerMode (232)
[2017.01.31-12.57.40:944][301]LogModuleManager: Shutting down and abandoning module ActorPickerMode (231)
[2017.01.31-12.57.40:944][301]LogModuleManager: Shutting down and abandoning module GeometryMode (230)
[2017.01.31-12.57.40:944][301]LogModuleManager: Shutting down and abandoning module TextureAlignMode (229)
[2017.01.31-12.57.40:945][301]LogModuleManager: Shutting down and abandoning module BspMode (228)
[2017.01.31-12.57.40:945][301]LogModuleManager: Shutting down and abandoning module HardwareSurvey (227)
[2017.01.31-12.57.40:945][301]LogModuleManager: Shutting down and abandoning module SequenceRecorderSections (226)
[2017.01.31-12.57.40:945][301]LogModuleManager: Shutting down and abandoning module AutomationWorker (225)
[2017.01.31-12.57.40:945][301]LogModuleManager: Shutting down and abandoning module MatineeToLevelSequence (224)
[2017.01.31-12.57.40:945][301]LogModuleManager: Shutting down and abandoning module PlacementMode (223)
[2017.01.31-12.57.40:945][301]LogModuleManager: Shutting down and abandoning module LevelSequenceEditor (222)
[2017.01.31-12.57.40:945][301]LogModuleManager: Shutting down and abandoning module WmfMediaFactory (221)
[2017.01.31-12.57.40:945][301]LogModuleManager: Shutting down and abandoning module WmfMediaEditor (220)
[2017.01.31-12.57.40:945][301]LogModuleManager: Shutting down and abandoning module AvfMediaFactory (219)
[2017.01.31-12.57.40:945][301]LogModuleManager: Shutting down and abandoning module AvfMediaEditor (218)
[2017.01.31-12.57.40:945][301]LogModuleManager: Shutting down and abandoning module Media (217)
[2017.01.31-12.57.40:945][301]LogModuleManager: Shutting down and abandoning module AndroidMediaFactory (216)
[2017.01.31-12.57.40:945][301]LogModuleManager: Shutting down and abandoning module AndroidMediaEditor (215)
[2017.01.31-12.57.40:945][301]LogModuleManager: Shutting down and abandoning module CharacterAI (214)
[2017.01.31-12.57.40:945][301]LogModuleManager: Shutting down and abandoning module SequenceRecorder (213)
[2017.01.31-12.57.40:945][301]LogModuleManager: Shutting down and abandoning module AudioCapture (212)
[2017.01.31-12.57.40:945][301]LogModuleManager: Shutting down and abandoning module SmartSnapping (211)
[2017.01.31-12.57.40:945][301]LogModuleManager: Shutting down and abandoning module SessionServices (210)
[2017.01.31-12.57.40:945][301]LogModuleManager: Shutting down and abandoning module ViewportSnapping (209)
[2017.01.31-12.57.40:946][301]LogModuleManager: Shutting down and abandoning module ViewportInteraction (208)
[2017.01.31-12.57.40:946][301]LogModuleManager: Shutting down and abandoning module LogVisualizer (207)
[2017.01.31-12.57.40:946][301]LogModuleManager: Shutting down and abandoning module GameProjectGeneration (206)
[2017.01.31-12.57.40:946][301]LogModuleManager: Shutting down and abandoning module IntroTutorials (205)
[2017.01.31-12.57.40:946][301]LogModuleManager: Shutting down and abandoning module EditorLiveStreaming (204)
[2017.01.31-12.57.40:946][301]LogModuleManager: Shutting down and abandoning module IOSPlatformEditor (203)
[2017.01.31-12.57.40:946][301]LogModuleManager: Shutting down and abandoning module HTML5PlatformEditor (202)
[2017.01.31-12.57.40:946][301]LogModuleManager: Shutting down and abandoning module AndroidDeviceDetection (201)
[2017.01.31-12.57.41:676][301]LogModuleManager: Shutting down and abandoning module AndroidPlatformEditor (200)
[2017.01.31-12.57.41:676][301]LogModuleManager: Shutting down and abandoning module IOSRuntimeSettings (199)
[2017.01.31-12.57.41:676][301]LogModuleManager: Shutting down and abandoning module AndroidRuntimeSettings (198)
[2017.01.31-12.57.41:676][301]LogModuleManager: Shutting down and abandoning module InputBindingEditor (197)
[2017.01.31-12.57.41:676][301]LogModuleManager: Shutting down and abandoning module NiagaraEditor (196)
[2017.01.31-12.57.41:676][301]LogModuleManager: Shutting down and abandoning module MergeActors (195)
[2017.01.31-12.57.41:676][301]LogModuleManager: Shutting down and abandoning module SizeMap (194)
[2017.01.31-12.57.41:677][301]LogModuleManager: Shutting down and abandoning module TreeMap (193)
[2017.01.31-12.57.41:677][301]LogModuleManager: Shutting down and abandoning module ReferenceViewer (192)
[2017.01.31-12.57.41:677][301]LogModuleManager: Shutting down and abandoning module LocalizationService (191)
[2017.01.31-12.57.41:677][301]LogModuleManager: Shutting down and abandoning module LocalizationDashboard (190)
[2017.01.31-12.57.41:677][301]LogModuleManager: Shutting down and abandoning module HardwareTargeting (189)
[2017.01.31-12.57.41:677][301]LogModuleManager: Shutting down and abandoning module DeviceProfileEditor (188)
[2017.01.31-12.57.41:677][301]LogModuleManager: Shutting down and abandoning module UndoHistory (187)
[2017.01.31-12.57.41:677][301]LogModuleManager: Shutting down and abandoning module UserFeedback (186)
[2017.01.31-12.57.41:677][301]LogModuleManager: Shutting down and abandoning module XmlParser (185)
[2017.01.31-12.57.41:677][301]LogModuleManager: Shutting down and abandoning module Blutility (184)
[2017.01.31-12.57.41:677][301]LogModuleManager: Shutting down and abandoning module ProjectTargetPlatformEditor (183)
[2017.01.31-12.57.41:677][301]LogModuleManager: Shutting down and abandoning module ProjectSettingsViewer (182)
[2017.01.31-12.57.41:678][301]LogModuleManager: Shutting down and abandoning module EditorSettingsViewer (181)
[2017.01.31-12.57.41:678][301]LogModuleManager: Shutting down and abandoning module SettingsEditor (180)
[2017.01.31-12.57.41:678][301]LogModuleManager: Shutting down and abandoning module ProjectLauncher (179)
[2017.01.31-12.57.41:678][301]LogModuleManager: Shutting down and abandoning module SessionFrontend (178)
[2017.01.31-12.57.41:678][301]LogModuleManager: Shutting down and abandoning module ProfilerClient (177)
[2017.01.31-12.57.41:678][301]LogModuleManager: Shutting down and abandoning module TargetDeviceServices (176)
[2017.01.31-12.57.41:678][301]LogModuleManager: Shutting down and abandoning module DeviceManager (175)
[2017.01.31-12.57.41:720][301]LogModuleManager: Shutting down and abandoning module AutomationController (174)
[2017.01.31-12.57.41:720][301]LogModuleManager: Shutting down and abandoning module AutomationWindow (173)
[2017.01.31-12.57.41:720][301]LogModuleManager: Shutting down and abandoning module Layers (172)
[2017.01.31-12.57.41:720][301]LogModuleManager: Shutting down and abandoning module ComponentVisualizers (171)
[2017.01.31-12.57.41:720][301]LogModuleManager: Shutting down and abandoning module DetailCustomizations (170)
[2017.01.31-12.57.41:720][301]LogModuleManager: Shutting down and abandoning module PackagesDialog (169)
[2017.01.31-12.57.41:720][301]LogModuleManager: Shutting down and abandoning module AnimGraph (168)
[2017.01.31-12.57.41:720][301]LogModuleManager: Shutting down and abandoning module Persona (167)
[2017.01.31-12.57.41:720][301]LogModuleManager: Shutting down and abandoning module Kismet (166)
[2017.01.31-12.57.41:738][301]LogModuleManager: Shutting down and abandoning module GraphEditor (165)
[2017.01.31-12.57.41:738][301]LogModuleManager: Shutting down and abandoning module ClassViewer (164)
[2017.01.31-12.57.41:738][301]LogModuleManager: Shutting down and abandoning module Toolbox (163)
[2017.01.31-12.57.41:738][301]LogModuleManager: Shutting down and abandoning module ModuleUI (162)
[2017.01.31-12.57.41:738][301]LogModuleManager: Shutting down and abandoning module MovieSceneTools (161)
[2017.01.31-12.57.41:738][301]LogModuleManager: Shutting down and abandoning module OutputLog (160)
[2017.01.31-12.57.41:738][301]LogModuleManager: Shutting down and abandoning module GammaUI (159)
[2017.01.31-12.57.41:738][301]LogModuleManager: Shutting down and abandoning module Documentation (158)
[2017.01.31-12.57.41:738][301]LogModuleManager: Shutting down and abandoning module Niagara (157)
[2017.01.31-12.57.41:738][301]LogModuleManager: Shutting down and abandoning module StreamingPauseRendering (156)
[2017.01.31-12.57.41:738][301]LogModuleManager: Shutting down and abandoning module AnalyticsET (155)
[2017.01.31-12.57.41:738][301]LogModuleManager: Shutting down and abandoning module PortalServices (154)
[2017.01.31-12.57.41:738][301]LogModuleManager: Shutting down and abandoning module PortalRpc (153)
[2017.01.31-12.57.41:738][301]LogModuleManager: Shutting down and abandoning module MessagingRpc (152)
[2017.01.31-12.57.41:738][301]LogModuleManager: Shutting down and abandoning module GameplayDebugger (151)
[2017.01.31-12.57.41:738][301]LogModuleManager: Shutting down and abandoning module AITestSuite (150)
[2017.01.31-12.57.41:738][301]LogModuleManager: Shutting down and abandoning module AIModule (149)
[2017.01.31-12.57.41:738][301]LogModuleManager: Shutting down and abandoning module ProfilerService (148)
[2017.01.31-12.57.41:753][301]LogModuleManager: Shutting down and abandoning module TaskGraph (147)
[2017.01.31-12.57.41:753][301]LogModuleManager: Shutting down and abandoning module SubstanceEditor (146)
[2017.01.31-12.57.41:753][301]LogModuleManager: Shutting down and abandoning module SlateRemote (145)
[2017.01.31-12.57.41:753][301]LogModuleManager: Shutting down and abandoning module SteamVRController (144)
[2017.01.31-12.57.41:753][301]LogModuleManager: Shutting down and abandoning module SteamVR (143)
[2017.01.31-12.57.41:753][301]LogModuleManager: Shutting down and abandoning module ProceduralMeshComponentEditor (142)
[2017.01.31-12.57.41:753][301]LogModuleManager: Shutting down and abandoning module ProceduralMeshComponent (141)
[2017.01.31-12.57.41:753][301]LogModuleManager: Shutting down and abandoning module OculusLibrary (140)
[2017.01.31-12.57.41:753][301]LogModuleManager: Shutting down and abandoning module OculusInput (139)
[2017.01.31-12.57.41:753][301]LogModuleManager: Shutting down and abandoning module MobilePatchingUtils (138)
[2017.01.31-12.57.41:753][301]LogModuleManager: Shutting down and abandoning module CustomMeshComponent (137)
[2017.01.31-12.57.41:753][301]LogModuleManager: Shutting down and abandoning module CableComponent (136)
[2017.01.31-12.57.41:753][301]LogModuleManager: Shutting down and abandoning module ArchVisCharacter (135)
[2017.01.31-12.57.41:753][301]LogModuleManager: Shutting down and abandoning module MediaPlayerEditor (133)
[2017.01.31-12.57.41:753][301]LogModuleManager: Shutting down and abandoning module HTML5Networking (132)
[2017.01.31-12.57.41:753][301]LogModuleManager: Shutting down and abandoning module GeometryCacheEd (131)
[2017.01.31-12.57.41:753][301]LogModuleManager: Shutting down and abandoning module GeometryCache (130)
[2017.01.31-12.57.41:753][301]LogModuleManager: Shutting down and abandoning module AlembicLibrary (129)
[2017.01.31-12.57.41:753][301]LogModuleManager: Shutting down and abandoning module AlembicImporter (128)
[2017.01.31-12.57.41:753][301]LogModuleManager: Shutting down and abandoning module SuperSearch (127)
[2017.01.31-12.57.41:753][301]LogModuleManager: Shutting down and abandoning module SuperSearchEditor (126)
[2017.01.31-12.57.41:753][301]LogModuleManager: Shutting down and abandoning module SpeedTreeImporter (125)
[2017.01.31-12.57.41:753][301]LogModuleManager: Shutting down and abandoning module PluginBrowser (124)
[2017.01.31-12.57.41:753][301]LogModuleManager: Shutting down and abandoning module MobileLauncherProfileWizard (123)
[2017.01.31-12.57.41:754][301]LogModuleManager: Shutting down and abandoning module EpicSurvey (122)
[2017.01.31-12.57.41:754][301]LogModuleManager: Shutting down and abandoning module DesktopPlatform (121)
[2017.01.31-12.57.41:754][301]LogModuleManager: Shutting down and abandoning module VisualStudioSourceCodeAccess (120)
[2017.01.31-12.57.41:754][301]LogModuleManager: Shutting down and abandoning module UObjectPlugin (119)
[2017.01.31-12.57.41:754][301]LogModuleManager: Shutting down and abandoning module SubversionSourceControl (118)
[2017.01.31-12.57.41:754][301]LogModuleManager: Shutting down and abandoning module PerforceSourceControl (117)
[2017.01.31-12.57.41:754][301]LogModuleManager: Shutting down and abandoning module SourceControl (116)
[2017.01.31-12.57.41:754][301]LogModuleManager: Shutting down and abandoning module GitSourceControl (115)
[2017.01.31-12.57.41:754][301]LogModuleManager: Shutting down and abandoning module LightPropagationVolumeEditor (114)
[2017.01.31-12.57.41:754][301]LogModuleManager: Shutting down and abandoning module PaperTiledImporter (113)
[2017.01.31-12.57.41:754][301]LogModuleManager: Shutting down and abandoning module PaperSpriteSheetImporter (112)
[2017.01.31-12.57.41:754][301]LogModuleManager: Shutting down and abandoning module MeshPaint (111)
[2017.01.31-12.57.41:754][301]LogModuleManager: Shutting down and abandoning module PixelInspectorModule (110)
[2017.01.31-12.57.41:754][301]LogModuleManager: Shutting down and abandoning module HotReload (109)
[2017.01.31-12.57.41:754][301]LogDirectoryWatcher: A directory notification for 'C:/Users/Tak/Documents/GitHub/UnrealEngine_MM_TechDemo/Binaries/Win64' was aborted.
[2017.01.31-12.57.41:755][301]LogModuleManager: Shutting down and abandoning module MainFrame (108)
[2017.01.31-12.57.41:755][301]LogModuleManager: Shutting down and abandoning module LevelEditor (107)
[2017.01.31-12.57.41:756][301]LogModuleManager: Shutting down and abandoning module ContentBrowser (106)
[2017.01.31-12.57.41:758][301]LogModuleManager: Shutting down and abandoning module Paper2DEditor (105)
[2017.01.31-12.57.41:758][301]LogModuleManager: Shutting down and abandoning module UdpMessaging (104)
[2017.01.31-12.57.41:858][301]LogModuleManager: Shutting down and abandoning module TcpMessaging (103)
[2017.01.31-12.57.41:959][301]LogModuleManager: Shutting down and abandoning module SubstanceCore (102)
[2017.01.31-12.57.41:959][301]LogModuleManager: Shutting down and abandoning module LightPropagationVolumeRuntime (101)
[2017.01.31-12.57.41:959][301]LogModuleManager: Shutting down and abandoning module Paper2D (100)
[2017.01.31-12.57.41:959][301]LogModuleManager: Shutting down and abandoning module WindowsMoviePlayer (99)
[2017.01.31-12.57.41:959][301]LogModuleManager: Shutting down and abandoning module WmfMedia (98)
[2017.01.31-12.57.41:959][301]LogModuleManager: Shutting down and abandoning module MediaAssets (97)
[2017.01.31-12.57.41:959][301]LogModuleManager: Shutting down and abandoning module GameLiveStreaming (96)
[2017.01.31-12.57.41:960][301]LogModuleManager: Shutting down and abandoning module GameplayTagsEditor (95)
[2017.01.31-12.57.41:960][301]LogModuleManager: Shutting down and abandoning module VREditor (94)
[2017.01.31-12.57.41:960][301]LogModuleManager: Shutting down and abandoning module GameplayTasksEditor (93)
[2017.01.31-12.57.41:960][301]LogModuleManager: Shutting down and abandoning module BehaviorTreeEditor (92)
[2017.01.31-12.57.41:960][301]LogModuleManager: Shutting down and abandoning module FunctionalTesting (91)
[2017.01.31-12.57.41:960][301]LogModuleManager: Shutting down and abandoning module CollisionAnalyzer (90)
[2017.01.31-12.57.41:960][301]LogModuleManager: Shutting down and abandoning module Sequencer (89)
[2017.01.31-12.57.41:960][301]LogModuleManager: Shutting down and abandoning module WorkspaceMenuStructure (88)
[2017.01.31-12.57.41:960][301]LogModuleManager: Shutting down and abandoning module MessageLog (87)
[2017.01.31-12.57.41:960][301]LogModuleManager: Shutting down and abandoning module AssetTools (86)
[2017.01.31-12.57.41:960][301]LogModuleManager: Shutting down and abandoning module UMGEditor (85)
[2017.01.31-12.57.41:960][301]LogModuleManager: Shutting down and abandoning module UMG (84)
[2017.01.31-12.57.41:960][301]LogModuleManager: Shutting down and abandoning module SlateReflector (83)
[2017.01.31-12.57.41:960][301]LogModuleManager: Shutting down and abandoning module Slate (82)
[2017.01.31-12.57.41:960][301]LogModuleManager: Shutting down and abandoning module EditorStyle (81)
[2017.01.31-12.57.41:968][301]LogModuleManager: Shutting down and abandoning module SourceCodeAccess (80)
[2017.01.31-12.57.41:968][301]LogModuleManager: Shutting down and abandoning module HeadMountedDisplay (79)
[2017.01.31-12.57.41:968][301]LogModuleManager: Shutting down and abandoning module XAudio2 (78)
[2017.01.31-12.57.41:968][301]LogModuleManager: Shutting down and abandoning module Networking (76)
[2017.01.31-12.57.41:968][301]LogModuleManager: Shutting down and abandoning module Core (75)
[2017.01.31-12.57.41:968][301]LogModuleManager: Shutting down and abandoning module DirectoryWatcher (74)
[2017.01.31-12.57.41:968][301]LogDirectoryWatcher: A directory notification for '../../../Engine/Content/' was aborted.
[2017.01.31-12.57.41:969][301]LogDirectoryWatcher: A directory notification for '../../../../../../Users/Tak/Documents/GitHub/UnrealEngine_MM_TechDemo/Content/' was aborted.
[2017.01.31-12.57.41:969][301]LogDirectoryWatcher: A directory notification for '../../../Engine/Plugins/2D/Paper2D/Content/' was aborted.
[2017.01.31-12.57.41:970][301]LogModuleManager: Shutting down and abandoning module AssetRegistry (73)
[2017.01.31-12.57.42:136][301]LogModuleManager: Shutting down and abandoning module KismetCompiler (72)
[2017.01.31-12.57.42:137][301]LogModuleManager: Shutting down and abandoning module PhysXFormats (71)
[2017.01.31-12.57.42:137][301]LogModuleManager: Shutting down and abandoning module SimplygonSwarm (70)
[2017.01.31-12.57.42:137][301]LogModuleManager: Shutting down and abandoning module SimplygonMeshReduction (69)
[2017.01.31-12.57.42:137][301]LogModuleManager: Shutting down and abandoning module QuadricMeshReduction (68)
[2017.01.31-12.57.42:137][301]LogModuleManager: Shutting down and abandoning module PropertyEditor (67)
[2017.01.31-12.57.42:137][301]LogModuleManager: Shutting down and abandoning module MeshUtilities (66)
[2017.01.31-12.57.42:137][301]LogModuleManager: Shutting down and abandoning module DerivedDataCache (65)
[2017.01.31-12.57.42:215][301]LogDerivedDataCache: Shutdown
[2017.01.31-12.57.42:215][301]LogModuleManager: Shutting down and abandoning module VulkanShaderFormat (64)
[2017.01.31-12.57.42:215][301]LogModuleManager: Shutting down and abandoning module ShaderFormatOpenGL (63)
[2017.01.31-12.57.42:215][301]LogModuleManager: Shutting down and abandoning module ShaderFormatD3D (62)
[2017.01.31-12.57.42:215][301]LogModuleManager: Shutting down and abandoning module MetalShaderFormat (61)
[2017.01.31-12.57.42:215][301]LogModuleManager: Shutting down and abandoning module TextureFormatUncompressed (60)
[2017.01.31-12.57.42:215][301]LogModuleManager: Shutting down and abandoning module TextureFormatPVR (59)
[2017.01.31-12.57.42:216][301]LogModuleManager: Shutting down and abandoning module TextureFormatDXT (58)
[2017.01.31-12.57.42:216][301]LogModuleManager: Shutting down and abandoning module TextureFormatIntelISPCTexComp (57)
[2017.01.31-12.57.42:216][301]LogModuleManager: Shutting down and abandoning module ImageWrapper (56)
[2017.01.31-12.57.42:216][301]LogModuleManager: Shutting down and abandoning module TextureFormatASTC (55)
[2017.01.31-12.57.42:216][301]LogModuleManager: Shutting down and abandoning module TextureFormatAndroid (54)
[2017.01.31-12.57.42:216][301]LogModuleManager: Shutting down and abandoning module AudioFormatOpus (53)
[2017.01.31-12.57.42:216][301]LogModuleManager: Shutting down and abandoning module AudioFormatOgg (52)
[2017.01.31-12.57.42:216][301]LogModuleManager: Shutting down and abandoning module AudioFormatADPCM (51)
[2017.01.31-12.57.42:216][301]LogModuleManager: Shutting down and abandoning module LinuxTargetPlatform (50)
[2017.01.31-12.57.42:216][301]LogModuleManager: Shutting down and abandoning module LinuxServerTargetPlatform (49)
[2017.01.31-12.57.42:216][301]LogModuleManager: Shutting down and abandoning module LinuxNoEditorTargetPlatform (48)
[2017.01.31-12.57.42:216][301]LogModuleManager: Shutting down and abandoning module LinuxClientTargetPlatform (47)
[2017.01.31-12.57.42:216][301]LogModuleManager: Shutting down and abandoning module TVOSTargetPlatform (46)
[2017.01.31-12.57.42:216][301]LogModuleManager: Shutting down and abandoning module Messaging (45)
[2017.01.31-12.57.42:216][301]LogModuleManager: Shutting down and abandoning module IOSTargetPlatform (44)
[2017.01.31-12.57.42:216][301]LogModuleManager: Shutting down and abandoning module HTML5TargetPlatform (43)
[2017.01.31-12.57.42:217][301]LogModuleManager: Shutting down and abandoning module Android_PVRTCTargetPlatform (42)
[2017.01.31-12.57.42:217][301]LogModuleManager: Shutting down and abandoning module Android_MultiTargetPlatform (41)
[2017.01.31-12.57.42:217][301]LogModuleManager: Shutting down and abandoning module Android_ETC2TargetPlatform (40)
[2017.01.31-12.57.42:217][301]LogModuleManager: Shutting down and abandoning module Android_ETC1TargetPlatform (39)
[2017.01.31-12.57.42:217][301]LogModuleManager: Shutting down and abandoning module Android_DXTTargetPlatform (38)
[2017.01.31-12.57.42:217][301]LogModuleManager: Shutting down and abandoning module Android_ATCTargetPlatform (37)
[2017.01.31-12.57.42:217][301]LogModuleManager: Shutting down and abandoning module Android_ASTCTargetPlatform (36)
[2017.01.31-12.57.42:217][301]LogModuleManager: Shutting down and abandoning module AndroidTargetPlatform (35)
[2017.01.31-12.57.42:217][301]LogModuleManager: Shutting down and abandoning module WindowsTargetPlatform (34)
[2017.01.31-12.57.42:217][301]LogModuleManager: Shutting down and abandoning module WindowsServerTargetPlatform (33)
[2017.01.31-12.57.42:217][301]LogModuleManager: Shutting down and abandoning module WindowsNoEditorTargetPlatform (32)
[2017.01.31-12.57.42:217][301]LogModuleManager: Shutting down and abandoning module WindowsClientTargetPlatform (31)
[2017.01.31-12.57.42:217][301]LogModuleManager: Shutting down and abandoning module MacTargetPlatform (30)
[2017.01.31-12.57.42:217][301]LogModuleManager: Shutting down and abandoning module MacServerTargetPlatform (29)
[2017.01.31-12.57.42:217][301]LogModuleManager: Shutting down and abandoning module MacNoEditorTargetPlatform (28)
[2017.01.31-12.57.42:217][301]LogModuleManager: Shutting down and abandoning module MacClientTargetPlatform (27)
[2017.01.31-12.57.42:217][301]LogModuleManager: Shutting down and abandoning module AllDesktopTargetPlatform (26)
[2017.01.31-12.57.42:217][301]LogModuleManager: Shutting down and abandoning module TargetPlatform (25)
[2017.01.31-12.57.42:217][301]LogModuleManager: Shutting down and abandoning module InputCore (24)
[2017.01.31-12.57.42:217][301]LogModuleManager: Shutting down and abandoning module Settings (23)
[2017.01.31-12.57.42:217][301]LogModuleManager: Shutting down and abandoning module OculusRift (22)
[2017.01.31-12.57.42:217][301]LogModuleManager: Shutting down and abandoning module ExampleDeviceProfileSelector (21)
[2017.01.31-12.57.42:217][301]LogModuleManager: Shutting down and abandoning module OnlineBlueprintSupport (20)
[2017.01.31-12.57.42:217][301]LogModuleManager: Shutting down and abandoning module OnlineSubsystem (18)
[2017.01.31-12.57.42:217][301]LogOnline:Display: Unloading online subsystem: NULL
[2017.01.31-12.57.42:217][301]LogModuleManager: Shutting down and abandoning module SSL (17)
[2017.01.31-12.57.42:221][301]LogModuleManager: Shutting down and abandoning module HTTP (16)
[2017.01.31-12.57.42:221][301]LogModuleManager: Shutting down and abandoning module XMPP (15)
[2017.01.31-12.57.42:221][301]LogModuleManager: Shutting down and abandoning module TextureCompressor (14)
[2017.01.31-12.57.42:222][301]LogModuleManager: Shutting down and abandoning module ShaderCore (13)
[2017.01.31-12.57.42:222][301]LogModuleManager: Shutting down and abandoning module Landscape (12)
[2017.01.31-12.57.42:222][301]LogModuleManager: Shutting down and abandoning module SlateRHIRenderer (11)
[2017.01.31-12.57.42:230][301]LogModuleManager: Shutting down and abandoning module OpenGLDrv (10)
[2017.01.31-12.57.42:230][301]LogModuleManager: Shutting down and abandoning module D3D11RHI (9)
[2017.01.31-12.57.42:230][301]LogModuleManager: Shutting down and abandoning module AnimGraphRuntime (8)
[2017.01.31-12.57.42:230][301]LogModuleManager: Shutting down and abandoning module Renderer (7)
[2017.01.31-12.57.42:230][301]LogModuleManager: Shutting down and abandoning module Engine (6)
[2017.01.31-12.57.42:230][301]LogModuleManager: Shutting down and abandoning module CoreUObject (5)
[2017.01.31-12.57.42:230][301]LogModuleManager: Shutting down and abandoning module NetworkFile (4)
[2017.01.31-12.57.42:230][301]LogModuleManager: Shutting down and abandoning module StreamingFile (3)
[2017.01.31-12.57.42:230][301]LogModuleManager: Shutting down and abandoning module SandboxFile (2)
[2017.01.31-12.57.42:230][301]LogModuleManager: Shutting down and abandoning module PakFile (1)
[2017.01.31-12.57.42:236][301]LogExit: Exiting.
[2017.01.31-12.57.42:240][301]Log file closed, 01/31/17 07:57:42
