Log file open, 02/27/17 16:14:16
LogInit:Display: Running engine for game: ShantaeRipoff
LogPlatformFile: Not using cached read wrapper
LogInit:Display: RandInit(962579346) SRandInit(962579346).
LogTaskGraph: Started task graph with 5 named threads and 8 total threads with 1 sets of task threads.
LogStats: Stats thread started at 2.459397
LogPluginManager: Loaded Plugin Paper2D, From C:/Program Files (x86)/Unreal Engine/4.14/Engine/Plugins/2D/Paper2D/Paper2D.uplugin
LogPluginManager: Loaded Plugin LightPropagationVolume, From C:/Program Files (x86)/Unreal Engine/4.14/Engine/Plugins/Blendables/LightPropagationVolume/LightPropagationVolume.uplugin
LogPluginManager: Loaded Plugin BlankPlugin, From C:/Program Files (x86)/Unreal Engine/4.14/Engine/Plugins/Developer/BlankPlugin/BlankPlugin.uplugin
LogPluginManager: Loaded Plugin CodeLiteSourceCodeAccess, From C:/Program Files (x86)/Unreal Engine/4.14/Engine/Plugins/Developer/CodeLiteSourceCodeAccess/CodeLiteSourceCodeAccess.uplugin
LogPluginManager: Loaded Plugin GitSourceControl, From C:/Program Files (x86)/Unreal Engine/4.14/Engine/Plugins/Developer/GitSourceControl/GitSourceControl.uplugin
LogPluginManager: Loaded Plugin KDevelopSourceCodeAccess, From C:/Program Files (x86)/Unreal Engine/4.14/Engine/Plugins/Developer/KDevelopSourceCodeAccess/KDevelopSourceCodeAccess.uplugin
LogPluginManager: Loaded Plugin NullSourceCodeAccess, From C:/Program Files (x86)/Unreal Engine/4.14/Engine/Plugins/Developer/NullSourceCodeAccess/NullSourceCodeAccess.uplugin
LogPluginManager: Loaded Plugin OneSkyLocalizationService, From C:/Program Files (x86)/Unreal Engine/4.14/Engine/Plugins/Developer/OneSkyLocalizationService/OneSkyLocalizationService.uplugin
LogPluginManager: Loaded Plugin PerforceSourceControl, From C:/Program Files (x86)/Unreal Engine/4.14/Engine/Plugins/Developer/PerforceSourceControl/PerforceSourceControl.uplugin
LogPluginManager: Loaded Plugin SubversionSourceControl, From C:/Program Files (x86)/Unreal Engine/4.14/Engine/Plugins/Developer/SubversionSourceControl/SubversionSourceControl.uplugin
LogPluginManager: Loaded Plugin UObjectPlugin, From C:/Program Files (x86)/Unreal Engine/4.14/Engine/Plugins/Developer/UObjectPlugin/UObjectPlugin.uplugin
LogPluginManager: Loaded Plugin VisualStudioSourceCodeAccess, From C:/Program Files (x86)/Unreal Engine/4.14/Engine/Plugins/Developer/VisualStudioSourceCodeAccess/VisualStudioSourceCodeAccess.uplugin
LogPluginManager: Loaded Plugin XCodeSourceCodeAccess, From C:/Program Files (x86)/Unreal Engine/4.14/Engine/Plugins/Developer/XCodeSourceCodeAccess/XCodeSourceCodeAccess.uplugin
LogPluginManager: Loaded Plugin AudioCapture, From C:/Program Files (x86)/Unreal Engine/4.14/Engine/Plugins/Editor/AudioCapture/AudioCapture.uplugin
LogPluginManager: Loaded Plugin EpicSurvey, From C:/Program Files (x86)/Unreal Engine/4.14/Engine/Plugins/Editor/EpicSurvey/EpicSurvey.uplugin
LogPluginManager: Loaded Plugin MacGraphicsSwitching, From C:/Program Files (x86)/Unreal Engine/4.14/Engine/Plugins/Editor/MacGraphicsSwitching/MacGraphicsSwitching.uplugin
LogPluginManager: Loaded Plugin MobileLauncherProfileWizard, From C:/Program Files (x86)/Unreal Engine/4.14/Engine/Plugins/Editor/MobileLauncherProfileWizard/MobileLauncherProfileWizard.uplugin
LogPluginManager: Loaded Plugin PluginBrowser, From C:/Program Files (x86)/Unreal Engine/4.14/Engine/Plugins/Editor/PluginBrowser/PluginBrowser.uplugin
LogPluginManager: Loaded Plugin SpeedTreeImporter, From C:/Program Files (x86)/Unreal Engine/4.14/Engine/Plugins/Editor/SpeedTreeImporter/SpeedTreeImporter.uplugin
LogPluginManager: Loaded Plugin SuperSearchEditor, From C:/Program Files (x86)/Unreal Engine/4.14/Engine/Plugins/Editor/SuperSearchEditor/SuperSearchEditor.uplugin
LogPluginManager: Loaded Plugin AlembicImporter, From C:/Program Files (x86)/Unreal Engine/4.14/Engine/Plugins/Experimental/AlembicImporter/AlembicImporter.uplugin
LogPluginManager: Loaded Plugin BlueprintStats, From C:/Program Files (x86)/Unreal Engine/4.14/Engine/Plugins/Experimental/BlueprintStats/BlueprintStats.uplugin
LogPluginManager: Loaded Plugin CharacterAI, From C:/Program Files (x86)/Unreal Engine/4.14/Engine/Plugins/Experimental/CharacterAI/CharacterAI.uplugin
LogPluginManager: Loaded Plugin CodeEditor, From C:/Program Files (x86)/Unreal Engine/4.14/Engine/Plugins/Experimental/CodeEditor/CodeEditor.uplugin
LogPluginManager: Loaded Plugin CodeView, From C:/Program Files (x86)/Unreal Engine/4.14/Engine/Plugins/Experimental/CodeView/CodeView.uplugin
LogPluginManager: Loaded Plugin HTML5Networking, From C:/Program Files (x86)/Unreal Engine/4.14/Engine/Plugins/Experimental/HTML5Networking/HTML5Networking.uplugin
LogPluginManager: Loaded Plugin OSVR, From C:/Program Files (x86)/Unreal Engine/4.14/Engine/Plugins/Experimental/OSVR/OSVR.uplugin
LogPluginManager: Loaded Plugin Phya, From C:/Program Files (x86)/Unreal Engine/4.14/Engine/Plugins/Experimental/Phya/Phya.uplugin
LogPluginManager: Loaded Plugin SignificanceManager, From C:/Program Files (x86)/Unreal Engine/4.14/Engine/Plugins/Experimental/SignificanceManager/SignificanceManager.uplugin
LogPluginManager: Loaded Plugin SimpleHMD, From C:/Program Files (x86)/Unreal Engine/4.14/Engine/Plugins/Experimental/SimpleHMD/SimpleHMD.uplugin
LogPluginManager: Loaded Plugin StereoPanorama, From C:/Program Files (x86)/Unreal Engine/4.14/Engine/Plugins/Experimental/StereoPanorama/StereoPanorama.uplugin
LogPluginManager: Loaded Plugin StructBox, From C:/Program Files (x86)/Unreal Engine/4.14/Engine/Plugins/Experimental/StructBox/StructBox.uplugin
LogPluginManager: Loaded Plugin Substance, From C:/Program Files (x86)/Unreal Engine/4.14/Engine/Plugins/Marketplace/Substance/Substance.uplugin
LogPluginManager: Loaded Plugin AndroidMedia, From C:/Program Files (x86)/Unreal Engine/4.14/Engine/Plugins/Media/AndroidMedia/AndroidMedia.uplugin
LogPluginManager: Loaded Plugin AvfMedia, From C:/Program Files (x86)/Unreal Engine/4.14/Engine/Plugins/Media/AvfMedia/AvfMedia.uplugin
LogPluginManager: Loaded Plugin MediaPlayerEditor, From C:/Program Files (x86)/Unreal Engine/4.14/Engine/Plugins/Media/MediaPlayerEditor/MediaPlayerEditor.uplugin
LogPluginManager: Loaded Plugin WmfMedia, From C:/Program Files (x86)/Unreal Engine/4.14/Engine/Plugins/Media/WmfMedia/WmfMedia.uplugin
LogPluginManager: Loaded Plugin MessagingDebugger, From C:/Program Files (x86)/Unreal Engine/4.14/Engine/Plugins/Messaging/MessagingDebugger/MessagingDebugger.uplugin
LogPluginManager: Loaded Plugin TcpMessaging, From C:/Program Files (x86)/Unreal Engine/4.14/Engine/Plugins/Messaging/TcpMessaging/TcpMessaging.uplugin
LogPluginManager: Loaded Plugin UdpMessaging, From C:/Program Files (x86)/Unreal Engine/4.14/Engine/Plugins/Messaging/UdpMessaging/UdpMessaging.uplugin
LogPluginManager: Loaded Plugin LevelSequenceEditor, From C:/Program Files (x86)/Unreal Engine/4.14/Engine/Plugins/MovieScene/LevelSequenceEditor/LevelSequenceEditor.uplugin
LogPluginManager: Loaded Plugin MatineeToLevelSequence, From C:/Program Files (x86)/Unreal Engine/4.14/Engine/Plugins/MovieScene/MatineeToLevelSequence/MatineeToLevelSequence.uplugin
LogPluginManager: Loaded Plugin NetcodeUnitTest, From C:/Program Files (x86)/Unreal Engine/4.14/Engine/Plugins/NetcodeUnitTest/NetcodeUnitTest/NetcodeUnitTest.uplugin
LogPluginManager: Loaded Plugin NUTUnrealEngine4, From C:/Program Files (x86)/Unreal Engine/4.14/Engine/Plugins/NetcodeUnitTest/NUTUnrealEngine4/NUTUnrealEngine4.uplugin
LogPluginManager: Loaded Plugin OnlineSubsystemGameCircle, From C:/Program Files (x86)/Unreal Engine/4.14/Engine/Plugins/Online/Android/OnlineSubsystemGameCircle/OnlineSubsystemGameCircle.uplugin
LogPluginManager: Loaded Plugin OnlineSubsystemGooglePlay, From C:/Program Files (x86)/Unreal Engine/4.14/Engine/Plugins/Online/Android/OnlineSubsystemGooglePlay/OnlineSubsystemGooglePlay.uplugin
LogPluginManager: Loaded Plugin OnlineSubsystemIOS, From C:/Program Files (x86)/Unreal Engine/4.14/Engine/Plugins/Online/IOS/OnlineSubsystemIOS/OnlineSubsystemIOS.uplugin
LogPluginManager: Loaded Plugin OnlineFramework, From C:/Program Files (x86)/Unreal Engine/4.14/Engine/Plugins/Online/OnlineFramework/OnlineFramework.uplugin
LogPluginManager: Loaded Plugin OnlineSubsystem, From C:/Program Files (x86)/Unreal Engine/4.14/Engine/Plugins/Online/OnlineSubsystem/OnlineSubsystem.uplugin
LogPluginManager: Loaded Plugin OnlineSubsystemAmazon, From C:/Program Files (x86)/Unreal Engine/4.14/Engine/Plugins/Online/OnlineSubsystemAmazon/OnlineSubsystemAmazon.uplugin
LogPluginManager: Loaded Plugin OnlineSubsystemFacebook, From C:/Program Files (x86)/Unreal Engine/4.14/Engine/Plugins/Online/OnlineSubsystemFacebook/OnlineSubsystemFacebook.uplugin
LogPluginManager: Loaded Plugin OnlineSubsystemNull, From C:/Program Files (x86)/Unreal Engine/4.14/Engine/Plugins/Online/OnlineSubsystemNull/OnlineSubsystemNull.uplugin
LogPluginManager: Loaded Plugin OnlineSubsystemOculus, From C:/Program Files (x86)/Unreal Engine/4.14/Engine/Plugins/Online/OnlineSubsystemOculus/OnlineSubsystemOculus.uplugin
LogPluginManager: Loaded Plugin OnlineSubsystemSteam, From C:/Program Files (x86)/Unreal Engine/4.14/Engine/Plugins/Online/OnlineSubsystemSteam/OnlineSubsystemSteam.uplugin
LogPluginManager: Loaded Plugin OnlineSubsystemUtils, From C:/Program Files (x86)/Unreal Engine/4.14/Engine/Plugins/Online/OnlineSubsystemUtils/OnlineSubsystemUtils.uplugin
LogPluginManager: Loaded Plugin IOSTapJoy, From C:/Program Files (x86)/Unreal Engine/4.14/Engine/Plugins/Runtime/Advertising/IOSTapJoy/IOSTapJoy.uplugin
LogPluginManager: Loaded Plugin AnalyticsBlueprintLibrary, From C:/Program Files (x86)/Unreal Engine/4.14/Engine/Plugins/Runtime/Analytics/AnalyticsBlueprintLibrary/AnalyticsBlueprintLibrary.uplugin
LogPluginManager: Loaded Plugin AnalyticsMulticast, From C:/Program Files (x86)/Unreal Engine/4.14/Engine/Plugins/Runtime/Analytics/AnalyticsMulticast/AnalyticsMulticast.uplugin
LogPluginManager: Loaded Plugin Apsalar, From C:/Program Files (x86)/Unreal Engine/4.14/Engine/Plugins/Runtime/Analytics/Apsalar/Apsalar.uplugin
LogPluginManager: Loaded Plugin FileLogging, From C:/Program Files (x86)/Unreal Engine/4.14/Engine/Plugins/Runtime/Analytics/FileLogging/FileLogging.uplugin
LogPluginManager: Loaded Plugin Flurry, From C:/Program Files (x86)/Unreal Engine/4.14/Engine/Plugins/Runtime/Analytics/Flurry/Flurry.uplugin
LogPluginManager: Loaded Plugin AndroidDeviceProfileSelector, From C:/Program Files (x86)/Unreal Engine/4.14/Engine/Plugins/Runtime/AndroidDeviceProfileSelector/AndroidDeviceProfileSelector.uplugin
LogPluginManager: Loaded Plugin AndroidMoviePlayer, From C:/Program Files (x86)/Unreal Engine/4.14/Engine/Plugins/Runtime/AndroidMoviePlayer/AndroidMoviePlayer.uplugin
LogPluginManager: Loaded Plugin AppleMoviePlayer, From C:/Program Files (x86)/Unreal Engine/4.14/Engine/Plugins/Runtime/AppleMoviePlayer/AppleMoviePlayer.uplugin
LogPluginManager: Loaded Plugin ArchVisCharacter, From C:/Program Files (x86)/Unreal Engine/4.14/Engine/Plugins/Runtime/ArchVisCharacter/ArchVisCharacter.uplugin
LogPluginManager: Loaded Plugin CableComponent, From C:/Program Files (x86)/Unreal Engine/4.14/Engine/Plugins/Runtime/CableComponent/CableComponent.uplugin
LogPluginManager: Loaded Plugin CustomMeshComponent, From C:/Program Files (x86)/Unreal Engine/4.14/Engine/Plugins/Runtime/CustomMeshComponent/CustomMeshComponent.uplugin
LogPluginManager: Loaded Plugin ExampleDeviceProfileSelector, From C:/Program Files (x86)/Unreal Engine/4.14/Engine/Plugins/Runtime/ExampleDeviceProfileSelector/ExampleDeviceProfileSelector.uplugin
LogPluginManager: Loaded Plugin GearVR, From C:/Program Files (x86)/Unreal Engine/4.14/Engine/Plugins/Runtime/GearVR/GearVR.uplugin
LogPluginManager: Loaded Plugin GoogleVRController, From C:/Program Files (x86)/Unreal Engine/4.14/Engine/Plugins/Runtime/GoogleVR/GoogleVRController/GoogleVRController.uplugin
LogPluginManager: Loaded Plugin GoogleVRHMD, From C:/Program Files (x86)/Unreal Engine/4.14/Engine/Plugins/Runtime/GoogleVR/GoogleVRHMD/GoogleVRHMD.uplugin
LogPluginManager: Loaded Plugin IOSDeviceProfileSelector, From C:/Program Files (x86)/Unreal Engine/4.14/Engine/Plugins/Runtime/IOSDeviceProfileSelector/IOSDeviceProfileSelector.uplugin
LogPluginManager: Loaded Plugin LeapMotion, From C:/Program Files (x86)/Unreal Engine/4.14/Engine/Plugins/Runtime/LeapMotion/LeapMotion.uplugin
LogPluginManager: Loaded Plugin LinuxDeviceProfileSelector, From C:/Program Files (x86)/Unreal Engine/4.14/Engine/Plugins/Runtime/LinuxDeviceProfileSelector/LinuxDeviceProfileSelector.uplugin
LogPluginManager: Loaded Plugin MIDIDevice, From C:/Program Files (x86)/Unreal Engine/4.14/Engine/Plugins/Runtime/MIDIDevice/MIDIDevice.uplugin
LogPluginManager: Loaded Plugin MobilePatchingUtils, From C:/Program Files (x86)/Unreal Engine/4.14/Engine/Plugins/Runtime/MobilePatchingUtils/MobilePatchingUtils.uplugin
LogPluginManager: Loaded Plugin Ansel, From C:/Program Files (x86)/Unreal Engine/4.14/Engine/Plugins/Runtime/Nvidia/Ansel/Ansel.uplugin
LogPluginManager: Loaded Plugin OculusAudio, From C:/Program Files (x86)/Unreal Engine/4.14/Engine/Plugins/Runtime/OculusAudio/OculusAudio.uplugin
LogPluginManager: Loaded Plugin OculusInput, From C:/Program Files (x86)/Unreal Engine/4.14/Engine/Plugins/Runtime/OculusInput/OculusInput.uplugin
LogPluginManager: Loaded Plugin OculusLibrary, From C:/Program Files (x86)/Unreal Engine/4.14/Engine/Plugins/Runtime/OculusLibrary/OculusLibrary.uplugin
LogPluginManager: Loaded Plugin OculusRift, From C:/Program Files (x86)/Unreal Engine/4.14/Engine/Plugins/Runtime/OculusRift/OculusRift.uplugin
LogPluginManager: Loaded Plugin Oodle, From C:/Program Files (x86)/Unreal Engine/4.14/Engine/Plugins/Runtime/PacketHandlers/CompressionComponents/Oodle/Oodle.uplugin
LogPluginManager: Loaded Plugin ProceduralMeshComponent, From C:/Program Files (x86)/Unreal Engine/4.14/Engine/Plugins/Runtime/ProceduralMeshComponent/ProceduralMeshComponent.uplugin
LogPluginManager: Loaded Plugin SoundMod, From C:/Program Files (x86)/Unreal Engine/4.14/Engine/Plugins/Runtime/SoundMod/SoundMod.uplugin
LogPluginManager: Loaded Plugin SoundVisualizations, From C:/Program Files (x86)/Unreal Engine/4.14/Engine/Plugins/Runtime/SoundVisualizations/SoundVisualizations.uplugin
LogPluginManager: Loaded Plugin SteamController, From C:/Program Files (x86)/Unreal Engine/4.14/Engine/Plugins/Runtime/Steam/SteamController/SteamController.uplugin
LogPluginManager: Loaded Plugin SteamVR, From C:/Program Files (x86)/Unreal Engine/4.14/Engine/Plugins/Runtime/Steam/SteamVR/SteamVR.uplugin
LogPluginManager: Loaded Plugin WebBrowserWidget, From C:/Program Files (x86)/Unreal Engine/4.14/Engine/Plugins/Runtime/WebBrowserWidget/WebBrowserWidget.uplugin
LogPluginManager: Loaded Plugin WindowsDeviceProfileSelector, From C:/Program Files (x86)/Unreal Engine/4.14/Engine/Plugins/Runtime/WindowsDeviceProfileSelector/WindowsDeviceProfileSelector.uplugin
LogPluginManager: Loaded Plugin WindowsMoviePlayer, From C:/Program Files (x86)/Unreal Engine/4.14/Engine/Plugins/Runtime/WindowsMoviePlayer/WindowsMoviePlayer.uplugin
LogPluginManager: Loaded Plugin ScriptPlugin, From C:/Program Files (x86)/Unreal Engine/4.14/Engine/Plugins/ScriptPlugin/ScriptPlugin.uplugin
LogPluginManager: Loaded Plugin SlateRemote, From C:/Program Files (x86)/Unreal Engine/4.14/Engine/Plugins/Slate/SlateRemote/SlateRemote.uplugin
LogPluginManager: Loaded Plugin EditorTests, From C:/Program Files (x86)/Unreal Engine/4.14/Engine/Plugins/Tests/EditorTests/EditorTests.uplugin
LogPluginManager: Loaded Plugin FbxAutomationTestBuilder, From C:/Program Files (x86)/Unreal Engine/4.14/Engine/Plugins/Tests/FbxAutomationTestBuilder/FbxAutomationTestBuilder.uplugin
LogPluginManager: Loaded Plugin FunctionalTestingEditor, From C:/Program Files (x86)/Unreal Engine/4.14/Engine/Plugins/Tests/FunctionalTestingEditor/FunctionalTestingEditor.uplugin
LogPluginManager: Loaded Plugin RuntimeTests, From C:/Program Files (x86)/Unreal Engine/4.14/Engine/Plugins/Tests/RuntimeTests/RuntimeTests.uplugin
LogPluginManager: Loaded Plugin ScreenshotTools, From C:/Program Files (x86)/Unreal Engine/4.14/Engine/Plugins/Tests/ScreenshotTools/ScreenshotTools.uplugin
LogInit: Using libcurl 7.47.1
LogInit:  - built for x86_64-pc-win32
LogInit:  - supports SSL with OpenSSL/1.0.2g
LogInit:  - supports HTTP deflate (compression) using libz 1.2.8
LogInit:  - other features:
LogInit:      CURL_VERSION_SSL
LogInit:      CURL_VERSION_LIBZ
LogInit:      CURL_VERSION_IPV6
LogInit:      CURL_VERSION_ASYNCHDNS
LogInit:      CURL_VERSION_LARGEFILE
LogInit:      CURL_VERSION_IDN
LogInit:  CurlRequestOptions (configurable via config and command line):
LogInit:  - bVerifyPeer = false  - Libcurl will NOT verify peer certificate
LogInit:  - bUseHttpProxy = false  - Libcurl will NOT use HTTP proxy
LogInit:  - bDontReuseConnections = false  - Libcurl will reuse connections
LogInit:  - CertBundlePath = nullptr  - Libcurl will use whatever was configured at build time.
LogInit: Build: ++UE4+Release-4.14-CL-3249277
LogInit: Engine Version: 4.14.3-3249277+++UE4+Release-4.14
LogInit: Compatible Engine Version: 4.14.0-3195953+++UE4+Release-4.14
LogInit: Net CL: 3195953
LogDevObjectVersion: Number of dev versions registered: 13
LogDevObjectVersion:   Dev-Blueprints (B0D832E4-1F89-4F0D-ACCF-7EB736FD4AA2): 7
LogDevObjectVersion:   Dev-Build (E1C64328-A22C-4D53-A36C-8E866417BD8C): 0
LogDevObjectVersion:   Dev-Core (375EC13C-06E4-48FB-B500-84F0262A717E): 1
LogDevObjectVersion:   Dev-Editor (E4B068ED-F494-42E9-A231-DA0B2E46BB41): 8
LogDevObjectVersion:   Dev-Framework (CFFC743F-43B0-4480-9391-14DF171D2073): 17
LogDevObjectVersion:   Dev-Mobile (B02B49B5-BB20-44E9-A304-32B752E40360): 0
LogDevObjectVersion:   Dev-Networking (A4E4105C-59A1-49B5-A7C5-40C4547EDFEE): 0
LogDevObjectVersion:   Dev-Online (39C831C9-5AE6-47DC-9A44-9C173E1C8E7C): 0
LogDevObjectVersion:   Dev-Physics (78F01B33-EBEA-4F98-B9B4-84EACCB95AA2): 0
LogDevObjectVersion:   Dev-Platform (6631380F-2D4D-43E0-8009-CF276956A95A): 0
LogDevObjectVersion:   Dev-Rendering (12F88B9F-8875-4AFC-A67C-D90C383ABD29): 12
LogDevObjectVersion:   Dev-Sequencer (7B5AE74C-D270-4C10-A958-57980B212A5A): 1
LogDevObjectVersion:   Dev-VR (D7296918-1DD6-4BDD-9DE2-64A83CC13884): 0
LogInit: Compiled (64-bit): Jan  6 2017 10:49:43
LogInit: Compiled with Visual C++: 19.00.23026.00
LogInit: Build Configuration: Development
LogInit: Branch Name: ++UE4+Release-4.14
LogInit: Command line:  
LogInit: Base directory: C:/Program Files (x86)/Unreal Engine/4.14/Engine/Binaries/Win64/
LogInit: Installed Engine Build: 1
LogInit: Presizing for max 8388607 objects, including 0 objects not considered by GC, pre-allocating 0 bytes for permanent pool.
LogInit: Object subsystem initialized
[2017.02.27-21.14.17:458][  0]LogInit: Selected Device Profile: [Windows]
[2017.02.27-21.14.17:458][  0]LogInit: Applying CVar settings loaded from the selected device profile: [Windows]
[2017.02.27-21.14.17:547][  0]LogInit: Computer: METRANA
[2017.02.27-21.14.17:547][  0]LogInit: User: MichaelMedina
[2017.02.27-21.14.17:547][  0]LogInit: CPU Page size=65536, Cores=4
[2017.02.27-21.14.17:547][  0]LogInit: High frequency timer resolution =3.420551 MHz
[2017.02.27-21.14.17:547][  0]LogMemory: Memory total: Physical=12.0GB (12GB approx)
[2017.02.27-21.14.17:552][  0]LogMemory: Platform Memory Stats for Windows
[2017.02.27-21.14.17:552][  0]LogMemory: Process Physical Memory: 266.52 MB used, 266.52 MB peak
[2017.02.27-21.14.17:552][  0]LogMemory: Process Virtual Memory: 262.82 MB used, 262.82 MB peak
[2017.02.27-21.14.17:552][  0]LogMemory: Physical Memory: 4297.22 MB used,  7957.92 MB free, 12255.14 MB total
[2017.02.27-21.14.17:552][  0]LogMemory: Virtual Memory: 676.42 MB used,  7957.92 MB free, 134217728.00 MB total
[2017.02.27-21.14.19:630][  0]LogTextLocalizationManager: No specific translations for ('en-US') exist, so ('en') translations will be used.
[2017.02.27-21.14.31:908][  0]LogD3D11RHI: D3D11 adapters:
[2017.02.27-21.14.31:941][  0]LogD3D11RHI:    0. 'NVIDIA GeForce GTX 770' (Feature Level 11_0)
[2017.02.27-21.14.31:941][  0]LogD3D11RHI:       4063/0/6127 MB DedicatedVideo/DedicatedSystem/SharedSystem, Outputs:2, VendorId:0x10de
[2017.02.27-21.14.31:942][  0]LogD3D11RHI:    1. 'Microsoft Basic Render Driver' (Feature Level 11_0)
[2017.02.27-21.14.31:942][  0]LogD3D11RHI:       0/0/6127 MB DedicatedVideo/DedicatedSystem/SharedSystem, Outputs:0, VendorId:0x1414
[2017.02.27-21.14.31:942][  0]LogD3D11RHI: Chosen D3D11 Adapter: 0
[2017.02.27-21.14.31:984][  0]LogD3D11RHI: Creating new Direct3DDevice
[2017.02.27-21.14.31:984][  0]LogD3D11RHI:     GPU DeviceId: 0x1184 (for the marketing name, search the web for "GPU Device Id")
[2017.02.27-21.14.31:984][  0]LogWindows: EnumDisplayDevices:
[2017.02.27-21.14.31:985][  0]LogWindows:    0. 'NVIDIA GeForce GTX 770' (P:1 D:1)
[2017.02.27-21.14.31:985][  0]LogWindows:    1. 'NVIDIA GeForce GTX 770' (P:0 D:1)
[2017.02.27-21.14.31:985][  0]LogWindows:    2. 'NVIDIA GeForce GTX 770' (P:0 D:0)
[2017.02.27-21.14.31:985][  0]LogWindows:    3. 'NVIDIA GeForce GTX 770' (P:0 D:0)
[2017.02.27-21.14.31:985][  0]LogWindows: DebugString: FoundDriverCount:4 
[2017.02.27-21.14.31:993][  0]LogD3D11RHI:     Adapter Name: NVIDIA GeForce GTX 770
[2017.02.27-21.14.31:993][  0]LogD3D11RHI:   Driver Version: 378.66 (internal:21.21.13.7866, unified:378.66)
[2017.02.27-21.14.31:993][  0]LogD3D11RHI:      Driver Date: 2-9-2017
[2017.02.27-21.14.31:993][  0]LogRHI: Texture pool is 1361 MB (70% of 1945 MB)
[2017.02.27-21.14.32:007][  0]LogD3D11RHI:Warning: Timestamp queries are currently disabled on this hardware due to instability. Realtime GPU stats will not be available. You can override this behaviour by setting r.NVIDIATimestampWorkaround to 0
[2017.02.27-21.14.32:007][  0]LogD3D11RHI: Async texture creation enabled
[2017.02.27-21.14.32:208][  0]LogD3D11RHI: GPU Timing Frequency: 1000.000000 (Debug: 2 2)
[2017.02.27-21.14.32:452][  0]LogShaderCompilers: Guid format shader working directory is -21 characters bigger than the processId version (../../../../../../Users/Michael Medina/Desktop/Shaker and I Sidescroll/trunk/Intermediate/Shaders/WorkingDirectory/9840/).
[2017.02.27-21.14.32:452][  0]LogShaderCompilers: Cleaned the shader compiler working directory 'C:/Users/Michael Medina/AppData/Local/Temp/UnrealShaderWorkingDir/8595B1654B246E3B09E2D09DAC66EBD6/'.
[2017.02.27-21.14.32:452][  0]LogShaderCompilers:Display: Using Local Shader Compiler.
[2017.02.27-21.14.40:569][  0]LogTemp:Display: Loaded TP AllDesktopTargetPlatform
[2017.02.27-21.14.40:625][  0]LogTemp:Display: Loaded TP MacClientTargetPlatform
[2017.02.27-21.14.40:680][  0]LogTemp:Display: Loaded TP MacNoEditorTargetPlatform
[2017.02.27-21.14.40:738][  0]LogTemp:Display: Loaded TP MacServerTargetPlatform
[2017.02.27-21.14.40:811][  0]LogTemp:Display: Loaded TP MacTargetPlatform
[2017.02.27-21.14.40:866][  0]LogTemp:Display: Loaded TP WindowsClientTargetPlatform
[2017.02.27-21.14.40:922][  0]LogTemp:Display: Loaded TP WindowsNoEditorTargetPlatform
[2017.02.27-21.14.40:977][  0]LogTemp:Display: Loaded TP WindowsServerTargetPlatform
[2017.02.27-21.14.41:022][  0]LogTemp:Display: Loaded TP WindowsTargetPlatform
[2017.02.27-21.14.41:091][  0]LogTemp:Display: Loaded TP AndroidTargetPlatform
[2017.02.27-21.14.41:146][  0]LogTemp:Display: Loaded TP Android_ASTCTargetPlatform
[2017.02.27-21.14.41:215][  0]LogTemp:Display: Loaded TP Android_ATCTargetPlatform
[2017.02.27-21.14.41:271][  0]LogTemp:Display: Loaded TP Android_DXTTargetPlatform
[2017.02.27-21.14.41:333][  0]LogTemp:Display: Loaded TP Android_ETC1TargetPlatform
[2017.02.27-21.14.41:394][  0]LogTemp:Display: Loaded TP Android_ETC2TargetPlatform
[2017.02.27-21.14.41:507][  0]LogTemp:Display: Loaded TP Android_MultiTargetPlatform
[2017.02.27-21.14.41:507][  0]LogTemp:Display: Loaded TP Android_PVRTCTargetPlatform
[2017.02.27-21.14.41:545][  0]LogTemp:Display: Loaded TP HTML5TargetPlatform
[2017.02.27-21.14.41:694][  0]LogTemp:Display: Loaded TP IOSTargetPlatform
[2017.02.27-21.14.41:731][  0]LogTemp:Display: Loaded TP TVOSTargetPlatform
[2017.02.27-21.14.41:785][  0]LogTemp:Display: Loaded TP LinuxClientTargetPlatform
[2017.02.27-21.14.41:838][  0]LogTemp:Display: Loaded TP LinuxNoEditorTargetPlatform
[2017.02.27-21.14.41:893][  0]LogTemp:Display: Loaded TP LinuxServerTargetPlatform
[2017.02.27-21.14.41:962][  0]LogTemp:Display: Loaded TP LinuxTargetPlatform
[2017.02.27-21.14.41:963][  0]LogTargetPlatformManager:Display: Building Assets For Windows
[2017.02.27-21.14.43:014][  0]LogDerivedDataCache:Display: Max Cache Size: 512 MB
[2017.02.27-21.14.43:505][  0]LogDerivedDataCache: Loaded boot cache 0.49s 50MB C:/Users/Michael Medina/AppData/Local/UnrealEngine/4.14/DerivedDataCache/Boot.ddc.
[2017.02.27-21.14.43:505][  0]LogDerivedDataCache:Display: Loaded Boot cache: C:/Users/Michael Medina/AppData/Local/UnrealEngine/4.14/DerivedDataCache/Boot.ddc
[2017.02.27-21.14.43:505][  0]LogDerivedDataCache: FDerivedDataBackendGraph:  Pak pak cache file ../../../../../../Users/Michael Medina/Desktop/Shaker and I Sidescroll/trunk/DerivedDataCache/DDC.ddp not found, will not use a pak cache.
[2017.02.27-21.14.43:505][  0]LogDerivedDataCache: Unable to find inner node Pak for hierarchical cache Hierarchy.
[2017.02.27-21.14.43:505][  0]LogDerivedDataCache: FDerivedDataBackendGraph:  CompressedPak pak cache file ../../../../../../Users/Michael Medina/Desktop/Shaker and I Sidescroll/trunk/DerivedDataCache/Compressed.ddp not found, will not use a pak cache.
[2017.02.27-21.14.43:505][  0]LogDerivedDataCache: Unable to find inner node CompressedPak for hierarchical cache Hierarchy.
[2017.02.27-21.14.43:592][  0]LogDerivedDataCache:Display: Pak cache opened for reading ../../../Engine/DerivedDataCache/Compressed.ddp.
[2017.02.27-21.14.43:618][  0]LogDerivedDataCache: Using Local data cache path C:/Users/Michael Medina/AppData/Local/UnrealEngine/Common/DerivedDataCache: Writable
[2017.02.27-21.14.52:524][  0]LogInit: Selected Device Profile: [Windows]
[2017.02.27-21.14.52:698][  0]LogContentStreaming: Texture pool size is 0.00 MB
[2017.02.27-21.14.53:330][  0]LogMeshUtilities: Using QuadricMeshReduction for automatic static mesh reduction
[2017.02.27-21.14.53:478][  0]LogSimplygon: Simplygon DLL not present - disabling.
[2017.02.27-21.14.53:551][  0]LogMeshUtilities: Using SimplygonSwarm for distributed automatic mesh merging
[2017.02.27-21.14.53:551][  0]LogMeshUtilities: No automatic skeletal mesh reduction module available
[2017.02.27-21.14.53:551][  0]LogMeshUtilities: No automatic mesh merging module available
[2017.02.27-21.14.59:976][  0]LogNetVersion: GetLocalNetworkVersion: CL: 3195953, ProjectName: shantaeripoff, ProjectVersion: , EngineNetworkVersion: 2, GameNetworkVersion: 0, NetworkChecksum: 157577820
[2017.02.27-21.15.00:164][  0]LogAssetRegistry: FAssetRegistry took 0.0214 seconds to start up
[2017.02.27-21.15.00:409][  0]LogPackageLocalizationCache: Processed 3 localized package path(s) for 2 prioritized culture(s) in 0.100924 seconds
[2017.02.27-21.15.00:523][  0]LogUObjectArray: 31946 objects as part of root set at end of initial load.
[2017.02.27-21.15.00:523][  0]LogUObjectAllocator: 6935848 out of 0 bytes used by permanent object pool.
[2017.02.27-21.15.00:523][  0]LogUObjectArray: CloseDisregardForGC: 0/0 objects in disregard for GC pool
[2017.02.27-21.15.00:605][  0]LogInit: WinSock: version 1.1 (2.2), MaxSocks=32767, MaxUdp=65467
[2017.02.27-21.15.03:132][  0]LogSlate: Using Freetype 2.6.0
[2017.02.27-21.15.03:242][  0]LogSlate: SlateFontCache - WITH_FREETYPE: 1, WITH_HARFBUZZ: 1
[2017.02.27-21.15.03:242][  0]LogSlate: SlateFontCache - WITH_FREETYPE: 1, WITH_HARFBUZZ: 1
[2017.02.27-21.15.24:786][  0]LogSubstanceCoreModule: Substance [CPU] Engine Loaded, Max Texture Size = 2048
[2017.02.27-21.15.24:858][  0]LogTcpMessaging: Initializing TcpMessaging bridge
[2017.02.27-21.15.24:909][  0]LogUdpMessaging: Initializing bridge on interface 0.0.0.0:0 to multicast group 230.0.0.1:6666.
[2017.02.27-21.15.26:169][  0]LogMaterial: Uniform references updated for custom material expression Custom.
[2017.02.27-21.15.27:119][  0]SourceControl: Info Source control is disabled
[2017.02.27-21.15.27:385][  0]SourceControl: Info Source control is disabled
[2017.02.27-21.15.27:482][  0]SourceControl: Info Source control is disabled
[2017.02.27-21.15.27:553][  0]SourceControl: Info Source control is disabled
[2017.02.27-21.15.30:310][  0]LogEngine: Initializing Engine...
[2017.02.27-21.15.44:819][  0]LogHMD: Failed to initialize OpenVR with code 108
[2017.02.27-21.15.45:833][  0]LogAIModule: Creating AISystem for world Untitled
[2017.02.27-21.15.45:860][  0]LogInit: XAudio2 using 'Speakers (SB Audigy)' : 2 channels at 48 kHz using 16 bits per sample (channel mask 0x3)
[2017.02.27-21.15.45:875][  0]LogInit: FAudioDevice initialized.
[2017.02.27-21.15.45:914][  0]LogDerivedDataCache: Saved boot cache 0.02s 50MB C:/Users/Michael Medina/AppData/Local/UnrealEngine/4.14/DerivedDataCache/Boot.ddc.
[2017.02.27-21.15.45:936][  0]LogInit: Texture streaming: Enabled
[2017.02.27-21.15.46:759][  0]LogInit: Transaction tracking system initialized
[2017.02.27-21.15.47:596][  0]BlueprintLog: New page: Editor Load
[2017.02.27-21.15.49:767][  0]LocalizationService: Info Localization service is disabled
[2017.02.27-21.15.51:213][  0]LogConsoleResponse:Display: 
[2017.02.27-21.15.55:583][  0]LogFileCache: Scanning file cache for directory 'C:/Users/Michael Medina/Desktop/Shaker and I Sidescroll/trunk/Content/' took 0.02s
[2017.02.27-21.15.55:583][  0]LogCook:Display: Max memory allowance for cook 16384mb min free memory 0mb
[2017.02.27-21.15.55:583][  0]LogCook:Display: Mobile HDR setting 1
[2017.02.27-21.15.59:237][  0]SourceControl: Info Source control is disabled
[2017.02.27-21.15.59:275][  0]Cmd: MAP LOAD FILE="../../../../../../Users/Michael Medina/Desktop/Shaker and I Sidescroll/trunk/Content/ShantaesRipoff/Maps/level_00.umap" TEMPLATE=0 SHOWPROGRESS=1 FEATURELEVEL=3
[2017.02.27-21.15.59:313][  0]LightingResults: New page: Lighting Build
[2017.02.27-21.15.59:434][  0]MapCheck: New page: Map Check
[2017.02.27-21.15.59:434][  0]LightingResults: New page: Lighting Build
[2017.02.27-21.16.09:511][  0]LogAIModule: Creating AISystem for world level_00
[2017.02.27-21.16.09:862][  0]LogEditorServer: Finished looking for orphan Actors (0.000 secs)
[2017.02.27-21.16.09:916][  0]Cmd: MAP CHECKDEP NOCLEARLOG
[2017.02.27-21.16.09:973][  0]MapCheck: Info Map check complete: 0 Error(s), 0 Warning(s), took 56.681ms to complete.
[2017.02.27-21.16.09:973][  0]LogFileHelpers: Loading map 'level_00' took 10.698
[2017.02.27-21.16.10:505][  0]LogCollectionManager: Loaded 1 collections in 0.023547 seconds
[2017.02.27-21.16.10:729][  0]LogFileCache: Scanning file cache for directory 'C:/Users/Michael Medina/Desktop/Shaker and I Sidescroll/trunk/Saved/Collections/' took 0.01s
[2017.02.27-21.16.10:729][  0]LogFileCache: Scanning file cache for directory 'C:/Users/Michael Medina/Desktop/Shaker and I Sidescroll/trunk/Content/Developers/MichaelMedina/Collections/' took 0.01s
[2017.02.27-21.16.10:729][  0]LogFileCache: Scanning file cache for directory 'C:/Users/Michael Medina/Desktop/Shaker and I Sidescroll/trunk/Content/Collections/' took 0.01s
[2017.02.27-21.16.10:729][  0]LogCollectionManager: Rebuilt the GUID cache for 1 collections in 0.000016 seconds
[2017.02.27-21.16.10:730][  0]LogCollectionManager: Rebuilt the hierarchy cache for 1 collections in 0.000000 seconds
[2017.02.27-21.16.10:748][  0]LogContentBrowser: Native class hierarchy populated in 0.0101 seconds. Added 2204 classes and 434 folders.
[2017.02.27-21.16.10:834][  0]LogStats: UGameplayTagsManager::ConstructGameplayTagTree: Construct from data asset -  0.000 s
[2017.02.27-21.16.10:834][  0]LogStats: UGameplayTagsManager::ConstructGameplayTagTree: GameplayTagTreeChangedEvent.Broadcast -  0.000 s
[2017.02.27-21.16.10:836][  0]LogContentBrowser: Native class hierarchy updated for 'GameplayTags' in 0.0015 seconds. Added 13 classes and 0 folders.
[2017.02.27-21.16.10:921][  0]LogContentBrowser: Native class hierarchy updated for 'WidgetCarousel' in 0.0014 seconds. Added 0 classes and 0 folders.
[2017.02.27-21.16.12:411][  0]LogContentBrowser: Native class hierarchy updated for 'AddContentDialog' in 0.0016 seconds. Added 0 classes and 0 folders.
[2017.02.27-21.16.12:715][  0]LogContentBrowser: Native class hierarchy updated for 'SceneOutliner' in 0.0017 seconds. Added 1 classes and 2 folders.
[2017.02.27-21.16.13:278][  0]LogCrashTracker: Crashtracker disabled due to settings.
[2017.02.27-21.16.13:405][  0]LogUObjectGlobals:Warning: Failed to find object 'Class None.'
[2017.02.27-21.16.13:554][  0]LogContentBrowser: Native class hierarchy updated for 'HierarchicalLODOutliner' in 0.0017 seconds. Added 1 classes and 2 folders.
[2017.02.27-21.16.13:554][  0]LogLoad: (Engine Initialization) Total time: 133.23 seconds
[2017.02.27-21.16.13:554][  0]LogLoad: (Engine Initialization) Total Blueprint compile time: 1.28 seconds
[2017.02.27-21.16.13:564][  0]LogExternalProfiler: Found external profiler: VSPerf
[2017.02.27-21.16.13:564][  0]LogExternalProfiler: Using external profiler: VSPerf
[2017.02.27-21.16.13:903][  0]LogOcInput: OculusInput pre-init called
[2017.02.27-21.16.13:989][  0]LogContentStreaming: Texture pool size now 1000 MB
[2017.02.27-21.16.14:629][  0]LogRenderer: Reallocating scene render targets to support 1060x924 NumSamples 1 (Frame:2).
[2017.02.27-21.16.15:205][  2]LogAssetRegistry: Asset discovery search completed in 75.0621 seconds
[2017.02.27-21.16.15:205][  2]LogCollectionManager: Rebuilt the object cache for 1 collections in 0.000009 seconds (found 0 objects)
[2017.02.27-21.16.15:205][  2]LogCollectionManager: Fixed up redirectors for 1 collections in 0.000023 seconds (updated 0 objects)
[2017.02.28-00.33.41:720][336]LogWindowsTextInputMethodSystem:Display: IME system now deactivated.
[2017.02.28-00.33.41:720][336]LogWindowsTextInputMethodSystem:Display: IME system now deactivated.
[2017.02.28-00.33.42:067][337]Cmd: QUIT_EDITOR
[2017.02.28-00.33.42:317][337]LogExit: Preparing to exit.
[2017.02.28-00.33.43:068][337]LogDirectoryWatcher: A directory notification for 'C:/Users/Michael Medina/Desktop/Shaker and I Sidescroll/trunk/Content/' was aborted.
[2017.02.28-00.33.43:253][337]LogExit: Editor shut down
[2017.02.28-00.33.43:253][337]LogExit: Transaction tracking system shut down
[2017.02.28-00.33.44:717][337]LogObj: Freed 0b from 0 cluster array pools.
[2017.02.28-00.33.44:717][337]LogExit: Object subsystem successfully closed.
[2017.02.28-00.33.44:845][337]LogD3D11RHI: Shutdown
[2017.02.28-00.33.44:859][337]LogD3D11RHI: CleanupD3DDevice
[2017.02.28-00.33.44:965][337]LogD3D11RHI: ~FD3D11DynamicRHI
[2017.02.28-00.33.45:711][337]LogHttp:Display: Http module shutting down, but needs to wait on 1 outstanding Http requests:
[2017.02.28-00.33.45:711][337]LogHttp:Display: 	verb=[POST] url=[https://datarouter.ol.epicgames.com/datarouter/api/v1/public/data?SessionID=%7B2CD90369-4971-5A23-DAD8-459FE2BC909A%7D&AppID=UEEditor.Rocket.Release&AppVersion=4.14.3-3249277%2B%2B%2BUE4%2BRelease-4.14&UserID=1c02bc2c4ef7cacd6eb447bc94714092%7Cbfb019c6fc4b46c5b67232a2baec530a%7Cc162e4f3-6e04-4aa0-94c3-3f816b89a77f&AppEnvironment=datacollector-binary&UploadType=eteventstream] status=Processing
[2017.02.28-00.33.45:792][337]LogModuleManager: Shutting down and abandoning module HierarchicalLODOutliner (243)
[2017.02.28-00.33.45:807][337]LogModuleManager: Shutting down and abandoning module CrashTracker (242)
[2017.02.28-00.33.45:807][337]LogModuleManager: Shutting down and abandoning module SceneOutliner (241)
[2017.02.28-00.33.45:807][337]LogModuleManager: Shutting down and abandoning module WidgetCarousel (240)
[2017.02.28-00.33.45:807][337]LogModuleManager: Shutting down and abandoning module AddContentDialog (239)
[2017.02.28-00.33.45:828][337]LogDirectoryWatcher: A directory notification for 'C:/Program Files (x86)/Unreal Engine/4.14/FeaturePacks/' was aborted.
[2017.02.28-00.33.45:829][337]LogModuleManager: Shutting down and abandoning module GameplayTags (238)
[2017.02.28-00.33.45:829][337]LogModuleManager: Shutting down and abandoning module EditorWidgets (237)
[2017.02.28-00.33.45:829][337]LogModuleManager: Shutting down and abandoning module CollectionManager (236)
[2017.02.28-00.33.45:855][337]LogDirectoryWatcher: A directory notification for 'C:/Users/Michael Medina/Desktop/Shaker and I Sidescroll/trunk/Content/Collections/' was aborted.
[2017.02.28-00.33.45:855][337]LogDirectoryWatcher: A directory notification for 'C:/Users/Michael Medina/Desktop/Shaker and I Sidescroll/trunk/Content/Developers/MichaelMedina/Collections/' was aborted.
[2017.02.28-00.33.45:855][337]LogDirectoryWatcher: A directory notification for 'C:/Users/Michael Medina/Desktop/Shaker and I Sidescroll/trunk/Saved/Collections/' was aborted.
[2017.02.28-00.33.45:855][337]LogModuleManager: Shutting down and abandoning module StatsViewer (235)
[2017.02.28-00.33.45:887][337]LogModuleManager: Shutting down and abandoning module FoliageEdit (234)
[2017.02.28-00.33.45:887][337]LogModuleManager: Shutting down and abandoning module LandscapeEditor (233)
[2017.02.28-00.33.45:924][337]LogModuleManager: Shutting down and abandoning module SceneDepthPickerMode (232)
[2017.02.28-00.33.45:924][337]LogModuleManager: Shutting down and abandoning module ActorPickerMode (231)
[2017.02.28-00.33.45:924][337]LogModuleManager: Shutting down and abandoning module GeometryMode (230)
[2017.02.28-00.33.45:924][337]LogModuleManager: Shutting down and abandoning module TextureAlignMode (229)
[2017.02.28-00.33.45:924][337]LogModuleManager: Shutting down and abandoning module BspMode (228)
[2017.02.28-00.33.45:924][337]LogModuleManager: Shutting down and abandoning module HardwareSurvey (227)
[2017.02.28-00.33.45:924][337]LogModuleManager: Shutting down and abandoning module SequenceRecorderSections (226)
[2017.02.28-00.33.45:924][337]LogModuleManager: Shutting down and abandoning module AutomationWorker (225)
[2017.02.28-00.33.45:924][337]LogModuleManager: Shutting down and abandoning module MatineeToLevelSequence (224)
[2017.02.28-00.33.45:924][337]LogModuleManager: Shutting down and abandoning module PlacementMode (223)
[2017.02.28-00.33.45:938][337]LogModuleManager: Shutting down and abandoning module LevelSequenceEditor (222)
[2017.02.28-00.33.45:939][337]LogModuleManager: Shutting down and abandoning module WmfMediaFactory (221)
[2017.02.28-00.33.45:939][337]LogModuleManager: Shutting down and abandoning module WmfMediaEditor (220)
[2017.02.28-00.33.45:939][337]LogModuleManager: Shutting down and abandoning module AvfMediaFactory (219)
[2017.02.28-00.33.45:939][337]LogModuleManager: Shutting down and abandoning module AvfMediaEditor (218)
[2017.02.28-00.33.45:939][337]LogModuleManager: Shutting down and abandoning module Media (217)
[2017.02.28-00.33.45:939][337]LogModuleManager: Shutting down and abandoning module AndroidMediaFactory (216)
[2017.02.28-00.33.45:939][337]LogModuleManager: Shutting down and abandoning module AndroidMediaEditor (215)
[2017.02.28-00.33.45:939][337]LogModuleManager: Shutting down and abandoning module CharacterAI (214)
[2017.02.28-00.33.45:939][337]LogModuleManager: Shutting down and abandoning module SequenceRecorder (213)
[2017.02.28-00.33.45:956][337]LogModuleManager: Shutting down and abandoning module AudioCapture (212)
[2017.02.28-00.33.45:956][337]LogModuleManager: Shutting down and abandoning module SmartSnapping (211)
[2017.02.28-00.33.45:956][337]LogModuleManager: Shutting down and abandoning module SessionServices (210)
[2017.02.28-00.33.45:956][337]LogModuleManager: Shutting down and abandoning module ViewportSnapping (209)
[2017.02.28-00.33.45:956][337]LogModuleManager: Shutting down and abandoning module ViewportInteraction (208)
[2017.02.28-00.33.45:956][337]LogModuleManager: Shutting down and abandoning module LogVisualizer (207)
[2017.02.28-00.33.45:973][337]LogModuleManager: Shutting down and abandoning module GameProjectGeneration (206)
[2017.02.28-00.33.45:983][337]LogModuleManager: Shutting down and abandoning module IntroTutorials (205)
[2017.02.28-00.33.45:989][337]LogModuleManager: Shutting down and abandoning module EditorLiveStreaming (204)
[2017.02.28-00.33.45:989][337]LogModuleManager: Shutting down and abandoning module IOSPlatformEditor (203)
[2017.02.28-00.33.46:020][337]LogModuleManager: Shutting down and abandoning module HTML5PlatformEditor (202)
[2017.02.28-00.33.46:020][337]LogModuleManager: Shutting down and abandoning module AndroidDeviceDetection (201)
[2017.02.28-00.33.46:510][337]LogModuleManager: Shutting down and abandoning module AndroidPlatformEditor (200)
[2017.02.28-00.33.46:510][337]LogModuleManager: Shutting down and abandoning module IOSRuntimeSettings (199)
[2017.02.28-00.33.46:510][337]LogModuleManager: Shutting down and abandoning module AndroidRuntimeSettings (198)
[2017.02.28-00.33.46:510][337]LogModuleManager: Shutting down and abandoning module InputBindingEditor (197)
[2017.02.28-00.33.46:510][337]LogModuleManager: Shutting down and abandoning module NiagaraEditor (196)
[2017.02.28-00.33.46:573][337]LogModuleManager: Shutting down and abandoning module MergeActors (195)
[2017.02.28-00.33.46:588][337]LogModuleManager: Shutting down and abandoning module SizeMap (194)
[2017.02.28-00.33.46:588][337]LogModuleManager: Shutting down and abandoning module TreeMap (193)
[2017.02.28-00.33.46:593][337]LogModuleManager: Shutting down and abandoning module ReferenceViewer (192)
[2017.02.28-00.33.46:593][337]LogModuleManager: Shutting down and abandoning module LocalizationService (191)
[2017.02.28-00.33.46:593][337]LogModuleManager: Shutting down and abandoning module LocalizationDashboard (190)
[2017.02.28-00.33.46:615][337]LogModuleManager: Shutting down and abandoning module HardwareTargeting (189)
[2017.02.28-00.33.46:615][337]LogModuleManager: Shutting down and abandoning module DeviceProfileEditor (188)
[2017.02.28-00.33.46:632][337]LogModuleManager: Shutting down and abandoning module UndoHistory (187)
[2017.02.28-00.33.46:642][337]LogModuleManager: Shutting down and abandoning module UserFeedback (186)
[2017.02.28-00.33.46:642][337]LogModuleManager: Shutting down and abandoning module XmlParser (185)
[2017.02.28-00.33.46:642][337]LogModuleManager: Shutting down and abandoning module Blutility (184)
[2017.02.28-00.33.46:642][337]LogModuleManager: Shutting down and abandoning module ProjectTargetPlatformEditor (183)
[2017.02.28-00.33.46:642][337]LogModuleManager: Shutting down and abandoning module ProjectSettingsViewer (182)
[2017.02.28-00.33.46:642][337]LogModuleManager: Shutting down and abandoning module EditorSettingsViewer (181)
[2017.02.28-00.33.46:642][337]LogModuleManager: Shutting down and abandoning module SettingsEditor (180)
[2017.02.28-00.33.46:651][337]LogModuleManager: Shutting down and abandoning module ProjectLauncher (179)
[2017.02.28-00.33.46:680][337]LogModuleManager: Shutting down and abandoning module SessionFrontend (178)
[2017.02.28-00.33.46:687][337]LogModuleManager: Shutting down and abandoning module ProfilerClient (177)
[2017.02.28-00.33.46:700][337]LogModuleManager: Shutting down and abandoning module TargetDeviceServices (176)
[2017.02.28-00.33.46:700][337]LogModuleManager: Shutting down and abandoning module DeviceManager (175)
[2017.02.28-00.33.46:768][337]LogModuleManager: Shutting down and abandoning module AutomationController (174)
[2017.02.28-00.33.46:768][337]LogModuleManager: Shutting down and abandoning module AutomationWindow (173)
[2017.02.28-00.33.46:792][337]LogModuleManager: Shutting down and abandoning module Layers (172)
[2017.02.28-00.33.46:812][337]LogModuleManager: Shutting down and abandoning module ComponentVisualizers (171)
[2017.02.28-00.33.46:812][337]LogModuleManager: Shutting down and abandoning module DetailCustomizations (170)
[2017.02.28-00.33.46:821][337]LogModuleManager: Shutting down and abandoning module PackagesDialog (169)
[2017.02.28-00.33.46:821][337]LogModuleManager: Shutting down and abandoning module AnimGraph (168)
[2017.02.28-00.33.46:821][337]LogModuleManager: Shutting down and abandoning module Persona (167)
[2017.02.28-00.33.46:841][337]LogModuleManager: Shutting down and abandoning module Kismet (166)
[2017.02.28-00.33.46:851][337]LogModuleManager: Shutting down and abandoning module GraphEditor (165)
[2017.02.28-00.33.46:851][337]LogModuleManager: Shutting down and abandoning module ClassViewer (164)
[2017.02.28-00.33.46:868][337]LogModuleManager: Shutting down and abandoning module Toolbox (163)
[2017.02.28-00.33.46:868][337]LogModuleManager: Shutting down and abandoning module ModuleUI (162)
[2017.02.28-00.33.46:875][337]LogModuleManager: Shutting down and abandoning module MovieSceneTools (161)
[2017.02.28-00.33.46:903][337]LogModuleManager: Shutting down and abandoning module OutputLog (160)
[2017.02.28-00.33.46:917][337]LogModuleManager: Shutting down and abandoning module GammaUI (159)
[2017.02.28-00.33.46:939][337]LogModuleManager: Shutting down and abandoning module Documentation (158)
[2017.02.28-00.33.46:939][337]LogModuleManager: Shutting down and abandoning module Niagara (157)
[2017.02.28-00.33.46:939][337]LogModuleManager: Shutting down and abandoning module StreamingPauseRendering (156)
[2017.02.28-00.33.46:939][337]LogModuleManager: Shutting down and abandoning module AnalyticsET (155)
[2017.02.28-00.33.46:939][337]LogModuleManager: Shutting down and abandoning module PortalServices (154)
[2017.02.28-00.33.46:939][337]LogModuleManager: Shutting down and abandoning module PortalRpc (153)
[2017.02.28-00.33.46:939][337]LogModuleManager: Shutting down and abandoning module MessagingRpc (152)
[2017.02.28-00.33.46:939][337]LogModuleManager: Shutting down and abandoning module GameplayDebugger (151)
[2017.02.28-00.33.46:952][337]LogModuleManager: Shutting down and abandoning module AITestSuite (150)
[2017.02.28-00.33.46:952][337]LogModuleManager: Shutting down and abandoning module AIModule (149)
[2017.02.28-00.33.46:952][337]LogModuleManager: Shutting down and abandoning module ProfilerService (148)
[2017.02.28-00.33.47:136][337]LogModuleManager: Shutting down and abandoning module TaskGraph (147)
[2017.02.28-00.33.47:151][337]LogModuleManager: Shutting down and abandoning module SubstanceEditor (146)
[2017.02.28-00.33.47:165][337]LogModuleManager: Shutting down and abandoning module SlateRemote (145)
[2017.02.28-00.33.47:165][337]LogModuleManager: Shutting down and abandoning module SteamVRController (144)
[2017.02.28-00.33.47:165][337]LogModuleManager: Shutting down and abandoning module SteamVR (143)
[2017.02.28-00.33.47:165][337]LogModuleManager: Shutting down and abandoning module ProceduralMeshComponentEditor (142)
[2017.02.28-00.33.47:165][337]LogModuleManager: Shutting down and abandoning module ProceduralMeshComponent (141)
[2017.02.28-00.33.47:176][337]LogModuleManager: Shutting down and abandoning module OculusLibrary (140)
[2017.02.28-00.33.47:176][337]LogModuleManager: Shutting down and abandoning module OculusInput (139)
[2017.02.28-00.33.47:176][337]LogModuleManager: Shutting down and abandoning module MobilePatchingUtils (138)
[2017.02.28-00.33.47:176][337]LogModuleManager: Shutting down and abandoning module CustomMeshComponent (137)
[2017.02.28-00.33.47:176][337]LogModuleManager: Shutting down and abandoning module CableComponent (136)
[2017.02.28-00.33.47:176][337]LogModuleManager: Shutting down and abandoning module ArchVisCharacter (135)
[2017.02.28-00.33.47:176][337]LogModuleManager: Shutting down and abandoning module MediaPlayerEditor (133)
[2017.02.28-00.33.47:206][337]LogModuleManager: Shutting down and abandoning module HTML5Networking (132)
[2017.02.28-00.33.47:206][337]LogModuleManager: Shutting down and abandoning module GeometryCacheEd (131)
[2017.02.28-00.33.47:206][337]LogModuleManager: Shutting down and abandoning module GeometryCache (130)
[2017.02.28-00.33.47:206][337]LogModuleManager: Shutting down and abandoning module AlembicLibrary (129)
[2017.02.28-00.33.47:217][337]LogModuleManager: Shutting down and abandoning module AlembicImporter (128)
[2017.02.28-00.33.47:229][337]LogModuleManager: Shutting down and abandoning module SuperSearch (127)
[2017.02.28-00.33.47:229][337]LogModuleManager: Shutting down and abandoning module SuperSearchEditor (126)
[2017.02.28-00.33.47:229][337]LogModuleManager: Shutting down and abandoning module SpeedTreeImporter (125)
[2017.02.28-00.33.47:229][337]LogModuleManager: Shutting down and abandoning module PluginBrowser (124)
[2017.02.28-00.33.47:247][337]LogModuleManager: Shutting down and abandoning module MobileLauncherProfileWizard (123)
[2017.02.28-00.33.47:269][337]LogModuleManager: Shutting down and abandoning module EpicSurvey (122)
[2017.02.28-00.33.47:269][337]LogModuleManager: Shutting down and abandoning module DesktopPlatform (121)
[2017.02.28-00.33.47:269][337]LogModuleManager: Shutting down and abandoning module VisualStudioSourceCodeAccess (120)
[2017.02.28-00.33.47:269][337]LogModuleManager: Shutting down and abandoning module UObjectPlugin (119)
[2017.02.28-00.33.47:269][337]LogModuleManager: Shutting down and abandoning module SubversionSourceControl (118)
[2017.02.28-00.33.47:269][337]LogModuleManager: Shutting down and abandoning module PerforceSourceControl (117)
[2017.02.28-00.33.47:269][337]LogModuleManager: Shutting down and abandoning module SourceControl (116)
[2017.02.28-00.33.47:269][337]LogModuleManager: Shutting down and abandoning module GitSourceControl (115)
[2017.02.28-00.33.47:269][337]LogModuleManager: Shutting down and abandoning module LightPropagationVolumeEditor (114)
[2017.02.28-00.33.47:269][337]LogModuleManager: Shutting down and abandoning module PaperTiledImporter (113)
[2017.02.28-00.33.47:269][337]LogModuleManager: Shutting down and abandoning module PaperSpriteSheetImporter (112)
[2017.02.28-00.33.47:269][337]LogModuleManager: Shutting down and abandoning module MeshPaint (111)
[2017.02.28-00.33.47:269][337]LogModuleManager: Shutting down and abandoning module PixelInspectorModule (110)
[2017.02.28-00.33.47:269][337]LogModuleManager: Shutting down and abandoning module HotReload (109)
[2017.02.28-00.33.47:269][337]LogDirectoryWatcher: A directory notification for 'C:/Users/Michael Medina/Desktop/Shaker and I Sidescroll/trunk/Binaries/Win64' was aborted.
[2017.02.28-00.33.47:269][337]LogModuleManager: Shutting down and abandoning module MainFrame (108)
[2017.02.28-00.33.47:269][337]LogModuleManager: Shutting down and abandoning module LevelEditor (107)
[2017.02.28-00.33.47:295][337]LogModuleManager: Shutting down and abandoning module ContentBrowser (106)
[2017.02.28-00.33.47:295][337]LogModuleManager: Shutting down and abandoning module Paper2DEditor (105)
[2017.02.28-00.33.47:307][337]LogModuleManager: Shutting down and abandoning module UdpMessaging (104)
[2017.02.28-00.33.47:407][337]LogModuleManager: Shutting down and abandoning module TcpMessaging (103)
[2017.02.28-00.33.47:508][337]LogModuleManager: Shutting down and abandoning module SubstanceCore (102)
[2017.02.28-00.33.47:521][337]LogModuleManager: Shutting down and abandoning module LightPropagationVolumeRuntime (101)
[2017.02.28-00.33.47:521][337]LogModuleManager: Shutting down and abandoning module Paper2D (100)
[2017.02.28-00.33.47:521][337]LogModuleManager: Shutting down and abandoning module WindowsMoviePlayer (99)
[2017.02.28-00.33.47:521][337]LogModuleManager: Shutting down and abandoning module WmfMedia (98)
[2017.02.28-00.33.47:530][337]LogModuleManager: Shutting down and abandoning module MediaAssets (97)
[2017.02.28-00.33.47:530][337]LogModuleManager: Shutting down and abandoning module GameLiveStreaming (96)
[2017.02.28-00.33.47:531][337]LogModuleManager: Shutting down and abandoning module GameplayTagsEditor (95)
[2017.02.28-00.33.47:531][337]LogModuleManager: Shutting down and abandoning module VREditor (94)
[2017.02.28-00.33.47:531][337]LogModuleManager: Shutting down and abandoning module GameplayTasksEditor (93)
[2017.02.28-00.33.47:531][337]LogModuleManager: Shutting down and abandoning module BehaviorTreeEditor (92)
[2017.02.28-00.33.47:543][337]LogModuleManager: Shutting down and abandoning module FunctionalTesting (91)
[2017.02.28-00.33.47:543][337]LogModuleManager: Shutting down and abandoning module CollisionAnalyzer (90)
[2017.02.28-00.33.47:558][337]LogModuleManager: Shutting down and abandoning module Sequencer (89)
[2017.02.28-00.33.47:566][337]LogModuleManager: Shutting down and abandoning module WorkspaceMenuStructure (88)
[2017.02.28-00.33.47:566][337]LogModuleManager: Shutting down and abandoning module MessageLog (87)
[2017.02.28-00.33.47:566][337]LogModuleManager: Shutting down and abandoning module AssetTools (86)
[2017.02.28-00.33.47:583][337]LogModuleManager: Shutting down and abandoning module UMGEditor (85)
[2017.02.28-00.33.47:594][337]LogModuleManager: Shutting down and abandoning module UMG (84)
[2017.02.28-00.33.47:594][337]LogModuleManager: Shutting down and abandoning module SlateReflector (83)
[2017.02.28-00.33.47:613][337]LogModuleManager: Shutting down and abandoning module Slate (82)
[2017.02.28-00.33.47:613][337]LogModuleManager: Shutting down and abandoning module EditorStyle (81)
[2017.02.28-00.33.47:615][337]LogModuleManager: Shutting down and abandoning module SourceCodeAccess (80)
[2017.02.28-00.33.47:615][337]LogModuleManager: Shutting down and abandoning module HeadMountedDisplay (79)
[2017.02.28-00.33.47:615][337]LogModuleManager: Shutting down and abandoning module XAudio2 (78)
[2017.02.28-00.33.47:615][337]LogModuleManager: Shutting down and abandoning module Networking (76)
[2017.02.28-00.33.47:615][337]LogModuleManager: Shutting down and abandoning module Core (75)
[2017.02.28-00.33.47:615][337]LogModuleManager: Shutting down and abandoning module DirectoryWatcher (74)
[2017.02.28-00.33.47:615][337]LogDirectoryWatcher: A directory notification for '../../../Engine/Content/' was aborted.
[2017.02.28-00.33.47:615][337]LogDirectoryWatcher: A directory notification for '../../../../../../Users/Michael Medina/Desktop/Shaker and I Sidescroll/trunk/Content/' was aborted.
[2017.02.28-00.33.47:615][337]LogDirectoryWatcher: A directory notification for '../../../Engine/Plugins/2D/Paper2D/Content/' was aborted.
[2017.02.28-00.33.47:616][337]LogModuleManager: Shutting down and abandoning module AssetRegistry (73)
[2017.02.28-00.33.47:807][337]LogModuleManager: Shutting down and abandoning module KismetCompiler (72)
[2017.02.28-00.33.47:807][337]LogModuleManager: Shutting down and abandoning module PhysXFormats (71)
[2017.02.28-00.33.47:807][337]LogModuleManager: Shutting down and abandoning module SimplygonSwarm (70)
[2017.02.28-00.33.47:817][337]LogModuleManager: Shutting down and abandoning module SimplygonMeshReduction (69)
[2017.02.28-00.33.47:828][337]LogModuleManager: Shutting down and abandoning module QuadricMeshReduction (68)
[2017.02.28-00.33.47:828][337]LogModuleManager: Shutting down and abandoning module PropertyEditor (67)
[2017.02.28-00.33.47:828][337]LogModuleManager: Shutting down and abandoning module MeshUtilities (66)
[2017.02.28-00.33.47:836][337]LogModuleManager: Shutting down and abandoning module DerivedDataCache (65)
[2017.02.28-00.33.47:857][337]LogDerivedDataCache: Shutdown
[2017.02.28-00.33.47:857][337]LogModuleManager: Shutting down and abandoning module VulkanShaderFormat (64)
[2017.02.28-00.33.47:871][337]LogModuleManager: Shutting down and abandoning module ShaderFormatOpenGL (63)
[2017.02.28-00.33.47:886][337]LogModuleManager: Shutting down and abandoning module ShaderFormatD3D (62)
[2017.02.28-00.33.47:886][337]LogModuleManager: Shutting down and abandoning module MetalShaderFormat (61)
[2017.02.28-00.33.47:896][337]LogModuleManager: Shutting down and abandoning module TextureFormatUncompressed (60)
[2017.02.28-00.33.47:896][337]LogModuleManager: Shutting down and abandoning module TextureFormatPVR (59)
[2017.02.28-00.33.47:896][337]LogModuleManager: Shutting down and abandoning module TextureFormatDXT (58)
[2017.02.28-00.33.47:896][337]LogModuleManager: Shutting down and abandoning module TextureFormatIntelISPCTexComp (57)
[2017.02.28-00.33.47:896][337]LogModuleManager: Shutting down and abandoning module ImageWrapper (56)
[2017.02.28-00.33.47:896][337]LogModuleManager: Shutting down and abandoning module TextureFormatASTC (55)
[2017.02.28-00.33.47:896][337]LogModuleManager: Shutting down and abandoning module TextureFormatAndroid (54)
[2017.02.28-00.33.47:896][337]LogModuleManager: Shutting down and abandoning module AudioFormatOpus (53)
[2017.02.28-00.33.47:896][337]LogModuleManager: Shutting down and abandoning module AudioFormatOgg (52)
[2017.02.28-00.33.47:896][337]LogModuleManager: Shutting down and abandoning module AudioFormatADPCM (51)
[2017.02.28-00.33.47:896][337]LogModuleManager: Shutting down and abandoning module LinuxTargetPlatform (50)
[2017.02.28-00.33.47:896][337]LogModuleManager: Shutting down and abandoning module LinuxServerTargetPlatform (49)
[2017.02.28-00.33.47:896][337]LogModuleManager: Shutting down and abandoning module LinuxNoEditorTargetPlatform (48)
[2017.02.28-00.33.47:896][337]LogModuleManager: Shutting down and abandoning module LinuxClientTargetPlatform (47)
[2017.02.28-00.33.47:897][337]LogModuleManager: Shutting down and abandoning module TVOSTargetPlatform (46)
[2017.02.28-00.33.47:897][337]LogModuleManager: Shutting down and abandoning module Messaging (45)
[2017.02.28-00.33.47:897][337]LogModuleManager: Shutting down and abandoning module IOSTargetPlatform (44)
[2017.02.28-00.33.47:897][337]LogModuleManager: Shutting down and abandoning module HTML5TargetPlatform (43)
[2017.02.28-00.33.47:897][337]LogModuleManager: Shutting down and abandoning module Android_PVRTCTargetPlatform (42)
[2017.02.28-00.33.47:897][337]LogModuleManager: Shutting down and abandoning module Android_MultiTargetPlatform (41)
[2017.02.28-00.33.47:897][337]LogModuleManager: Shutting down and abandoning module Android_ETC2TargetPlatform (40)
[2017.02.28-00.33.47:897][337]LogModuleManager: Shutting down and abandoning module Android_ETC1TargetPlatform (39)
[2017.02.28-00.33.47:897][337]LogModuleManager: Shutting down and abandoning module Android_DXTTargetPlatform (38)
[2017.02.28-00.33.47:897][337]LogModuleManager: Shutting down and abandoning module Android_ATCTargetPlatform (37)
[2017.02.28-00.33.47:897][337]LogModuleManager: Shutting down and abandoning module Android_ASTCTargetPlatform (36)
[2017.02.28-00.33.47:897][337]LogModuleManager: Shutting down and abandoning module AndroidTargetPlatform (35)
[2017.02.28-00.33.47:897][337]LogModuleManager: Shutting down and abandoning module WindowsTargetPlatform (34)
[2017.02.28-00.33.47:897][337]LogModuleManager: Shutting down and abandoning module WindowsServerTargetPlatform (33)
[2017.02.28-00.33.47:897][337]LogModuleManager: Shutting down and abandoning module WindowsNoEditorTargetPlatform (32)
[2017.02.28-00.33.47:897][337]LogModuleManager: Shutting down and abandoning module WindowsClientTargetPlatform (31)
[2017.02.28-00.33.47:897][337]LogModuleManager: Shutting down and abandoning module MacTargetPlatform (30)
[2017.02.28-00.33.47:897][337]LogModuleManager: Shutting down and abandoning module MacServerTargetPlatform (29)
[2017.02.28-00.33.47:897][337]LogModuleManager: Shutting down and abandoning module MacNoEditorTargetPlatform (28)
[2017.02.28-00.33.47:897][337]LogModuleManager: Shutting down and abandoning module MacClientTargetPlatform (27)
[2017.02.28-00.33.47:897][337]LogModuleManager: Shutting down and abandoning module AllDesktopTargetPlatform (26)
[2017.02.28-00.33.47:897][337]LogModuleManager: Shutting down and abandoning module TargetPlatform (25)
[2017.02.28-00.33.47:897][337]LogModuleManager: Shutting down and abandoning module InputCore (24)
[2017.02.28-00.33.47:897][337]LogModuleManager: Shutting down and abandoning module Settings (23)
[2017.02.28-00.33.47:897][337]LogModuleManager: Shutting down and abandoning module OculusRift (22)
[2017.02.28-00.33.47:904][337]LogModuleManager: Shutting down and abandoning module ExampleDeviceProfileSelector (21)
[2017.02.28-00.33.47:904][337]LogModuleManager: Shutting down and abandoning module OnlineBlueprintSupport (20)
[2017.02.28-00.33.47:904][337]LogModuleManager: Shutting down and abandoning module OnlineSubsystem (18)
[2017.02.28-00.33.47:904][337]LogOnline:Display: Unloading online subsystem: NULL
[2017.02.28-00.33.47:915][337]LogModuleManager: Shutting down and abandoning module SSL (17)
[2017.02.28-00.33.47:918][337]LogModuleManager: Shutting down and abandoning module HTTP (16)
[2017.02.28-00.33.47:918][337]LogModuleManager: Shutting down and abandoning module XMPP (15)
[2017.02.28-00.33.47:933][337]LogModuleManager: Shutting down and abandoning module TextureCompressor (14)
[2017.02.28-00.33.47:933][337]LogModuleManager: Shutting down and abandoning module ShaderCore (13)
[2017.02.28-00.33.47:933][337]LogModuleManager: Shutting down and abandoning module Landscape (12)
[2017.02.28-00.33.47:933][337]LogModuleManager: Shutting down and abandoning module SlateRHIRenderer (11)
[2017.02.28-00.33.47:963][337]LogModuleManager: Shutting down and abandoning module OpenGLDrv (10)
[2017.02.28-00.33.47:976][337]LogModuleManager: Shutting down and abandoning module D3D11RHI (9)
[2017.02.28-00.33.47:976][337]LogModuleManager: Shutting down and abandoning module AnimGraphRuntime (8)
[2017.02.28-00.33.47:986][337]LogModuleManager: Shutting down and abandoning module Renderer (7)
[2017.02.28-00.33.48:001][337]LogModuleManager: Shutting down and abandoning module Engine (6)
[2017.02.28-00.33.48:001][337]LogModuleManager: Shutting down and abandoning module CoreUObject (5)
[2017.02.28-00.33.48:001][337]LogModuleManager: Shutting down and abandoning module NetworkFile (4)
[2017.02.28-00.33.48:012][337]LogModuleManager: Shutting down and abandoning module StreamingFile (3)
[2017.02.28-00.33.48:012][337]LogModuleManager: Shutting down and abandoning module SandboxFile (2)
[2017.02.28-00.33.48:012][337]LogModuleManager: Shutting down and abandoning module PakFile (1)
[2017.02.28-00.33.48:028][337]LogExit: Exiting.
[2017.02.28-00.33.48:029][337]Log file closed, 02/27/17 19:33:48
